
Found perl:
   /home/inf-38-2022/anaconda3/envs/longread/bin/perl
   This is perl 5, version 32, subversion 1 (v5.32.1) built for x86_64-linux-thread-multi

Found java:
   /home/inf-38-2022/anaconda3/envs/longread/lib/jvm/bin/java
   openjdk version "17.0.3-internal" 2022-04-19

Found canu:
   /home/inf-38-2022/anaconda3/envs/longread/bin/canu
   canu 2.2

Running job 5 based on command line options.
-- Using seqFile '../asm.ctgStore/partition.0005'.
-- Opening tigStore '../asm.ctgStore' version 1.
-- Opening output results file './ctgcns/0005.cns.WORKING'.
--
-- Computing consensus for b=0 to e=7798 with errorRate 0.0500 (max 0.4000) and minimum overlap 500
--
Loading corrected-trimmed reads from seqFile '../asm.ctgStore/partition.0005'
Consensus finished successfully.

Bye.
                           ----------CONTAINED READS----------  -DOVETAIL  READS-
  tigID    length   reads      used coverage  ignored coverage      used coverage
------- --------- -------  -------- -------- -------- --------  -------- --------
     12    646077    8477      2259   24.81x     4950   46.89x      1268   15.19x
     38    194381    2644       693   25.59x     1590   50.46x       361   14.42x

Processed 2 tigs and 631 singletons.

