
Found perl:
   /home/inf-38-2022/anaconda3/envs/longread/bin/perl
   This is perl 5, version 32, subversion 1 (v5.32.1) built for x86_64-linux-thread-multi

Found java:
   /home/inf-38-2022/anaconda3/envs/longread/lib/jvm/bin/java
   openjdk version "17.0.3-internal" 2022-04-19

Found canu:
   /home/inf-38-2022/anaconda3/envs/longread/bin/canu
   canu 2.2

Running job 6 based on command line options.
-- Using seqFile '../asm.ctgStore/partition.0006'.
-- Opening tigStore '../asm.ctgStore' version 1.
-- Opening output results file './ctgcns/0006.cns.WORKING'.
--
-- Computing consensus for b=0 to e=7798 with errorRate 0.0500 (max 0.4000) and minimum overlap 500
--
Loading corrected-trimmed reads from seqFile '../asm.ctgStore/partition.0006'
Consensus finished successfully.

Bye.
                           ----------CONTAINED READS----------  -DOVETAIL  READS-
  tigID    length   reads      used coverage  ignored coverage      used coverage
------- --------- -------  -------- -------- -------- --------  -------- --------
     14    571240    7307      1999   24.85x     4182   44.84x      1126   15.16x
     83    309730    3931      1090   24.99x     2237   44.16x       604   15.02x

Processed 2 tigs and 514 singletons.

