
Found perl:
   /home/inf-38-2022/anaconda3/envs/longread/bin/perl
   This is perl 5, version 32, subversion 1 (v5.32.1) built for x86_64-linux-thread-multi

Found java:
   /home/inf-38-2022/anaconda3/envs/longread/lib/jvm/bin/java
   openjdk version "17.0.3-internal" 2022-04-19

Found canu:
   /home/inf-38-2022/anaconda3/envs/longread/bin/canu
   canu 2.2

Running job 4 based on command line options.
-- Using seqFile '../asm.ctgStore/partition.0004'.
-- Opening tigStore '../asm.ctgStore' version 1.
-- Opening output results file './ctgcns/0004.cns.WORKING'.
--
-- Computing consensus for b=0 to e=7798 with errorRate 0.0500 (max 0.4000) and minimum overlap 500
--
Loading corrected-trimmed reads from seqFile '../asm.ctgStore/partition.0004'
Consensus finished successfully.

Bye.
                           ----------CONTAINED READS----------  -DOVETAIL  READS-
  tigID    length   reads      used coverage  ignored coverage      used coverage
------- --------- -------  -------- -------- -------- --------  -------- --------
     10    672484    8473      2355   24.86x     4800   43.68x      1318   15.14x
     37    249210    3133       897   25.75x     1778   43.83x       458   14.27x

Processed 2 tigs and 146 singletons.

