# hmmsearch :: search profile(s) against a sequence database
# HMMER 3.1b2 (February 2015); http://hmmer.org/
# Copyright (C) 2015 Howard Hughes Medical Institute.
# Freely distributed under the GNU General Public License (GPLv3).
# - - - - - - - - - - - - - - - - - - - - - - - - - - - - - - - - - - - -
# query HMM file:                  /home/inf-38-2022/BINP29/longread/2/busco_downloads/lineages/saccharomycetes_odb10/hmms/28907at4891.hmm
# target sequence database:        /home/inf-38-2022/BINP29/longread/2/Results/04_Busco/canu/run_saccharomycetes_odb10/metaeuk_output/rerun_results/asm.contigs.fasta.modified.fas
# per-dom hits tabular output:     /home/inf-38-2022/BINP29/longread/2/Results/04_Busco/canu/run_saccharomycetes_odb10/hmmer_output/rerun_results/28907at4891.out
# number of worker threads:        1
# - - - - - - - - - - - - - - - - - - - - - - - - - - - - - - - - - - - -

Query:       28907at4891  [M=239]
Scores for complete sequences (score includes all domains):
   --- full sequence ---   --- best 1 domain ---    -#dom-
    E-value  score  bias    E-value  score  bias    exp  N  Sequence                  Description
    ------- ------ -----    ------- ------ -----   ---- --  --------                  -----------
    5.2e-92  298.2   8.9    3.5e-49  158.0   1.4    4.1  4  tig00000010:92017-93582    
      8e-13   38.9   9.8      1e-05   15.6   0.4    4.8  3  tig00000037:93758-94777    
    1.1e-12   38.4   9.2      5e-06   16.7   0.1    3.2  3  tig00000018:621290-622081  
    1.7e-12   37.8   0.3    2.3e-08   24.3   0.4    3.3  2  tig00000014:605275-606015  
    3.2e-11   33.7   0.3    2.7e-09   27.4   0.2    2.3  2  tig00000018:569772-570680  
    9.3e-11   32.2   1.1      6e-07   19.7   0.2    3.3  3  tig00000078:495386-496162  
    1.6e-10   31.4   1.3    0.00076    9.5   0.2    4.7  5  tig00000001:196674-198848  
      2e-10   31.1   1.5    4.8e-05   13.4   0.0    3.9  4  tig00000022:516372-517097  
    5.5e-09   26.3   1.2    1.1e-05   15.6   0.0    3.5  4  tig00000005:613044-613871  
    1.6e-08   24.8   0.2    9.5e-06   15.8   0.1    3.8  2  tig00000037:74521-75315    
    4.5e-08   23.4   0.6    6.1e-07   19.7   0.7    2.6  3  tig00000037:113144-114127  
    6.3e-07   19.6   5.3    0.00011   12.3   1.3    4.0  3  tig00000038:153954-154733  
      8e-07   19.3   0.3    9.1e-05   12.5   0.0    3.1  3  tig00000012:489403-490836  
     0.0001   12.4   0.1     0.0037    7.3   0.0    2.3  2  tig00000005:853848-855902  


Domain annotation for each sequence (and alignments):
>> tig00000010:92017-93582  
   #    score  bias  c-Evalue  i-Evalue hmmfrom  hmm to    alifrom  ali to    envfrom  env to     acc
 ---   ------ ----- --------- --------- ------- -------    ------- -------    ------- -------    ----
   1 !   44.0   0.1   1.4e-14   2.3e-14       1      59 [.     129     202 ..     129     207 .. 0.85
   2 !  158.0   1.4   2.2e-49   3.5e-49      62     151 ..     239     334 ..     225     348 .. 0.90
   3 !   78.6   0.0   3.7e-25   5.9e-25     145     215 ..     349     425 ..     347     444 .. 0.87
   4 !   19.6   0.1     4e-07   6.4e-07     208     239 .]     487     521 .]     470     521 .] 0.81

  Alignments for each domain:
  == domain 1  score: 44.0 bits;  conditional E-value: 1.4e-14
              28907at4891   1 lplyaldWs..dlvalssykedstnklqilkgk.......vaeasvkypvtklqwdp......rlatssdslrl 59 
                              +pl++ldWs  d+v+l+sykeds+nklq+l+++       v +a+v ypv+k+qw p      +lat+sdslr+
  tig00000010:92017-93582 129 YPLFGLDWSadDYVCLGSYKEDSRNKLQVLHSNdllswesVVDADVVYPVSKIQWVPsqlyprKLATCSDSLRI 202
                              69******75589******************854444444789************9966666679********8 PP

  == domain 2  score: 158.0 bits;  conditional E-value: 2.2e-49
              28907at4891  62 lnqlpPvtsfdwnkvdpnliitssiDttCtvwdls....vktqLiahDsevfDvkfl..stelfasvgnDGsvRvfDLRsLehsti 141
                              ++++pP+tsfdwn+vd+nlii+ssiDttC+vwdl+    vktqLiahDsevfDv+fl  st+lfas+g+DGsvRvfDLRsL+hsti
  tig00000010:92017-93582 239 IGTFPPITSFDWNTVDTNLIISSSIDTTCIVWDLQsshyVKTQLIAHDSEVFDVRFLtkSTQLFASCGGDGSVRVFDLRSLAHSTI 324
                              689*******************************866678****************955689************************ PP

              28907at4891 142 iyepaLlrle 151
                              iyep+  +++
  tig00000010:92017-93582 325 IYEPPSSSVS 334
                              ****976665 PP

  == domain 3  score: 78.6 bits;  conditional E-value: 3.7e-25
              28907at4891 145 paLlrlets...nnvlatiaadsnkililDlRypgspvltlegha.avnsikWhpt..nvllsggddcqvlvwdlne 215
                              +aLlrle+s   +nvlat+aadsnki+ilD+R+p+sp+l+l+gh+ +vn ikWhpt  nvlls+gddcqvl+wdln 
  tig00000010:92017-93582 349 DALLRLEPSpydPNVLATFAADSNKIIILDMRNPESPILNLQGHGsSVNGIKWHPTkrNVLLSCGDDCQVLYWDLNS 425
                              69*****9844459*****************************9637*******974479**************984 PP

  == domain 4  score: 19.6 bits;  conditional E-value: 4e-07
              28907at4891 208 vlvwdlnevnnvvwr...gdwlgvvsgkkfqavkv 239
                              +    ++e+nn++wr   gdw+g+vsgkkfq+v+v
  tig00000010:92017-93582 487 MYANKTQEINNIAWRpqrGDWFGCVSGKKFQNVRV 521
                              4556789*******54449**************96 PP

>> tig00000037:93758-94777  
   #    score  bias  c-Evalue  i-Evalue hmmfrom  hmm to    alifrom  ali to    envfrom  env to     acc
 ---   ------ ----- --------- --------- ------- -------    ------- -------    ------- -------    ----
   1 !    6.1   0.1    0.0054    0.0085     176     212 ..      15      53 ..       4      60 .. 0.79
   2 !    6.0   0.0    0.0057    0.0089      79     214 ..     211     271 ..     199     288 .. 0.55
   3 !   15.6   0.4   6.6e-06     1e-05      71     113 ..     289     333 ..     280     336 .. 0.80

  Alignments for each domain:
  == domain 1  score: 6.1 bits;  conditional E-value: 0.0054
              28907at4891 176 gspvltleghaa.vnsikWhpt.nvllsggddcqvlvwd 212
                              ++p++tl+gh + v  ++W p  +v+++g+ d+ + +wd
  tig00000037:93758-94777  15 QTPMHTLKGHYNwVLCVSWSPDgEVIATGSMDNTIRLWD 53 
                              689999999865488999998736788999999999999 PP

  == domain 2  score: 6.0 bits;  conditional E-value: 0.0057
              28907at4891  79 nliitssiDttCtvwdlsvktqLiahDsevfDvkflstelfasvgnDGsvRvfDLRsLehstiiyepaLlrletsnnvlatiaads 164
                              ++++t+s D t  +w+                                                                      
  tig00000037:93758-94777 211 EMMVTASDDYTMFLWNP--------------------------------------------------------------------- 227
                              34444444444444443..................................................................... PP

              28907at4891 165 nkililDlRypgspvltleghaa.vnsikWhpt.nvllsggddcqvlvwdln 214
                                        + +p++ ++gh + vn++++ p  ++++s++ d+ + +wd +
  tig00000037:93758-94777 228 --------LKSTKPIARMTGHQKlVNHVAFSPDgRYIVSASFDNSIKLWDGR 271
                              ........34445565555554335666666542455566666666666544 PP

  == domain 3  score: 15.6 bits;  conditional E-value: 6.6e-06
              28907at4891  71 fdwnkvdpnliitssiDttCtvwdlsvk...tqLiahDsevfDvkf 113
                              + w+  d++l++++s Dtt  vwd++ +     L  h +ev+ v +
  tig00000037:93758-94777 289 VAWS-SDCRLLVSCSKDTTLKVWDVRTRklsVDLPGHKDEVYTVDW 333
                              5564.69******************88722257889******9975 PP

>> tig00000018:621290-622081  
   #    score  bias  c-Evalue  i-Evalue hmmfrom  hmm to    alifrom  ali to    envfrom  env to     acc
 ---   ------ ----- --------- --------- ------- -------    ------- -------    ------- -------    ----
   1 !   14.3   0.0   1.6e-05   2.6e-05     157     214 ..       9      67 ..       1      70 [. 0.76
   2 !   16.7   0.1   3.2e-06     5e-06     167     215 ..      61     109 ..      60     116 .. 0.88
   3 !   13.9   4.6   2.3e-05   3.6e-05      76     135 ..     179     243 ..     154     247 .. 0.85

  Alignments for each domain:
  == domain 1  score: 14.3 bits;  conditional E-value: 1.6e-05
                28907at4891 157 latiaadsnkililDlRypg.spvltlegh.aavnsikWhp.tnvllsggddcqvlvwdln 214
                                lat     +++ + D+R+ + +pv+ +egh ++v+s+++++ +++++++++d  + vwd++
  tig00000018:621290-622081   9 LATA--GHQNVRLYDIRTTNpNPVASFEGHrGNVTSVSFQQdNRWMVTSSEDGTIKVWDVR 67 
                                3333..3468999999986548*****998579*****97515689999**********86 PP

  == domain 2  score: 16.7 bits;  conditional E-value: 3.2e-06
                28907at4891 167 ililDlRypgspvltleghaavnsikWhptn.vllsggddcqvlvwdlne 215
                                i + D+R+p++p  +++++a+vn++  hp++  l+s++ d  + +wdl e
  tig00000018:621290-622081  61 IKVWDVRSPSIPR-NYKHNAPVNEVVIHPNQgELISCDRDGNIRIWDLGE 109
                                7789********5.689999********98747**************987 PP

  == domain 3  score: 13.9 bits;  conditional E-value: 2.3e-05
                28907at4891  76 vdpnliitssiDttCtvw....dlsvktqLiahDsevfDvkflste.lfasvgnDGsvRvfDLRs 135
                                 d +++ t+s D t  vw    d++  t L  h   v+D  f   +   +++++D  vR++DL +
  tig00000018:621290-622081 179 SDVKHLATCSADHTARVWsiddDFKLETTLDGHQRWVWDCAFSADSaYLVTASSDHYVRLWDLST 243
                                688999************666667899***************87651568999*********965 PP

>> tig00000014:605275-606015  
   #    score  bias  c-Evalue  i-Evalue hmmfrom  hmm to    alifrom  ali to    envfrom  env to     acc
 ---   ------ ----- --------- --------- ------- -------    ------- -------    ------- -------    ----
   1 !   24.3   0.4   1.5e-08   2.3e-08      76     213 ..      46     191 ..      33     196 .. 0.79
   2 !   12.8   0.0   4.9e-05   7.7e-05      52     134 ..     150     235 ..     149     240 .. 0.81

  Alignments for each domain:
  == domain 1  score: 24.3 bits;  conditional E-value: 1.5e-08
                28907at4891  76 vdpnliitssiDttCtvwdlsvktqLia...hDsevfDvkfls.telfasvgnDGsvRvfDLRsLehstiiyepaLl...rlet 152
                                 d++++++ s D t  +w ++ +t L++   h++ v+Dv f    + fa++++D   R++    +    i +   L     ++ 
  tig00000014:605275-606015  46 PDNKYLLSGSEDKTVRLWSMDTHTALVSykgHNHPVWDVSFSPlGHYFATASHDQTARLWSCDHIYPLRI-FAGHLNdvdCVSF 128
                                48899*********************9655599********863589***********997777665555.4444430014455 PP

                28907at4891 153 snnvlatiaadsnk.ililDlRypgspvltleghaavnsikWhpt.nvllsggddcqvlvwdl 213
                                 +n   +++  s+k   + D+ + +s  l l + a+v si+ +p  ++l +g++d ++ vwd+
  tig00000014:605275-606015 129 HPNGCYVFTGSSDKtCRMWDVSTGDSVRLFLGHTAPVISIAVCPDgRWLSTGSEDGIINVWDI 191
                                6777777776665516688999999999999999*******999735788899*********8 PP

  == domain 2  score: 12.8 bits;  conditional E-value: 4.9e-05
                28907at4891  52 tssdslrlyelnqlpPvtsfdwnkvdpnliitssiDttCtvwdlsvk...tqLiahDse.vfDvkflst.elfasvgnDGsvRv 130
                                +++ds+rl+ l++++Pv s+  +  d + + t s D    vwd+       q+  h ++ ++   + ++ ++ +s g+D  vRv
  tig00000014:605275-606015 150 STGDSVRLF-LGHTAPVISIAVCP-DGRWLSTGSEDGIINVWDIGTGkrlKQMRGHGKNaIYSLSYSKEgNVLISGGADHTVRV 231
                                677888888.67889999999876.889999*************764122688899764389999986549************* PP

                28907at4891 131 fDLR 134
                                +DL+
  tig00000014:605275-606015 232 WDLK 235
                                **97 PP

>> tig00000018:569772-570680  
   #    score  bias  c-Evalue  i-Evalue hmmfrom  hmm to    alifrom  ali to    envfrom  env to     acc
 ---   ------ ----- --------- --------- ------- -------    ------- -------    ------- -------    ----
   1 !   27.4   0.2   1.7e-09   2.7e-09     105     215 ..      21     140 ..       8     158 .. 0.82
   2 ?    3.9   0.0     0.025     0.039     103     132 ..     249     281 ..     245     284 .. 0.72

  Alignments for each domain:
  == domain 1  score: 27.4 bits;  conditional E-value: 1.7e-09
                28907at4891 105 DsevfDvkflstelfasvgnDGsvRvfDLRsLehstiiye...paLlrletsnnvlat...iaadsnkililDlRypgspvltl 182
                                D +v    f   +l  s++ D +v+vfD+R+ ++ + i +   ++ ++l++ +  la+   ++    +++i D+R  ++p++ l
  tig00000018:569772-570680  21 DMKVIGSDFSAGHLVSSASID-AVKVFDIRTNDRIAQIQNeanSPFISLDSRHGLLACgteLQGIDAAVYIYDIRKWDTPLRSL 103
                                677777888888888888888.79**********9988751225799**9999999984444445689*************988 PP

                28907at4891 183 ..eghaavnsikWhpt..nvllsggddcqvlvwdlne 215
                                  ++h  v+ ik+hp+  n+llsg+ d    ++dl++
  tig00000018:569772-570680 104 idSHHDDVTCIKFHPSdvNILLSGSTDGYTNIYDLKQ 140
                                5567899*******974478**************975 PP

  == domain 2  score: 3.9 bits;  conditional E-value: 0.025
                28907at4891 103 ahDsevfDvkfl...stelfasvgnDGsvRvfD 132
                                ah +ev    f+    +++  s+g+DG v++++
  tig00000018:569772-570680 249 AHGDEVVRDIFIpaqHSNMLYSCGEDGCVKIWE 281
                                677776655566222467999******999875 PP

>> tig00000078:495386-496162  
   #    score  bias  c-Evalue  i-Evalue hmmfrom  hmm to    alifrom  ali to    envfrom  env to     acc
 ---   ------ ----- --------- --------- ------- -------    ------- -------    ------- -------    ----
   1 ?    1.5   0.0      0.14      0.22     189     216 ..      44      72 ..       5      94 .. 0.69
   2 !   19.7   0.2   3.8e-07     6e-07      78     134 ..     155     215 ..     114     220 .. 0.82
   3 !   14.9   0.2   1.1e-05   1.7e-05      79     133 ..     198     256 ..     195     258 .. 0.84

  Alignments for each domain:
  == domain 1  score: 1.5 bits;  conditional E-value: 0.14
                28907at4891 189 nsikWh.ptnvllsggddcqvlvwdlnev 216
                                ns+  + +  +++++++d+ ++vw  ne 
  tig00000078:495386-496162  44 NSLDATeDGLWIATASKDNTAIVWRYNEN 72 
                                55544313456778888888888888874 PP

  == domain 2  score: 19.7 bits;  conditional E-value: 3.8e-07
                28907at4891  78 pnliitssiDttCtvwdls...vktqLiahDsevfDvkflst.elfasvgnDGsvRvfDLR 134
                                 ++  t+s D tC +w+l+     + L  h    +Dv f +  +l a++++D  v+++ L 
  tig00000078:495386-496162 155 DSIFATASYDKTCKIWNLEngeLEATLANHKRGLWDVSFCQYdKLLATSSGDKTVKIWSLD 215
                                3566799***********73336899*************98626999*********99875 PP

  == domain 3  score: 14.9 bits;  conditional E-value: 1.1e-05
                28907at4891  79 nliitssiDttCtvwdl...svktqLiahDsevfDvkflste.lfasvgnDGsvRvfDL 133
                                +l+ tss D t  +w l   sv   L  h + v    f++++   +s+g+DG ++++D 
  tig00000078:495386-496162 198 KLLATSSGDKTVKIWSLdtfSVMKTLEGHTNAVQRCSFINKQkQLISCGADGLIKIWDC 256
                                56789**********983334677899************9862689**********996 PP

>> tig00000001:196674-198848  
   #    score  bias  c-Evalue  i-Evalue hmmfrom  hmm to    alifrom  ali to    envfrom  env to     acc
 ---   ------ ----- --------- --------- ------- -------    ------- -------    ------- -------    ----
   1 !    7.2   0.0    0.0025    0.0039     161     215 ..      31      86 ..      23     108 .. 0.81
   2 !    9.5   0.2   0.00048   0.00076      80     137 ..     111     172 ..     100     177 .. 0.83
   3 ?    3.9   0.0     0.026      0.04     181     215 ..     206     242 ..     186     251 .. 0.78
   4 ?    5.2   0.1      0.01     0.016     187     215 ..     257     286 ..     243     303 .. 0.65
   5 ?   -1.8   0.0       1.4       2.2     188     236 ..     300     350 ..     286     353 .. 0.69

  Alignments for each domain:
  == domain 1  score: 7.2 bits;  conditional E-value: 0.0025
                28907at4891 161 aadsnkililDlRypgspvltleghaavnsikWhptn.vllsggddcqvlvwdlne 215
                                a  s++i + D R+     +  +++++v  + +hpt+ +++s+gdd  + vw l+ 
  tig00000001:196674-198848  31 ALFSSTIQLWDYRMGTLLHRFEDHEGPVRGLDFHPTQpIFVSAGDDYTIKVWSLDT 86 
                                5567899999***999999999999**********9746899**********8865 PP

  == domain 2  score: 9.5 bits;  conditional E-value: 0.00048
                28907at4891  80 liitssiDttCtvwdlsvktq...LiahDsevfDvkflst.elfasvgnDGsvRvfDLRsLe 137
                                 ii++s D t  +w+ + +     L  h++ v+  +f  t +l +s++ D  +R++D+  L 
  tig00000001:196674-198848 111 WIISASDDQTIRIWNWQNRKEiacLTGHNHFVMCAQFHPTdDLIVSASLDETIRIWDISGLR 172
                                699************999865223788**********86527999************98775 PP

  == domain 3  score: 3.9 bits;  conditional E-value: 0.026
                28907at4891 181 tleghaa.vnsikWhptnvl.lsggddcqvlvwdlne 215
                                +legh++ vn  ++hpt  l +sg+dd qv +w ++ 
  tig00000001:196674-198848 206 ILEGHTRgVNWASFHPTLPLiVSGSDDRQVKLWRMSA 242
                                46666544999999**985527999********8875 PP

  == domain 4  score: 5.2 bits;  conditional E-value: 0.01
                28907at4891 187 avnsikWhpt.nvllsggddcqvlvwdlne 215
                                +v+s+ +hp+ n+++s g+d  + vwdl++
  tig00000001:196674-198848 257 NVDSVIFHPHqNLIISVGEDKTLRVWDLDK 286
                                566666666413345666666666666654 PP

  == domain 5  score: -1.8 bits;  conditional E-value: 1.4
                28907at4891 188 vnsikWhptnvllsggddcqvlvwdlne..vnnvvwrgdwlgvvsgkkfqa 236
                                   i+ hp+  l  +++d+ ++v+ l+     +++ +++ + v+++k++q+
  tig00000001:196674-198848 300 FWLIAAHPHINLFGAAHDSGIMVFKLDRerPCSFIHQNQLFFVNAEKQIQS 350
                                556778999999999999999998776511456777888888888888886 PP

>> tig00000022:516372-517097  
   #    score  bias  c-Evalue  i-Evalue hmmfrom  hmm to    alifrom  ali to    envfrom  env to     acc
 ---   ------ ----- --------- --------- ------- -------    ------- -------    ------- -------    ----
   1 ?   -1.3   0.0      0.96       1.5      69      97 ..       2      30 ..       1      35 [. 0.60
   2 !    9.7   0.0   0.00042   0.00066      65      98 ..      41      74 ..      32      82 .. 0.82
   3 ?    4.0   0.0     0.024     0.038     194     214 ..     111     131 ..      93     142 .. 0.80
   4 !   13.4   0.0   3.1e-05   4.8e-05     153     214 ..     176     236 ..     154     241 .. 0.66

  Alignments for each domain:
  == domain 1  score: -1.3 bits;  conditional E-value: 0.96
                28907at4891 69 tsfdwnkvdpnliitssiDttCtvwdlsv 97
                               t++d+ +   +l  +s  D    vwdl+ 
  tig00000022:516372-517097  2 TALDFDTPWGTLCSSSYQDRIVKVWDLNH 30
                               55566555555555566677777777775 PP

  == domain 2  score: 9.7 bits;  conditional E-value: 0.00042
                28907at4891 65 lpPvtsfdwnkvdpnliitssiDttCtvwdlsvk 98
                               l+ v  ++  k + n++it s D+t  +wdl+  
  tig00000022:516372-517097 41 LATVNCMQIDKKNYNMLITGSKDATLKLWDLNLS 74
                               5677788888999999999999999999999864 PP

  == domain 3  score: 4.0 bits;  conditional E-value: 0.024
                28907at4891 194 hptnvllsggddcqvlvwdln 214
                                 +++ l+sg+ d ++++wdl+
  tig00000022:516372-517097 111 FDSEALVSGSRDKKIFHWDLT 131
                                46789**************97 PP

  == domain 4  score: 13.4 bits;  conditional E-value: 3.1e-05
                28907at4891 153 snnvlatiaadsnkililDlRypgspvltleghaa.vnsikWhptnvllsggddcqvlvwdln 214
                                + n  ++  ++   + + DlR+ g+pv+ legh+  ++s+k+ +++ l++g+ d+ v +wdl+
  tig00000022:516372-517097 176 CYNSALATGTKDGIVRLWDLRV-GKPVRLLEGHTDgITSLKF-DSEKLVTGSMDNSVRIWDLR 236
                                4444444455556777778886.6788888888754777765.56678888888888888875 PP

>> tig00000005:613044-613871  
   #    score  bias  c-Evalue  i-Evalue hmmfrom  hmm to    alifrom  ali to    envfrom  env to     acc
 ---   ------ ----- --------- --------- ------- -------    ------- -------    ------- -------    ----
   1 ?   -1.0   0.0      0.77       1.2     174     215 ..      23      65 ..       4      81 .. 0.71
   2 !   15.6   0.0   6.7e-06   1.1e-05     154     212 ..      85     145 ..      75     148 .. 0.87
   3 !    5.4   0.0    0.0089     0.014     175     215 ..     148     193 ..     146     201 .. 0.75
   4 ?    1.8   0.2      0.11      0.18     180     220 ..     198     241 ..     192     252 .. 0.67

  Alignments for each domain:
  == domain 1  score: -1.0 bits;  conditional E-value: 0.77
                28907at4891 174 ypgspvltleghaavnsikWhpt.nvllsggddcqvlvwdlne 215
                                + g  v+  +++ + +s++W+ + + l++g+ +  v ++d+ +
  tig00000005:613044-613871  23 NTGDVVHLCDTENEYTSLSWIGAgSHLAVGQANGLVEIYDVMK 65 
                                4556677778888889999987625688888888999999876 PP

  == domain 2  score: 15.6 bits;  conditional E-value: 6.7e-06
                28907at4891 154 nnvlatiaadsnkililDlRypgspvltlegha.avnsikWh.ptnvllsggddcqvlvwd 212
                                nn+++t  +  ++il  D+R+p+   +t+e+h+ +v  +kW    n l+sgg+d+ v v++
  tig00000005:613044-613871  85 NNHVLTSGSRDHRILHRDVRMPDPFFETIESHTqEVCGLKWNvADNKLASGGNDNVVHVYE 145
                                78889999999*******************997369*****736799**********9997 PP

  == domain 3  score: 5.4 bits;  conditional E-value: 0.0089
                28907at4891 175 pgspvltlegh.aavnsikWhptn..vllsgg..ddcqvlvwdlne 215
                                ++sp+lt+++h aav++++W p++  vl++gg   d ++ +w++n 
  tig00000005:613044-613871 148 SKSPILTFDEHkAAVKAMAWSPHKrgVLATGGgtADRRLKIWNVNT 193
                                57899999877478******98753378887623678889999885 PP

  == domain 4  score: 1.8 bits;  conditional E-value: 0.11
                28907at4891 180 ltleghaavnsikWh.ptnvllsgg..ddcqvlvwdlnevnnvv 220
                                + +++ +++ ++ W  +tn l+++   +   +++wd+n +  ++
  tig00000005:613044-613871 198 SDIDSGSQICNMVWSkNTNELVTSHgySKYNLTLWDCNSMDPIA 241
                                55677778888888624567777551145567889998887765 PP

>> tig00000037:74521-75315  
   #    score  bias  c-Evalue  i-Evalue hmmfrom  hmm to    alifrom  ali to    envfrom  env to     acc
 ---   ------ ----- --------- --------- ------- -------    ------- -------    ------- -------    ----
   1 !   15.8   0.1     6e-06   9.5e-06      81     218 ..      16     168 ..       5     174 .. 0.63
   2 ?    3.0   0.0     0.047     0.074     194     219 ..     198     223 ..     174     237 .. 0.78

  Alignments for each domain:
  == domain 1  score: 15.8 bits;  conditional E-value: 6e-06
              28907at4891  81 iitssiDttCtvwdlsvkt...qLiahDsevfDvkfl.stelfasvgnDGsvRvfDLRsLehs.tiiyepaLlrletsnnvlatia 161
                              + t + D    +wd++ +     L  h+++++   ++ s +  +s ++D  vR++DLR+ + s t+  e+ ++++++s+     ia
  tig00000037:74521-75315  16 LATGAEDRLIRIWDIENRKivmILQGHEQDIYSLDYFpSGDKLVSGSGDRTVRIWDLRTGQCSlTLSIEDGVTTVAVSPGDGKYIA 101
                              55666677788999987651114568********98747899*****************999856778999999998875433333 PP

              28907at4891 162 ads..nkililDl.......RypgspvltleghaavnsikWh.ptnvllsggddcqvlvwdlnevnn 218
                              a s   ++ + D        R ++   +   ++ +v s+ ++ + + ++sg+ d  v +w+l++ nn
  tig00000037:74521-75315 102 AGSldRAVRVWDSetgflveRLDSENESGTGHKDSVYSVVFTrDGQSVVSGSLDRSVKLWNLQNANN 168
                              3221144555553111111133333333333344565655541456667777777777777776665 PP

  == domain 2  score: 3.0 bits;  conditional E-value: 0.047
              28907at4891 194 hptnvllsggddcqvlvwdlnevnnv 219
                              ++ +++lsg++d  vl+wd +  n +
  tig00000037:74521-75315 198 QNDEYILSGSKDRGVLFWDKKSGNPL 223
                              567899*************9877765 PP

>> tig00000037:113144-114127  
   #    score  bias  c-Evalue  i-Evalue hmmfrom  hmm to    alifrom  ali to    envfrom  env to     acc
 ---   ------ ----- --------- --------- ------- -------    ------- -------    ------- -------    ----
   1 ?   -1.3   0.0      0.96       1.5     183     213 ..      33      64 ..      24      89 .. 0.70
   2 !   19.7   0.7   3.9e-07   6.1e-07      67     213 ..     122     277 ..      74     298 .. 0.75
   3 ?    3.3   0.0     0.038      0.06      66     102 ..     249     284 ..     235     319 .. 0.82

  Alignments for each domain:
  == domain 1  score: -1.3 bits;  conditional E-value: 0.96
                28907at4891 183 eghaavnsikWhptnvllsgg.ddcqvlvwdl 213
                                 ++a+v+ +++hp++ ll+ g  +    ++dl
  tig00000037:113144-114127  33 ANQAKVKCVTFHPATRLLAVGfTSGEFRLYDL 64 
                                56778888888888777665413444455555 PP

  == domain 2  score: 19.7 bits;  conditional E-value: 3.9e-07
                28907at4891  67 PvtsfdwnkvdpnliitssiDttCtvwdlsvktqLia...hDsevfDvkflst.elfasvgnDGsvRvfDL...RsLehstii. 142
                                   s+ ++  d + ++t+s D    vwd++    L     h s v  v+f ++ ++  s++ DG vR +DL   R  +  t   
  tig00000037:113144-114127 122 STNSLAYS-PDGSRVVTASEDGKIKVWDITSGFCLATfeeHTSSVTAVQFAKRgQVMFSSSLDGTVRAWDLiryR--NFRTFTg 202
                                55566665.478899**************9887776444499********98648999************96333..3333321 PP

                28907at4891 143 ...yepaLlrletsnnvlatiaadsnkililDlRypgspvltlegh.aavnsikWhptn.vllsggddcqvlvwdl 213
                                    +   l +++s +v+ + + d+ +i +  +++ +  +  l+gh ++v+ +++ ++n vl+s++ d  + +w +
  tig00000037:113144-114127 203 terIQFNCLAVDPSGEVVCAGSLDNFDIHVWSVQTGQL-LDALSGHeGPVSCLSFSQENsVLASASWDKTIRIWSI 277
                                11134456888999999999999999999998876555.5556554378999999766526778888999999976 PP

  == domain 3  score: 3.3 bits;  conditional E-value: 0.038
                28907at4891  66 pPvtsfdwnkvdpnliitssiDttCtvwdlsvktqLi 102
                                 Pv+ + +++  ++++ ++s D t  +w +  ++q +
  tig00000037:113144-114127 249 GPVSCLSFSQE-NSVLASASWDKTIRIWSIFGRSQQV 284
                                68899998765.567889999*******999998865 PP

>> tig00000038:153954-154733  
   #    score  bias  c-Evalue  i-Evalue hmmfrom  hmm to    alifrom  ali to    envfrom  env to     acc
 ---   ------ ----- --------- --------- ------- -------    ------- -------    ------- -------    ----
   1 ?    1.8   0.0      0.11      0.17      77      97 ..      37      57 ..      23      68 .. 0.61
   2 !   12.3   1.3     7e-05   0.00011      76     134 ..      99     161 ..      86     164 .. 0.77
   3 ?    2.9   0.0     0.051      0.08     114     214 ..     201     221 ..     184     257 .. 0.66

  Alignments for each domain:
  == domain 1  score: 1.8 bits;  conditional E-value: 0.11
                28907at4891 77 dpnliitssiDttCtvwdlsv 97
                               + ++i+t s D t  vw l  
  tig00000038:153954-154733 37 NIKYIVTGSRDNTLHVWKLPK 57
                               445566666666666666654 PP

  == domain 2  score: 12.3 bits;  conditional E-value: 7e-05
                28907at4891  76 vdpnliitssiDttCtvwdls.vktqLi..ahDsevfDvkfl.stelfasvgnDGsvRvfDLR 134
                                   n++++ s D t +vwd+  +k   i   h + ++   +  +++  +s++ D  +R++DL 
  tig00000038:153954-154733  99 GHGNIVVSGSYDNTLIVWDVAqMKCLYIlsGHTDRIYSTIYDhERKRCISASMDTTIRIWDLE 161
                                567899*************951555434337999***99996156778999**********96 PP

  == domain 3  score: 2.9 bits;  conditional E-value: 0.051
                28907at4891 114 lstelfasvgnDGsvRvfDLRsLehstiiyepaLlrletsnnvlatiaadsnkililDlRypgspvltleghaavnsikWhptn 197
                                ls +  +s+++DGs+R                                                                    
  tig00000038:153954-154733 201 LSDKFLVSAAADGSIR-------------------------------------------------------------------- 216
                                3444455555555555.................................................................... PP

                28907at4891 198 vllsggddcqvlvwdln 214
                                             wd n
  tig00000038:153954-154733 217 ------------GWDAN 221
                                ............55544 PP

>> tig00000012:489403-490836  
   #    score  bias  c-Evalue  i-Evalue hmmfrom  hmm to    alifrom  ali to    envfrom  env to     acc
 ---   ------ ----- --------- --------- ------- -------    ------- -------    ------- -------    ----
   1 ?   -2.7   0.0       2.7       4.2     196     212 ..      15      31 ..       2      45 .. 0.74
   2 !   12.5   0.0   5.8e-05   9.1e-05     108     172 ..     193     254 ..     143     313 .. 0.73
   3 ?    3.4   0.0     0.035     0.055     128     195 ..     406     478 .]     390     478 .] 0.71

  Alignments for each domain:
  == domain 1  score: -2.7 bits;  conditional E-value: 2.7
                28907at4891 196 tnvllsggddcqvlvwd 212
                                +++l sg+++ +v+vw 
  tig00000012:489403-490836  15 SQYLCSGDESGKVIVWG 31 
                                67999999999999996 PP

  == domain 2  score: 12.5 bits;  conditional E-value: 5.8e-05
                28907at4891 108 vfDvkflstelfasvgnDGsvRvfDLRsLehstiiyepaLlrletsnnvlatiaadsnkililDl 172
                                +f   +l+++ fa+vg+D  +Rv+D+     s  +   +L + e  n+++ ++a+ + +i+ l l
  tig00000012:489403-490836 193 IFALSWLDSQKFATVGADATIRVWDIT---TSKCVQKWTLDKQELGNQQVGVVATGNGRIISLSL 254
                                788999*******************75...57778888888888888888888888777776655 PP

  == domain 3  score: 3.4 bits;  conditional E-value: 0.035
                28907at4891 128 vRvfDLRsLehs....t.iiyepaLlrletsnnvlatiaadsnkililDlRypgspvltlegh.aavnsikWhp 195
                                ++vf L  Le s    t +   p+ +++++s+  +a+  +   kil+ Dl++ ++  +    h +++n+i+W+p
  tig00000012:489403-490836 406 IQVFKLSDLEVSfdlkTpLRAKPSYISISPSETYIAAGDVM-GKILLYDLQSREVKTSRWAFHtSKINAISWKP 478
                                56666666665522222122356789999999999998776.899999**9999999888876368******87 PP

>> tig00000005:853848-855902  
   #    score  bias  c-Evalue  i-Evalue hmmfrom  hmm to    alifrom  ali to    envfrom  env to     acc
 ---   ------ ----- --------- --------- ------- -------    ------- -------    ------- -------    ----
   1 ?    2.7   0.0      0.06     0.094      72      97 ..       4      29 ..       1      34 [. 0.89
   2 !    7.3   0.0    0.0024    0.0037      77     131 ..      54     112 ..      37     122 .. 0.74

  Alignments for each domain:
  == domain 1  score: 2.7 bits;  conditional E-value: 0.06
                28907at4891 72 dwnkvdpnliitssiDttCtvwdlsv 97
                                +n  dp++  + ++D t  vw l  
  tig00000005:853848-855902  4 AFNPKDPSTFASGCLDRTVKVWSLGQ 29
                               69********************9976 PP

  == domain 2  score: 7.3 bits;  conditional E-value: 0.0024
                28907at4891  77 dpnliitssiDttCtvwdlsvktq...LiahDsev.fDvkflstelfasvgnDGsvRvf 131
                                d  ++it+s D t  +wd + k+    L  h s+v f v + +  + +s ++DG ++++
  tig00000005:853848-855902  54 DKPYMITASDDLTIKIWDYQTKSCvatLEGHMSNVsFAVFHPTLPIIISGSEDGTLKIW 112
                                66788999999999999999997511155577766455555566788899999988876 PP



Internal pipeline statistics summary:
-------------------------------------
Query model(s):                              1  (239 nodes)
Target sequences:                           22  (7311 residues searched)
Passed MSV filter:                        15  (0.681818); expected 0.4 (0.02)
Passed bias filter:                       15  (0.681818); expected 0.4 (0.02)
Passed Vit filter:                        14  (0.636364); expected 0.0 (0.001)
Passed Fwd filter:                        14  (0.636364); expected 0.0 (1e-05)
Initial search space (Z):                 22  [actual number of targets]
Domain search space  (domZ):              14  [number of targets reported over threshold]
# CPU time: 0.07u 0.00s 00:00:00.07 Elapsed: 00:00:00.08
# Mc/sec: 21.84
//
[ok]
