/home/inf-38-2022/anaconda3/envs/longread/bin/quast Results/02_yeast/asm.contigs.fasta -o Results/03_Quast/

Version: 5.2.0

System information:
  OS: Linux-6.0.17-200.fc36.x86_64-x86_64-with-glibc2.35 (linux_64)
  Python version: 3.10.9
  CPUs number: 256

Started: 2023-02-23 13:57:59

Logging to /home/inf-38-2022/BINP29/longread/2/Results/03_Quast/quast.log
NOTICE: Maximum number of threads is set to 64 (use --threads option to set it manually)

CWD: /home/inf-38-2022/BINP29/longread/2
Main parameters: 
  MODE: default, threads: 64, min contig length: 500, min alignment length: 65, min alignment IDY: 95.0, \
  ambiguity: one, min local misassembly length: 200, min extensive misassembly length: 1000

Contigs:
  Pre-processing...
  Results/02_yeast/asm.contigs.fasta ==> asm.contigs

2023-02-23 13:58:00
Running Basic statistics processor...
  Contig files: 
    asm.contigs
  Calculating N50 and L50...
    asm.contigs, N50 = 778969, L50 = 7, auN = 792651.6, Total length = 13150776, GC % = 37.83, # N's per 100 kbp =  0.00
  Drawing Nx plot...
    saved to /home/inf-38-2022/BINP29/longread/2/Results/03_Quast/basic_stats/Nx_plot.pdf
  Drawing cumulative plot...
    saved to /home/inf-38-2022/BINP29/longread/2/Results/03_Quast/basic_stats/cumulative_plot.pdf
  Drawing GC content plot...
    saved to /home/inf-38-2022/BINP29/longread/2/Results/03_Quast/basic_stats/GC_content_plot.pdf
  Drawing asm.contigs GC content plot...
    saved to /home/inf-38-2022/BINP29/longread/2/Results/03_Quast/basic_stats/asm.contigs_GC_content_plot.pdf
Done.

NOTICE: Genes are not predicted by default. Use --gene-finding or --glimmer option to enable it.

2023-02-23 13:58:01
Creating large visual summaries...
This may take a while: press Ctrl-C to skip this step..
  1 of 2: Creating PDF with all tables and plots...
  2 of 2: Creating Icarus viewers...
Done

2023-02-23 13:58:01
RESULTS:
  Text versions of total report are saved to /home/inf-38-2022/BINP29/longread/2/Results/03_Quast/report.txt, report.tsv, and report.tex
  Text versions of transposed total report are saved to /home/inf-38-2022/BINP29/longread/2/Results/03_Quast/transposed_report.txt, transposed_report.tsv, and transposed_report.tex
  HTML version (interactive tables and plots) is saved to /home/inf-38-2022/BINP29/longread/2/Results/03_Quast/report.html
  PDF version (tables and plots) is saved to /home/inf-38-2022/BINP29/longread/2/Results/03_Quast/report.pdf
  Icarus (contig browser) is saved to /home/inf-38-2022/BINP29/longread/2/Results/03_Quast/icarus.html
  Log is saved to /home/inf-38-2022/BINP29/longread/2/Results/03_Quast/quast.log

Finished: 2023-02-23 13:58:01
Elapsed time: 0:00:02.036674
NOTICEs: 2; WARNINGs: 0; non-fatal ERRORs: 0

Thank you for using QUAST!
