
Found perl:
   /home/inf-38-2022/anaconda3/envs/longread/bin/perl
   This is perl 5, version 32, subversion 1 (v5.32.1) built for x86_64-linux-thread-multi

Found java:
   /home/inf-38-2022/anaconda3/envs/longread/lib/jvm/bin/java
   openjdk version "17.0.3-internal" 2022-04-19

Found canu:
   /home/inf-38-2022/anaconda3/envs/longread/bin/canu
   canu 2.2

Running job 2 based on command line options.

Attempting to increase maximum allowed processes and open files.
  Max processes per user limited to 8207656, no increase possible.
  Max open files limited to 80000, no increase possible.


Finding overlaps.
  found     320531 overlaps in './asm.ovlStore.BUILDING/bucket0002/sliceSizes'.

Loading     320531 overlaps using 0.01 GB of allowed (-M) 2 GB memory.
  loading     320531 overlaps from './asm.ovlStore.BUILDING/bucket0002/slice0002'.

Sorting.

Writing sorted overlaps.
  created './asm.ovlStore.BUILDING/0002' with 320531 overlaps for reads 115618 to 117521.

Removing bucketized overlaps.

Success!
