#                                                                                 --- full sequence --- -------------- this domain -------------   hmm coord   ali coord   env coord
# target name             accession   tlen query name           accession   qlen   E-value  score  bias   #  of  c-Evalue  i-Evalue  score  bias  from    to  from    to  from    to  acc description of target
#     ------------------- ---------- ----- -------------------- ---------- ----- --------- ------ ----- --- --- --------- --------- ------ ----- ----- ----- ----- ----- ----- ----- ---- ---------------------
tig00000010:725598-727880 -            761 10256at4891          -            364  1.8e-130  432.8  23.2   1   5   1.4e-05     0.019   11.6   0.3     2    28     4    30     3    40 0.86 -
tig00000010:725598-727880 -            761 10256at4891          -            364  1.8e-130  432.8  23.2   2   5     2e-05     0.028   11.0   0.2    27    61    74   107    65   120 0.75 -
tig00000010:725598-727880 -            761 10256at4891          -            364  1.8e-130  432.8  23.2   3   5   2.5e-19   3.4e-16   56.8   0.1    43   103   122   196    97   205 0.79 -
tig00000010:725598-727880 -            761 10256at4891          -            364  1.8e-130  432.8  23.2   4   5  4.4e-111    6e-108  358.7   5.1   101   343   241   509   231   515 0.92 -
tig00000010:725598-727880 -            761 10256at4891          -            364  1.8e-130  432.8  23.2   5   5    0.0037       5.1    3.6   0.1   325   356   587   618   573   624 0.75 -
tig00000034:122289-123521 -            411 10256at4891          -            364   4.5e-05   20.2   0.1   1   2   1.6e-07   0.00022   17.9   0.0   152   263   187   309   159   317 0.71 -
tig00000034:122289-123521 -            411 10256at4891          -            364   4.5e-05   20.2   0.1   2   2     0.063        86   -0.5   0.1   277   325   342   392   337   397 0.81 -
#
# Program:         hmmsearch
# Version:         3.1b2 (February 2015)
# Pipeline mode:   SEARCH
# Query file:      /home/inf-38-2022/BINP29/longread/2/busco_downloads/lineages/saccharomycetes_odb10/hmms/10256at4891.hmm
# Target file:     /home/inf-38-2022/BINP29/longread/2/Results/04_Busco/canu/run_saccharomycetes_odb10/metaeuk_output/initial_results/asm.contigs.fasta.modified.fas
# Option settings: hmmsearch --domtblout /home/inf-38-2022/BINP29/longread/2/Results/04_Busco/canu/run_saccharomycetes_odb10/hmmer_output/initial_run_results/10256at4891.out --cpu 1 /home/inf-38-2022/BINP29/longread/2/busco_downloads/lineages/saccharomycetes_odb10/hmms/10256at4891.hmm /home/inf-38-2022/BINP29/longread/2/Results/04_Busco/canu/run_saccharomycetes_odb10/metaeuk_output/initial_results/asm.contigs.fasta.modified.fas 
# Current dir:     /home/inf-38-2022/BINP29/longread/2
# Date:            Thu Feb 23 14:05:49 2023
# [ok]
