#                                                                                   --- full sequence --- -------------- this domain -------------   hmm coord   ali coord   env coord
# target name               accession   tlen query name           accession   qlen   E-value  score  bias   #  of  c-Evalue  i-Evalue  score  bias  from    to  from    to  from    to  acc description of target
#       ------------------- ---------- ----- -------------------- ---------- ----- --------- ------ ----- --- --- --------- --------- ------ ----- ----- ----- ----- ----- ----- ----- ---- ---------------------
tig00000001:1020471-1023650 -           1060 1088at4891           -            840         0 1209.0  10.1   1   2   5.7e-21     6e-19   64.7   6.3     2   113    24   153    23   242 0.76 -
tig00000001:1020471-1023650 -           1060 1088at4891           -            840         0 1209.0  10.1   2   2         0         0 1144.6   0.4   125   839   259  1060   194  1060 0.88 -
tig00000022:562483-563583   -            367 1088at4891           -            840   1.3e-14   50.4   0.5   1   1   1.8e-16   1.9e-14   49.9   0.5   162   466    27   345    24   365 0.73 -
tig00000061:598449-599549   -            367 1088at4891           -            840   1.3e-14   50.4   0.5   1   1   1.8e-16   1.9e-14   49.9   0.5   162   466    27   345    24   365 0.73 -
tig00000001:487559-488671   -            371 1088at4891           -            840   4.5e-13   45.3   3.5   1   1   5.7e-15     6e-13   44.9   3.5   161   460    28   345    25   363 0.79 -
tig00000023:527960-529546   -            529 1088at4891           -            840   5.8e-13   44.9   0.0   1   2   3.2e-10   3.4e-08   29.2   0.0   170   292    17   154     8   180 0.79 -
tig00000023:527960-529546   -            529 1088at4891           -            840   5.8e-13   44.9   0.0   2   2   2.2e-05    0.0023   13.2   0.0   380   500   298   434   288   459 0.72 -
tig00000078:157373-161233   -           1287 1088at4891           -            840   3.1e-11   39.2   0.2   1   2   2.4e-10   2.6e-08   29.6   0.1   129   315   304   486   219   500 0.78 -
tig00000078:157373-161233   -           1287 1088at4891           -            840   3.1e-11   39.2   0.2   2   2     0.001      0.11    7.6   0.0   388   520   695   840   681   862 0.64 -
tig00000031:334171-335631   -            487 1088at4891           -            840   3.7e-10   35.7   0.0   1   1     9e-12   9.5e-10   34.3   0.0   161   456    94   405    29   417 0.68 -
tig00000001:171142-172539   -            466 1088at4891           -            840   2.7e-09   32.8   1.0   1   1   4.5e-11   4.7e-09   32.0   0.9   171   459    66   365    53   386 0.63 -
tig00000005:744539-746107   -            523 1088at4891           -            840   6.2e-09   31.6   2.6   1   2   0.00029     0.031    9.4   1.8   169   275   149   263    10   283 0.73 -
tig00000005:744539-746107   -            523 1088at4891           -            840   6.2e-09   31.6   2.6   2   2   2.1e-07   2.2e-05   19.8   0.0   382   455   383   456   359   469 0.87 -
tig00000018:696706-698496   -            597 1088at4891           -            840   2.4e-08   29.6   1.5   1   2     4e-07   4.2e-05   18.9   0.4   171   276   229   343   179   362 0.84 -
tig00000018:696706-698496   -            597 1088at4891           -            840   2.4e-08   29.6   1.5   2   2   0.00025     0.026    9.7   0.0   408   461   518   573   463   580 0.82 -
tig00000061:412805-416023   -           1073 1088at4891           -            840   2.2e-07   26.5   1.0   1   2   1.7e-08   1.8e-06   23.5   0.4    66   321    53   310    24   326 0.65 -
tig00000061:412805-416023   -           1073 1088at4891           -            840   2.2e-07   26.5   1.0   2   2      0.15        16    0.5   0.0   404   461   491   556   483   567 0.67 -
tig00000005:922340-924007   -            556 1088at4891           -            840   2.6e-07   26.2   0.0   1   2    0.0025      0.26    6.4   0.0   169   210   159   207   150   218 0.81 -
tig00000005:922340-924007   -            556 1088at4891           -            840   2.6e-07   26.2   0.0   2   2     1e-06   0.00011   17.6   0.0   397   459   411   473   404   530 0.87 -
tig00000007:415343-416788   -            482 1088at4891           -            840   3.4e-07   25.8   0.2   1   1   4.5e-09   4.7e-07   25.4   0.2   170   460   132   438   119   456 0.77 -
tig00000018:414798-417390   -            535 1088at4891           -            840   7.7e-07   24.7   0.0   1   1   1.1e-08   1.1e-06   24.1   0.0   170   455   148   454   137   466 0.82 -
tig00000001:826770-828422   -            551 1088at4891           -            840   2.5e-06   23.0   4.0   1   3     0.013       1.4    4.0   0.2   169   218    57   115    44   181 0.66 -
tig00000001:826770-828422   -            551 1088at4891           -            840   2.5e-06   23.0   4.0   2   3      0.13        14    0.7   1.1    53   145   173   269   134   282 0.58 -
tig00000001:826770-828422   -            551 1088at4891           -            840   2.5e-06   23.0   4.0   3   3   8.4e-07   8.8e-05   17.9   0.0   356   465   285   396   271   429 0.90 -
tig00000001:929264-931027   -            588 1088at4891           -            840   3.8e-05   19.1   0.0   1   2      0.28        29   -0.4   0.0   176   195   221   240   214   290 0.67 -
tig00000001:929264-931027   -            588 1088at4891           -            840   3.8e-05   19.1   0.0   2   2   1.9e-06    0.0002   16.7   0.0   359   460   439   539   394   561 0.80 -
tig00000078:379529-381292   -            588 1088at4891           -            840   4.9e-05   18.7   0.2   1   2   2.8e-06   0.00029   16.1   0.1   159   316    39   218    27   226 0.70 -
tig00000078:379529-381292   -            588 1088at4891           -            840   4.9e-05   18.7   0.2   2   2      0.27        29   -0.4   0.0   421   459   380   418   377   436 0.86 -
tig00000001:394905-397889   -            995 1088at4891           -            840   7.9e-05   18.0   0.0   1   2    0.0019       0.2    6.8   0.0   170   311   175   326    61   335 0.85 -
tig00000001:394905-397889   -            995 1088at4891           -            840   7.9e-05   18.0   0.0   2   2   0.00048      0.05    8.8   0.0   359   459   435   533   411   548 0.82 -
tig00000061:372399-374708   -            770 1088at4891           -            840   8.1e-05   18.0   0.1   1   2   7.7e-07   8.1e-05   18.0   0.1   166   461    75   398     6   410 0.75 -
tig00000061:372399-374708   -            770 1088at4891           -            840   8.1e-05   18.0   0.1   2   2       3.7   3.9e+02   -4.1   0.5    93   122   643   672   616   692 0.45 -
tig00000022:492574-494793   -            740 1088at4891           -            840   0.00031   16.1   0.0   1   2   1.4e-05    0.0015   13.8   0.1   169   276   182   307   155   404 0.73 -
tig00000022:492574-494793   -            740 1088at4891           -            840   0.00031   16.1   0.0   2   2      0.52        54   -1.3   0.0   412   467   515   572   504   596 0.79 -
tig00000034:117429-119645   -            739 1088at4891           -            840   0.00051   15.3   0.2   1   1   3.9e-05    0.0041   12.3   0.2   165   472   254   583   247   598 0.72 -
tig00000014:517336-519582   -            749 1088at4891           -            840   0.00078   14.7   0.6   1   2   0.00025     0.026    9.7   0.1   169   220   188   248   174   255 0.72 -
tig00000014:517336-519582   -            749 1088at4891           -            840   0.00078   14.7   0.6   2   2     0.037       3.9    2.5   0.0   412   465   513   566   506   596 0.84 -
tig00000012:85356-86870     -            505 1088at4891           -            840    0.0017   13.7   0.0   1   2   4.1e-05    0.0044   12.3   0.0   131   275    38   197     8   214 0.73 -
tig00000012:85356-86870     -            505 1088at4891           -            840    0.0017   13.7   0.0   2   2       0.8        84   -1.9   0.0   411   459   342   393   316   416 0.76 -
tig00000038:124226-126043   -            606 1088at4891           -            840     0.003   12.8   0.0   1   2     0.052       5.5    2.0   0.0   169   196    44    71    31    98 0.87 -
tig00000038:124226-126043   -            606 1088at4891           -            840     0.003   12.8   0.0   2   2   2.8e-05     0.003   12.8   0.0   380   456   291   368   280   401 0.79 -
tig00000001:305922-307259   -            446 1088at4891           -            840    0.0055   11.9   0.2   1   1   6.6e-05    0.0069   11.6   0.2   390   464   337   412    89   429 0.63 -
tig00000007:718426-719946   -            507 1088at4891           -            840     0.011   11.0   0.0   1   1   0.00016     0.017   10.3   0.0   361   458   362   457   180   468 0.78 -
#
# Program:         hmmsearch
# Version:         3.1b2 (February 2015)
# Pipeline mode:   SEARCH
# Query file:      /home/inf-38-2022/BINP29/longread/2/busco_downloads/lineages/saccharomycetes_odb10/hmms/1088at4891.hmm
# Target file:     /home/inf-38-2022/BINP29/longread/2/Results/04_Busco/canu/run_saccharomycetes_odb10/metaeuk_output/initial_results/asm.contigs.fasta.modified.fas
# Option settings: hmmsearch --domtblout /home/inf-38-2022/BINP29/longread/2/Results/04_Busco/canu/run_saccharomycetes_odb10/hmmer_output/initial_run_results/1088at4891.out --cpu 1 /home/inf-38-2022/BINP29/longread/2/busco_downloads/lineages/saccharomycetes_odb10/hmms/1088at4891.hmm /home/inf-38-2022/BINP29/longread/2/Results/04_Busco/canu/run_saccharomycetes_odb10/metaeuk_output/initial_results/asm.contigs.fasta.modified.fas 
# Current dir:     /home/inf-38-2022/BINP29/longread/2
# Date:            Thu Feb 23 14:05:53 2023
# [ok]
