#                                                                                   --- full sequence --- -------------- this domain -------------   hmm coord   ali coord   env coord
# target name               accession   tlen query name           accession   qlen   E-value  score  bias   #  of  c-Evalue  i-Evalue  score  bias  from    to  from    to  from    to  acc description of target
#       ------------------- ---------- ----- -------------------- ---------- ----- --------- ------ ----- --- --- --------- --------- ------ ----- ----- ----- ----- ----- ----- ----- ---- ---------------------
tig00000022:404776-405999   -            408 11568at4891          -            259  9.1e-105  347.1  13.3   1   2   1.4e-79   6.7e-78  259.1  10.5     1   253     3   280     3   285 0.86 -
tig00000022:404776-405999   -            408 11568at4891          -            259  9.1e-105  347.1  13.3   2   2   1.7e-25   7.9e-24   81.9   0.0   185   253   287   364   280   369 0.90 -
tig00000034:379525-382353   -            943 11568at4891          -            259   2.7e-25   86.7  12.7   1   5   8.6e-07   4.1e-05   20.5   0.2    45   100    93   150    85   163 0.85 -
tig00000034:379525-382353   -            943 11568at4891          -            259   2.7e-25   86.7  12.7   2   5   6.5e-08   3.1e-06   24.2   0.7    26   100   156   231   153   248 0.89 -
tig00000034:379525-382353   -            943 11568at4891          -            259   2.7e-25   86.7  12.7   3   5      0.25        12    2.6   0.0   113   155   393   434   380   440 0.63 -
tig00000034:379525-382353   -            943 11568at4891          -            259   2.7e-25   86.7  12.7   4   5      0.04       1.9    5.2   0.0    30    62   470   504   444   515 0.79 -
tig00000034:379525-382353   -            943 11568at4891          -            259   2.7e-25   86.7  12.7   5   5   4.8e-12   2.3e-10   37.7   1.0    29   139   569   685   544   690 0.88 -
tig00000014:605092-607482   -            797 11568at4891          -            259   5.6e-24   82.3   0.2   1   2   1.4e-10   6.8e-09   32.9   0.1    66   139   518   595   446   600 0.84 -
tig00000014:605092-607482   -            797 11568at4891          -            259   5.6e-24   82.3   0.2   2   2   1.6e-14   7.7e-13   45.9   0.0    25   142   601   725   596   732 0.87 -
tig00000001:195246-198842   -           1199 11568at4891          -            259   8.5e-24   81.8   6.8   1   2   2.1e-17     1e-15   55.3   0.1    26   146    46   172    38   220 0.85 -
tig00000001:195246-198842   -           1199 11568at4891          -            259   8.5e-24   81.8   6.8   2   2   3.6e-09   1.7e-07   28.3   0.9    86   140   224   282   204   293 0.85 -
tig00000010:895817-897205   -            463 11568at4891          -            259     1e-21   74.9   2.6   1   2   1.2e-08   5.5e-07   26.7   0.1    38   143   181   296   172   302 0.81 -
tig00000010:895817-897205   -            463 11568at4891          -            259     1e-21   74.9   2.6   2   2   2.7e-15   1.3e-13   48.4   0.3    24   138   339   463   308   463 0.88 -
tig00000083:182049-182867   -            273 11568at4891          -            259   1.3e-21   74.6   4.3   1   2   3.7e-18   1.8e-16   57.8   1.7    24   161    17   153     1   173 0.83 -
tig00000083:182049-182867   -            273 11568at4891          -            259   1.3e-21   74.6   4.3   2   2   5.8e-05    0.0028   14.5   0.0    85   144   208   267   202   272 0.81 -
tig00000018:621173-622084   -            304 11568at4891          -            259   8.7e-21   71.9   0.6   1   3       0.2       9.4    3.0   0.0   125   142     5    22     2    32 0.85 -
tig00000018:621173-622084   -            304 11568at4891          -            259   8.7e-21   71.9   0.6   2   3     6e-14   2.9e-12   44.0   0.0    43   141    44   147    28   156 0.82 -
tig00000018:621173-622084   -            304 11568at4891          -            259   8.7e-21   71.9   0.6   3   3     5e-07   2.4e-05   21.3   0.4    25   143   200   283   191   300 0.53 -
tig00000038:154278-154922   -            215 11568at4891          -            259   1.1e-20   71.5   1.6   1   2   5.1e-17   2.4e-15   54.1   0.7    32   140     4   118     1   126 0.86 -
tig00000038:154278-154922   -            215 11568at4891          -            259   1.1e-20   71.5   1.6   2   2   3.5e-05    0.0017   15.2   0.0    29    78   150   199   138   215 0.58 -
tig00000037:93821-94819     -            333 11568at4891          -            259   5.1e-20   69.4   3.9   1   4     0.022         1    6.1   0.0    45    82    18    56     2    65 0.81 -
tig00000037:93821-94819     -            333 11568at4891          -            259   5.1e-20   69.4   3.9   2   4   1.2e-06   5.8e-05   20.0   0.4    43   119    66   146    58   160 0.81 -
tig00000037:93821-94819     -            333 11568at4891          -            259   5.1e-20   69.4   3.9   3   4   3.7e-07   1.8e-05   21.7   0.0    83   139   189   248   177   256 0.92 -
tig00000037:93821-94819     -            333 11568at4891          -            259   5.1e-20   69.4   3.9   4   4   1.9e-06   9.2e-05   19.4   0.1    26    98   255   331   251   333 0.80 -
tig00000023:290906-291760   -            285 11568at4891          -            259   1.8e-18   64.3   7.9   1   4    0.0096      0.46    7.3   0.1   122   140    15    33     1    37 0.56 -
tig00000023:290906-291760   -            285 11568at4891          -            259   1.8e-18   64.3   7.9   2   4   0.00028     0.013   12.3   0.0    28    62    41    79    37    84 0.84 -
tig00000023:290906-291760   -            285 11568at4891          -            259   1.8e-18   64.3   7.9   3   4   1.8e-09   8.6e-08   29.3   0.2    66   146   106   188   104   197 0.87 -
tig00000023:290906-291760   -            285 11568at4891          -            259   1.8e-18   64.3   7.9   4   4   1.1e-05   0.00051   16.9   0.0    20    91   202   274   189   283 0.83 -
tig00000037:112469-115222   -            918 11568at4891          -            259   3.1e-17   60.3   2.6   1   5      0.72        35    1.1   0.0    56   106    38    90    23   133 0.60 -
tig00000037:112469-115222   -            918 11568at4891          -            259   3.1e-17   60.3   2.6   2   5     0.041         2    5.2   0.3    72   140   145   220    93   225 0.75 -
tig00000037:112469-115222   -            918 11568at4891          -            259   3.1e-17   60.3   2.6   3   5     0.087       4.2    4.1   0.0    28    99   255   331   248   344 0.75 -
tig00000037:112469-115222   -            918 11568at4891          -            259   3.1e-17   60.3   2.6   4   5   1.5e-10   7.4e-09   32.8   0.0    26   142   338   462   331   465 0.84 -
tig00000037:112469-115222   -            918 11568at4891          -            259   3.1e-17   60.3   2.6   5   5   1.6e-05   0.00077   16.4   0.0    48   149   447   553   444   563 0.71 -
tig00000061:551101-551736   -            212 11568at4891          -            259   2.3e-16   57.4   0.0   1   3    0.0001    0.0049   13.7   0.0    32    69     1    38     1    66 0.80 -
tig00000061:551101-551736   -            212 11568at4891          -            259   2.3e-16   57.4   0.0   2   3   2.5e-10   1.2e-08   32.1   0.0    32   100    65   133    42   137 0.85 -
tig00000061:551101-551736   -            212 11568at4891          -            259   2.3e-16   57.4   0.0   3   3     0.003      0.14    8.9   0.0    28    98   140   212   137   212 0.81 -
tig00000010:275560-276894   -            445 11568at4891          -            259   3.2e-16   56.9   2.8   1   3   2.2e-13   1.1e-11   42.1   0.4    32   142   132   249   127   252 0.89 -
tig00000010:275560-276894   -            445 11568at4891          -            259   3.2e-16   56.9   2.8   2   3   0.00073     0.035   10.9   0.0   108   149   255   298   251   302 0.88 -
tig00000010:275560-276894   -            445 11568at4891          -            259   3.2e-16   56.9   2.8   3   3      0.36        17    2.1   0.1    31   102   300   374   295   426 0.58 -
tig00000022:516138-517016   -            293 11568at4891          -            259   5.2e-16   56.2   0.3   1   4   0.00074     0.036   10.9   0.0    31    66    12    50     5    56 0.83 -
tig00000022:516138-517016   -            293 11568at4891          -            259   5.2e-16   56.2   0.3   2   4   0.00037     0.018   11.9   0.0    27    62    70   105    60   115 0.63 -
tig00000022:516138-517016   -            293 11568at4891          -            259   5.2e-16   56.2   0.3   3   4   3.3e-08   1.6e-06   25.2   0.0    36   101   144   209   138   214 0.91 -
tig00000022:516138-517016   -            293 11568at4891          -            259   5.2e-16   56.2   0.3   4   4      0.33        16    2.2   0.0    28    98   215   293   210   293 0.58 -
tig00000037:74530-75222     -            231 11568at4891          -            259   1.2e-15   55.0   1.2   1   3   5.3e-11   2.5e-09   34.3   0.0    38   139     5   110     1   114 0.77 -
tig00000037:74530-75222     -            231 11568at4891          -            259   1.2e-15   55.0   1.2   2   3   9.5e-08   4.6e-06   23.7   0.1    46   147    55   167    51   173 0.75 -
tig00000037:74530-75222     -            231 11568at4891          -            259   1.2e-15   55.0   1.2   3   3    0.0055      0.26    8.0   0.0    82   113   196   227   178   231 0.80 -
tig00000078:494342-496789   -            816 11568at4891          -            259   2.1e-15   54.3  12.8   1   6      0.17         8    3.2   0.0    42   201   113   153    51   154 0.50 -
tig00000078:494342-496789   -            816 11568at4891          -            259   2.1e-15   54.3  12.8   2   6   4.9e-06   0.00024   18.0   0.5    40   150   111   235    76   243 0.76 -
tig00000078:494342-496789   -            816 11568at4891          -            259   2.1e-15   54.3  12.8   3   6      0.15         7    3.4   0.2    83   113   400   434   386   468 0.75 -
tig00000078:494342-496789   -            816 11568at4891          -            259   2.1e-15   54.3  12.8   4   6    0.0034      0.16    8.7   0.1    83   142   464   522   450   533 0.74 -
tig00000078:494342-496789   -            816 11568at4891          -            259   2.1e-15   54.3  12.8   5   6   4.8e-09   2.3e-07   27.9   0.2    43   146   545   652   532   687 0.84 -
tig00000078:494342-496789   -            816 11568at4891          -            259   2.1e-15   54.3  12.8   6   6         4   1.9e+02   -1.3   0.0    86   114   727   755   673   767 0.55 -
tig00000034:113188-114642   -            485 11568at4891          -            259   8.9e-14   48.9   5.7   1   3   0.00017    0.0081   13.0   0.1    45   100    82   150    66   160 0.78 -
tig00000034:113188-114642   -            485 11568at4891          -            259   8.9e-14   48.9   5.7   2   3     0.021         1    6.1   0.0    52   100   198   249   178   265 0.80 -
tig00000034:113188-114642   -            485 11568at4891          -            259   8.9e-14   48.9   5.7   3   3   1.4e-09   6.8e-08   29.6   0.7    26   107   298   384   274   397 0.74 -
tig00000007:828201-829577   -            459 11568at4891          -            259   1.2e-13   48.6   3.9   1   3   7.8e-06   0.00037   17.4   0.1    42   102   114   174    96   186 0.83 -
tig00000007:828201-829577   -            459 11568at4891          -            259   1.2e-13   48.6   3.9   2   3    0.0078      0.37    7.6   0.0   100   142   195   238   183   261 0.77 -
tig00000007:828201-829577   -            459 11568at4891          -            259   1.2e-13   48.6   3.9   3   3   3.4e-07   1.6e-05   21.9   0.1   122   227   299   415   280   438 0.73 -
tig00000012:441659-442144   -            162 11568at4891          -            259   1.6e-13   48.1   0.7   1   2     2e-10   9.7e-09   32.4   0.1    67   143    12    98     9   103 0.85 -
tig00000012:441659-442144   -            162 11568at4891          -            259   1.6e-13   48.1   0.7   2   2   5.5e-05    0.0027   14.6   0.0    29    80   104   156    99   160 0.78 -
tig00000022:39397-41541     -            715 11568at4891          -            259   3.1e-13   47.2   3.7   1   3    0.0083       0.4    7.5   0.1   106   139     6    40     2    44 0.84 -
tig00000022:39397-41541     -            715 11568at4891          -            259   3.1e-13   47.2   3.7   2   3   8.1e-08   3.9e-06   23.9   0.1    38   139    61   166    48   175 0.81 -
tig00000022:39397-41541     -            715 11568at4891          -            259   3.1e-13   47.2   3.7   3   3   4.4e-05    0.0021   14.9   0.2    32   159   178   308   168   324 0.75 -
tig00000005:613155-613865   -            237 11568at4891          -            259   6.7e-13   46.1   1.1   1   3   4.3e-07   2.1e-05   21.5   0.1    45    97    11    63     6    79 0.90 -
tig00000005:613155-613865   -            237 11568at4891          -            259   6.7e-13   46.1   1.1   2   3      0.48        23    1.7   0.0    29    59    76   108    65   112 0.76 -
tig00000005:613155-613865   -            237 11568at4891          -            259   6.7e-13   46.1   1.1   3   3   9.9e-07   4.7e-05   20.3   0.2    24   138   113   237   110   237 0.75 -
tig00000005:614650-615420   -            257 11568at4891          -            259   8.1e-13   45.8   0.1   1   1   3.5e-14   1.7e-12   44.7   0.1    35   142    34   145    27   155 0.83 -
tig00000001:983271-984236   -            322 11568at4891          -            259   3.5e-12   43.7   8.9   1   2   2.4e-09   1.2e-07   28.9   1.4     5   139    25   178    21   180 0.78 -
tig00000001:983271-984236   -            322 11568at4891          -            259   3.5e-12   43.7   8.9   2   2   1.1e-08   5.5e-07   26.7   1.1    31   142   102   227   100   235 0.78 -
tig00000012:377902-378939   -            346 11568at4891          -            259   8.9e-12   42.4   0.1   1   3   4.5e-08   2.2e-06   24.7   0.0    69   147     6    88     3    99 0.86 -
tig00000012:377902-378939   -            346 11568at4891          -            259   8.9e-12   42.4   0.1   2   3   9.7e-05    0.0047   13.8   0.1    10    96   133   221   125   237 0.78 -
tig00000012:377902-378939   -            346 11568at4891          -            259   8.9e-12   42.4   0.1   3   3       2.3   1.1e+02   -0.5   0.0   104   138   284   320   268   325 0.82 -
tig00000005:195583-197937   -            785 11568at4891          -            259   1.9e-11   41.3   8.3   1   5     2e-06   9.3e-05   19.4   0.1    67   138    53   129     8   179 0.75 -
tig00000005:195583-197937   -            785 11568at4891          -            259   1.9e-11   41.3   8.3   2   5      0.37        17    2.1   0.0    66   101   195   236   150   245 0.66 -
tig00000005:195583-197937   -            785 11568at4891          -            259   1.9e-11   41.3   8.3   3   5       1.8        88   -0.2   0.0    70    99   278   309   249   328 0.69 -
tig00000005:195583-197937   -            785 11568at4891          -            259   1.9e-11   41.3   8.3   4   5       2.3   1.1e+02   -0.5   0.0    88   138   357   412   343   418 0.71 -
tig00000005:195583-197937   -            785 11568at4891          -            259   1.9e-11   41.3   8.3   5   5   1.9e-06   9.3e-05   19.4   0.1    31   187   556   732   546   744 0.68 -
tig00000014:436668-438272   -            535 11568at4891          -            259   3.8e-11   40.3   1.8   1   2      0.65        31    1.2   0.6    75   143   222   293   216   304 0.72 -
tig00000014:436668-438272   -            535 11568at4891          -            259   3.8e-11   40.3   1.8   2   2   5.3e-12   2.6e-10   37.6   0.0    53   185   339   467   324   479 0.75 -
tig00000010:208878-211913   -           1012 11568at4891          -            259   5.6e-11   39.7  13.4   1   4   5.2e-12   2.5e-10   37.6   1.9    36   186   142   297   136   306 0.80 -
tig00000010:208878-211913   -           1012 11568at4891          -            259   5.6e-11   39.7  13.4   2   4       5.1   2.4e+02   -1.7   0.0   194   242   331   382   325   392 0.78 -
tig00000010:208878-211913   -           1012 11568at4891          -            259   5.6e-11   39.7  13.4   3   4       0.2       9.6    2.9   0.9   113   225   765   804   676   846 0.54 -
tig00000010:208878-211913   -           1012 11568at4891          -            259   5.6e-11   39.7  13.4   4   4       2.2   1.1e+02   -0.5   0.1   122   156   947   981   919   995 0.81 -
tig00000001:1183590-1184819 -            410 11568at4891          -            259   4.3e-10   36.8   0.0   1   2   2.8e-07   1.3e-05   22.1   0.0    75   151   119   201   106   211 0.77 -
tig00000001:1183590-1184819 -            410 11568at4891          -            259   4.3e-10   36.8   0.0   2   2   0.00029     0.014   12.2   0.0    67   140   242   320   213   333 0.73 -
tig00000012:470900-471844   -            315 11568at4891          -            259   5.4e-10   36.5   1.7   1   4       2.6   1.2e+02   -0.7   0.0    88   100     3    15     1    23 0.62 -
tig00000012:470900-471844   -            315 11568at4891          -            259   5.4e-10   36.5   1.7   2   4   2.4e-06   0.00012   19.1   0.1     9   105    65   166    60   175 0.84 -
tig00000012:470900-471844   -            315 11568at4891          -            259   5.4e-10   36.5   1.7   3   4    0.0002    0.0094   12.8   0.4    83   143   102   164    90   235 0.68 -
tig00000012:470900-471844   -            315 11568at4891          -            259   5.4e-10   36.5   1.7   4   4   4.8e-05    0.0023   14.8   0.0    40    77   252   289   243   315 0.72 -
tig00000018:41834-43183     -            450 11568at4891          -            259   1.1e-09   35.5   3.6   1   2   2.7e-10   1.3e-08   32.0   2.7    23   155   110   249    91   256 0.80 -
tig00000018:41834-43183     -            450 11568at4891          -            259   1.1e-09   35.5   3.6   2   2      0.87        42    0.8   0.0   114   139   338   363   328   366 0.86 -
tig00000078:139174-141975   -            934 11568at4891          -            259   1.8e-08   31.6   1.5   1   3      0.26        13    2.5   0.0    53   102    91   139    41   195 0.79 -
tig00000078:139174-141975   -            934 11568at4891          -            259   1.8e-08   31.6   1.5   2   3       6.4   3.1e+02   -2.0   0.0    45    65   258   278   216   302 0.61 -
tig00000078:139174-141975   -            934 11568at4891          -            259   1.8e-08   31.6   1.5   3   3   1.6e-08   7.4e-07   26.2   0.1    21   142   487   611   468   618 0.80 -
tig00000007:822235-822930   -            232 11568at4891          -            259   5.9e-08   29.8   5.0   1   3    0.0016     0.075    9.8   2.5    23   101    34   131    15   138 0.72 -
tig00000007:822235-822930   -            232 11568at4891          -            259   5.9e-08   29.8   5.0   2   3   1.6e-05   0.00077   16.4   0.0    28    81   138   191   134   198 0.85 -
tig00000007:822235-822930   -            232 11568at4891          -            259   5.9e-08   29.8   5.0   3   3      0.19       9.3    3.0   0.0   192   215   208   231   187   232 0.70 -
tig00000005:853848-855902   -            685 11568at4891          -            259   9.3e-08   29.2   0.0   1   1   3.8e-09   1.8e-07   28.3   0.0    84   151    56   125    12   159 0.76 -
tig00000007:738298-739563   -            422 11568at4891          -            259     1e-07   29.0   0.5   1   4     0.019      0.91    6.3   0.0   185   217    85   121    40   147 0.70 -
tig00000007:738298-739563   -            422 11568at4891          -            259     1e-07   29.0   0.5   2   4     0.052       2.5    4.8   0.0    87   145   150   214   135   228 0.62 -
tig00000007:738298-739563   -            422 11568at4891          -            259     1e-07   29.0   0.5   3   4      0.64        30    1.3   0.0    45    66   284   305   262   314 0.77 -
tig00000007:738298-739563   -            422 11568at4891          -            259     1e-07   29.0   0.5   4   4    0.0011     0.053   10.3   0.0    71   138   348   418   338   420 0.79 -
tig00000014:211666-214185   -            840 11568at4891          -            259     1e-06   25.8   5.8   1   3       5.8   2.8e+02   -1.9   0.0    44    59    30    45     8    58 0.52 -
tig00000014:211666-214185   -            840 11568at4891          -            259     1e-06   25.8   5.8   2   3   1.1e-06   5.3e-05   20.2   0.5    66   144    72   170    66   174 0.74 -
tig00000014:211666-214185   -            840 11568at4891          -            259     1e-06   25.8   5.8   3   3     0.028       1.4    5.7   0.0    22    72   168   220   165   224 0.85 -
tig00000014:571412-572308   -            299 11568at4891          -            259   1.2e-06   25.6   0.5   1   3    0.0021       0.1    9.4   0.0    55   140    21   110    12   120 0.59 -
tig00000014:571412-572308   -            299 11568at4891          -            259   1.2e-06   25.6   0.5   2   3   0.00054     0.026   11.4   0.0    29    99   119   202   113   225 0.79 -
tig00000014:571412-572308   -            299 11568at4891          -            259   1.2e-06   25.6   0.5   3   3      0.35        17    2.1   0.0    85   138   240   297   180   299 0.58 -
tig00000005:814912-815754   -            281 11568at4891          -            259   1.3e-06   25.5   0.1   1   2   1.7e-07   8.3e-06   22.8   0.1    39   149    71   189    62   199 0.75 -
tig00000005:814912-815754   -            281 11568at4891          -            259   1.3e-06   25.5   0.1   2   2       1.7        82   -0.1   0.0    41    82   212   255   193   277 0.61 -
tig00000012:489214-491058   -            615 11568at4891          -            259   2.3e-06   24.6   3.7   1   5       0.5        24    1.6   0.0    75    99    66    94    56   105 0.77 -
tig00000012:489214-491058   -            615 11568at4891          -            259   2.3e-06   24.6   3.7   2   5       3.6   1.7e+02   -1.2   0.0   110   135   205   231   147   235 0.58 -
tig00000012:489214-491058   -            615 11568at4891          -            259   2.3e-06   24.6   3.7   3   5    0.0022       0.1    9.4   0.2   117   216   259   363   200   367 0.63 -
tig00000012:489214-491058   -            615 11568at4891          -            259   2.3e-06   24.6   3.7   4   5     0.015      0.71    6.6   0.0    44    99   310   363   296   397 0.84 -
tig00000012:489214-491058   -            615 11568at4891          -            259   2.3e-06   24.6   3.7   5   5      0.01      0.48    7.2   0.1    38   140   495   612   487   614 0.66 -
tig00000012:849780-851159   -            460 11568at4891          -            259   4.8e-06   23.6   2.0   1   5       1.9        92   -0.3   0.0    84   102    28    46    11    62 0.72 -
tig00000012:849780-851159   -            460 11568at4891          -            259   4.8e-06   23.6   2.0   2   5   7.7e-05    0.0037   14.1   0.1    66   103    64   103    26   109 0.86 -
tig00000012:849780-851159   -            460 11568at4891          -            259   4.8e-06   23.6   2.0   3   5      0.81        39    1.0   0.0   111   140   145   174   123   181 0.77 -
tig00000012:849780-851159   -            460 11568at4891          -            259   4.8e-06   23.6   2.0   4   5       0.5        24    1.6   0.0   110   144   186   220   180   237 0.79 -
tig00000012:849780-851159   -            460 11568at4891          -            259   4.8e-06   23.6   2.0   5   5       0.7        34    1.2   0.0   150   169   343   362   331   372 0.82 -
tig00000010:92017-92973     -            319 11568at4891          -            259   5.4e-06   23.4   0.2   1   2    0.0077      0.37    7.6   0.0    44    99    54   113    42   123 0.72 -
tig00000010:92017-92973     -            319 11568at4891          -            259   5.4e-06   23.4   0.2   2   2   0.00011    0.0054   13.6   0.0    89   142   166   223   160   233 0.87 -
tig00000010:811772-813490   -            573 11568at4891          -            259   6.7e-06   23.1   0.2   1   3   0.00015     0.007   13.2   0.0    43   140   248   351   231   357 0.81 -
tig00000010:811772-813490   -            573 11568at4891          -            259   6.7e-06   23.1   0.2   2   3       1.4        68    0.1   0.0    45    64   412   431   393   441 0.49 -
tig00000010:811772-813490   -            573 11568at4891          -            259   6.7e-06   23.1   0.2   3   3     0.048       2.3    5.0   0.1    47   124   451   531   447   561 0.73 -
tig00000022:411540-412517   -            326 11568at4891          -            259     1e-05   22.5   0.0   1   2   1.7e-06     8e-05   19.6   0.0    39   144    32   143     7   151 0.74 -
tig00000022:411540-412517   -            326 11568at4891          -            259     1e-05   22.5   0.0   2   2       3.9   1.9e+02   -1.3   0.0    87   221   263   280   252   291 0.65 -
tig00000037:294440-296608   -            723 11568at4891          -            259   1.2e-05   22.3   2.4   1   3       0.8        38    1.0   0.0    42    61   361   380   316   383 0.82 -
tig00000037:294440-296608   -            723 11568at4891          -            259   1.2e-05   22.3   2.4   2   3       2.7   1.3e+02   -0.8   0.0    84   114   451   481   446   495 0.86 -
tig00000037:294440-296608   -            723 11568at4891          -            259   1.2e-05   22.3   2.4   3   3   8.9e-06   0.00042   17.2   0.7    11   114   581   681   573   721 0.79 -
tig00000005:792126-793166   -            347 11568at4891          -            259   1.8e-05   21.7   3.1   1   3   9.6e-05    0.0046   13.8   0.7    80   139    18    85     8    90 0.80 -
tig00000005:792126-793166   -            347 11568at4891          -            259   1.8e-05   21.7   3.1   2   3      0.19         9    3.0   0.0   187   237   207   265   161   289 0.62 -
tig00000005:792126-793166   -            347 11568at4891          -            259   1.8e-05   21.7   3.1   3   3      0.18       8.6    3.1   0.2    71   101   302   334   278   344 0.73 -
tig00000001:107892-111701   -           1270 11568at4891          -            259   3.2e-05   20.9   0.1   1   3       2.5   1.2e+02   -0.6   0.0   122   144    29    51    24    95 0.80 -
tig00000001:107892-111701   -           1270 11568at4891          -            259   3.2e-05   20.9   0.1   2   3    0.0036      0.17    8.6   0.0    24    65    99   143    73   146 0.80 -
tig00000001:107892-111701   -           1270 11568at4891          -            259   3.2e-05   20.9   0.1   3   3    0.0048      0.23    8.3   0.0    48   107   229   294   177   301 0.74 -
tig00000078:89274-91226     -            651 11568at4891          -            259   3.6e-05   20.7   0.8   1   3      0.51        24    1.6   0.0    84   220    95   114    73   125 0.54 -
tig00000078:89274-91226     -            651 11568at4891          -            259   3.6e-05   20.7   0.8   2   3   2.2e-05    0.0011   15.9   0.2    40   112   150   223   127   303 0.71 -
tig00000078:89274-91226     -            651 11568at4891          -            259   3.6e-05   20.7   0.8   3   3       5.5   2.6e+02   -1.8   0.0    45    66   291   310   282   325 0.74 -
tig00000012:566644-568977   -            778 11568at4891          -            259   5.1e-05   20.2   0.3   1   2     0.012      0.57    7.0   0.0    72   142   407   439   400   448 0.55 -
tig00000012:566644-568977   -            778 11568at4891          -            259   5.1e-05   20.2   0.3   2   2   0.00078     0.037   10.8   0.1    46   139   666   777   650   778 0.74 -
tig00000014:599591-600409   -            273 11568at4891          -            259     7e-05   19.8   3.4   1   3      0.16       7.8    3.2   0.1   173   213    70   110    60   152 0.56 -
tig00000014:599591-600409   -            273 11568at4891          -            259     7e-05   19.8   3.4   2   3     0.039       1.8    5.3   0.0    50   103   127   185    99   192 0.74 -
tig00000014:599591-600409   -            273 11568at4891          -            259     7e-05   19.8   3.4   3   3   0.00015    0.0072   13.2   1.2    49   139   171   269   163   271 0.74 -
tig00000001:502589-503383   -            265 11568at4891          -            259   0.00011   19.2   0.5   1   3   3.2e-05    0.0015   15.4   0.1    72   163     1    99     1   132 0.71 -
tig00000001:502589-503383   -            265 11568at4891          -            259   0.00011   19.2   0.5   2   3       3.6   1.7e+02   -1.2   0.0   201   216   179   194   156   200 0.71 -
tig00000001:502589-503383   -            265 11568at4891          -            259   0.00011   19.2   0.5   3   3       1.2        57    0.4   0.0    78   103   228   253   208   264 0.72 -
tig00000014:759779-762379   -            867 11568at4891          -            259   0.00015   18.7   0.3   1   2    0.0041       0.2    8.5   0.0    28    98     4    86     1    93 0.62 -
tig00000014:759779-762379   -            867 11568at4891          -            259   0.00015   18.7   0.3   2   2    0.0079      0.38    7.5   0.1    42   143   285   389   274   412 0.68 -
tig00000018:297117-298778   -            554 11568at4891          -            259   0.00018   18.4   0.4   1   3      0.88        42    0.8   0.0   173   219    80   127    48   134 0.79 -
tig00000018:297117-298778   -            554 11568at4891          -            259   0.00018   18.4   0.4   2   3    0.0013      0.06   10.2   0.1    69   103   135   171   104   177 0.73 -
tig00000018:297117-298778   -            554 11568at4891          -            259   0.00018   18.4   0.4   3   3     0.094       4.5    4.0   0.0    23    61   189   227   180   236 0.87 -
tig00000018:569634-570797   -            388 11568at4891          -            259   0.00049   17.0   0.3   1   3      0.84        40    0.9   0.0    45   107    27    94    11   104 0.59 -
tig00000018:569634-570797   -            388 11568at4891          -            259   0.00049   17.0   0.3   2   3   0.00019    0.0091   12.8   0.1    52   123   124   199    93   203 0.78 -
tig00000018:569634-570797   -            388 11568at4891          -            259   0.00049   17.0   0.3   3   3       6.4   3.1e+02   -2.0   0.0    84   101   305   322   296   324 0.73 -
tig00000001:690073-693498   -           1142 11568at4891          -            259   0.00057   16.8   0.2   1   2      0.02      0.97    6.2   0.0   179   220    97   143    79   161 0.79 -
tig00000001:690073-693498   -           1142 11568at4891          -            259   0.00057   16.8   0.2   2   2    0.0061      0.29    7.9   0.1    84   140   167   227   153   242 0.70 -
tig00000001:591570-594239   -            890 11568at4891          -            259    0.0028   14.5   0.1   1   2   0.00021    0.0098   12.7   0.0    16    60    47    91    42   115 0.88 -
tig00000001:591570-594239   -            890 11568at4891          -            259    0.0028   14.5   0.1   2   2       8.9   4.3e+02   -2.5   0.0    36    70   695   729   686   735 0.81 -
tig00000005:1021434-1022621 -            396 11568at4891          -            259    0.0031   14.4   0.2   1   3      0.39        19    2.0   0.0    31    59    14    42     7    56 0.61 -
tig00000005:1021434-1022621 -            396 11568at4891          -            259    0.0031   14.4   0.2   2   3       2.4   1.2e+02   -0.6   0.0    38    92   191   253   184   276 0.63 -
tig00000005:1021434-1022621 -            396 11568at4891          -            259    0.0031   14.4   0.2   3   3    0.0046      0.22    8.3   0.1    70   119   288   338   280   346 0.83 -
tig00000023:374822-375916   -            365 11568at4891          -            259    0.0054   13.6   0.0   1   2      0.31        15    2.3   0.0   202   221    50    70    37    97 0.73 -
tig00000023:374822-375916   -            365 11568at4891          -            259    0.0054   13.6   0.0   2   2     0.021      0.99    6.2   0.0    38    97   132   190   120   195 0.79 -
tig00000022:222403-222963   -            187 11568at4891          -            259    0.0058   13.5   0.1   1   3     0.013      0.64    6.8   0.0    43   105    13    77     1    96 0.76 -
tig00000022:222403-222963   -            187 11568at4891          -            259    0.0058   13.5   0.1   2   3         1        49    0.6   0.0   160   160    84    84    54   127 0.46 -
tig00000022:222403-222963   -            187 11568at4891          -            259    0.0058   13.5   0.1   3   3     0.091       4.4    4.1   0.0    41    64   165   187   152   187 0.77 -
#
# Program:         hmmsearch
# Version:         3.1b2 (February 2015)
# Pipeline mode:   SEARCH
# Query file:      /home/inf-38-2022/BINP29/longread/2/busco_downloads/lineages/saccharomycetes_odb10/hmms/11568at4891.hmm
# Target file:     /home/inf-38-2022/BINP29/longread/2/Results/04_Busco/canu/run_saccharomycetes_odb10/metaeuk_output/initial_results/asm.contigs.fasta.modified.fas
# Option settings: hmmsearch --domtblout /home/inf-38-2022/BINP29/longread/2/Results/04_Busco/canu/run_saccharomycetes_odb10/hmmer_output/initial_run_results/11568at4891.out --cpu 1 /home/inf-38-2022/BINP29/longread/2/busco_downloads/lineages/saccharomycetes_odb10/hmms/11568at4891.hmm /home/inf-38-2022/BINP29/longread/2/Results/04_Busco/canu/run_saccharomycetes_odb10/metaeuk_output/initial_results/asm.contigs.fasta.modified.fas 
# Current dir:     /home/inf-38-2022/BINP29/longread/2
# Date:            Thu Feb 23 14:05:55 2023
# [ok]
