#                                                                                   --- full sequence --- -------------- this domain -------------   hmm coord   ali coord   env coord
# target name               accession   tlen query name           accession   qlen   E-value  score  bias   #  of  c-Evalue  i-Evalue  score  bias  from    to  from    to  from    to  acc description of target
#       ------------------- ---------- ----- -------------------- ---------- ----- --------- ------ ----- --- --- --------- --------- ------ ----- ----- ----- ----- ----- ----- ----- ---- ---------------------
tig00000083:66763-68055     -            431 12381at4891          -            311  6.9e-116  384.0   3.8   1   1  8.3e-116  4.9e-114  377.9   3.8    11   311    44   427    36   427 0.85 -
tig00000037:112469-115222   -            918 12381at4891          -            311   9.3e-17   58.4   5.3   1   3   8.6e-10   5.1e-08   29.6   0.1    19   257    41   300    34   315 0.79 -
tig00000037:112469-115222   -            918 12381at4891          -            311   9.3e-17   58.4   5.3   2   3   0.00051      0.03   10.7   0.1   124   183   317   377   303   383 0.89 -
tig00000037:112469-115222   -            918 12381at4891          -            311   9.3e-17   58.4   5.3   3   3   9.1e-09   5.4e-07   26.3   1.3    30   216   343   543   333   551 0.75 -
tig00000001:195246-198842   -           1199 12381at4891          -            311   3.7e-14   49.8   1.6   1   4   0.00083     0.049   10.0   0.0    28    71    49    92    44    94 0.93 -
tig00000001:195246-198842   -           1199 12381at4891          -            311   3.7e-14   49.8   1.6   2   4   3.2e-06   0.00019   17.9   0.0    31    97    94   161    91   171 0.91 -
tig00000001:195246-198842   -           1199 12381at4891          -            311   3.7e-14   49.8   1.6   3   4   0.00036     0.021   11.2   0.0    29    65   206   242   187   248 0.89 -
tig00000001:195246-198842   -           1199 12381at4891          -            311   3.7e-14   49.8   1.6   4   4      0.01       0.6    6.4   0.0    31    72   252   293   245   298 0.90 -
tig00000037:93821-94819     -            333 12381at4891          -            311   4.7e-13   46.2   8.5   1   4    0.0055      0.33    7.3   0.0    31    70     3    42     1    64 0.83 -
tig00000037:93821-94819     -            333 12381at4891          -            311   4.7e-13   46.2   8.5   2   4    0.0025      0.15    8.4   0.8   124   199    69   142    36   156 0.75 -
tig00000037:93821-94819     -            333 12381at4891          -            311   4.7e-13   46.2   8.5   3   4   2.6e-05    0.0016   14.9   0.0    44    97   189   244   181   254 0.82 -
tig00000037:93821-94819     -            333 12381at4891          -            311   4.7e-13   46.2   8.5   4   4     1e-05    0.0006   16.3   0.2    26    91   256   322   251   328 0.91 -
tig00000078:494342-496789   -            816 12381at4891          -            311   7.2e-13   45.6   8.1   1   4    0.0011     0.066    9.6   0.1    63   189    49   186    24   206 0.66 -
tig00000078:494342-496789   -            816 12381at4891          -            311   7.2e-13   45.6   8.1   2   4    0.0036      0.21    7.9   0.0    42    86   207   253   203   297 0.71 -
tig00000078:494342-496789   -            816 12381at4891          -            311   7.2e-13   45.6   8.1   3   4     0.045       2.7    4.3   0.8   114   175   492   557   380   560 0.38 -
tig00000078:494342-496789   -            816 12381at4891          -            311   7.2e-13   45.6   8.1   4   4   8.2e-08   4.8e-06   23.1   0.4   124   201   548   624   536   633 0.85 -
tig00000018:621173-622084   -            304 12381at4891          -            311   1.8e-12   44.3   2.0   1   2   6.4e-08   3.8e-06   23.5   0.1    46   207     5   173     2   183 0.81 -
tig00000018:621173-622084   -            304 12381at4891          -            311   1.8e-12   44.3   2.0   2   2   9.2e-06   0.00055   16.4   0.3    26    93   202   271   193   284 0.88 -
tig00000037:74530-75222     -            231 12381at4891          -            311   2.2e-12   44.0   0.5   1   4     0.073       4.3    3.6   0.0    42    74     8    40     1    45 0.76 -
tig00000037:74530-75222     -            231 12381at4891          -            311   2.2e-12   44.0   0.5   2   4   1.8e-07   1.1e-05   22.0   0.0    27   100    35   110    17   125 0.84 -
tig00000037:74530-75222     -            231 12381at4891          -            311   2.2e-12   44.0   0.5   3   4   0.00013    0.0079   12.6   0.3    30    98   129   210   117   217 0.68 -
tig00000037:74530-75222     -            231 12381at4891          -            311   2.2e-12   44.0   0.5   4   4    0.0068      0.41    7.0   0.0    29    77   182   231   172   231 0.84 -
tig00000034:379525-382353   -            943 12381at4891          -            311   4.6e-12   42.9  11.9   1   6   1.6e-07   9.7e-06   22.2   0.0   123   192    93   162    80   171 0.89 -
tig00000034:379525-382353   -            943 12381at4891          -            311   4.6e-12   42.9  11.9   2   6     0.069       4.1    3.7   0.3   127   180   180   231   169   239 0.78 -
tig00000034:379525-382353   -            943 12381at4891          -            311   4.6e-12   42.9  11.9   3   6       1.8   1.1e+02   -1.0   0.0   165   186   404   425   392   469 0.56 -
tig00000034:379525-382353   -            943 12381at4891          -            311   4.6e-12   42.9  11.9   4   6      0.33        19    1.5   0.1    28    64   469   505   450   515 0.78 -
tig00000034:379525-382353   -            943 12381at4891          -            311   4.6e-12   42.9  11.9   5   6     0.034         2    4.7   0.0   112   180   530   602   519   612 0.83 -
tig00000034:379525-382353   -            943 12381at4891          -            311   4.6e-12   42.9  11.9   6   6   9.3e-05    0.0055   13.1   0.2    30    97   613   681   601   702 0.80 -
tig00000014:605092-607482   -            797 12381at4891          -            311   7.5e-11   39.0   1.3   1   3   0.00047     0.028   10.8   0.1    31    92   524   586   502   594 0.88 -
tig00000014:605092-607482   -            797 12381at4891          -            311   7.5e-11   39.0   1.3   2   3   2.9e-07   1.7e-05   21.4   0.0    28    97   605   675   601   690 0.88 -
tig00000014:605092-607482   -            797 12381at4891          -            311   7.5e-11   39.0   1.3   3   3     0.064       3.8    3.8   0.0    32    64   694   726   688   739 0.86 -
tig00000018:41834-43183     -            450 12381at4891          -            311   8.7e-11   38.7   1.8   1   3    0.0049      0.29    7.4   0.3    57    97   103   144    87   153 0.81 -
tig00000018:41834-43183     -            450 12381at4891          -            311   8.7e-11   38.7   1.8   2   3    0.0086      0.51    6.7   0.2   148   186   159   197   145   206 0.82 -
tig00000018:41834-43183     -            450 12381at4891          -            311   8.7e-11   38.7   1.8   3   3   2.2e-07   1.3e-05   21.7   0.0    34   179   206   363   200   366 0.79 -
tig00000014:436668-438272   -            535 12381at4891          -            311   1.9e-10   37.7   1.8   1   3       2.7   1.6e+02   -1.6   0.0    97   132   187   218   180   234 0.82 -
tig00000014:436668-438272   -            535 12381at4891          -            311   1.9e-10   37.7   1.8   2   3   2.1e-08   1.3e-06   25.1   0.5    47   199   235   406   218   410 0.69 -
tig00000014:436668-438272   -            535 12381at4891          -            311   1.9e-10   37.7   1.8   3   3    0.0039      0.23    7.8   0.1    72   143   400   476   396   486 0.73 -
tig00000083:182049-182867   -            273 12381at4891          -            311   1.2e-09   35.0   8.4   1   5    0.0093      0.55    6.5   0.0   129   185     4    58     1    63 0.70 -
tig00000083:182049-182867   -            273 12381at4891          -            311   1.2e-09   35.0   8.4   2   5     4e-06   0.00024   17.6   0.4    26    79    60   111    57   117 0.85 -
tig00000083:182049-182867   -            273 12381at4891          -            311   1.2e-09   35.0   8.4   3   5     0.012      0.73    6.1   0.1   149   193   103   146    96   163 0.73 -
tig00000083:182049-182867   -            273 12381at4891          -            311   1.2e-09   35.0   8.4   4   5    0.0027      0.16    8.3   0.1   264   306   209   256   203   261 0.76 -
tig00000083:182049-182867   -            273 12381at4891          -            311   1.2e-09   35.0   8.4   5   5       0.4        24    1.2   0.0   165   184   248   267   242   272 0.63 -
tig00000010:208878-211913   -           1012 12381at4891          -            311     2e-09   34.3   7.1   1   3   1.3e-08   7.8e-07   25.8   0.7    81   193   145   263   134   296 0.73 -
tig00000010:208878-211913   -           1012 12381at4891          -            311     2e-09   34.3   7.1   2   3    0.0083      0.49    6.7   0.0   162   216   778   833   768   860 0.70 -
tig00000010:208878-211913   -           1012 12381at4891          -            311     2e-09   34.3   7.1   3   3      0.13       7.4    2.8   0.1   150   185   935   970   920   991 0.84 -
tig00000010:275560-276894   -            445 12381at4891          -            311   3.6e-09   33.4   3.3   1   3     0.014      0.84    5.9   0.2   123   184   148   209   135   217 0.82 -
tig00000010:275560-276894   -            445 12381at4891          -            311   3.6e-09   33.4   3.3   2   3   0.00015    0.0091   12.4   0.1    19    67   204   253   193   260 0.74 -
tig00000010:275560-276894   -            445 12381at4891          -            311   3.6e-09   33.4   3.3   3   3    0.0001    0.0062   12.9   0.2    31   179   259   421   256   428 0.67 -
tig00000038:154278-154922   -            215 12381at4891          -            311   7.4e-09   32.4   3.3   1   4    0.0051      0.31    7.4   0.1    31    95     4    67     2    78 0.71 -
tig00000038:154278-154922   -            215 12381at4891          -            311   7.4e-09   32.4   3.3   2   4      0.06       3.6    3.9   0.1    44    75    57    88    42    93 0.60 -
tig00000038:154278-154922   -            215 12381at4891          -            311   7.4e-09   32.4   3.3   3   4    0.0015     0.088    9.2   0.0    28    65    83   122    73   130 0.79 -
tig00000038:154278-154922   -            215 12381at4891          -            311   7.4e-09   32.4   3.3   4   4   3.5e-05    0.0021   14.5   0.1    30    93   152   214   144   215 0.90 -
tig00000034:113188-114642   -            485 12381at4891          -            311   1.1e-08   31.8   7.0   1   4    0.0088      0.52    6.6   0.0    31    77    66   113    63   124 0.78 -
tig00000034:113188-114642   -            485 12381at4891          -            311   1.1e-08   31.8   7.0   2   4     0.037       2.2    4.6   0.1   121   183    80   153    76   165 0.69 -
tig00000034:113188-114642   -            485 12381at4891          -            311   1.1e-08   31.8   7.0   3   4     0.039       2.3    4.5   0.0   131   198   199   267   185   280 0.79 -
tig00000034:113188-114642   -            485 12381at4891          -            311   1.1e-08   31.8   7.0   4   4   2.9e-07   1.7e-05   21.3   1.4    11   108   282   380   272   394 0.80 -
tig00000005:614650-615420   -            257 12381at4891          -            311   1.4e-08   31.5   0.1   1   2   0.00012    0.0071   12.7   0.0   118   184    39   105    16   111 0.86 -
tig00000005:614650-615420   -            257 12381at4891          -            311   1.4e-08   31.5   0.1   2   2   8.4e-06    0.0005   16.5   0.1   147   246   110   209   105   255 0.78 -
tig00000022:404776-405999   -            408 12381at4891          -            311   1.5e-08   31.4   0.4   1   3      0.02       1.2    5.5   0.0    29    82    43    95    38   106 0.63 -
tig00000022:404776-405999   -            408 12381at4891          -            311   1.5e-08   31.4   0.4   2   3   0.00016    0.0097   12.3   0.0   128   193   120   187   112   219 0.81 -
tig00000022:404776-405999   -            408 12381at4891          -            311   1.5e-08   31.4   0.4   3   3     0.001     0.062    9.7   0.0   142   186   285   331   280   349 0.82 -
tig00000023:290906-291760   -            285 12381at4891          -            311   1.6e-08   31.3   2.6   1   4      0.11       6.4    3.0   0.1   166   196    19    48     3    56 0.62 -
tig00000023:290906-291760   -            285 12381at4891          -            311   1.6e-08   31.3   2.6   2   4    0.0037      0.22    7.9   0.0    28    61    42    77    32    86 0.79 -
tig00000023:290906-291760   -            285 12381at4891          -            311   1.6e-08   31.3   2.6   3   4   3.3e-05     0.002   14.6   0.1    30    97   111   177   103   189 0.90 -
tig00000023:290906-291760   -            285 12381at4891          -            311   1.6e-08   31.3   2.6   4   4     0.029       1.7    4.9   0.0   165   184   227   246   214   283 0.56 -
tig00000010:895817-897205   -            463 12381at4891          -            311   2.5e-08   30.7   2.5   1   4       2.5   1.5e+02   -1.4   0.0   125   179   190   246   182   276 0.63 -
tig00000010:895817-897205   -            463 12381at4891          -            311   2.5e-08   30.7   2.5   2   4   0.00063     0.037   10.4   0.1    31    96   263   329   260   341 0.67 -
tig00000010:895817-897205   -            463 12381at4891          -            311   2.5e-08   30.7   2.5   3   4   8.6e-05    0.0051   13.2   0.0    30    84   346   403   334   412 0.81 -
tig00000010:895817-897205   -            463 12381at4891          -            311   2.5e-08   30.7   2.5   4   4     0.052       3.1    4.1   0.1    48    92   410   455   405   463 0.81 -
tig00000078:139174-141975   -            934 12381at4891          -            311   2.5e-07   27.4   1.0   1   4      0.03       1.8    4.9   0.1   163   246   171   273   111   302 0.58 -
tig00000078:139174-141975   -            934 12381at4891          -            311   2.5e-07   27.4   1.0   2   4     0.004      0.24    7.7   0.0   113   177   458   523   418   542 0.76 -
tig00000078:139174-141975   -            934 12381at4891          -            311   2.5e-07   27.4   1.0   3   4    0.0011     0.065    9.6   0.0   122   184   551   613   539   631 0.87 -
tig00000078:139174-141975   -            934 12381at4891          -            311   2.5e-07   27.4   1.0   4   4       3.3   1.9e+02   -1.8   0.0    77   116   625   666   607   672 0.74 -
tig00000012:489214-491058   -            615 12381at4891          -            311   5.7e-07   26.2   5.1   1   3      0.39        23    1.2   0.0    70   100    60    93    50   115 0.72 -
tig00000012:489214-491058   -            615 12381at4891          -            311   5.7e-07   26.2   5.1   2   3     0.003      0.18    8.2   0.4    78   212   211   359   149   366 0.60 -
tig00000012:489214-491058   -            615 12381at4891          -            311   5.7e-07   26.2   5.1   3   3   0.00012    0.0072   12.7   0.1   119   181   551   613   495   615 0.72 -
tig00000012:441659-442144   -            162 12381at4891          -            311   9.3e-07   25.5   0.8   1   3     0.061       3.6    3.9   0.0   166   189    34    57    17    79 0.81 -
tig00000012:441659-442144   -            162 12381at4891          -            311   9.3e-07   25.5   0.8   2   3     0.068       4.1    3.7   0.1   167   293    82   112    57   116 0.52 -
tig00000012:441659-442144   -            162 12381at4891          -            311   9.3e-07   25.5   0.8   3   3     2e-06   0.00012   18.6   0.2    28    78   104   154    93   161 0.89 -
tig00000022:516138-517016   -            293 12381at4891          -            311     1e-06   25.4   0.1   1   2      0.17        10    2.4   0.0    42    66    25    49    13    55 0.76 -
tig00000022:516138-517016   -            293 12381at4891          -            311     1e-06   25.4   0.1   2   2   9.4e-07   5.6e-05   19.7   0.0   150   305    75   238    58   245 0.76 -
tig00000012:377902-378939   -            346 12381at4891          -            311   1.3e-06   25.0   2.3   1   4       1.1        68   -0.3   0.0   149   184     8    43     3    48 0.77 -
tig00000012:377902-378939   -            346 12381at4891          -            311   1.3e-06   25.0   2.3   2   4     2e-05    0.0012   15.3   0.1    26    90    46   110    29   151 0.82 -
tig00000012:377902-378939   -            346 12381at4891          -            311   1.3e-06   25.0   2.3   3   4      0.18        11    2.3   0.0    74    97   154   177   129   180 0.72 -
tig00000012:377902-378939   -            346 12381at4891          -            311   1.3e-06   25.0   2.3   4   4     0.021       1.2    5.4   0.1    18    91   180   255   173   276 0.78 -
tig00000078:89274-91226     -            651 12381at4891          -            311   3.6e-06   23.6   0.1   1   1   1.1e-07   6.5e-06   22.7   0.1    25    91   133   200   113   217 0.83 -
tig00000023:374822-375916   -            365 12381at4891          -            311   6.3e-06   22.8   0.2   1   4      0.33        19    1.5   0.0   264   284    52    72    48    80 0.81 -
tig00000023:374822-375916   -            365 12381at4891          -            311   6.3e-06   22.8   0.2   2   4      0.02       1.2    5.4   0.0   124   216    95   192    87   209 0.70 -
tig00000023:374822-375916   -            365 12381at4891          -            311   6.3e-06   22.8   0.2   3   4    0.0019      0.11    8.8   0.0    45   151   138   250   129   258 0.78 -
tig00000023:374822-375916   -            365 12381at4891          -            311   6.3e-06   22.8   0.2   4   4    0.0094      0.56    6.5   0.0    36    86   273   324   268   334 0.83 -
tig00000005:853848-855902   -            685 12381at4891          -            311   1.6e-05   21.5   0.0   1   2      0.82        49    0.2   0.0   161   183    53    75    11    82 0.48 -
tig00000005:853848-855902   -            685 12381at4891          -            311   1.6e-05   21.5   0.0   2   2   1.8e-06   0.00011   18.7   0.1    25   119    78   175    58   185 0.81 -
tig00000061:551101-551736   -            212 12381at4891          -            311   3.5e-05   20.3   0.0   1   2       0.1       6.2    3.1   0.0    31    71     1    39     1    56 0.73 -
tig00000061:551101-551736   -            212 12381at4891          -            311   3.5e-05   20.3   0.0   2   2   2.3e-05    0.0014   15.1   0.0   124   202    79   153    71   175 0.83 -
tig00000014:211666-214185   -            840 12381at4891          -            311   4.5e-05   20.0   0.2   1   4       1.7     1e+02   -0.9   0.0   123   141    31    49    13    59 0.58 -
tig00000014:211666-214185   -            840 12381at4891          -            311   4.5e-05   20.0   0.2   2   4     0.072       4.3    3.6   0.0    71    92    77    98    68   115 0.76 -
tig00000014:211666-214185   -            840 12381at4891          -            311   4.5e-05   20.0   0.2   3   4    0.0023      0.14    8.5   0.1   148   223   134   214   125   223 0.68 -
tig00000014:211666-214185   -            840 12381at4891          -            311   4.5e-05   20.0   0.2   4   4      0.25        15    1.8   0.0    44    97   325   380   307   390 0.72 -
tig00000005:613155-613865   -            237 12381at4891          -            311     6e-05   19.5   1.3   1   3    0.0067       0.4    7.0   0.0   122   201    10    87     2   111 0.76 -
tig00000005:613155-613865   -            237 12381at4891          -            311     6e-05   19.5   1.3   2   3   0.00069     0.041   10.2   0.2    27   124   117   211   108   226 0.79 -
tig00000005:613155-613865   -            237 12381at4891          -            311     6e-05   19.5   1.3   3   3       2.2   1.3e+02   -1.2   0.0    35    59   213   237   197   237 0.69 -
tig00000012:487139-488677   -            513 12381at4891          -            311   8.1e-05   19.1   0.1   1   2   0.00028     0.017   11.5   0.0    31    98    38   107    29   121 0.85 -
tig00000012:487139-488677   -            513 12381at4891          -            311   8.1e-05   19.1   0.1   2   2     0.096       5.7    3.2   0.0   262   289   270   297   261   316 0.80 -
tig00000007:738298-739563   -            422 12381at4891          -            311   8.9e-05   19.0   2.9   1   4      0.31        18    1.6   0.0   147   189    88   130    68   167 0.76 -
tig00000007:738298-739563   -            422 12381at4891          -            311   8.9e-05   19.0   2.9   2   4      0.12         7    2.9   0.0    20    69   169   217   162   230 0.78 -
tig00000007:738298-739563   -            422 12381at4891          -            311   8.9e-05   19.0   2.9   3   4   0.00021     0.012   11.9   0.1   123   179   242   298   235   389 0.73 -
tig00000007:738298-739563   -            422 12381at4891          -            311   8.9e-05   19.0   2.9   4   4       3.7   2.2e+02   -2.0   0.0    32    60   391   419   380   420 0.78 -
tig00000001:983271-984236   -            322 12381at4891          -            311   0.00014   18.3   8.3   1   2     3e-06   0.00018   18.0   4.8    30   180    53   225    33   230 0.76 -
tig00000001:983271-984236   -            322 12381at4891          -            311   0.00014   18.3   8.3   2   2    0.0074      0.44    6.9   2.9    28   102   146   226   142   322 0.68 -
tig00000022:222403-222963   -            187 12381at4891          -            311   0.00017   18.1   0.0   1   2   0.00018     0.011   12.2   0.0    43    91    12    61     6    64 0.88 -
tig00000022:222403-222963   -            187 12381at4891          -            311   0.00017   18.1   0.0   2   2    0.0015     0.088    9.2   0.0    46    98    57   110    55   127 0.90 -
tig00000001:1183590-1184819 -            410 12381at4891          -            311   0.00017   18.0   0.1   1   3   0.00018      0.01   12.2   0.1    45   188   131   285   113   302 0.75 -
tig00000001:1183590-1184819 -            410 12381at4891          -            311   0.00017   18.0   0.1   2   3    0.0077      0.45    6.8   0.0    26    94   242   312   233   330 0.77 -
tig00000001:1183590-1184819 -            410 12381at4891          -            311   0.00017   18.0   0.1   3   3      0.17        10    2.4   0.0    30    95   289   360   283   369 0.68 -
tig00000014:571412-572308   -            299 12381at4891          -            311   0.00018   18.0   0.6   1   2   0.00016    0.0092   12.4   0.4   114   216    44   152     2   230 0.64 -
tig00000014:571412-572308   -            299 12381at4891          -            311   0.00018   18.0   0.6   2   2       0.3        18    1.6   0.0    42    70   236   264   230   293 0.79 -
tig00000010:811772-813490   -            573 12381at4891          -            311   0.00021   17.8   0.1   1   2   0.00026     0.016   11.6   0.0    29    71   233   275   226   298 0.84 -
tig00000010:811772-813490   -            573 12381at4891          -            311   0.00021   17.8   0.1   2   2       2.3   1.3e+02   -1.3   0.0   163   187   410   434   401   441 0.76 -
tig00000012:470900-471844   -            315 12381at4891          -            311   0.00023   17.6   0.0   1   2    0.0095      0.56    6.5   0.0    28    91    87   150    84   151 0.85 -
tig00000012:470900-471844   -            315 12381at4891          -            311   0.00023   17.6   0.0   2   2   1.7e-05   0.00098   15.6   0.0    23    98   123   199   101   211 0.85 -
tig00000038:75034-76008     -            325 12381at4891          -            311    0.0006   16.3   0.1   1   2      0.36        21    1.3   0.0   234   258   103   127    87   141 0.83 -
tig00000038:75034-76008     -            325 12381at4891          -            311    0.0006   16.3   0.1   2   2   0.00013    0.0079   12.6   0.1   129   198   220   290   217   320 0.76 -
tig00000005:814912-815754   -            281 12381at4891          -            311    0.0012   15.3   4.0   1   3   0.00049     0.029   10.7   0.2   124   188    78   143    65   157 0.84 -
tig00000005:814912-815754   -            281 12381at4891          -            311    0.0012   15.3   4.0   2   3      0.26        15    1.8   0.3    31    97   147   216   141   222 0.67 -
tig00000005:814912-815754   -            281 12381at4891          -            311    0.0012   15.3   4.0   3   3      0.16       9.2    2.5   0.0    45    90   215   263   209   270 0.71 -
tig00000005:195583-197937   -            785 12381at4891          -            311    0.0013   15.2   3.7   1   5   0.00033     0.019   11.3   0.1   145   217    53   131    16   140 0.81 -
tig00000005:195583-197937   -            785 12381at4891          -            311    0.0013   15.2   3.7   2   5       1.3        76   -0.5   0.0    36    69   210   243   195   283 0.74 -
tig00000005:195583-197937   -            785 12381at4891          -            311    0.0013   15.2   3.7   3   5      0.76        45    0.3   0.1   149   179   279   309   262   320 0.87 -
tig00000005:195583-197937   -            785 12381at4891          -            311    0.0013   15.2   3.7   4   5       3.4     2e+02   -1.9   0.0   150   189   605   644   584   656 0.67 -
tig00000005:195583-197937   -            785 12381at4891          -            311    0.0013   15.2   3.7   5   5       4.5   2.7e+02   -2.3   0.1   229   246   717   734   673   746 0.74 -
tig00000012:566644-568977   -            778 12381at4891          -            311    0.0024   14.3   0.7   1   3     0.015      0.87    5.9   0.0   162   196   419   455   401   484 0.67 -
tig00000012:566644-568977   -            778 12381at4891          -            311    0.0024   14.3   0.7   2   3      0.54        32    0.8   0.0    19    60   681   722   672   731 0.80 -
tig00000012:566644-568977   -            778 12381at4891          -            311    0.0024   14.3   0.7   3   3     0.081       4.8    3.5   0.1    39    61   756   778   749   778 0.87 -
tig00000001:107892-111701   -           1270 12381at4891          -            311    0.0025   14.3   1.1   1   3    0.0043      0.25    7.6   0.1    17    63    93   140    80   145 0.77 -
tig00000001:107892-111701   -           1270 12381at4891          -            311    0.0025   14.3   1.1   2   3      0.48        29    0.9   0.1    34    73   162   202   158   214 0.77 -
tig00000001:107892-111701   -           1270 12381at4891          -            311    0.0025   14.3   1.1   3   3      0.25        15    1.8   0.0    29    66   254   292   223   310 0.63 -
tig00000022:411540-412517   -            326 12381at4891          -            311     0.013   11.8   0.2   1   3      0.46        27    1.0   0.0    27    62   105   140    78   148 0.60 -
tig00000022:411540-412517   -            326 12381at4891          -            311     0.013   11.8   0.2   2   3      0.54        32    0.7   0.0    80   106   205   232   182   243 0.63 -
tig00000022:411540-412517   -            326 12381at4891          -            311     0.013   11.8   0.2   3   3     0.033       1.9    4.8   0.0    79    99   253   273   246   284 0.83 -
tig00000012:849780-851159   -            460 12381at4891          -            311     0.022   11.1   1.0   1   4     0.039       2.3    4.5   0.0   135   178    55    98     9   100 0.78 -
tig00000012:849780-851159   -            460 12381at4891          -            311     0.022   11.1   1.0   2   4     0.027       1.6    5.0   0.0   136   180    56   100    48   114 0.83 -
tig00000012:849780-851159   -            460 12381at4891          -            311     0.022   11.1   1.0   3   4       1.1        64   -0.3   0.0   263   286   159   182   151   194 0.80 -
tig00000012:849780-851159   -            460 12381at4891          -            311     0.022   11.1   1.0   4   4      0.78        46    0.2   0.0   124   174   346   396   340   409 0.79 -
#
# Program:         hmmsearch
# Version:         3.1b2 (February 2015)
# Pipeline mode:   SEARCH
# Query file:      /home/inf-38-2022/BINP29/longread/2/busco_downloads/lineages/saccharomycetes_odb10/hmms/12381at4891.hmm
# Target file:     /home/inf-38-2022/BINP29/longread/2/Results/04_Busco/canu/run_saccharomycetes_odb10/metaeuk_output/initial_results/asm.contigs.fasta.modified.fas
# Option settings: hmmsearch --domtblout /home/inf-38-2022/BINP29/longread/2/Results/04_Busco/canu/run_saccharomycetes_odb10/hmmer_output/initial_run_results/12381at4891.out --cpu 1 /home/inf-38-2022/BINP29/longread/2/busco_downloads/lineages/saccharomycetes_odb10/hmms/12381at4891.hmm /home/inf-38-2022/BINP29/longread/2/Results/04_Busco/canu/run_saccharomycetes_odb10/metaeuk_output/initial_results/asm.contigs.fasta.modified.fas 
# Current dir:     /home/inf-38-2022/BINP29/longread/2
# Date:            Thu Feb 23 14:06:02 2023
# [ok]
