#                                                                                 --- full sequence --- -------------- this domain -------------   hmm coord   ali coord   env coord
# target name             accession   tlen query name           accession   qlen   E-value  score  bias   #  of  c-Evalue  i-Evalue  score  bias  from    to  from    to  from    to  acc description of target
#     ------------------- ---------- ----- -------------------- ---------- ----- --------- ------ ----- --- --- --------- --------- ------ ----- ----- ----- ----- ----- ----- ----- ---- ---------------------
tig00000001:324735-326825 -            697 12956at4891          -            351   9.3e-99  328.1  99.3   1   5   1.7e-13   4.1e-11   39.9   2.9     1   151    10   156    10   158 0.80 -
tig00000001:324735-326825 -            697 12956at4891          -            351   9.3e-99  328.1  99.3   2   5   1.2e-06    0.0003   17.3  18.9    31   172   155   300   150   307 0.61 -
tig00000001:324735-326825 -            697 12956at4891          -            351   9.3e-99  328.1  99.3   3   5   4.1e-47     1e-44  150.4  39.2    61   282   300   538   259   542 0.73 -
tig00000001:324735-326825 -            697 12956at4891          -            351   9.3e-99  328.1  99.3   4   5      0.01       2.5    4.4  13.6    25   126   514   619   511   625 0.74 -
tig00000001:324735-326825 -            697 12956at4891          -            351   9.3e-99  328.1  99.3   5   5   4.2e-42     1e-39  133.9  14.5   256   351   603   697   593   697 0.87 -
tig00000078:442873-447414 -           1514 12956at4891          -            351   1.3e-09   35.0   3.7   1   2       3.8   9.4e+02   -4.1   0.7   117   117   910   910   853   974 0.50 -
tig00000078:442873-447414 -           1514 12956at4891          -            351   1.3e-09   35.0   3.7   2   2   5.2e-12   1.3e-09   35.0   3.7   227   342  1131  1243  1091  1251 0.76 -
tig00000037:102946-104157 -            404 12956at4891          -            351   1.6e-08   31.4   4.3   1   4   6.3e-11   1.6e-08   31.4   4.3   291   344    11    63     4    69 0.90 -
tig00000037:102946-104157 -            404 12956at4891          -            351   1.6e-08   31.4   4.3   2   4      0.13        32    0.8   0.1   328   350   175   197   155   198 0.75 -
tig00000037:102946-104157 -            404 12956at4891          -            351   1.6e-08   31.4   4.3   3   4       1.4   3.5e+02   -2.7   0.1   161   200   253   294   239   303 0.47 -
tig00000037:102946-104157 -            404 12956at4891          -            351   1.6e-08   31.4   4.3   4   4       1.9   4.7e+02   -3.1   0.0   105   134   356   385   314   394 0.50 -
tig00000001:979658-980614 -            319 12956at4891          -            351   7.2e-05   19.3   8.4   1   1   4.8e-07   0.00012   18.6   8.4   296   344   266   313   231   318 0.79 -
tig00000012:605718-606914 -            399 12956at4891          -            351   0.00024   17.6   0.2   1   1   1.5e-06   0.00037   17.0   0.2   264   341   299   376   292   378 0.91 -
tig00000014:456207-458576 -            790 12956at4891          -            351   0.00051   16.6   5.5   1   4       7.9     2e+03   -5.1   6.9   116   197    80   163     7   168 0.59 -
tig00000014:456207-458576 -            790 12956at4891          -            351   0.00051   16.6   5.5   2   4   2.1e-06   0.00051   16.6   5.5   296   342   534   585   522   593 0.88 -
tig00000014:456207-458576 -            790 12956at4891          -            351   0.00051   16.6   5.5   3   4     0.095        24    1.2   0.2    12    56   595   641   587   688 0.76 -
tig00000014:456207-458576 -            790 12956at4891          -            351   0.00051   16.6   5.5   4   4       2.4     6e+02   -3.4   0.1   168   194   750   776   745   781 0.57 -
tig00000014:356872-357027 -             52 12956at4891          -            351     0.037   10.4   3.1   1   1   0.00016      0.04   10.3   3.1   294   338     3    52     1    52 0.79 -
tig00000005:648527-649153 -            209 12956at4891          -            351     0.041   10.3   5.3   1   1   0.00021     0.053    9.9   5.3   223   292    36   102    13   109 0.72 -
tig00000010:729693-729827 -             45 12956at4891          -            351      0.15    8.4   6.7   1   1   0.00056      0.14    8.5   6.7   311   338    17    45     1    45 0.82 -
tig00000001:434186-434680 -            165 12956at4891          -            351      0.21    8.0   3.0   1   1    0.0011      0.27    7.6   3.0   310   344    65   101    51   128 0.91 -
tig00000061:378452-379669 -            406 12956at4891          -            351      0.47    6.8  18.9   1   2    0.0004       0.1    9.0   7.7   169   268   135   239   130   255 0.82 -
tig00000061:378452-379669 -            406 12956at4891          -            351      0.47    6.8  18.9   2   2     0.079        20    1.5   5.8   173   295   249   371   226   377 0.75 -
#
# Program:         hmmsearch
# Version:         3.1b2 (February 2015)
# Pipeline mode:   SEARCH
# Query file:      /home/inf-38-2022/BINP29/longread/2/busco_downloads/lineages/saccharomycetes_odb10/hmms/12956at4891.hmm
# Target file:     /home/inf-38-2022/BINP29/longread/2/Results/04_Busco/canu/run_saccharomycetes_odb10/metaeuk_output/initial_results/asm.contigs.fasta.modified.fas
# Option settings: hmmsearch --domtblout /home/inf-38-2022/BINP29/longread/2/Results/04_Busco/canu/run_saccharomycetes_odb10/hmmer_output/initial_run_results/12956at4891.out --cpu 1 /home/inf-38-2022/BINP29/longread/2/busco_downloads/lineages/saccharomycetes_odb10/hmms/12956at4891.hmm /home/inf-38-2022/BINP29/longread/2/Results/04_Busco/canu/run_saccharomycetes_odb10/metaeuk_output/initial_results/asm.contigs.fasta.modified.fas 
# Current dir:     /home/inf-38-2022/BINP29/longread/2
# Date:            Thu Feb 23 14:06:05 2023
# [ok]
