#                                                                                 --- full sequence --- -------------- this domain -------------   hmm coord   ali coord   env coord
# target name             accession   tlen query name           accession   qlen   E-value  score  bias   #  of  c-Evalue  i-Evalue  score  bias  from    to  from    to  from    to  acc description of target
#     ------------------- ---------- ----- -------------------- ---------- ----- --------- ------ ----- --- --- --------- --------- ------ ----- ----- ----- ----- ----- ----- ----- ---- ---------------------
tig00000001:243317-245464 -            716 13129at4891          -            275    5e-102  337.8  18.6   1   5   1.4e-16     2e-14   50.5   0.1     1    38    62    99    62   115 0.89 -
tig00000001:243317-245464 -            716 13129at4891          -            275    5e-102  337.8  18.6   2   5     1e-10   1.5e-08   31.3   0.2    35    87   164   233   157   246 0.80 -
tig00000001:243317-245464 -            716 13129at4891          -            275    5e-102  337.8  18.6   3   5   7.3e-28   1.1e-25   87.5   0.1    81   149   283   362   275   375 0.86 -
tig00000001:243317-245464 -            716 13129at4891          -            275    5e-102  337.8  18.6   4   5     1e-26   1.5e-24   83.8   0.4   147   221   392   471   370   474 0.92 -
tig00000001:243317-245464 -            716 13129at4891          -            275    5e-102  337.8  18.6   5   5   2.1e-29     3e-27   92.6   0.7   220   275   647   705   636   705 0.94 -
tig00000010:428048-429124 -            359 13129at4891          -            275   1.1e-23   80.8  13.0   1   3   9.3e-07   0.00013   18.3   0.0     8    53     1    43     1    54 0.74 -
tig00000010:428048-429124 -            359 13129at4891          -            275   1.1e-23   80.8  13.0   2   3   4.5e-08   6.4e-06   22.6   2.7    59   160   108   227    74   254 0.71 -
tig00000010:428048-429124 -            359 13129at4891          -            275   1.1e-23   80.8  13.0   3   3   1.2e-12   1.7e-10   37.6   2.6   165   242   267   359   254   359 0.76 -
tig00000012:218360-219763 -            468 13129at4891          -            275   5.9e-17   58.8  20.5   1   3   9.2e-06    0.0013   15.0   0.3     5    26   132   153   128   161 0.85 -
tig00000012:218360-219763 -            468 13129at4891          -            275   5.9e-17   58.8  20.5   2   3      0.26        38    0.4   0.0   130   175   157   204   153   218 0.77 -
tig00000012:218360-219763 -            468 13129at4891          -            275   5.9e-17   58.8  20.5   3   3   4.1e-14   5.9e-12   42.4  11.0    61   273   228   463   217   465 0.69 -
tig00000018:291732-292838 -            369 13129at4891          -            275   1.1e-16   58.0   2.8   1   3    0.0018      0.26    7.5   0.0     8    35     2    29     1    57 0.84 -
tig00000018:291732-292838 -            369 13129at4891          -            275   1.1e-16   58.0   2.8   2   3   8.4e-06    0.0012   15.2   0.0    62   121    92   157    43   164 0.76 -
tig00000018:291732-292838 -            369 13129at4891          -            275   1.1e-16   58.0   2.8   3   3   1.3e-11   1.8e-09   34.2   0.3   154   266   236   361   221   369 0.73 -
tig00000061:685554-688952 -           1133 13129at4891          -            275   1.2e-15   54.6   1.9   1   3     1e-06   0.00015   18.1   0.0     6    35   265   294   260   302 0.89 -
tig00000061:685554-688952 -           1133 13129at4891          -            275   1.2e-15   54.6   1.9   2   3     0.039       5.6    3.1   0.0    62    84   358   380   346   386 0.88 -
tig00000061:685554-688952 -           1133 13129at4891          -            275   1.2e-15   54.6   1.9   3   3   3.5e-10   5.1e-08   29.5   0.4   170   272   891  1009   881  1012 0.80 -
tig00000007:555731-559414 -           1228 13129at4891          -            275     1e-14   51.5   1.7   1   3   6.1e-06   0.00087   15.6   0.0     7    49   692   735   688   746 0.79 -
tig00000007:555731-559414 -           1228 13129at4891          -            275     1e-14   51.5   1.7   2   3     0.014         2    4.6   0.0   174   216   989  1031   967  1040 0.81 -
tig00000007:555731-559414 -           1228 13129at4891          -            275     1e-14   51.5   1.7   3   3   1.3e-09   1.9e-07   27.6   0.8   212   265  1140  1197  1117  1199 0.84 -
tig00000023:358066-358833 -            256 13129at4891          -            275   2.4e-14   50.3   8.2   1   2   3.8e-06   0.00054   16.3   3.0    65   144    25   131     8   139 0.64 -
tig00000023:358066-358833 -            256 13129at4891          -            275   2.4e-14   50.3   8.2   2   2   2.2e-11   3.1e-09   33.5   0.2   177   265   139   240   133   244 0.76 -
tig00000083:395383-396762 -            460 13129at4891          -            275   9.4e-14   48.3  15.5   1   4   6.9e-07   9.9e-05   18.7   0.1     6    47     1    41     1    59 0.79 -
tig00000083:395383-396762 -            460 13129at4891          -            275   9.4e-14   48.3  15.5   2   4    0.0041      0.59    6.3   0.2    61    87    90   116    82   121 0.86 -
tig00000083:395383-396762 -            460 13129at4891          -            275   9.4e-14   48.3  15.5   3   4     0.077        11    2.2   0.1   132   132   199   199   145   268 0.59 -
tig00000083:395383-396762 -            460 13129at4891          -            275   9.4e-14   48.3  15.5   4   4   1.7e-09   2.5e-07   27.2   2.1   167   257   333   437   323   460 0.65 -
tig00000012:58282-61944   -           1221 13129at4891          -            275   9.7e-14   48.3   5.3   1   4   0.00031     0.045   10.0   0.0     7    33   196   222   190   232 0.82 -
tig00000012:58282-61944   -           1221 13129at4891          -            275   9.7e-14   48.3   5.3   2   4   0.00027     0.039   10.2   0.3    63   138   273   357   268   363 0.71 -
tig00000012:58282-61944   -           1221 13129at4891          -            275   9.7e-14   48.3   5.3   3   4    0.0056       0.8    5.9   0.0   175   226   371   423   358   432 0.86 -
tig00000012:58282-61944   -           1221 13129at4891          -            275   9.7e-14   48.3   5.3   4   4   1.8e-07   2.6e-05   20.6   0.5   221   268   440   490   435   491 0.89 -
tig00000023:464717-466171 -            485 13129at4891          -            275   3.2e-13   46.6  14.5   1   5   2.5e-06   0.00036   16.9   0.1     7    60    36    86    31   133 0.69 -
tig00000023:464717-466171 -            485 13129at4891          -            275   3.2e-13   46.6  14.5   2   5     0.002      0.29    7.3   0.2    64   100   158   189   139   193 0.78 -
tig00000023:464717-466171 -            485 13129at4891          -            275   3.2e-13   46.6  14.5   3   5     0.097        14    1.8   0.0   146   170   184   208   181   229 0.76 -
tig00000023:464717-466171 -            485 13129at4891          -            275   3.2e-13   46.6  14.5   4   5    0.0034      0.48    6.6   0.1   150   209   315   372   309   390 0.76 -
tig00000023:464717-466171 -            485 13129at4891          -            275   3.2e-13   46.6  14.5   5   5   9.6e-08   1.4e-05   21.5   0.5   218   266   417   469   403   471 0.85 -
tig00000001:572249-573343 -            365 13129at4891          -            275   1.5e-12   44.3  13.3   1   3   5.6e-07   8.1e-05   19.0   0.1     7    40     7    41     3    76 0.73 -
tig00000001:572249-573343 -            365 13129at4891          -            275   1.5e-12   44.3  13.3   2   3   0.00059     0.085    9.1   3.3    25   197    98   258    92   280 0.66 -
tig00000001:572249-573343 -            365 13129at4891          -            275   1.5e-12   44.3  13.3   3   3   1.2e-06   0.00018   17.9   0.4   220   272   308   365   303   365 0.82 -
tig00000022:640494-641720 -            409 13129at4891          -            275     8e-12   42.0  13.1   1   4   3.9e-06   0.00056   16.3   0.1     6    34     1    29     1    59 0.77 -
tig00000022:640494-641720 -            409 13129at4891          -            275     8e-12   42.0  13.1   2   4    0.0012      0.17    8.1   0.1    62    89    88   115    76   132 0.88 -
tig00000022:640494-641720 -            409 13129at4891          -            275     8e-12   42.0  13.1   3   4     0.025       3.6    3.7   0.1    94   127   158   190   141   256 0.78 -
tig00000022:640494-641720 -            409 13129at4891          -            275     8e-12   42.0  13.1   4   4   5.5e-07   7.8e-05   19.1   2.6   159   249   270   365   258   409 0.77 -
tig00000014:95233-96123   -            297 13129at4891          -            275   1.3e-11   41.3   6.3   1   2   0.00024     0.034   10.4   3.8    88   164   106   193    24   205 0.64 -
tig00000014:95233-96123   -            297 13129at4891          -            275   1.3e-11   41.3   6.3   2   2   9.1e-10   1.3e-07   28.2   0.1   178   265   181   281   175   286 0.77 -
tig00000014:344490-346829 -            780 13129at4891          -            275   4.4e-11   39.5   6.1   1   3   8.6e-07   0.00012   18.4   0.0     7    64   323   383   317   386 0.78 -
tig00000014:344490-346829 -            780 13129at4891          -            275   4.4e-11   39.5   6.1   2   3    0.0022      0.32    7.2   0.2    63   113   410   465   399   513 0.71 -
tig00000014:344490-346829 -            780 13129at4891          -            275   4.4e-11   39.5   6.1   3   3   9.1e-06    0.0013   15.0   0.3   218   272   717   778   704   780 0.72 -
tig00000026:5872-6927     -            352 13129at4891          -            275   3.9e-09   33.2  11.5   1   4    0.0014       0.2    7.9   0.8    64   101    25    57     7    77 0.80 -
tig00000026:5872-6927     -            352 13129at4891          -            275   3.9e-09   33.2  11.5   2   4     0.063       9.1    2.4   0.0   146   171    51    76    48    97 0.76 -
tig00000026:5872-6927     -            352 13129at4891          -            275   3.9e-09   33.2  11.5   3   4    0.0021      0.31    7.3   0.2   150   209   182   239   175   258 0.77 -
tig00000026:5872-6927     -            352 13129at4891          -            275   3.9e-09   33.2  11.5   4   4     6e-08   8.6e-06   22.2   0.5   218   266   284   336   270   338 0.85 -
tig00000038:104596-106074 -            493 13129at4891          -            275   4.6e-09   32.9   6.7   1   4   4.1e-05    0.0059   12.9   0.0     7    35   103   131    97   140 0.88 -
tig00000038:104596-106074 -            493 13129at4891          -            275   4.6e-09   32.9   6.7   2   4      0.19        27    0.9   0.0    63    79   199   215   177   220 0.88 -
tig00000038:104596-106074 -            493 13129at4891          -            275   4.6e-09   32.9   6.7   3   4      0.41        58   -0.2   0.1   177   214   293   330   254   339 0.76 -
tig00000038:104596-106074 -            493 13129at4891          -            275   4.6e-09   32.9   6.7   4   4   4.1e-07   5.9e-05   19.5   0.3   151   263   350   471   343   475 0.65 -
tig00000023:452840-453976 -            379 13129at4891          -            275   2.7e-08   30.4  21.6   1   4   5.3e-07   7.7e-05   19.1   0.4     5    36    22    54    19    64 0.83 -
tig00000023:452840-453976 -            379 13129at4891          -            275   2.7e-08   30.4  21.6   2   4     0.019       2.7    4.2   0.1    64    85   120   141   110   152 0.85 -
tig00000023:452840-453976 -            379 13129at4891          -            275   2.7e-08   30.4  21.6   3   4    0.0079       1.1    5.4   5.7    88   213   183   288   137   302 0.66 -
tig00000023:452840-453976 -            379 13129at4891          -            275   2.7e-08   30.4  21.6   4   4    0.0016      0.23    7.6   0.5   220   272   322   379   317   379 0.68 -
tig00000026:17724-18494   -            257 13129at4891          -            275   5.2e-08   29.5   9.6   1   3   3.2e-07   4.6e-05   19.8   0.4     5    36     8    40     5    51 0.84 -
tig00000026:17724-18494   -            257 13129at4891          -            275   5.2e-08   29.5   9.6   2   3      0.01       1.4    5.1   0.2    64    85   106   127    90   140 0.85 -
tig00000026:17724-18494   -            257 13129at4891          -            275   5.2e-08   29.5   9.6   3   3   0.00041     0.059    9.6   0.5    88   146   169   226   131   253 0.80 -
tig00000078:183540-187535 -           1332 13129at4891          -            275     0.021   11.1   2.2   1   1   0.00055      0.08    9.2   2.2   118   234   750   871   622   875 0.70 -
#
# Program:         hmmsearch
# Version:         3.1b2 (February 2015)
# Pipeline mode:   SEARCH
# Query file:      /home/inf-38-2022/BINP29/longread/2/busco_downloads/lineages/saccharomycetes_odb10/hmms/13129at4891.hmm
# Target file:     /home/inf-38-2022/BINP29/longread/2/Results/04_Busco/canu/run_saccharomycetes_odb10/metaeuk_output/initial_results/asm.contigs.fasta.modified.fas
# Option settings: hmmsearch --domtblout /home/inf-38-2022/BINP29/longread/2/Results/04_Busco/canu/run_saccharomycetes_odb10/hmmer_output/initial_run_results/13129at4891.out --cpu 1 /home/inf-38-2022/BINP29/longread/2/busco_downloads/lineages/saccharomycetes_odb10/hmms/13129at4891.hmm /home/inf-38-2022/BINP29/longread/2/Results/04_Busco/canu/run_saccharomycetes_odb10/metaeuk_output/initial_results/asm.contigs.fasta.modified.fas 
# Current dir:     /home/inf-38-2022/BINP29/longread/2
# Date:            Thu Feb 23 14:06:06 2023
# [ok]
