#                                                                                   --- full sequence --- -------------- this domain -------------   hmm coord   ali coord   env coord
# target name               accession   tlen query name           accession   qlen   E-value  score  bias   #  of  c-Evalue  i-Evalue  score  bias  from    to  from    to  from    to  acc description of target
#       ------------------- ---------- ----- -------------------- ---------- ----- --------- ------ ----- --- --- --------- --------- ------ ----- ----- ----- ----- ----- ----- ----- ---- ---------------------
tig00000023:374822-375916   -            365 13320at4891          -            288  2.2e-134  444.1   0.1   1   1  7.1e-136  3.8e-134  443.3   0.1     1   288    23   364    23   364 0.89 -
tig00000007:380538-381545   -            336 13320at4891          -            288   3.1e-32  108.9   0.2   1   1   9.9e-34   5.3e-32  108.1   0.2     9   256     8   296     2   317 0.74 -
tig00000034:379525-382353   -            943 13320at4891          -            288   1.2e-22   77.4   4.6   1   3   6.1e-08   3.3e-06   23.5   0.1    24   150    92   232    82   290 0.81 -
tig00000034:379525-382353   -            943 13320at4891          -            288   1.2e-22   77.4   4.6   2   3   5.6e-09     3e-07   26.9   0.0    13   115   393   507   384   511 0.82 -
tig00000034:379525-382353   -            943 13320at4891          -            288   1.2e-22   77.4   4.6   3   3   1.9e-08     1e-06   25.2   1.3     4   129   523   664   520   697 0.73 -
tig00000037:93821-94819     -            333 13320at4891          -            288   1.6e-15   54.0   7.8   1   4   0.00064     0.034   10.3   0.1    49    78     7    37     3    85 0.59 -
tig00000037:93821-94819     -            333 13320at4891          -            288   1.6e-15   54.0   7.8   2   4   2.4e-05    0.0013   15.0   0.2    26   114    70   128    46   164 0.59 -
tig00000037:93821-94819     -            333 13320at4891          -            288   1.6e-15   54.0   7.8   3   4    0.0003     0.016   11.4   0.0    95   119   234   258   196   260 0.78 -
tig00000037:93821-94819     -            333 13320at4891          -            288   1.6e-15   54.0   7.8   4   4   9.1e-07   4.9e-05   19.6   0.4    13    69   264   327   260   332 0.79 -
tig00000083:182049-182867   -            273 13320at4891          -            288   2.8e-15   53.2   2.7   1   3   1.4e-09   7.4e-08   28.9   0.1    69   150     8    94     1   101 0.84 -
tig00000083:182049-182867   -            273 13320at4891          -            288   2.8e-15   53.2   2.7   2   3   0.00062     0.033   10.3   0.0   212   250   108   146    94   161 0.83 -
tig00000083:182049-182867   -            273 13320at4891          -            288   2.8e-15   53.2   2.7   3   3   0.00025     0.013   11.6   0.1    59   118   207   271   204   273 0.65 -
tig00000037:112469-115222   -            918 13320at4891          -            288   4.6e-15   52.5   7.7   1   7      0.88        47   -0.0   0.0    53    78    21    46    14    62 0.86 -
tig00000037:112469-115222   -            918 13320at4891          -            288   4.6e-15   52.5   7.7   2   7      0.33        18    1.4   0.1   134   243    69   180    55   213 0.63 -
tig00000037:112469-115222   -            918 13320at4891          -            288   4.6e-15   52.5   7.7   3   7       2.5   1.3e+02   -1.5   0.0   198   238   245   289   236   316 0.71 -
tig00000037:112469-115222   -            918 13320at4891          -            288   4.6e-15   52.5   7.7   4   7   3.8e-07     2e-05   20.9   0.1    47   125   348   431   306   452 0.77 -
tig00000037:112469-115222   -            918 13320at4891          -            288   4.6e-15   52.5   7.7   5   7   3.2e-07   1.7e-05   21.1   0.0    10    83   472   552   463   561 0.73 -
tig00000037:112469-115222   -            918 13320at4891          -            288   4.6e-15   52.5   7.7   6   7      0.11       5.9    2.9   0.0    51    75   582   607   570   617 0.82 -
tig00000037:112469-115222   -            918 13320at4891          -            288   4.6e-15   52.5   7.7   7   7      0.37        20    1.2   0.0   211   236   680   705   667   710 0.84 -
tig00000007:828201-829577   -            459 13320at4891          -            288     7e-14   48.7   4.8   1   4   5.4e-06   0.00029   17.1   0.1    55   113   111   175    98   184 0.81 -
tig00000007:828201-829577   -            459 13320at4891          -            288     7e-14   48.7   4.8   2   4      0.25        13    1.8   0.0    81   110   204   236   185   267 0.69 -
tig00000007:828201-829577   -            459 13320at4891          -            288     7e-14   48.7   4.8   3   4    0.0077      0.41    6.7   0.1    94   146   301   355   278   360 0.75 -
tig00000007:828201-829577   -            459 13320at4891          -            288     7e-14   48.7   4.8   4   4   1.5e-07   7.9e-06   22.2   0.1    79   151   369   445   362   459 0.75 -
tig00000010:895817-897205   -            463 13320at4891          -            288   2.1e-13   47.1   0.9   1   3       1.1        61   -0.4   0.0    94   117   187   210   165   246 0.72 -
tig00000010:895817-897205   -            463 13320at4891          -            288   2.1e-13   47.1   0.9   2   3   6.3e-11   3.3e-09   33.3   0.0     5   113   258   380   254   383 0.80 -
tig00000010:895817-897205   -            463 13320at4891          -            288   2.1e-13   47.1   0.9   3   3    0.0017     0.089    8.9   0.1    50   108   396   463   387   463 0.72 -
tig00000022:516138-517016   -            293 13320at4891          -            288   3.1e-13   46.5   0.0   1   3    0.0063      0.34    7.0   0.0    89   114    23    48     6    61 0.78 -
tig00000022:516138-517016   -            293 13320at4891          -            288   3.1e-13   46.5   0.0   2   3    0.0044      0.23    7.5   0.0    84   121    75   114    65   119 0.78 -
tig00000022:516138-517016   -            293 13320at4891          -            288   3.1e-13   46.5   0.0   3   3   4.3e-09   2.3e-07   27.3   0.0    61   152   154   250   139   283 0.84 -
tig00000061:551101-551736   -            212 13320at4891          -            288   3.7e-13   46.3   0.3   1   2   1.7e-05   0.00093   15.4   0.0    93   122    12    41     1    66 0.84 -
tig00000061:551101-551736   -            212 13320at4891          -            288   3.7e-13   46.3   0.3   2   2   2.9e-09   1.5e-07   27.8   0.1    48   148    67   172    59   205 0.73 -
tig00000037:74530-75222     -            231 13320at4891          -            288   3.8e-13   46.2   0.2   1   2   2.3e-08   1.2e-06   24.9   0.0    51   131     3    90     1   110 0.46 -
tig00000037:74530-75222     -            231 13320at4891          -            288   3.8e-13   46.2   0.2   2   2   9.9e-07   5.3e-05   19.5   0.1    11   119    81   223    78   227 0.62 -
tig00000018:621173-622084   -            304 13320at4891          -            288     6e-13   45.6   3.8   1   2   2.3e-09   1.2e-07   28.2   0.1    93   242     3   150     1   178 0.78 -
tig00000018:621173-622084   -            304 13320at4891          -            288     6e-13   45.6   3.8   2   2    0.0022      0.12    8.5   0.6    14    78   211   284   201   301 0.65 -
tig00000078:494342-496789   -            816 13320at4891          -            288   3.8e-11   39.7   2.9   1   4   0.00011    0.0061   12.7   0.0    55   249    26   236    15   244 0.67 -
tig00000078:494342-496789   -            816 13320at4891          -            288   3.8e-11   39.7   2.9   2   4   2.5e-06   0.00013   18.2   0.2    10   120   490   614   482   627 0.74 -
tig00000078:494342-496789   -            816 13320at4891          -            288   3.8e-11   39.7   2.9   3   4   2.8e-05    0.0015   14.7   0.1    12   116   534   652   523   656 0.78 -
tig00000078:494342-496789   -            816 13320at4891          -            288   3.8e-11   39.7   2.9   4   4     0.041       2.2    4.4   0.0   224   268   632   680   622   688 0.75 -
tig00000038:154278-154922   -            215 13320at4891          -            288   6.4e-11   38.9   2.3   1   3   1.1e-06   6.1e-05   19.3   0.1    57   112    15    76     3    84 0.77 -
tig00000038:154278-154922   -            215 13320at4891          -            288   6.4e-11   38.9   2.3   2   3     0.043       2.3    4.3   0.1    84   114    86   122    80   126 0.69 -
tig00000038:154278-154922   -            215 13320at4891          -            288   6.4e-11   38.9   2.3   3   3   5.1e-05    0.0027   13.9   0.0    84   127   153   199   144   213 0.76 -
tig00000014:605092-607482   -            797 13320at4891          -            288   7.9e-11   38.6   1.0   1   4   0.00057      0.03   10.5   0.1    47   113   526   599   517   607 0.79 -
tig00000014:605092-607482   -            797 13320at4891          -            288   7.9e-11   38.6   1.0   2   4     0.012      0.64    6.1   0.0   211   244   611   644   606   652 0.81 -
tig00000014:605092-607482   -            797 13320at4891          -            288   7.9e-11   38.6   1.0   3   4    0.0027      0.14    8.2   0.0   211   248   653   690   649   702 0.85 -
tig00000014:605092-607482   -            797 13320at4891          -            288   7.9e-11   38.6   1.0   4   4    0.0019       0.1    8.7   0.0    48   107   696   755   689   775 0.69 -
tig00000005:814912-815754   -            281 13320at4891          -            288   4.5e-10   36.2   0.3   1   3    0.0051      0.27    7.3   0.1    43   117    19    99    11   104 0.73 -
tig00000005:814912-815754   -            281 13320at4891          -            288   4.5e-10   36.2   0.3   2   3   8.4e-07   4.5e-05   19.7   0.0    44   128   103   198    90   216 0.77 -
tig00000005:814912-815754   -            281 13320at4891          -            288   4.5e-10   36.2   0.3   3   3    0.0069      0.37    6.9   0.0    20    73   222   274   211   279 0.79 -
tig00000023:290906-291760   -            285 13320at4891          -            288     8e-10   35.3   3.9   1   3   0.00055     0.029   10.5   0.7    49   110     8    77     2    84 0.72 -
tig00000023:290906-291760   -            285 13320at4891          -            288     8e-10   35.3   3.9   2   3   8.6e-07   4.6e-05   19.7   0.0    84   151   112   184   106   198 0.85 -
tig00000023:290906-291760   -            285 13320at4891          -            288     8e-10   35.3   3.9   3   3     0.071       3.8    3.6   0.0   225   241   229   245   222   285 0.50 -
tig00000014:436668-438272   -            535 13320at4891          -            288   8.3e-10   35.3   1.0   1   4   9.6e-06   0.00051   16.3   0.0    14    71   223   286   218   300 0.69 -
tig00000014:436668-438272   -            535 13320at4891          -            288   8.3e-10   35.3   1.0   2   4      0.23        13    1.9   0.0    53   109   325   387   321   397 0.64 -
tig00000014:436668-438272   -            535 13320at4891          -            288   8.3e-10   35.3   1.0   3   4    0.0023      0.12    8.5   0.0    13    76   361   431   353   435 0.77 -
tig00000014:436668-438272   -            535 13320at4891          -            288   8.3e-10   35.3   1.0   4   4   9.5e-05    0.0051   13.0   0.2    11    76   401   473   392   484 0.82 -
tig00000001:195246-198842   -           1199 13320at4891          -            288   1.1e-09   34.9   2.6   1   3    0.0071      0.38    6.9   0.1   211   257    55   101    45   123 0.79 -
tig00000001:195246-198842   -           1199 13320at4891          -            288   1.1e-09   34.9   2.6   2   3   0.00072     0.039   10.1   0.0    14   113   140   241   133   249 0.67 -
tig00000001:195246-198842   -           1199 13320at4891          -            288   1.1e-09   34.9   2.6   3   3   0.00011    0.0057   12.8   0.0   210   250   254   294   248   305 0.88 -
tig00000034:113188-114642   -            485 13320at4891          -            288   4.4e-09   32.9   6.2   1   3    0.0028      0.15    8.2   0.0   221   251    80   110    66   120 0.80 -
tig00000034:113188-114642   -            485 13320at4891          -            288   4.4e-09   32.9   6.2   2   3    0.0054      0.29    7.2   0.4   104   180   200   279   123   304 0.52 -
tig00000034:113188-114642   -            485 13320at4891          -            288   4.4e-09   32.9   6.2   3   3   2.7e-06   0.00015   18.1   0.4    12    72   306   375   293   387 0.74 -
tig00000010:275560-276894   -            445 13320at4891          -            288   4.7e-09   32.8   3.9   1   4   0.00093      0.05    9.8   0.3    61   116   149   211   143   214 0.76 -
tig00000010:275560-276894   -            445 13320at4891          -            288   4.7e-09   32.8   3.9   2   4   0.00015     0.008   12.4   0.0   211   241   220   250   212   258 0.86 -
tig00000010:275560-276894   -            445 13320at4891          -            288   4.7e-09   32.8   3.9   3   4       2.1   1.1e+02   -1.3   0.0   223   247   357   381   336   390 0.75 -
tig00000010:275560-276894   -            445 13320at4891          -            288   4.7e-09   32.8   3.9   4   4      0.76        41    0.2   0.0    48    72   395   420   385   430 0.74 -
tig00000005:613155-613865   -            237 13320at4891          -            288   5.2e-09   32.7   0.7   1   3   0.00057     0.031   10.5   0.0    52   116     3    72     1    80 0.82 -
tig00000005:613155-613865   -            237 13320at4891          -            288   5.2e-09   32.7   0.7   2   3   2.8e-05    0.0015   14.8   0.1    49   129    83   173    75   209 0.71 -
tig00000005:613155-613865   -            237 13320at4891          -            288   5.2e-09   32.7   0.7   3   3     0.037         2    4.5   0.0    49    69   213   233   203   237 0.81 -
tig00000018:41834-43183     -            450 13320at4891          -            288   4.8e-08   29.5   6.9   1   1   5.2e-07   2.8e-05   20.4   6.1    10   239   119   365   116   383 0.73 -
tig00000012:487139-488677   -            513 13320at4891          -            288   5.7e-08   29.2   0.4   1   3   0.00015    0.0079   12.4   0.3     8   112    36   156    29   165 0.65 -
tig00000012:487139-488677   -            513 13320at4891          -            288   5.7e-08   29.2   0.4   2   3   6.5e-05    0.0035   13.5   0.0     9    94   166   261   158   288 0.76 -
tig00000012:487139-488677   -            513 13320at4891          -            288   5.7e-08   29.2   0.4   3   3      0.57        30    0.6   0.0    12    53   259   306   251   314 0.61 -
tig00000014:571412-572308   -            299 13320at4891          -            288   6.1e-08   29.1   0.1   1   2   1.9e-07     1e-05   21.9   0.0    14   120    43   163    31   172 0.79 -
tig00000014:571412-572308   -            299 13320at4891          -            288   6.1e-08   29.1   0.1   2   2      0.03       1.6    4.8   0.0    14    39   177   203   170   217 0.87 -
tig00000007:738298-739563   -            422 13320at4891          -            288     8e-08   28.8   5.6   1   4    0.0094       0.5    6.5   0.1    10    77    91   166    80   178 0.70 -
tig00000007:738298-739563   -            422 13320at4891          -            288     8e-08   28.8   5.6   2   4     0.011      0.58    6.3   0.0   208   249   181   220   137   236 0.59 -
tig00000007:738298-739563   -            422 13320at4891          -            288     8e-08   28.8   5.6   3   4     0.019         1    5.4   0.1   221   247   240   266   235   272 0.85 -
tig00000007:738298-739563   -            422 13320at4891          -            288     8e-08   28.8   5.6   4   4    0.0096      0.51    6.4   0.1    45   108   348   418   338   420 0.72 -
tig00000001:502589-503383   -            265 13320at4891          -            288   5.3e-07   26.1   0.1   1   2   9.7e-07   5.2e-05   19.5   0.1    96   153    18    79    11   101 0.82 -
tig00000001:502589-503383   -            265 13320at4891          -            288   5.3e-07   26.1   0.1   2   2     0.056         3    3.9   0.0   216   244   101   130    92   144 0.62 -
tig00000001:1183590-1184819 -            410 13320at4891          -            288   1.1e-06   25.0   0.1   1   2   9.3e-06    0.0005   16.3   0.0    57   121   129   201   122   231 0.75 -
tig00000001:1183590-1184819 -            410 13320at4891          -            288   1.1e-06   25.0   0.1   2   2     0.019         1    5.5   0.0    44    76   244   279   222   300 0.65 -
tig00000001:983271-984236   -            322 13320at4891          -            288   1.4e-06   24.7   8.2   1   5    0.0025      0.14    8.3   0.0   123   187    12    81     2    94 0.55 -
tig00000001:983271-984236   -            322 13320at4891          -            288   1.4e-06   24.7   8.2   2   5      0.04       2.1    4.4   0.1     9    38    53    83    46   120 0.73 -
tig00000001:983271-984236   -            322 13320at4891          -            288   1.4e-06   24.7   8.2   3   5      0.12       6.6    2.8   0.2    10    58   103   153    94   158 0.72 -
tig00000001:983271-984236   -            322 13320at4891          -            288   1.4e-06   24.7   8.2   4   5    0.0046      0.25    7.5   1.6    12    58   151   202   141   227 0.77 -
tig00000001:983271-984236   -            322 13320at4891          -            288   1.4e-06   24.7   8.2   5   5     0.016      0.86    5.7   0.0   207   236   290   321   246   322 0.73 -
tig00000001:690073-693498   -           1142 13320at4891          -            288   1.7e-06   24.4   0.2   1   2    0.0028      0.15    8.2   0.0   142   243    41   145    33   160 0.76 -
tig00000001:690073-693498   -           1142 13320at4891          -            288   1.7e-06   24.4   0.2   2   2     5e-05    0.0027   13.9   0.1   202   240   190   229   179   244 0.84 -
tig00000012:377902-378939   -            346 13320at4891          -            288   4.2e-06   23.1   2.0   1   4    0.0019       0.1    8.7   0.0    49   122    13    93     5   103 0.63 -
tig00000012:377902-378939   -            346 13320at4891          -            288   4.2e-06   23.1   2.0   2   4       1.1        59   -0.3   0.1    52    81   159   189   146   193 0.81 -
tig00000012:377902-378939   -            346 13320at4891          -            288   4.2e-06   23.1   2.0   3   4    0.0027      0.14    8.3   0.1     5    42   190   228   186   277 0.81 -
tig00000012:377902-378939   -            346 13320at4891          -            288   4.2e-06   23.1   2.0   4   4      0.11       5.7    3.0   0.0    39   233   286   317   261   328 0.65 -
tig00000001:175584-177149   -            522 13320at4891          -            288   6.6e-06   22.5   0.0   1   4       2.1   1.1e+02   -1.3   0.0   213   239   189   217   175   221 0.63 -
tig00000001:175584-177149   -            522 13320at4891          -            288   6.6e-06   22.5   0.0   2   4    0.0021      0.11    8.6   0.0    86   112   339   365   324   370 0.86 -
tig00000001:175584-177149   -            522 13320at4891          -            288   6.6e-06   22.5   0.0   3   4    0.0011      0.06    9.5   0.0    49    81   393   426   381   474 0.71 -
tig00000001:175584-177149   -            522 13320at4891          -            288   6.6e-06   22.5   0.0   4   4       3.1   1.7e+02   -1.8   0.0    13    50   446   484   436   511 0.80 -
tig00000012:441659-442144   -            162 13320at4891          -            288   1.1e-05   21.7   1.9   1   1   5.9e-07   3.1e-05   20.3   1.5    49   113    69   140    32   150 0.72 -
tig00000022:39397-41541     -            715 13320at4891          -            288   1.6e-05   21.2   5.9   1   2     0.002      0.11    8.7   0.3    15   109    17   125     4   129 0.62 -
tig00000022:39397-41541     -            715 13320at4891          -            288   1.6e-05   21.2   5.9   2   2   0.00014    0.0073   12.5   0.8    17   147   146   287   128   293 0.74 -
tig00000012:849780-851159   -            460 13320at4891          -            288   2.3e-05   20.7   0.1   1   4      0.29        16    1.6   0.0    19    41    24    46    11    53 0.76 -
tig00000012:849780-851159   -            460 13320at4891          -            288   2.3e-05   20.7   0.1   2   4     0.013      0.69    6.0   0.0   209   240    71   102    54   114 0.85 -
tig00000012:849780-851159   -            460 13320at4891          -            288   2.3e-05   20.7   0.1   3   4    0.0094       0.5    6.5   0.0    13    42   147   177   141   225 0.73 -
tig00000012:849780-851159   -            460 13320at4891          -            288   2.3e-05   20.7   0.1   4   4      0.45        24    0.9   0.0    44    72   371   399   343   415 0.74 -
tig00000012:489214-491058   -            615 13320at4891          -            288   3.6e-05   20.1   3.6   1   7      0.71        38    0.3   0.0   212   259   209   258   178   262 0.75 -
tig00000012:489214-491058   -            615 13320at4891          -            288   3.6e-05   20.1   3.6   2   7     0.014      0.77    5.8   0.1    15   118   210   334   201   336 0.57 -
tig00000012:489214-491058   -            615 13320at4891          -            288   3.6e-05   20.1   3.6   3   7    0.0057       0.3    7.2   0.1    23   109   265   363   255   372 0.58 -
tig00000012:489214-491058   -            615 13320at4891          -            288   3.6e-05   20.1   3.6   4   7    0.0043      0.23    7.6   0.1    13    67   374   428   365   474 0.82 -
tig00000012:489214-491058   -            615 13320at4891          -            288   3.6e-05   20.1   3.6   5   7       2.8   1.5e+02   -1.7   0.0   143   194   468   521   436   542 0.59 -
tig00000012:489214-491058   -            615 13320at4891          -            288   3.6e-05   20.1   3.6   6   7         7   3.8e+02   -3.0   0.0   133   157   554   578   550   594 0.71 -
tig00000012:489214-491058   -            615 13320at4891          -            288   3.6e-05   20.1   3.6   7   7       8.9   4.7e+02   -3.3   0.0   222   237   596   611   585   613 0.78 -
tig00000010:319587-322274   -            896 13320at4891          -            288   4.6e-05   19.7   0.2   1   3    0.0027      0.15    8.2   0.0    42    81   293   333   268   342 0.86 -
tig00000010:319587-322274   -            896 13320at4891          -            288   4.6e-05   19.7   0.2   2   3      0.31        17    1.5   0.0   146   182   382   418   360   440 0.86 -
tig00000010:319587-322274   -            896 13320at4891          -            288   4.6e-05   19.7   0.2   3   3     0.029       1.5    4.9   0.0    40    78   600   639   573   655 0.79 -
tig00000001:720992-722107   -            372 13320at4891          -            288   5.2e-05   19.5   0.1   1   3    0.0091      0.49    6.5   0.0    56   119    72   143    38   153 0.60 -
tig00000001:720992-722107   -            372 13320at4891          -            288   5.2e-05   19.5   0.1   2   3      0.01      0.55    6.3   0.0    90   114   230   254   172   270 0.80 -
tig00000001:720992-722107   -            372 13320at4891          -            288   5.2e-05   19.5   0.1   3   3       0.2        11    2.1   0.0    13    37   285   311   273   340 0.80 -
tig00000005:1021434-1022621 -            396 13320at4891          -            288   5.3e-05   19.5   0.2   1   3       1.3        71   -0.6   0.0   224   239    29    44    10    65 0.66 -
tig00000005:1021434-1022621 -            396 13320at4891          -            288   5.3e-05   19.5   0.2   2   3      0.62        33    0.5   0.0     9    32   231   254   223   268 0.77 -
tig00000005:1021434-1022621 -            396 13320at4891          -            288   5.3e-05   19.5   0.2   3   3   2.4e-05    0.0013   14.9   0.0   213   248   295   330   283   344 0.75 -
tig00000022:404776-405999   -            408 13320at4891          -            288   6.5e-05   19.2   0.3   1   3     0.027       1.4    5.0   0.1   105   105   106   106    51   203 0.57 -
tig00000022:404776-405999   -            408 13320at4891          -            288   6.5e-05   19.2   0.3   2   3     0.052       2.8    4.0   0.1   211   256   145   191    98   263 0.74 -
tig00000022:404776-405999   -            408 13320at4891          -            288   6.5e-05   19.2   0.3   3   3    0.0086      0.46    6.6   0.0   221   248   307   335   293   345 0.83 -
tig00000005:195583-197937   -            785 13320at4891          -            288   9.6e-05   18.7   1.1   1   4    0.0001    0.0054   12.9   0.0    79   147    53   129    22   144 0.76 -
tig00000005:195583-197937   -            785 13320at4891          -            288   9.6e-05   18.7   1.1   2   4       2.6   1.4e+02   -1.5   0.0    95   114   220   239   201   245 0.84 -
tig00000005:195583-197937   -            785 13320at4891          -            288   9.6e-05   18.7   1.1   3   4      0.87        47    0.0   0.0    11    37   385   412   379   419 0.87 -
tig00000005:195583-197937   -            785 13320at4891          -            288   9.6e-05   18.7   1.1   4   4         1        54   -0.2   0.0    95   111   669   685   660   694 0.80 -
tig00000012:401735-403267   -            511 13320at4891          -            288   0.00016   18.0   1.5   1   2   0.00025     0.013   11.6   0.2    11    63   321   373   313   401 0.78 -
tig00000012:401735-403267   -            511 13320at4891          -            288   0.00016   18.0   1.5   2   2     0.032       1.7    4.7   0.1    10    40   416   448   410   456 0.73 -
tig00000010:92017-92973     -            319 13320at4891          -            288   0.00016   17.9   0.7   1   2    0.0011     0.059    9.5   0.1    48   113    42   117    34   134 0.55 -
tig00000010:92017-92973     -            319 13320at4891          -            288   0.00016   17.9   0.7   2   2     0.012      0.65    6.1   0.0   211   240   193   223   186   230 0.84 -
tig00000012:470900-471844   -            315 13320at4891          -            288   0.00038   16.7   0.2   1   4       1.2        65   -0.5   0.0    26    49     2    25     1    44 0.74 -
tig00000012:470900-471844   -            315 13320at4891          -            288   0.00038   16.7   0.2   2   4       4.6   2.5e+02   -2.4   0.0   101   130    31    60    19    63 0.78 -
tig00000012:470900-471844   -            315 13320at4891          -            288   0.00038   16.7   0.2   3   4   0.00015    0.0083   12.3   0.0    95   176   104   188    90   229 0.80 -
tig00000012:470900-471844   -            315 13320at4891          -            288   0.00038   16.7   0.2   4   4       1.1        58   -0.3   0.0    25    41   257   273   245   280 0.66 -
tig00000018:569634-570797   -            388 13320at4891          -            288   0.00045   16.5   0.5   1   3     0.003      0.16    8.1   0.1    43    83    57    96    35   133 0.70 -
tig00000018:569634-570797   -            388 13320at4891          -            288   0.00045   16.5   0.5   2   3      0.17       8.9    2.4   0.0    10    43   146   181   137   199 0.59 -
tig00000018:569634-570797   -            388 13320at4891          -            288   0.00045   16.5   0.5   3   3      0.29        15    1.6   0.0    97   160   308   364   293   377 0.60 -
tig00000022:411540-412517   -            326 13320at4891          -            288   0.00066   15.9   0.5   1   3      0.54        29    0.7   0.0    45   109    23    96    10   106 0.59 -
tig00000022:411540-412517   -            326 13320at4891          -            288   0.00066   15.9   0.5   2   3    0.0017     0.092    8.9   0.0    14    42   113   142   109   153 0.81 -
tig00000022:411540-412517   -            326 13320at4891          -            288   0.00066   15.9   0.5   3   3      0.14       7.7    2.6   0.0   213   235   301   321   245   326 0.63 -
tig00000078:89274-91226     -            651 13320at4891          -            288    0.0019   14.4   0.4   1   2      0.91        49   -0.1   0.0    14    41    84   113    80   123 0.71 -
tig00000078:89274-91226     -            651 13320at4891          -            288    0.0019   14.4   0.4   2   2   0.00028     0.015   11.4   0.1    92   156   152   218   135   237 0.80 -
tig00000005:792126-793166   -            347 13320at4891          -            288    0.0043   13.2   0.3   1   3    0.0022      0.12    8.5   0.1    55   115    18    91     8   123 0.64 -
tig00000005:792126-793166   -            347 13320at4891          -            288    0.0043   13.2   0.3   2   3       3.4   1.8e+02   -1.9   0.0   211   246   110   147    90   151 0.72 -
tig00000005:792126-793166   -            347 13320at4891          -            288    0.0043   13.2   0.3   3   3      0.27        14    1.7   0.0   214   245   309   340   289   345 0.74 -
tig00000005:853848-855902   -            685 13320at4891          -            288     0.005   13.0   0.3   1   3      0.81        43    0.1   0.0    96   119    13    36     9    42 0.84 -
tig00000005:853848-855902   -            685 13320at4891          -            288     0.005   13.0   0.3   2   3     0.063       3.4    3.7   0.1    96   120    58    82    54    86 0.91 -
tig00000005:853848-855902   -            685 13320at4891          -            288     0.005   13.0   0.3   3   3      0.05       2.7    4.1   0.0   215   245    91   121    83   139 0.65 -
tig00000005:959007-960584   -            526 13320at4891          -            288    0.0051   13.0   1.2   1   4       2.9   1.6e+02   -1.7   0.0   225   240   102   117    57   146 0.63 -
tig00000005:959007-960584   -            526 13320at4891          -            288    0.0051   13.0   1.2   2   4       0.2        11    2.1   0.0   205   239   180   213   165   221 0.85 -
tig00000005:959007-960584   -            526 13320at4891          -            288    0.0051   13.0   1.2   3   4       1.5        82   -0.8   0.0   212   243   236   268   227   279 0.73 -
tig00000005:959007-960584   -            526 13320at4891          -            288    0.0051   13.0   1.2   4   4    0.0074       0.4    6.8   0.0    11    41   292   322   284   351 0.87 -
tig00000034:231171-232961   -            597 13320at4891          -            288     0.011   11.9   0.0   1   3     0.045       2.4    4.2   0.0    97   116   319   338   302   344 0.86 -
tig00000034:231171-232961   -            597 13320at4891          -            288     0.011   11.9   0.0   2   3      0.16       8.4    2.4   0.0   220   241   424   445   408   452 0.80 -
tig00000034:231171-232961   -            597 13320at4891          -            288     0.011   11.9   0.0   3   3      0.69        37    0.3   0.0    50    82   463   496   459   519 0.80 -
#
# Program:         hmmsearch
# Version:         3.1b2 (February 2015)
# Pipeline mode:   SEARCH
# Query file:      /home/inf-38-2022/BINP29/longread/2/busco_downloads/lineages/saccharomycetes_odb10/hmms/13320at4891.hmm
# Target file:     /home/inf-38-2022/BINP29/longread/2/Results/04_Busco/canu/run_saccharomycetes_odb10/metaeuk_output/initial_results/asm.contigs.fasta.modified.fas
# Option settings: hmmsearch --domtblout /home/inf-38-2022/BINP29/longread/2/Results/04_Busco/canu/run_saccharomycetes_odb10/hmmer_output/initial_run_results/13320at4891.out --cpu 1 /home/inf-38-2022/BINP29/longread/2/busco_downloads/lineages/saccharomycetes_odb10/hmms/13320at4891.hmm /home/inf-38-2022/BINP29/longread/2/Results/04_Busco/canu/run_saccharomycetes_odb10/metaeuk_output/initial_results/asm.contigs.fasta.modified.fas 
# Current dir:     /home/inf-38-2022/BINP29/longread/2
# Date:            Thu Feb 23 14:06:08 2023
# [ok]
