#                                                                                 --- full sequence --- -------------- this domain -------------   hmm coord   ali coord   env coord
# target name             accession   tlen query name           accession   qlen   E-value  score  bias   #  of  c-Evalue  i-Evalue  score  bias  from    to  from    to  from    to  acc description of target
#     ------------------- ---------- ----- -------------------- ---------- ----- --------- ------ ----- --- --- --------- --------- ------ ----- ----- ----- ----- ----- ----- ----- ---- ---------------------
tig00000078:509829-511247 -            473 13407at4891          -            360  5.6e-140  463.7  11.3   1   2     9e-15   4.9e-12   42.8   0.1     1    36     1    36     1    40 0.95 -
tig00000078:509829-511247 -            473 13407at4891          -            360  5.6e-140  463.7  11.3   2   2  5.8e-130  3.2e-127  421.8   7.1    34   359    56   447    49   448 0.87 -
tig00000038:214719-215981 -            421 13407at4891          -            360   1.6e-75  251.7   2.1   1   1   6.8e-76   3.7e-73  243.9   2.1     4   352     2   421     1   421 0.78 -
tig00000012:896094-897401 -            436 13407at4891          -            360   1.1e-57  193.0   0.2   1   2   6.8e-05     0.037   10.3   0.2    10    36     1    27     1    32 0.94 -
tig00000012:896094-897401 -            436 13407at4891          -            360   1.1e-57  193.0   0.2   2   2   5.6e-56   3.1e-53  178.4   0.0    38   354    52   427    43   435 0.77 -
tig00000012:820216-821487 -            424 13407at4891          -            360   1.6e-57  192.5   0.0   1   2    0.0003      0.16    8.2   0.1    11    36     1    26     1    31 0.94 -
tig00000012:820216-821487 -            424 13407at4891          -            360   1.6e-57  192.5   0.0   2   2     2e-56   1.1e-53  179.9   0.0    38   349    51   421    42   424 0.74 -
tig00000012:245967-247388 -            474 13407at4891          -            360     3e-05   20.5   0.1   1   2     0.027        15    1.8   0.0     3    32     2    37     1    69 0.63 -
tig00000012:245967-247388 -            474 13407at4891          -            360     3e-05   20.5   0.1   2   2   1.4e-06   0.00075   15.9   0.1    74   134   170   234   160   239 0.82 -
#
# Program:         hmmsearch
# Version:         3.1b2 (February 2015)
# Pipeline mode:   SEARCH
# Query file:      /home/inf-38-2022/BINP29/longread/2/busco_downloads/lineages/saccharomycetes_odb10/hmms/13407at4891.hmm
# Target file:     /home/inf-38-2022/BINP29/longread/2/Results/04_Busco/canu/run_saccharomycetes_odb10/metaeuk_output/initial_results/asm.contigs.fasta.modified.fas
# Option settings: hmmsearch --domtblout /home/inf-38-2022/BINP29/longread/2/Results/04_Busco/canu/run_saccharomycetes_odb10/hmmer_output/initial_run_results/13407at4891.out --cpu 1 /home/inf-38-2022/BINP29/longread/2/busco_downloads/lineages/saccharomycetes_odb10/hmms/13407at4891.hmm /home/inf-38-2022/BINP29/longread/2/Results/04_Busco/canu/run_saccharomycetes_odb10/metaeuk_output/initial_results/asm.contigs.fasta.modified.fas 
# Current dir:     /home/inf-38-2022/BINP29/longread/2
# Date:            Thu Feb 23 14:06:08 2023
# [ok]
