#                                                                                   --- full sequence --- -------------- this domain -------------   hmm coord   ali coord   env coord
# target name               accession   tlen query name           accession   qlen   E-value  score  bias   #  of  c-Evalue  i-Evalue  score  bias  from    to  from    to  from    to  acc description of target
#       ------------------- ---------- ----- -------------------- ---------- ----- --------- ------ ----- --- --- --------- --------- ------ ----- ----- ----- ----- ----- ----- ----- ---- ---------------------
tig00000005:792126-793166   -            347 14374at4891          -            263  2.3e-124  411.4   2.5   1   2   3.2e-97   1.5e-95  316.9   0.1     1   209     1   247     1   257 0.90 -
tig00000005:792126-793166   -            347 14374at4891          -            263  2.3e-124  411.4   2.5   2   2   9.4e-29   4.4e-27   92.5   0.4   209   263   291   347   286   347 0.95 -
tig00000001:983271-984236   -            322 14374at4891          -            263   4.1e-25   86.0  14.8   1   4   8.2e-09   3.8e-07   27.1   0.2    16    87    16    87    10    98 0.85 -
tig00000001:983271-984236   -            322 14374at4891          -            263   4.1e-25   86.0  14.8   2   4     1e-16   4.8e-15   53.0   2.0     4   134    99   229    96   240 0.89 -
tig00000001:983271-984236   -            322 14374at4891          -            263   4.1e-25   86.0  14.8   3   4   2.1e-05   0.00098   15.9   0.0    70   133   211   278   210   287 0.84 -
tig00000001:983271-984236   -            322 14374at4891          -            263   4.1e-25   86.0  14.8   4   4    0.0023      0.11    9.3   0.5   192   247   260   321   260   322 0.76 -
tig00000037:93821-94819     -            333 14374at4891          -            263     6e-24   82.2   8.4   1   4   1.9e-07   8.8e-06   22.6   0.0     7    86     2    85     1    97 0.86 -
tig00000037:93821-94819     -            333 14374at4891          -            263     6e-24   82.2   8.4   2   4     4e-07   1.9e-05   21.6   0.2    24   123    69   161    68   206 0.84 -
tig00000037:93821-94819     -            333 14374at4891          -            263     6e-24   82.2   8.4   3   4   2.7e-12   1.3e-10   38.5   0.2     5    87   216   294   211   301 0.90 -
tig00000037:93821-94819     -            333 14374at4891          -            263     6e-24   82.2   8.4   4   4   0.00061     0.028   11.2   0.3   220   248   304   332   292   333 0.86 -
tig00000018:41834-43183     -            450 14374at4891          -            263   1.1e-19   68.2   1.0   1   3    0.0012     0.056   10.2   0.1    39    84   106   149    65   153 0.65 -
tig00000018:41834-43183     -            450 14374at4891          -            263   1.1e-19   68.2   1.0   2   3   2.4e-13   1.1e-11   42.0   0.3     2   131   155   277   154   303 0.86 -
tig00000018:41834-43183     -            450 14374at4891          -            263   1.1e-19   68.2   1.0   3   3   0.00017    0.0076   13.0   0.0   192   249   304   364   295   369 0.82 -
tig00000078:494342-496789   -            816 14374at4891          -            263   1.1e-19   68.2   6.9   1   5       4.3     2e+02   -1.5   0.0     8    42    60    94    53   108 0.76 -
tig00000078:494342-496789   -            816 14374at4891          -            263   1.1e-19   68.2   6.9   2   5    0.0011      0.05   10.3   0.0    24   128   117   223   105   244 0.66 -
tig00000078:494342-496789   -            816 14374at4891          -            263   1.1e-19   68.2   6.9   3   5   0.00016    0.0075   13.1   0.0     6    82   385   466   381   480 0.86 -
tig00000078:494342-496789   -            816 14374at4891          -            263   1.1e-19   68.2   6.9   4   5   0.00017    0.0079   13.0   0.1    50   109   488   542   473   543 0.80 -
tig00000078:494342-496789   -            816 14374at4891          -            263   1.1e-19   68.2   6.9   5   5   3.5e-11   1.6e-09   34.9   0.4     5   147   529   663   525   690 0.84 -
tig00000010:895817-897205   -            463 14374at4891          -            263   2.9e-17   60.3   0.1   1   3     0.085       3.9    4.1   0.0    24    86   189   249   177   259 0.80 -
tig00000010:895817-897205   -            463 14374at4891          -            263   2.9e-17   60.3   0.1   2   3   2.9e-11   1.3e-09   35.2   0.0     6   132   261   379   257   389 0.91 -
tig00000010:895817-897205   -            463 14374at4891          -            263   2.9e-17   60.3   0.1   3   3   6.9e-06   0.00032   17.5   0.1     7    82   390   463   384   463 0.86 -
tig00000037:112469-115222   -            918 14374at4891          -            263     3e-17   60.3   5.1   1   4      0.61        28    1.3   0.0   202   248    37    83    33    97 0.78 -
tig00000037:112469-115222   -            918 14374at4891          -            263     3e-17   60.3   5.1   2   4     1e-05   0.00048   17.0   0.2    51   236   144   318   130   336 0.76 -
tig00000037:112469-115222   -            918 14374at4891          -            263     3e-17   60.3   5.1   3   4   1.9e-08   8.7e-07   25.9   0.0     6    91   342   423   339   434 0.87 -
tig00000037:112469-115222   -            918 14374at4891          -            263     3e-17   60.3   5.1   4   4   8.9e-05    0.0041   13.9   0.0    23    84   444   502   434   557 0.72 -
tig00000034:113188-114642   -            485 14374at4891          -            263   7.8e-16   55.6   3.5   1   2   1.2e-08   5.7e-07   26.5   0.0     6    95    64   161    56   170 0.84 -
tig00000034:113188-114642   -            485 14374at4891          -            263   7.8e-16   55.6   3.5   2   2   6.7e-09   3.1e-07   27.4   1.5    89   251   208   379   199   388 0.71 -
tig00000018:621173-622084   -            304 14374at4891          -            263   8.1e-15   52.3   5.9   1   4     0.062       2.9    4.6   0.0    68    87     4    23     2    43 0.72 -
tig00000018:621173-622084   -            304 14374at4891          -            263   8.1e-15   52.3   5.9   2   4   8.5e-08   3.9e-06   23.8   0.0    22   132    45   148    27   151 0.83 -
tig00000018:621173-622084   -            304 14374at4891          -            263   8.1e-15   52.3   5.9   3   4    0.0027      0.13    9.0   0.0   192   250   132   190   113   203 0.77 -
tig00000018:621173-622084   -            304 14374at4891          -            263   8.1e-15   52.3   5.9   4   4   1.2e-06   5.8e-05   20.0   2.1     7    86   206   282   198   291 0.86 -
tig00000037:74530-75222     -            231 14374at4891          -            263   1.3e-14   51.6   0.4   1   3   6.1e-07   2.8e-05   21.0   0.0   191   248    11    68     1    80 0.70 -
tig00000037:74530-75222     -            231 14374at4891          -            263   1.3e-14   51.6   0.4   2   3   1.1e-08   5.2e-07   26.7   0.0     6   109    37   140    34   141 0.85 -
tig00000037:74530-75222     -            231 14374at4891          -            263   1.3e-14   51.6   0.4   3   3   6.7e-05    0.0031   14.3   0.1     6    88   128   218   123   229 0.68 -
tig00000034:379525-382353   -            943 14374at4891          -            263   6.6e-14   49.3  20.4   1   5    0.0067      0.31    7.8   0.1   191   248    92   149    87   158 0.78 -
tig00000034:379525-382353   -            943 14374at4891          -            263   6.6e-14   49.3  20.4   2   5      0.02      0.91    6.2   0.8   195   254   179   236   170   240 0.80 -
tig00000034:379525-382353   -            943 14374at4891          -            263   6.6e-14   49.3  20.4   3   5    0.0025      0.11    9.2   0.1   197   250   449   503   442   510 0.52 -
tig00000034:379525-382353   -            943 14374at4891          -            263   6.6e-14   49.3  20.4   4   5   2.5e-05    0.0011   15.7   0.2    22   110   544   625   529   627 0.77 -
tig00000034:379525-382353   -            943 14374at4891          -            263   6.6e-14   49.3  20.4   5   5   1.2e-07   5.8e-06   23.3   1.2     7    90   613   692   609   707 0.89 -
tig00000001:1183590-1184819 -            410 14374at4891          -            263   9.9e-14   48.7   0.1   1   3   1.3e-06     6e-05   19.9   0.0    21    94   130   200   115   211 0.84 -
tig00000001:1183590-1184819 -            410 14374at4891          -            263   9.9e-14   48.7   0.1   2   3   9.5e-06   0.00044   17.1   0.1    37   106   232   299   215   309 0.81 -
tig00000001:1183590-1184819 -            410 14374at4891          -            263   9.9e-14   48.7   0.1   3   3    0.0056      0.26    8.0   0.0     6    74   333   402   328   408 0.85 -
tig00000014:571412-572308   -            299 14374at4891          -            263   7.6e-13   45.8   0.1   1   2   1.3e-06   5.8e-05   20.0   0.0     3    88    34   114    32   119 0.88 -
tig00000014:571412-572308   -            299 14374at4891          -            263   7.6e-13   45.8   0.1   2   2   4.4e-10   2.1e-08   31.3   0.0    22   142    94   215    93   231 0.83 -
tig00000083:182049-182867   -            273 14374at4891          -            263   1.2e-12   45.1   3.8   1   3      0.42        19    1.9   0.0    73   104     2    33     1    35 0.89 -
tig00000083:182049-182867   -            273 14374at4891          -            263   1.2e-12   45.1   3.8   2   3   6.6e-10   3.1e-08   30.7   1.9     6   137    23   141    18   147 0.81 -
tig00000083:182049-182867   -            273 14374at4891          -            263   1.2e-12   45.1   3.8   3   3    0.0015     0.069    9.9   0.0    20    89   205   268   192   272 0.74 -
tig00000001:720992-722107   -            372 14374at4891          -            263   1.3e-12   45.1   1.0   1   5         4   1.9e+02   -1.4   0.0   101   158    17    73    15    81 0.73 -
tig00000001:720992-722107   -            372 14374at4891          -            263   1.3e-12   45.1   1.0   2   5   5.2e-05    0.0024   14.7   0.1   193   248    76   133    41   144 0.71 -
tig00000001:720992-722107   -            372 14374at4891          -            263   1.3e-12   45.1   1.0   3   5       1.3        62    0.2   0.0    94   121   168   196   161   217 0.76 -
tig00000001:720992-722107   -            372 14374at4891          -            263   1.3e-12   45.1   1.0   4   5      0.87        40    0.8   0.0   192   211   235   254   229   263 0.74 -
tig00000001:720992-722107   -            372 14374at4891          -            263   1.3e-12   45.1   1.0   5   5   1.4e-07   6.4e-06   23.1   0.1    44   106   274   338   268   349 0.75 -
tig00000005:195583-197937   -            785 14374at4891          -            263   2.1e-12   44.4   7.9   1   6   7.7e-05    0.0036   14.1   0.2    23   130    28   131    16   158 0.73 -
tig00000005:195583-197937   -            785 14374at4891          -            263   2.1e-12   44.4   7.9   2   6       0.4        18    1.9   0.0    48    84   197   235   174   262 0.73 -
tig00000005:195583-197937   -            785 14374at4891          -            263   2.1e-12   44.4   7.9   3   6       3.3   1.5e+02   -1.1   0.0    51    85   279   311   249   328 0.65 -
tig00000005:195583-197937   -            785 14374at4891          -            263   2.1e-12   44.4   7.9   4   6      0.19       8.8    3.0   0.0   192   252   572   638   569   644 0.54 -
tig00000005:195583-197937   -            785 14374at4891          -            263   2.1e-12   44.4   7.9   5   6   1.7e-07   7.7e-06   22.8   0.1     8    86   605   686   598   694 0.82 -
tig00000005:195583-197937   -            785 14374at4891          -            263   2.1e-12   44.4   7.9   6   6      0.11       5.1    3.8   0.0   172   220   699   747   691   761 0.92 -
tig00000010:208878-211913   -           1012 14374at4891          -            263   2.3e-12   44.2   5.3   1   4     1e-08   4.8e-07   26.8   0.2     7   140   177   310   172   318 0.73 -
tig00000010:208878-211913   -           1012 14374at4891          -            263   2.3e-12   44.2   5.3   2   4      0.17       7.9    3.1   0.0    21    91   677   746   668   778 0.75 -
tig00000010:208878-211913   -           1012 14374at4891          -            263   2.3e-12   44.2   5.3   3   4   0.00054     0.025   11.3   0.0    67   134   779   848   758   860 0.78 -
tig00000010:208878-211913   -           1012 14374at4891          -            263   2.3e-12   44.2   5.3   4   4      0.46        21    1.7   0.0    21    49   948   976   935   989 0.79 -
tig00000038:154278-154922   -            215 14374at4891          -            263   5.2e-12   43.1   0.9   1   3   7.5e-08   3.5e-06   24.0   0.0    18    87    13    77     3    81 0.88 -
tig00000038:154278-154922   -            215 14374at4891          -            263   5.2e-12   43.1   0.9   2   3    0.0085      0.39    7.4   0.0    48    84    82   118    79   127 0.89 -
tig00000038:154278-154922   -            215 14374at4891          -            263   5.2e-12   43.1   0.9   3   3    0.0034      0.16    8.7   0.1    65   104   162   198   135   211 0.69 -
tig00000014:605092-607482   -            797 14374at4891          -            263     1e-11   42.1   0.6   1   1   5.2e-07   2.4e-05   21.2   0.0     6   131   606   724   601   731 0.82 -
tig00000023:290906-291760   -            285 14374at4891          -            263   1.5e-11   41.6   4.3   1   3   6.8e-07   3.1e-05   20.8   0.2     6    83     2    76     1    83 0.88 -
tig00000023:290906-291760   -            285 14374at4891          -            263   1.5e-11   41.6   4.3   2   3    0.0091      0.42    7.3   0.1    65    91   121   147    94   162 0.69 -
tig00000023:290906-291760   -            285 14374at4891          -            263   1.5e-11   41.6   4.3   3   3   0.00029     0.013   12.2   0.3     5    53   149   197   143   282 0.75 -
tig00000022:404776-405999   -            408 14374at4891          -            263   1.6e-11   41.5   0.6   1   2   2.7e-10   1.3e-08   32.0   0.2    22   174    57   218    52   276 0.87 -
tig00000022:404776-405999   -            408 14374at4891          -            263   1.6e-11   41.5   0.6   2   2     0.011      0.49    7.1   0.0   225   253   301   329   284   337 0.55 -
tig00000014:211666-214185   -            840 14374at4891          -            263     3e-11   40.6   3.5   1   4     0.022         1    6.1   0.0   217   249    14    46     6    56 0.84 -
tig00000014:211666-214185   -            840 14374at4891          -            263     3e-11   40.6   3.5   2   4    0.0001    0.0047   13.7   0.2     8    92    78   174    73   177 0.67 -
tig00000014:211666-214185   -            840 14374at4891          -            263     3e-11   40.6   3.5   3   4     0.002     0.095    9.4   0.1     7    40   177   210   172   220 0.89 -
tig00000014:211666-214185   -            840 14374at4891          -            263     3e-11   40.6   3.5   4   4    0.0074      0.34    7.6   0.0   192   250   327   386   322   392 0.86 -
tig00000001:195246-198842   -           1199 14374at4891          -            263   4.9e-11   39.9   2.6   1   3      0.14       6.4    3.4   0.0   214   249    45    82    35    91 0.80 -
tig00000001:195246-198842   -           1199 14374at4891          -            263   4.9e-11   39.9   2.6   2   3   0.00014    0.0067   13.2   0.2     6    88    92   170    88   178 0.79 -
tig00000001:195246-198842   -           1199 14374at4891          -            263   4.9e-11   39.9   2.6   3   3   1.1e-06   4.9e-05   20.2   0.0    60   132   213   284   206   297 0.78 -
tig00000022:39397-41541     -            715 14374at4891          -            263   5.6e-10   36.4   8.3   1   5     0.081       3.7    4.2   0.0    43    87     3    44     1    71 0.77 -
tig00000022:39397-41541     -            715 14374at4891          -            263   5.6e-10   36.4   8.3   2   5    0.0018     0.084    9.6   0.8    23    85   111   168    96   175 0.53 -
tig00000022:39397-41541     -            715 14374at4891          -            263   5.6e-10   36.4   8.3   3   5   6.8e-07   3.2e-05   20.8   0.1     1   133   171   292   171   306 0.78 -
tig00000022:39397-41541     -            715 14374at4891          -            263   5.6e-10   36.4   8.3   4   5      0.15       7.1    3.3   0.1    24    50   275   301   266   318 0.80 -
tig00000022:39397-41541     -            715 14374at4891          -            263   5.6e-10   36.4   8.3   5   5       1.9        87   -0.3   0.0   218   252   350   386   334   391 0.80 -
tig00000007:828201-829577   -            459 14374at4891          -            263   6.9e-10   36.1   4.7   1   4   0.00054     0.025   11.3   0.1    68   135   116   176   106   209 0.68 -
tig00000007:828201-829577   -            459 14374at4891          -            263   6.9e-10   36.1   4.7   2   4      0.16       7.2    3.3   0.0    51   117   206   268   192   280 0.76 -
tig00000007:828201-829577   -            459 14374at4891          -            263   6.9e-10   36.1   4.7   3   4       1.5        71    0.0   0.0    69    87   302   320   280   339 0.60 -
tig00000007:828201-829577   -            459 14374at4891          -            263   6.9e-10   36.1   4.7   4   4   2.2e-06    0.0001   19.2   0.1    24   127   344   451   339   457 0.75 -
tig00000012:849780-851159   -            460 14374at4891          -            263   9.4e-10   35.7   0.9   1   3     0.066         3    4.5   0.0   229   253    24    48     7    56 0.74 -
tig00000012:849780-851159   -            460 14374at4891          -            263   9.4e-10   35.7   0.9   2   3   5.2e-07   2.4e-05   21.2   0.0   215   253    64   104    50   112 0.76 -
tig00000012:849780-851159   -            460 14374at4891          -            263   9.4e-10   35.7   0.9   3   3     0.014      0.63    6.7   0.0   192   240   159   208   143   229 0.78 -
tig00000012:489214-491058   -            615 14374at4891          -            263   9.6e-10   35.6   4.0   1   5         2        95   -0.4   0.0    50    88    60    99    16   139 0.55 -
tig00000012:489214-491058   -            615 14374at4891          -            263   9.6e-10   35.6   4.0   2   5   5.9e-05    0.0027   14.5   0.0    11   131   208   327   199   340 0.65 -
tig00000012:489214-491058   -            615 14374at4891          -            263   9.6e-10   35.6   4.0   3   5      0.75        35    1.0   0.2    36    82   355   398   321   424 0.72 -
tig00000012:489214-491058   -            615 14374at4891          -            263   9.6e-10   35.6   4.0   4   5       0.6        28    1.3   0.0   163   213   425   480   413   485 0.71 -
tig00000012:489214-491058   -            615 14374at4891          -            263   9.6e-10   35.6   4.0   5   5   6.5e-05     0.003   14.3   0.1   172   248   529   611   505   614 0.77 -
tig00000010:92017-92973     -            319 14374at4891          -            263   1.1e-09   35.5   0.1   1   4   1.4e-06   6.5e-05   19.8   0.1    60   132    47   116    41   126 0.80 -
tig00000010:92017-92973     -            319 14374at4891          -            263   1.1e-09   35.5   0.1   2   4    0.0017     0.079    9.7   0.0   189   251    96   157    95   161 0.83 -
tig00000010:92017-92973     -            319 14374at4891          -            263   1.1e-09   35.5   0.1   3   4    0.0094      0.43    7.3   0.0    25    86   163   223   142   232 0.62 -
tig00000010:92017-92973     -            319 14374at4891          -            263   1.1e-09   35.5   0.1   4   4      0.11       5.3    3.7   0.0   157   194   273   310   265   319 0.77 -
tig00000001:107892-111701   -           1270 14374at4891          -            263   4.9e-09   33.3   0.3   1   3    0.0011     0.051   10.3   0.1   190   251    74   140    26   148 0.83 -
tig00000001:107892-111701   -           1270 14374at4891          -            263   4.9e-09   33.3   0.3   2   3       1.8        82   -0.2   0.1    56   118   163   227   156   233 0.65 -
tig00000001:107892-111701   -           1270 14374at4891          -            263   4.9e-09   33.3   0.3   3   3   1.5e-06   7.1e-05   19.7   0.0    24   146   225   347   209   359 0.81 -
tig00000005:814912-815754   -            281 14374at4891          -            263   7.9e-09   32.6   5.2   1   4     0.026       1.2    5.8   0.3   201   253     3    55     1    63 0.87 -
tig00000005:814912-815754   -            281 14374at4891          -            263   7.9e-09   32.6   5.2   2   4   1.3e-05    0.0006   16.6   0.2   191   249    76   135    68   142 0.88 -
tig00000005:814912-815754   -            281 14374at4891          -            263   7.9e-09   32.6   5.2   3   4     0.084       3.9    4.2   0.0    48    95   143   191   134   200 0.80 -
tig00000005:814912-815754   -            281 14374at4891          -            263   7.9e-09   32.6   5.2   4   4      0.03       1.4    5.6   0.0   191   248   215   274   200   279 0.67 -
tig00000010:275560-276894   -            445 14374at4891          -            263   4.3e-08   30.2   0.9   1   4      0.47        22    1.7   0.0    67    91   146   170   119   190 0.64 -
tig00000010:275560-276894   -            445 14374at4891          -            263   4.3e-08   30.2   0.9   2   4   1.3e-07   6.2e-06   23.2   0.1     2   138   169   297   168   319 0.85 -
tig00000010:275560-276894   -            445 14374at4891          -            263   4.3e-08   30.2   0.9   3   4       4.9   2.3e+02   -1.6   0.0   193   259   317   382   291   386 0.61 -
tig00000010:275560-276894   -            445 14374at4891          -            263   4.3e-08   30.2   0.9   4   4      0.53        24    1.5   0.0    17    41   401   425   391   432 0.70 -
tig00000012:470900-471844   -            315 14374at4891          -            263   6.6e-08   29.6   0.5   1   4    0.0036      0.17    8.6   0.0   193   213     1    21     1    32 0.85 -
tig00000012:470900-471844   -            315 14374at4891          -            263   6.6e-08   29.6   0.5   2   4   0.00017    0.0076   13.0   0.2    49    91    87   126    83   141 0.88 -
tig00000012:470900-471844   -            315 14374at4891          -            263   6.6e-08   29.6   0.5   3   4       3.9   1.8e+02   -1.3   0.0   161   194   159   192   129   207 0.59 -
tig00000012:470900-471844   -            315 14374at4891          -            263   6.6e-08   29.6   0.5   4   4      0.13       5.8    3.6   0.0   186   212   251   276   227   313 0.69 -
tig00000001:690073-693498   -           1142 14374at4891          -            263   8.7e-08   29.2   2.2   1   2    0.0026      0.12    9.1   0.2    28    89    84   145    67   152 0.80 -
tig00000001:690073-693498   -           1142 14374at4891          -            263   8.7e-08   29.2   2.2   2   2   1.7e-06   7.7e-05   19.6   0.2    13    94   158   237   145   294 0.79 -
tig00000018:569634-570797   -            388 14374at4891          -            263   3.9e-07   27.1   0.5   1   3     0.016      0.73    6.5   0.1    24   100    28   101    21   131 0.71 -
tig00000018:569634-570797   -            388 14374at4891          -            263   3.9e-07   27.1   0.5   2   3     0.023       1.1    6.0   0.1    30   107   124   199   117   231 0.62 -
tig00000018:569634-570797   -            388 14374at4891          -            263   3.9e-07   27.1   0.5   3   3   0.00057     0.027   11.2   0.0    50    87   287   324   277   327 0.94 -
tig00000012:377902-378939   -            346 14374at4891          -            263   4.6e-07   26.8   0.5   1   4   1.2e-05   0.00055   16.8   0.0     5   131     6   128     1   142 0.78 -
tig00000012:377902-378939   -            346 14374at4891          -            263   4.6e-07   26.8   0.5   2   4   0.00062     0.029   11.1   0.0     7   118    50   157    45   169 0.73 -
tig00000012:377902-378939   -            346 14374at4891          -            263   4.6e-07   26.8   0.5   3   4       0.2       9.1    2.9   0.2    21    73   165   215   146   248 0.76 -
tig00000012:377902-378939   -            346 14374at4891          -            263   4.6e-07   26.8   0.5   4   4      0.18       8.3    3.1   0.0   226   249   299   322   262   332 0.76 -
tig00000014:599591-600409   -            273 14374at4891          -            263   5.4e-07   26.6   2.1   1   4       3.7   1.7e+02   -1.2   0.0    25    39     2    16     1    30 0.59 -
tig00000014:599591-600409   -            273 14374at4891          -            263   5.4e-07   26.6   2.1   2   4      0.17       7.9    3.1   0.1   217   250    53    87    42    96 0.73 -
tig00000014:599591-600409   -            273 14374at4891          -            263   5.4e-07   26.6   2.1   3   4    0.0013     0.061   10.1   0.0   177   253   110   186    95   193 0.49 -
tig00000014:599591-600409   -            273 14374at4891          -            263   5.4e-07   26.6   2.1   4   4    0.0011     0.049   10.4   0.0    52   129   195   269   191   272 0.75 -
tig00000061:551101-551736   -            212 14374at4891          -            263   6.7e-07   26.3   0.3   1   3      0.14       6.6    3.4   0.0    69    92    14    37     8    56 0.86 -
tig00000061:551101-551736   -            212 14374at4891          -            263   6.7e-07   26.3   0.3   2   3     0.028       1.3    5.7   0.0   191   210    77    96    42   103 0.73 -
tig00000061:551101-551736   -            212 14374at4891          -            263   6.7e-07   26.3   0.3   3   3   7.5e-05    0.0035   14.1   0.1     6    99   103   188    98   201 0.78 -
tig00000007:822235-822930   -            232 14374at4891          -            263   7.9e-07   26.1   6.3   1   3    0.0086       0.4    7.4   0.2   182   218    57    95    36   106 0.72 -
tig00000007:822235-822930   -            232 14374at4891          -            263   7.9e-07   26.1   6.3   2   3   5.6e-06   0.00026   17.8   1.2     7    86    97   172    91   191 0.84 -
tig00000007:822235-822930   -            232 14374at4891          -            263   7.9e-07   26.1   6.3   3   3      0.23        11    2.7   0.0    69    83   218   232   210   232 0.85 -
tig00000078:89274-91226     -            651 14374at4891          -            263   1.7e-06   25.0   0.2   1   2    0.0021     0.097    9.4   0.1     4    90    76   176    73   180 0.64 -
tig00000078:89274-91226     -            651 14374at4891          -            263   1.7e-06   25.0   0.2   2   2   0.00035     0.016   12.0   0.0     5    46   178   218   174   335 0.65 -
tig00000005:1021434-1022621 -            396 14374at4891          -            263     2e-06   24.8   3.4   1   4     0.025       1.2    5.9   0.0    48    85    11    44     4    73 0.84 -
tig00000005:1021434-1022621 -            396 14374at4891          -            263     2e-06   24.8   3.4   2   4       1.6        72   -0.0   0.1   211   232   111   133    52   157 0.70 -
tig00000005:1021434-1022621 -            396 14374at4891          -            263     2e-06   24.8   3.4   3   4      0.34        16    2.2   0.0   191   257   198   273   186   279 0.62 -
tig00000005:1021434-1022621 -            396 14374at4891          -            263     2e-06   24.8   3.4   4   4   9.4e-05    0.0044   13.8   0.2   223   254   294   325   283   332 0.81 -
tig00000023:374822-375916   -            365 14374at4891          -            263   3.3e-06   24.0   0.0   1   3     0.023       1.1    6.0   0.0    98   131    34    67    19    75 0.80 -
tig00000023:374822-375916   -            365 14374at4891          -            263   3.3e-06   24.0   0.0   2   3   0.00011    0.0049   13.7   0.0    20    89    91   159    74   202 0.81 -
tig00000023:374822-375916   -            365 14374at4891          -            263   3.3e-06   24.0   0.0   3   3       2.7   1.2e+02   -0.8   0.0   234   253   284   302   268   316 0.53 -
tig00000012:441659-442144   -            162 14374at4891          -            263   3.6e-06   23.9   0.2   1   2       1.3        60    0.2   0.0    45    83    10    47     2    56 0.71 -
tig00000012:441659-442144   -            162 14374at4891          -            263   3.6e-06   23.9   0.2   2   2   4.7e-07   2.2e-05   21.4   0.3     6    85    63   138    59   159 0.85 -
tig00000014:436668-438272   -            535 14374at4891          -            263   3.6e-06   23.9   5.7   1   4    0.0086       0.4    7.4   0.6   193   247   235   288   217   299 0.82 -
tig00000014:436668-438272   -            535 14374at4891          -            263   3.6e-06   23.9   5.7   2   4    0.0088      0.41    7.4   0.0   225   257   364   396   337   398 0.75 -
tig00000014:436668-438272   -            535 14374at4891          -            263   3.6e-06   23.9   5.7   3   4     9e-05    0.0042   13.9   0.2     8   132   358   473   356   481 0.75 -
tig00000014:436668-438272   -            535 14374at4891          -            263   3.6e-06   23.9   5.7   4   4       4.8   2.2e+02   -1.6   0.0   217   237   503   523   497   528 0.79 -
tig00000001:1095179-1097434 -            752 14374at4891          -            263   9.5e-06   22.5   5.7   1   3    0.0039      0.18    8.5   0.1   180   254   119   196   107   200 0.88 -
tig00000001:1095179-1097434 -            752 14374at4891          -            263   9.5e-06   22.5   5.7   2   3   0.00033     0.015   12.0   0.3     9    93   214   294   205   312 0.76 -
tig00000001:1095179-1097434 -            752 14374at4891          -            263   9.5e-06   22.5   5.7   3   3      0.22        10    2.8   0.1    68   170   365   474   360   479 0.65 -
tig00000078:530421-532142   -            574 14374at4891          -            263   1.5e-05   21.9   0.4   1   3       3.3   1.5e+02   -1.1   0.0    73   143   104   177    98   181 0.80 -
tig00000078:530421-532142   -            574 14374at4891          -            263   1.5e-05   21.9   0.4   2   3   2.5e-05    0.0012   15.7   0.8     6   103   283   334   265   403 0.55 -
tig00000078:530421-532142   -            574 14374at4891          -            263   1.5e-05   21.9   0.4   3   3      0.52        24    1.6   0.0    21    84   388   453   379   518 0.60 -
tig00000012:487139-488677   -            513 14374at4891          -            263   1.6e-05   21.8   0.1   1   2   4.7e-05    0.0022   14.8   0.0     8   131    80   199    74   210 0.79 -
tig00000012:487139-488677   -            513 14374at4891          -            263   1.6e-05   21.8   0.1   2   2      0.39        18    2.0   0.0    72   135   228   291   206   304 0.71 -
tig00000014:680246-681385   -            380 14374at4891          -            263   2.6e-05   21.1   0.6   1   4   7.2e-05    0.0034   14.2   0.1    26   155    33   159    12   165 0.76 -
tig00000014:680246-681385   -            380 14374at4891          -            263   2.6e-05   21.1   0.6   2   4      0.13         6    3.5   0.0   224   247   153   176   140   182 0.81 -
tig00000014:680246-681385   -            380 14374at4891          -            263   2.6e-05   21.1   0.6   3   4       2.4   1.1e+02   -0.6   0.0   103   131   213   240   203   249 0.57 -
tig00000014:680246-681385   -            380 14374at4891          -            263   2.6e-05   21.1   0.6   4   4       1.7        76   -0.1   0.0   233   247   364   378   336   380 0.78 -
tig00000005:959007-960584   -            526 14374at4891          -            263   3.2e-05   20.8   0.4   1   3    0.0002    0.0091   12.8   0.1     7    84    23   115    18   119 0.76 -
tig00000005:959007-960584   -            526 14374at4891          -            263   3.2e-05   20.8   0.4   2   3     0.018      0.85    6.3   0.0   176   219    86   127    82   133 0.85 -
tig00000005:959007-960584   -            526 14374at4891          -            263   3.2e-05   20.8   0.4   3   3      0.69        32    1.2   0.0    52    97   291   333   242   344 0.75 -
tig00000001:502589-503383   -            265 14374at4891          -            263   3.7e-05   20.6   0.6   1   4     0.021      0.99    6.1   0.0    52    88     1    36     1    55 0.79 -
tig00000001:502589-503383   -            265 14374at4891          -            263   3.7e-05   20.6   0.6   2   4       1.1        51    0.5   0.0    63    89   103   129    61   171 0.69 -
tig00000001:502589-503383   -            265 14374at4891          -            263   3.7e-05   20.6   0.6   3   4    0.0024      0.11    9.2   0.1   226   248   172   194   157   199 0.90 -
tig00000001:502589-503383   -            265 14374at4891          -            263   3.7e-05   20.6   0.6   4   4       2.6   1.2e+02   -0.7   0.0    67    93   233   259   230   263 0.73 -
tig00000005:614650-615420   -            257 14374at4891          -            263   4.1e-05   20.5   0.1   1   2   3.3e-05    0.0015   15.3   0.0    33   137    54   150    42   155 0.75 -
tig00000005:614650-615420   -            257 14374at4891          -            263   4.1e-05   20.5   0.1   2   2     0.016      0.75    6.5   0.0    65   106   124   165   112   250 0.61 -
tig00000012:401735-403267   -            511 14374at4891          -            263   0.00017   18.5   2.8   1   1   3.1e-05    0.0014   15.4   2.8     2   131   314   448   291   509 0.78 -
tig00000012:566644-568977   -            778 14374at4891          -            263    0.0002   18.2   0.4   1   3    0.0019     0.089    9.5   0.0   167   229   401   465   396   482 0.67 -
tig00000012:566644-568977   -            778 14374at4891          -            263    0.0002   18.2   0.4   2   3     0.025       1.2    5.9   0.0    63   138   660   731   603   741 0.55 -
tig00000012:566644-568977   -            778 14374at4891          -            263    0.0002   18.2   0.4   3   3       0.1       4.8    3.8   0.1   221   254   695   728   689   778 0.73 -
tig00000005:155637-156980   -            448 14374at4891          -            263   0.00022   18.1   0.0   1   1   9.8e-06   0.00045   17.0   0.0    49   139   220   307   196   316 0.82 -
tig00000022:516138-517016   -            293 14374at4891          -            263   0.00031   17.6   0.2   1   4      0.28        13    2.5   0.0    66    86    27    46    10    65 0.65 -
tig00000022:516138-517016   -            293 14374at4891          -            263   0.00031   17.6   0.2   2   4       0.7        33    1.1   0.0    70    89    30    49    28   123 0.65 -
tig00000022:516138-517016   -            293 14374at4891          -            263   0.00031   17.6   0.2   3   4     0.094       4.3    4.0   0.0   191   208   152   169   139   182 0.71 -
tig00000022:516138-517016   -            293 14374at4891          -            263   0.00031   17.6   0.2   4   4     0.018      0.82    6.4   0.0     6    61   178   228   172   257 0.66 -
tig00000037:294440-296608   -            723 14374at4891          -            263   0.00032   17.5   1.7   1   3      0.16       7.2    3.3   0.1    88   172   291   379   278   392 0.66 -
tig00000037:294440-296608   -            723 14374at4891          -            263   0.00032   17.5   1.7   2   3      0.05       2.3    4.9   0.1   186   249   602   667   594   679 0.82 -
tig00000037:294440-296608   -            723 14374at4891          -            263   0.00032   17.5   1.7   3   3     0.013       0.6    6.8   0.0   234   250   706   722   696   723 0.87 -
tig00000005:853848-855902   -            685 14374at4891          -            263   0.00058   16.7   0.1   1   2       4.6   2.1e+02   -1.6   0.0    69    84    12    27     5    42 0.75 -
tig00000005:853848-855902   -            685 14374at4891          -            263   0.00058   16.7   0.1   2   2   4.4e-05     0.002   14.9   0.0    23    88    57   118    34   133 0.76 -
tig00000014:706418-707557   -            380 14374at4891          -            263    0.0023   14.7   0.1   1   3      0.96        44    0.7   0.0    95   144    54   105    44   122 0.72 -
tig00000014:706418-707557   -            380 14374at4891          -            263    0.0023   14.7   0.1   2   3   0.00074     0.034   10.9   0.0    24    80   210   269   204   277 0.84 -
tig00000014:706418-707557   -            380 14374at4891          -            263    0.0023   14.7   0.1   3   3       7.3   3.4e+02   -2.2   0.0    50    79   351   377   320   380 0.53 -
tig00000005:613155-613865   -            237 14374at4891          -            263    0.0027   14.5   4.9   1   5      0.44        20    1.8   0.0   193   244    12    61     3    72 0.66 -
tig00000005:613155-613865   -            237 14374at4891          -            263    0.0027   14.5   4.9   2   5    0.0062      0.29    7.9   0.1   214   250    75   110    50   115 0.79 -
tig00000005:613155-613865   -            237 14374at4891          -            263    0.0027   14.5   4.9   3   5   0.00036     0.017   11.9   0.7     7    90    78   160    70   179 0.79 -
tig00000005:613155-613865   -            237 14374at4891          -            263    0.0027   14.5   4.9   4   5     0.031       1.4    5.6   0.2   169   252   117   200   110   207 0.61 -
tig00000005:613155-613865   -            237 14374at4891          -            263    0.0027   14.5   4.9   5   5       8.4   3.9e+02   -2.4   0.0   229   247   220   237   188   237 0.61 -
tig00000061:445872-447620   -            583 14374at4891          -            263    0.0056   13.5   0.4   1   3      0.15       6.9    3.3   0.0    53   111   237   292   220   325 0.71 -
tig00000061:445872-447620   -            583 14374at4891          -            263    0.0056   13.5   0.4   2   3       8.3   3.8e+02   -2.4   0.1   214   248   412   446   407   449 0.78 -
tig00000061:445872-447620   -            583 14374at4891          -            263    0.0056   13.5   0.4   3   3     0.011      0.51    7.1   0.0   222   251   553   582   547   583 0.91 -
#
# Program:         hmmsearch
# Version:         3.1b2 (February 2015)
# Pipeline mode:   SEARCH
# Query file:      /home/inf-38-2022/BINP29/longread/2/busco_downloads/lineages/saccharomycetes_odb10/hmms/14374at4891.hmm
# Target file:     /home/inf-38-2022/BINP29/longread/2/Results/04_Busco/canu/run_saccharomycetes_odb10/metaeuk_output/initial_results/asm.contigs.fasta.modified.fas
# Option settings: hmmsearch --domtblout /home/inf-38-2022/BINP29/longread/2/Results/04_Busco/canu/run_saccharomycetes_odb10/hmmer_output/initial_run_results/14374at4891.out --cpu 1 /home/inf-38-2022/BINP29/longread/2/busco_downloads/lineages/saccharomycetes_odb10/hmms/14374at4891.hmm /home/inf-38-2022/BINP29/longread/2/Results/04_Busco/canu/run_saccharomycetes_odb10/metaeuk_output/initial_results/asm.contigs.fasta.modified.fas 
# Current dir:     /home/inf-38-2022/BINP29/longread/2
# Date:            Thu Feb 23 14:06:14 2023
# [ok]
