#                                                                                   --- full sequence --- -------------- this domain -------------   hmm coord   ali coord   env coord
# target name               accession   tlen query name           accession   qlen   E-value  score  bias   #  of  c-Evalue  i-Evalue  score  bias  from    to  from    to  from    to  acc description of target
#       ------------------- ---------- ----- -------------------- ---------- ----- --------- ------ ----- --- --- --------- --------- ------ ----- ----- ----- ----- ----- ----- ----- ---- ---------------------
tig00000014:680246-681385   -            380 14552at4891          -            306  4.1e-141  466.8   1.1   1   2  2.1e-124  1.8e-122  405.5   0.3     1   257    11   292    11   302 0.91 -
tig00000014:680246-681385   -            380 14552at4891          -            306  4.1e-141  466.8   1.1   2   2   9.4e-19     8e-17   58.6   0.0   252   306   322   380   312   380 0.88 -
tig00000034:379525-382353   -            943 14552at4891          -            306   3.9e-18   62.9   3.7   1   5   2.7e-05    0.0023   14.4   0.3    15   113    89   188    81   229 0.82 -
tig00000034:379525-382353   -            943 14552at4891          -            306   3.9e-18   62.9   3.7   2   5      0.24        20    1.4   0.0    42    73   388   419   377   429 0.67 -
tig00000034:379525-382353   -            943 14552at4891          -            306   3.9e-18   62.9   3.7   3   5   0.00021     0.018   11.5   0.0    23    74   449   503   442   510 0.83 -
tig00000034:379525-382353   -            943 14552at4891          -            306   3.9e-18   62.9   3.7   4   5     1e-08   8.6e-07   25.6   0.0    13   111   539   639   529   646 0.82 -
tig00000034:379525-382353   -            943 14552at4891          -            306   3.9e-18   62.9   3.7   5   5   0.00083     0.071    9.5   0.0    14    74   625   687   611   693 0.84 -
tig00000037:112469-115222   -            918 14552at4891          -            306   1.1e-16   58.1   0.3   1   8   2.7e-06   0.00023   17.7   0.0    12   107    21   116    16   121 0.79 -
tig00000037:112469-115222   -            918 14552at4891          -            306   1.1e-16   58.1   0.3   2   8    0.0062      0.53    6.6   0.1    42    77   143   179   134   185 0.86 -
tig00000037:112469-115222   -            918 14552at4891          -            306   1.1e-16   58.1   0.3   3   8    0.0029      0.25    7.7   0.1     8    73   149   220   147   225 0.69 -
tig00000037:112469-115222   -            918 14552at4891          -            306   1.1e-16   58.1   0.3   4   8     0.038       3.2    4.0   0.0   121   160   247   287   243   289 0.87 -
tig00000037:112469-115222   -            918 14552at4891          -            306   1.1e-16   58.1   0.3   5   8   0.00027     0.023   11.1   0.0     3   106   300   406   298   413 0.76 -
tig00000037:112469-115222   -            918 14552at4891          -            306   1.1e-16   58.1   0.3   6   8    0.0016      0.13    8.6   0.0    13    78   353   420   349   453 0.72 -
tig00000037:112469-115222   -            918 14552at4891          -            306   1.1e-16   58.1   0.3   7   8     0.027       2.3    4.6   0.0    27   112   454   540   426   549 0.70 -
tig00000037:112469-115222   -            918 14552at4891          -            306   1.1e-16   58.1   0.3   8   8       3.6     3e+02   -2.4   0.0   220   245   578   603   573   629 0.64 -
tig00000018:621173-622084   -            304 14552at4891          -            306   2.5e-15   53.7   2.3   1   3   4.2e-08   3.6e-06   23.6   0.0     6    73    34   105    29   115 0.87 -
tig00000018:621173-622084   -            304 14552at4891          -            306   2.5e-15   53.7   2.3   2   3     0.072       6.1    3.1   0.0    43    73   115   146   110   156 0.86 -
tig00000018:621173-622084   -            304 14552at4891          -            306   2.5e-15   53.7   2.3   3   3   2.7e-08   2.3e-06   24.2   0.6     6   111   161   275   158   279 0.82 -
tig00000014:211666-214185   -            840 14552at4891          -            306   1.1e-13   48.2   0.1   1   4       3.1   2.6e+02   -2.2   0.0   288   305    28    45    11    46 0.64 -
tig00000014:211666-214185   -            840 14552at4891          -            306   1.1e-13   48.2   0.1   2   4    0.0035       0.3    7.5   0.0    85   118    77   110    66   115 0.61 -
tig00000014:211666-214185   -            840 14552at4891          -            306   1.1e-13   48.2   0.1   3   4     8e-05    0.0068   12.8   0.0     5    76   137   211   127   258 0.65 -
tig00000014:211666-214185   -            840 14552at4891          -            306   1.1e-13   48.2   0.1   4   4   7.2e-08   6.1e-06   22.8   0.0    42   119   311   388   300   390 0.91 -
tig00000022:404776-405999   -            408 14552at4891          -            306   1.6e-12   44.4   2.3   1   3    0.0099      0.85    6.0   0.0    11    55    50    96    40   105 0.76 -
tig00000022:404776-405999   -            408 14552at4891          -            306   1.6e-12   44.4   2.3   2   3   1.8e-10   1.5e-08   31.4   0.6    15   111   112   212    99   260 0.84 -
tig00000022:404776-405999   -            408 14552at4891          -            306   1.6e-12   44.4   2.3   3   3     0.019       1.6    5.1   0.0   271   305   292   324   281   325 0.87 -
tig00000037:74530-75222     -            231 14552at4891          -            306   3.1e-12   43.5   0.0   1   3   1.9e-11   1.7e-09   34.6   0.0     8   113     1   108     1   119 0.84 -
tig00000037:74530-75222     -            231 14552at4891          -            306   3.1e-12   43.5   0.0   2   3      0.32        28    1.0   0.0    43    75   129   162   120   171 0.80 -
tig00000037:74530-75222     -            231 14552at4891          -            306   3.1e-12   43.5   0.0   3   3     0.035         3    4.2   0.0    42    74   182   215   173   227 0.84 -
tig00000022:39397-41541     -            715 14552at4891          -            306   5.4e-12   42.7   7.3   1   4   0.00042     0.036   10.5   0.2    36    83     4    51     2    55 0.93 -
tig00000022:39397-41541     -            715 14552at4891          -            306   5.4e-12   42.7   7.3   2   4    0.0018      0.15    8.4   0.1    13    78   107   172    98   178 0.81 -
tig00000022:39397-41541     -            715 14552at4891          -            306   5.4e-12   42.7   7.3   3   4    0.0063      0.54    6.6   0.2    12    65   147   199   135   203 0.86 -
tig00000022:39397-41541     -            715 14552at4891          -            306   5.4e-12   42.7   7.3   4   4   1.4e-08   1.2e-06   25.2   0.5     9   137   183   313   175   362 0.73 -
tig00000001:983271-984236   -            322 14552at4891          -            306   6.8e-12   42.4   7.3   1   3   0.00072     0.061    9.7   0.1    36   118     2    86     1    91 0.78 -
tig00000001:983271-984236   -            322 14552at4891          -            306   6.8e-12   42.4   7.3   2   3     1e-07   8.5e-06   22.4   0.2    35   113    94   176    85   185 0.84 -
tig00000001:983271-984236   -            322 14552at4891          -            306   6.8e-12   42.4   7.3   3   3   2.5e-05    0.0021   14.5   0.8    31   161   180   322   169   322 0.75 -
tig00000037:93821-94819     -            333 14552at4891          -            306   2.3e-11   40.7   1.7   1   4     0.053       4.6    3.6   0.0    92   111     9    28     4    61 0.73 -
tig00000037:93821-94819     -            333 14552at4891          -            306   2.3e-11   40.7   1.7   2   4   0.00079     0.068    9.6   0.0    23    76    73   127    54   136 0.84 -
tig00000037:93821-94819     -            333 14552at4891          -            306   2.3e-11   40.7   1.7   3   4    0.0025      0.22    7.9   0.0    56   108   189   241   169   245 0.74 -
tig00000037:93821-94819     -            333 14552at4891          -            306   2.3e-11   40.7   1.7   4   4   3.7e-07   3.1e-05   20.5   0.1     9   111   224   328   219   331 0.85 -
tig00000038:154278-154922   -            215 14552at4891          -            306   7.8e-10   35.6   0.1   1   3   1.3e-06   0.00011   18.7   0.0    13    74    14    75     4    79 0.86 -
tig00000038:154278-154922   -            215 14552at4891          -            306   7.8e-10   35.6   0.1   2   3   0.00071     0.061    9.7   0.1    38    73    80   118    75   124 0.82 -
tig00000038:154278-154922   -            215 14552at4891          -            306   7.8e-10   35.6   0.1   3   3     0.042       3.6    3.9   0.0    34    74   143   182   133   201 0.78 -
tig00000010:895817-897205   -            463 14552at4891          -            306   1.2e-09   35.0   0.0   1   3    0.0045      0.39    7.1   0.0     4    72   173   246   170   286 0.69 -
tig00000010:895817-897205   -            463 14552at4891          -            306   1.2e-09   35.0   0.0   2   3   2.2e-05    0.0019   14.7   0.0    27   113   287   374   263   380 0.78 -
tig00000010:895817-897205   -            463 14552at4891          -            306   1.2e-09   35.0   0.0   3   3   0.00073     0.062    9.7   0.0    17    71   407   463   386   463 0.76 -
tig00000018:41834-43183     -            450 14552at4891          -            306   5.3e-09   32.9   3.1   1   3   1.5e-07   1.3e-05   21.8   1.0    17   158    91   229    74   233 0.79 -
tig00000018:41834-43183     -            450 14552at4891          -            306   5.3e-09   32.9   3.1   2   3     2e-06   0.00017   18.1   0.5     5   111   162   271   158   322 0.71 -
tig00000018:41834-43183     -            450 14552at4891          -            306   5.3e-09   32.9   3.1   3   3     0.005      0.42    6.9   0.0    42    73   332   364   318   371 0.83 -
tig00000078:494342-496789   -            816 14552at4891          -            306   8.5e-09   32.2   3.7   1   5      0.15        12    2.1   0.1    45   114    61   129    20   179 0.46 -
tig00000078:494342-496789   -            816 14552at4891          -            306   8.5e-09   32.2   3.7   2   5      0.89        76   -0.5   0.0    27    54   171   199   152   252 0.82 -
tig00000078:494342-496789   -            816 14552at4891          -            306   8.5e-09   32.2   3.7   3   5   0.00078     0.067    9.6   0.0    38    76   381   420   375   440 0.80 -
tig00000078:494342-496789   -            816 14552at4891          -            306   8.5e-09   32.2   3.7   4   5   4.6e-06   0.00039   16.9   0.2     5   113   491   601   485   608 0.85 -
tig00000078:494342-496789   -            816 14552at4891          -            306   8.5e-09   32.2   3.7   5   5    0.0042      0.36    7.2   0.1     5    73   533   604   527   639 0.83 -
tig00000007:738298-739563   -            422 14552at4891          -            306   2.1e-08   30.9   0.2   1   4    0.0014      0.12    8.8   0.0    33    80    80   128    48   134 0.69 -
tig00000007:738298-739563   -            422 14552at4891          -            306   2.1e-08   30.9   0.2   2   4   0.00015     0.013   11.9   0.1    12    73   141   209   130   217 0.75 -
tig00000007:738298-739563   -            422 14552at4891          -            306   2.1e-08   30.9   0.2   3   4      0.16        14    2.0   0.0    46    73   350   378   333   382 0.85 -
tig00000007:738298-739563   -            422 14552at4891          -            306   2.1e-08   30.9   0.2   4   4      0.02       1.7    5.0   0.0    24    73   369   420   347   422 0.70 -
tig00000007:828201-829577   -            459 14552at4891          -            306   5.5e-08   29.6   1.8   1   3     0.047         4    3.7   0.0    34    74   133   173   112   181 0.72 -
tig00000007:828201-829577   -            459 14552at4891          -            306   5.5e-08   29.6   1.8   2   3   7.5e-06   0.00064   16.2   0.0    28    83   193   244   183   252 0.84 -
tig00000007:828201-829577   -            459 14552at4891          -            306   5.5e-08   29.6   1.8   3   3    0.0056      0.48    6.8   0.1    37   104   367   432   344   451 0.70 -
tig00000012:441659-442144   -            162 14552at4891          -            306     1e-07   28.7   0.0   1   2    0.0042      0.36    7.2   0.0    37    77    10    52     3    66 0.81 -
tig00000012:441659-442144   -            162 14552at4891          -            306     1e-07   28.7   0.0   2   2   6.2e-07   5.3e-05   19.8   0.1     8    81    69   145    61   149 0.82 -
tig00000014:571412-572308   -            299 14552at4891          -            306   4.8e-07   26.5   0.0   1   2   0.00038     0.032   10.6   0.0    13    65     6    61     2    71 0.62 -
tig00000014:571412-572308   -            299 14552at4891          -            306   4.8e-07   26.5   0.0   2   2   5.1e-05    0.0044   13.5   0.0     5    62    81   141    76   200 0.85 -
tig00000023:290906-291760   -            285 14552at4891          -            306   5.9e-07   26.2   2.7   1   4    0.0034      0.29    7.5   0.0    41    74     1    34     1    38 0.93 -
tig00000023:290906-291760   -            285 14552at4891          -            306   5.9e-07   26.2   2.7   2   4   1.7e-06   0.00015   18.3   0.3    19    77    19    81    13    84 0.85 -
tig00000023:290906-291760   -            285 14552at4891          -            306   5.9e-07   26.2   2.7   3   4     0.011      0.92    5.8   0.0    34    78   102   144    93   187 0.72 -
tig00000023:290906-291760   -            285 14552at4891          -            306   5.9e-07   26.2   2.7   4   4         5   4.2e+02   -2.9   0.0    20    54   229   265   223   273 0.49 -
tig00000012:487139-488677   -            513 14552at4891          -            306   9.1e-07   25.6   3.8   1   4   6.3e-07   5.3e-05   19.8   0.4     5   109    39   146    35   149 0.84 -
tig00000012:487139-488677   -            513 14552at4891          -            306   9.1e-07   25.6   3.8   2   4    0.0073      0.62    6.4   0.0    44    85   125   166   122   195 0.76 -
tig00000012:487139-488677   -            513 14552at4891          -            306   9.1e-07   25.6   3.8   3   4      0.31        27    1.0   0.0    42    95   209   260   182   266 0.72 -
tig00000012:487139-488677   -            513 14552at4891          -            306   9.1e-07   25.6   3.8   4   4      0.59        50    0.1   0.1   240   293   343   396   335   406 0.82 -
tig00000001:1183590-1184819 -            410 14552at4891          -            306     4e-06   23.4   0.1   1   3    0.0023       0.2    8.0   0.0    23   108   137   224   125   233 0.70 -
tig00000001:1183590-1184819 -            410 14552at4891          -            306     4e-06   23.4   0.1   2   3     0.016       1.3    5.3   0.0    35   103   238   307   230   319 0.68 -
tig00000001:1183590-1184819 -            410 14552at4891          -            306     4e-06   23.4   0.1   3   3    0.0059       0.5    6.7   0.0    54   114   347   409   302   410 0.70 -
tig00000078:139174-141975   -            934 14552at4891          -            306   7.5e-06   22.5   0.0   1   2      0.31        27    1.0   0.0    26    65   477   518   458   529 0.73 -
tig00000078:139174-141975   -            934 14552at4891          -            306   7.5e-06   22.5   0.0   2   2     2e-06   0.00017   18.1   0.0     4   105   537   639   534   655 0.79 -
tig00000012:377902-378939   -            346 14552at4891          -            306   1.6e-05   21.5   0.6   1   4    0.0016      0.14    8.5   0.0    40    72     5    38     1    43 0.86 -
tig00000012:377902-378939   -            346 14552at4891          -            306   1.6e-05   21.5   0.6   2   4     0.021       1.8    4.9   0.0    36    74    43    82    38   102 0.86 -
tig00000012:377902-378939   -            346 14552at4891          -            306   1.6e-05   21.5   0.6   3   4      0.59        50    0.1   0.0    89   112   155   178   153   187 0.78 -
tig00000012:377902-378939   -            346 14552at4891          -            306   1.6e-05   21.5   0.6   4   4     0.039       3.3    4.0   0.2    19    72   168   224   161   235 0.81 -
tig00000018:171370-172173   -            268 14552at4891          -            306   2.6e-05   20.8   0.3   1   2      0.68        58   -0.1   0.0   135   163   135   163    77   176 0.57 -
tig00000018:171370-172173   -            268 14552at4891          -            306   2.6e-05   20.8   0.3   2   2   1.7e-06   0.00015   18.3   0.0    35   111   178   254   140   262 0.82 -
tig00000001:690073-693498   -           1142 14552at4891          -            306   3.7e-05   20.3   0.1   1   2   0.00031     0.026   10.9   0.1    35   103   100   170    78   179 0.78 -
tig00000001:690073-693498   -           1142 14552at4891          -            306   3.7e-05   20.3   0.1   2   2    0.0011     0.097    9.0   0.0    15    80   165   234   163   260 0.83 -
tig00000012:849780-851159   -            460 14552at4891          -            306   4.6e-05   20.0   0.1   1   3    0.0089      0.76    6.1   0.0   219   304    13    98     3   105 0.72 -
tig00000012:849780-851159   -            460 14552at4891          -            306   4.6e-05   20.0   0.1   2   3    0.0019      0.16    8.3   0.0     6    71   146   214   142   228 0.88 -
tig00000012:849780-851159   -            460 14552at4891          -            306   4.6e-05   20.0   0.1   3   3      0.23        19    1.5   0.0    22   108   348   394   334   408 0.50 -
tig00000034:113188-114642   -            485 14552at4891          -            306     5e-05   19.9   2.8   1   3      0.92        79   -0.5   0.0    52    74   129   151   117   158 0.82 -
tig00000034:113188-114642   -            485 14552at4891          -            306     5e-05   19.9   2.8   2   3     0.049       4.2    3.7   0.1    27   109   200   283   185   294 0.68 -
tig00000034:113188-114642   -            485 14552at4891          -            306     5e-05   19.9   2.8   3   3   6.4e-06   0.00055   16.4   0.1    22   109   280   370   266   376 0.77 -
tig00000061:551101-551736   -            212 14552at4891          -            306   6.3e-05   19.5   0.2   1   3      0.66        56   -0.0   0.0    44    73     1    29     1    53 0.77 -
tig00000061:551101-551736   -            212 14552at4891          -            306   6.3e-05   19.5   0.2   2   3   9.3e-05     0.008   12.6   0.0    21    73    81   133    67   138 0.84 -
tig00000061:551101-551736   -            212 14552at4891          -            306   6.3e-05   19.5   0.2   3   3     0.068       5.8    3.2   0.0     3    37   143   178   141   200 0.76 -
tig00000010:811772-813490   -            573 14552at4891          -            306   0.00017   18.1   0.0   1   2    0.0013      0.11    8.8   0.0     7    74   200   266   194   279 0.77 -
tig00000010:811772-813490   -            573 14552at4891          -            306   0.00017   18.1   0.0   2   2    0.0045      0.38    7.1   0.0     8    74   283   352   276   359 0.80 -
tig00000038:75034-76008     -            325 14552at4891          -            306   0.00017   18.1   0.3   1   3      0.89        76   -0.5   0.0    12    42    94   125    86   129 0.81 -
tig00000038:75034-76008     -            325 14552at4891          -            306   0.00017   18.1   0.3   2   3    0.0011     0.098    9.0   0.0    21    70   217   267   208   280 0.88 -
tig00000038:75034-76008     -            325 14552at4891          -            306   0.00017   18.1   0.3   3   3     0.016       1.4    5.3   0.0     6    32   288   315   283   324 0.81 -
tig00000012:566644-568977   -            778 14552at4891          -            306    0.0013   15.2   0.4   1   3      0.16        13    2.0   0.0    43   160   406   435   398   487 0.59 -
tig00000012:566644-568977   -            778 14552at4891          -            306    0.0013   15.2   0.4   2   3       3.7   3.2e+02   -2.5   0.1   131   159   563   592   556   602 0.70 -
tig00000012:566644-568977   -            778 14552at4891          -            306    0.0013   15.2   0.4   3   3   0.00043     0.036   10.5   0.0     1   114   606   721   606   778 0.75 -
tig00000010:92017-92973     -            319 14552at4891          -            306    0.0028   14.1   2.5   1   2    0.0054      0.46    6.8   0.8    48    83    43    81    37   112 0.71 -
tig00000010:92017-92973     -            319 14552at4891          -            306    0.0028   14.1   2.5   2   2     0.011      0.97    5.8   0.0   132   155   190   215   184   243 0.75 -
#
# Program:         hmmsearch
# Version:         3.1b2 (February 2015)
# Pipeline mode:   SEARCH
# Query file:      /home/inf-38-2022/BINP29/longread/2/busco_downloads/lineages/saccharomycetes_odb10/hmms/14552at4891.hmm
# Target file:     /home/inf-38-2022/BINP29/longread/2/Results/04_Busco/canu/run_saccharomycetes_odb10/metaeuk_output/initial_results/asm.contigs.fasta.modified.fas
# Option settings: hmmsearch --domtblout /home/inf-38-2022/BINP29/longread/2/Results/04_Busco/canu/run_saccharomycetes_odb10/hmmer_output/initial_run_results/14552at4891.out --cpu 1 /home/inf-38-2022/BINP29/longread/2/busco_downloads/lineages/saccharomycetes_odb10/hmms/14552at4891.hmm /home/inf-38-2022/BINP29/longread/2/Results/04_Busco/canu/run_saccharomycetes_odb10/metaeuk_output/initial_results/asm.contigs.fasta.modified.fas 
# Current dir:     /home/inf-38-2022/BINP29/longread/2
# Date:            Thu Feb 23 14:06:16 2023
# [ok]
