#                                                                                 --- full sequence --- -------------- this domain -------------   hmm coord   ali coord   env coord
# target name             accession   tlen query name           accession   qlen   E-value  score  bias   #  of  c-Evalue  i-Evalue  score  bias  from    to  from    to  from    to  acc description of target
#     ------------------- ---------- ----- -------------------- ---------- ----- --------- ------ ----- --- --- --------- --------- ------ ----- ----- ----- ----- ----- ----- ----- ---- ---------------------
tig00000078:276758-278914 -            719 15018at4891          -            326   3.5e-87  290.0  97.3   1   6   2.6e-05     0.018   11.6   0.1    10    30    28    48    25    74 0.93 -
tig00000078:276758-278914 -            719 15018at4891          -            326   3.5e-87  290.0  97.3   2   6   1.6e-09   1.1e-06   25.4   0.0    29    84    87   146    80   154 0.87 -
tig00000078:276758-278914 -            719 15018at4891          -            326   3.5e-87  290.0  97.3   3   6   1.6e-21   1.1e-18   64.9  25.9    66   204   155   294   152   301 0.79 -
tig00000078:276758-278914 -            719 15018at4891          -            326   3.5e-87  290.0  97.3   4   6   5.1e-07   0.00035   17.2  27.2    81   218   296   428   291   432 0.72 -
tig00000078:276758-278914 -            719 15018at4891          -            326   3.5e-87  290.0  97.3   5   6   2.4e-05     0.016   11.7   8.3   133   201   431   499   427   505 0.87 -
tig00000078:276758-278914 -            719 15018at4891          -            326   3.5e-87  290.0  97.3   6   6   3.6e-56   2.5e-53  178.7  16.2    91   326   484   717   481   717 0.80 -
tig00000001:453752-454333 -            194 15018at4891          -            326   2.3e-21   73.7   2.1   1   1   5.4e-24   3.7e-21   73.0   2.1   183   325    45   189     8   190 0.76 -
tig00000083:208842-209339 -            166 15018at4891          -            326   1.8e-20   70.7   4.0   1   1   3.2e-23   2.2e-20   70.5   4.0   167   317    17   166     2   166 0.73 -
tig00000061:391030-392118 -            363 15018at4891          -            326   4.7e-19   66.1  86.5   1   8   0.00026      0.18    8.3   7.5   130   203     2    70     1    85 0.60 -
tig00000061:391030-392118 -            363 15018at4891          -            326   4.7e-19   66.1  86.5   2   8   5.1e-06    0.0035   13.9  14.5   128   201    87   153    56   154 0.68 -
tig00000061:391030-392118 -            363 15018at4891          -            326   4.7e-19   66.1  86.5   3   8   5.1e-08   3.5e-05   20.5  13.9   128   203   124   193   123   200 0.81 -
tig00000061:391030-392118 -            363 15018at4891          -            326   4.7e-19   66.1  86.5   4   8   1.5e-08     1e-05   22.2  14.2   128   207   143   216   139   219 0.82 -
tig00000061:391030-392118 -            363 15018at4891          -            326   4.7e-19   66.1  86.5   5   8   1.3e-07   9.2e-05   19.1  13.7   128   203   181   250   179   254 0.67 -
tig00000061:391030-392118 -            363 15018at4891          -            326   4.7e-19   66.1  86.5   6   8   2.5e-07   0.00017   18.2  19.5   129   202   212   287   198   290 0.48 -
tig00000061:391030-392118 -            363 15018at4891          -            326   4.7e-19   66.1  86.5   7   8     4e-09   2.7e-06   24.1  24.8    95   201   218   324   217   325 0.72 -
tig00000061:391030-392118 -            363 15018at4891          -            326   4.7e-19   66.1  86.5   8   8     5e-07   0.00034   17.2  13.3   128   201   295   362   294   363 0.71 -
#
# Program:         hmmsearch
# Version:         3.1b2 (February 2015)
# Pipeline mode:   SEARCH
# Query file:      /home/inf-38-2022/BINP29/longread/2/busco_downloads/lineages/saccharomycetes_odb10/hmms/15018at4891.hmm
# Target file:     /home/inf-38-2022/BINP29/longread/2/Results/04_Busco/canu/run_saccharomycetes_odb10/metaeuk_output/initial_results/asm.contigs.fasta.modified.fas
# Option settings: hmmsearch --domtblout /home/inf-38-2022/BINP29/longread/2/Results/04_Busco/canu/run_saccharomycetes_odb10/hmmer_output/initial_run_results/15018at4891.out --cpu 1 /home/inf-38-2022/BINP29/longread/2/busco_downloads/lineages/saccharomycetes_odb10/hmms/15018at4891.hmm /home/inf-38-2022/BINP29/longread/2/Results/04_Busco/canu/run_saccharomycetes_odb10/metaeuk_output/initial_results/asm.contigs.fasta.modified.fas 
# Current dir:     /home/inf-38-2022/BINP29/longread/2
# Date:            Thu Feb 23 14:06:18 2023
# [ok]
