#                                                                                 --- full sequence --- -------------- this domain -------------   hmm coord   ali coord   env coord
# target name             accession   tlen query name           accession   qlen   E-value  score  bias   #  of  c-Evalue  i-Evalue  score  bias  from    to  from    to  from    to  acc description of target
#     ------------------- ---------- ----- -------------------- ---------- ----- --------- ------ ----- --- --- --------- --------- ------ ----- ----- ----- ----- ----- ----- ----- ---- ---------------------
tig00000031:457882-459297 -            472 15514at4891          -            327  6.9e-152  502.7  12.6   1   2   3.7e-39   9.1e-37  124.4   1.7    13   121    36   166    20   192 0.79 -
tig00000031:457882-459297 -            472 15514at4891          -            327  6.9e-152  502.7  12.6   2   2  1.2e-117  2.9e-115  382.4   3.6    96   327   217   472   193   472 0.91 -
tig00000023:196876-197973 -            366 15514at4891          -            327   8.6e-90  298.7   0.0   1   1   4.1e-92     1e-89  298.4   0.0     6   327    29   366    24   366 0.88 -
tig00000007:503698-504222 -            175 15514at4891          -            327   1.6e-09   34.8   2.2   1   2   5.2e-05     0.013   12.1   0.6    16    44    15    43     2    61 0.79 -
tig00000007:503698-504222 -            175 15514at4891          -            327   1.6e-09   34.8   2.2   2   2   5.1e-08   1.3e-05   22.0   0.0   177   257    62   132    52   147 0.83 -
tig00000001:117005-117538 -            178 15514at4891          -            327     5e-09   33.2   2.0   1   2    0.0013      0.33    7.5   0.2    16    40    15    39     7    61 0.88 -
tig00000001:117005-117538 -            178 15514at4891          -            327     5e-09   33.2   2.0   2   2   5.9e-08   1.5e-05   21.8   0.1   177   259    62   134    53   167 0.83 -
tig00000001:217195-217734 -            180 15514at4891          -            327   1.3e-08   31.8   2.2   1   2    0.0014      0.36    7.4   0.2    16    40    15    39    10    61 0.88 -
tig00000001:217195-217734 -            180 15514at4891          -            327   1.3e-08   31.8   2.2   2   2   1.5e-07   3.6e-05   20.5   0.1   177   258    62   133    51   168 0.82 -
tig00000012:390719-391234 -            172 15514at4891          -            327   1.7e-08   31.5   0.4   1   2   0.00073      0.18    8.4   0.0    17    38     2    23     1    32 0.88 -
tig00000012:390719-391234 -            172 15514at4891          -            327   1.7e-08   31.5   0.4   2   2   1.2e-07     3e-05   20.8   0.3   179   260    53   127    41   134 0.83 -
tig00000010:469341-469934 -            198 15514at4891          -            327     3e-07   27.4   0.6   1   2   0.00069      0.17    8.5   0.1    15    53    14    52     9    55 0.91 -
tig00000010:469341-469934 -            198 15514at4891          -            327     3e-07   27.4   0.6   2   2   1.7e-06   0.00041   17.1   0.1   167   271    59   152    54   167 0.82 -
tig00000014:556837-557385 -            183 15514at4891          -            327   1.3e-06   25.3   0.3   1   2    0.0025      0.62    6.6   0.1    16    40    16    40     5    45 0.89 -
tig00000014:556837-557385 -            183 15514at4891          -            327   1.3e-06   25.3   0.3   2   2   2.1e-06   0.00052   16.7   0.0   178   225    64   111    54   131 0.83 -
tig00000010:148253-148792 -            180 15514at4891          -            327   6.6e-06   23.0   0.6   1   2    0.0077       1.9    5.0   0.1    17    39    12    34     8    40 0.88 -
tig00000010:148253-148792 -            180 15514at4891          -            327   6.6e-06   23.0   0.6   2   2   4.8e-06    0.0012   15.5   0.0   178   255    59   126    53   139 0.87 -
tig00000012:610232-611713 -            494 15514at4891          -            327   0.00038   17.2   0.3   1   3     0.062        15    2.0   0.0   135   169    66   100    30   122 0.83 -
tig00000012:610232-611713 -            494 15514at4891          -            327   0.00038   17.2   0.3   2   3     0.002       0.5    6.9   0.1    11    37   233   261   225   266 0.80 -
tig00000012:610232-611713 -            494 15514at4891          -            327   0.00038   17.2   0.3   3   3     0.014       3.4    4.2   0.0   236   261   347   372   339   387 0.83 -
tig00000005:305223-305708 -            162 15514at4891          -            327     0.014   12.1   0.0   1   2     0.014       3.4    4.2   0.0    20    38     2    20     1    58 0.73 -
tig00000005:305223-305708 -            162 15514at4891          -            327     0.014   12.1   0.0   2   2    0.0031      0.77    6.3   0.0   224   262    86   124    77   158 0.81 -
#
# Program:         hmmsearch
# Version:         3.1b2 (February 2015)
# Pipeline mode:   SEARCH
# Query file:      /home/inf-38-2022/BINP29/longread/2/busco_downloads/lineages/saccharomycetes_odb10/hmms/15514at4891.hmm
# Target file:     /home/inf-38-2022/BINP29/longread/2/Results/04_Busco/canu/run_saccharomycetes_odb10/metaeuk_output/initial_results/asm.contigs.fasta.modified.fas
# Option settings: hmmsearch --domtblout /home/inf-38-2022/BINP29/longread/2/Results/04_Busco/canu/run_saccharomycetes_odb10/hmmer_output/initial_run_results/15514at4891.out --cpu 1 /home/inf-38-2022/BINP29/longread/2/busco_downloads/lineages/saccharomycetes_odb10/hmms/15514at4891.hmm /home/inf-38-2022/BINP29/longread/2/Results/04_Busco/canu/run_saccharomycetes_odb10/metaeuk_output/initial_results/asm.contigs.fasta.modified.fas 
# Current dir:     /home/inf-38-2022/BINP29/longread/2
# Date:            Thu Feb 23 14:06:20 2023
# [ok]
