#                                                                                   --- full sequence --- -------------- this domain -------------   hmm coord   ali coord   env coord
# target name               accession   tlen query name           accession   qlen   E-value  score  bias   #  of  c-Evalue  i-Evalue  score  bias  from    to  from    to  from    to  acc description of target
#       ------------------- ---------- ----- -------------------- ---------- ----- --------- ------ ----- --- --- --------- --------- ------ ----- ----- ----- ----- ----- ----- ----- ---- ---------------------
tig00000001:929264-931027   -            588 15766at4891          -            293  1.1e-105  350.2  14.6   1   2   3.3e-61   3.1e-59  197.7  10.3     1   186   137   397   137   422 0.78 -
tig00000001:929264-931027   -            588 15766at4891          -            293  1.1e-105  350.2  14.6   2   2   2.3e-45   2.2e-43  145.7   0.1   191   288   436   543   423   547 0.87 -
tig00000010:333971-335206   -            412 15766at4891          -            293   5.5e-70  233.0   0.5   1   3   6.9e-11   6.5e-09   32.6   0.0    38    79    27    70    14    75 0.87 -
tig00000010:333971-335206   -            412 15766at4891          -            293   5.5e-70  233.0   0.5   2   3   4.9e-27   4.6e-25   85.6   0.0    81   185    93   226    88   234 0.76 -
tig00000010:333971-335206   -            412 15766at4891          -            293   5.5e-70  233.0   0.5   3   3   2.1e-34     2e-32  109.7   0.1   195   287   270   371   244   376 0.82 -
tig00000018:414798-417390   -            535 15766at4891          -            293   7.2e-70  232.7   0.2   1   2   2.2e-39     2e-37  126.1   0.0    38   187   128   315   121   336 0.81 -
tig00000018:414798-417390   -            535 15766at4891          -            293   7.2e-70  232.7   0.2   2   2   3.2e-32     3e-30  102.6   0.0   209   287   384   462   336   466 0.85 -
tig00000005:744539-746107   -            523 15766at4891          -            293   5.5e-69  229.8   0.3   1   2   4.5e-38   4.3e-36  121.8   0.1    38   188   130   315   124   337 0.76 -
tig00000005:744539-746107   -            523 15766at4891          -            293   5.5e-69  229.8   0.3   2   2   5.8e-33   5.4e-31  105.0   0.0   190   287   358   464   345   469 0.85 -
tig00000007:718426-719946   -            507 15766at4891          -            293   1.1e-68  228.8   0.2   1   3   9.4e-11   8.8e-09   32.1   0.0    38    80   118   162   107   165 0.86 -
tig00000007:718426-719946   -            507 15766at4891          -            293   1.1e-68  228.8   0.2   2   3   8.3e-27   7.8e-25   84.8   0.0    80   186   183   318   179   325 0.77 -
tig00000007:718426-719946   -            507 15766at4891          -            293   1.1e-68  228.8   0.2   3   3   1.4e-33   1.3e-31  107.1   0.1   193   287   359   462   332   467 0.82 -
tig00000031:334171-335631   -            487 15766at4891          -            293   8.7e-66  219.3   0.0   1   2   1.3e-37   1.3e-35  120.3   0.0    39   190    86   272    81   289 0.77 -
tig00000031:334171-335631   -            487 15766at4891          -            293   8.7e-66  219.3   0.0   2   2     2e-30   1.9e-28   96.7   0.0   177   291   293   416   274   418 0.82 -
tig00000034:117429-119645   -            739 15766at4891          -            293   2.3e-58  194.9   1.1   1   2   1.7e-31   1.6e-29  100.2   0.4    16   187   217   426   209   452 0.75 -
tig00000034:117429-119645   -            739 15766at4891          -            293   2.3e-58  194.9   1.1   2   2   4.7e-29   4.4e-27   92.2   0.0   186   286   464   573   455   577 0.84 -
tig00000014:686807-689320   -            838 15766at4891          -            293     6e-55  183.7   1.1   1   2   6.3e-34   5.9e-32  108.2   0.2    40   201   265   469   258   478 0.74 -
tig00000014:686807-689320   -            838 15766at4891          -            293     6e-55  183.7   1.1   2   2   4.1e-23   3.9e-21   72.7   0.0   184   291   516   623   508   625 0.95 -
tig00000001:487559-488671   -            371 15766at4891          -            293   4.4e-54  180.8   7.8   1   2   3.4e-25   3.2e-23   79.5   2.7    40   191    21   208     5   229 0.78 -
tig00000001:487559-488671   -            371 15766at4891          -            293   4.4e-54  180.8   7.8   2   2   1.6e-32   1.5e-30  103.6   0.2   189   292   241   353   220   354 0.84 -
tig00000005:922340-924007   -            556 15766at4891          -            293   5.1e-54  180.6   2.4   1   2     1e-27   9.6e-26   87.8   0.7    33   188   135   333   124   340 0.73 -
tig00000005:922340-924007   -            556 15766at4891          -            293   5.1e-54  180.6   2.4   2   2   5.7e-26   5.4e-24   82.1   0.0   166   288   349   478   333   482 0.77 -
tig00000001:394905-397889   -            995 15766at4891          -            293   1.8e-53  178.9   0.1   1   2   2.6e-33   2.4e-31  106.2   0.1    38   173   155   323   145   383 0.78 -
tig00000001:394905-397889   -            995 15766at4891          -            293   1.8e-53  178.9   0.1   2   2   2.3e-22   2.1e-20   70.3   0.0   203   290   453   540   413   542 0.83 -
tig00000031:119716-121008   -            431 15766at4891          -            293   2.8e-53  178.2   1.0   1   2   3.8e-26   3.6e-24   82.6   0.1    40   173    23   193     5   206 0.75 -
tig00000031:119716-121008   -            431 15766at4891          -            293   2.8e-53  178.2   1.0   2   2   1.7e-29   1.6e-27   93.7   0.1   172   291   234   364   212   366 0.80 -
tig00000022:562483-563583   -            367 15766at4891          -            293   1.2e-51  172.9   5.1   1   2   2.8e-27   2.6e-25   86.4   1.2    40   189    19   200     8   212 0.78 -
tig00000022:562483-563583   -            367 15766at4891          -            293   1.2e-51  172.9   5.1   2   2   1.6e-27   1.5e-25   87.2   0.2   188   290   234   345   211   348 0.79 -
tig00000061:598449-599549   -            367 15766at4891          -            293   1.2e-51  172.9   5.1   1   2   2.8e-27   2.6e-25   86.4   1.2    40   189    19   200     8   212 0.78 -
tig00000061:598449-599549   -            367 15766at4891          -            293   1.2e-51  172.9   5.1   2   2   1.6e-27   1.5e-25   87.2   0.2   188   290   234   345   211   348 0.79 -
tig00000001:171142-172539   -            466 15766at4891          -            293   1.2e-51  172.8   3.6   1   2   7.8e-31   7.4e-29   98.0   0.7    39   182    46   222    17   236 0.78 -
tig00000001:171142-172539   -            466 15766at4891          -            293   1.2e-51  172.8   3.6   2   2   3.8e-23   3.6e-21   72.8   0.1   179   288   261   370   246   375 0.89 -
tig00000012:85356-86870     -            505 15766at4891          -            293   3.1e-49  164.9   0.1   1   2   2.5e-30   2.3e-28   96.4   0.8    39   179    61   240    36   251 0.74 -
tig00000012:85356-86870     -            505 15766at4891          -            293   3.1e-49  164.9   0.1   2   2   9.4e-21   8.9e-19   65.0   0.0   209   291   316   399   279   400 0.81 -
tig00000061:372399-374708   -            770 15766at4891          -            293   1.7e-48  162.5   0.2   1   2     5e-29   4.7e-27   92.1   0.1    39   173    60   229    24   251 0.77 -
tig00000061:372399-374708   -            770 15766at4891          -            293   1.7e-48  162.5   0.2   2   2     2e-21   1.8e-19   67.2   0.0   187   287   296   398   282   403 0.86 -
tig00000038:124226-126043   -            606 15766at4891          -            293   6.4e-46  154.1   0.6   1   3   7.6e-13   7.1e-11   39.0   0.1    40   104    27   107    18   130 0.76 -
tig00000038:124226-126043   -            606 15766at4891          -            293   6.4e-46  154.1   0.6   2   3   6.3e-14     6e-12   42.5   0.0   112   173   141   207   134   229 0.87 -
tig00000038:124226-126043   -            606 15766at4891          -            293   6.4e-46  154.1   0.6   3   3     7e-22   6.6e-20   68.7   0.0   207   286   294   374   255   378 0.85 -
tig00000001:826770-828422   -            551 15766at4891          -            293   1.4e-45  152.9   1.5   1   2   1.2e-24   1.2e-22   77.7   0.5    42   185    40   235    27   246 0.72 -
tig00000001:826770-828422   -            551 15766at4891          -            293   1.4e-45  152.9   1.5   2   2   7.3e-23   6.9e-21   71.9   0.1   139   291   237   397   218   398 0.67 -
tig00000001:305922-307259   -            446 15766at4891          -            293   1.3e-44  149.7   1.9   1   3   2.6e-09   2.4e-07   27.4   0.0    39   100    81   150    69   154 0.83 -
tig00000001:305922-307259   -            446 15766at4891          -            293   1.3e-44  149.7   1.9   2   3   5.8e-14   5.4e-12   42.7   0.1   111   190   183   270   178   279 0.84 -
tig00000001:305922-307259   -            446 15766at4891          -            293   1.3e-44  149.7   1.9   3   3   1.4e-24   1.3e-22   77.6   0.1   178   288   293   412   284   416 0.85 -
tig00000007:415343-416788   -            482 15766at4891          -            293   1.8e-44  149.3   2.0   1   2   8.9e-21   8.4e-19   65.0   0.3    39   173   111   275   103   295 0.73 -
tig00000007:415343-416788   -            482 15766at4891          -            293   1.8e-44  149.3   2.0   2   2   3.1e-26   2.9e-24   83.0   0.1   194   287   333   441   308   446 0.80 -
tig00000014:517336-519582   -            749 15766at4891          -            293   1.7e-42  142.8   1.5   1   3   2.1e-24     2e-22   76.9   0.5    40   163   171   333   159   339 0.73 -
tig00000014:517336-519582   -            749 15766at4891          -            293   1.7e-42  142.8   1.5   2   3       4.5   4.3e+02   -2.9   0.0   164   177   353   366   348   381 0.80 -
tig00000014:517336-519582   -            749 15766at4891          -            293   1.7e-42  142.8   1.5   3   3   6.7e-19   6.3e-17   58.9   0.0   178   284   452   561   437   567 0.80 -
tig00000022:492574-494793   -            740 15766at4891          -            293   3.9e-42  141.6   0.1   1   2     3e-24   2.8e-22   76.5   0.4    40   163   162   325   149   331 0.73 -
tig00000022:492574-494793   -            740 15766at4891          -            293   3.9e-42  141.6   0.1   2   2   2.4e-19   2.3e-17   60.3   0.0   210   287   483   566   466   571 0.87 -
tig00000078:379529-381292   -            588 15766at4891          -            293   2.9e-38  128.9   7.0   1   3   2.2e-23   2.1e-21   73.6   2.8    40   173    31   210    14   239 0.70 -
tig00000078:379529-381292   -            588 15766at4891          -            293   2.9e-38  128.9   7.0   2   3      0.43        41    0.4   0.1   209   240   294   325   227   329 0.65 -
tig00000078:379529-381292   -            588 15766at4891          -            293   2.9e-38  128.9   7.0   3   3   8.4e-16   7.9e-14   48.7   0.1   213   287   339   422   307   428 0.69 -
tig00000018:696706-698496   -            597 15766at4891          -            293   2.7e-34  115.9   4.6   1   2   8.1e-19   7.7e-17   58.6   1.3    48   161   220   359   191   393 0.75 -
tig00000018:696706-698496   -            597 15766at4891          -            293   2.7e-34  115.9   4.6   2   2   1.1e-17     1e-15   54.9   0.1   230   287   516   573   446   576 0.80 -
tig00000005:723340-724872   -            511 15766at4891          -            293   1.1e-23   81.0   3.1   1   2   1.4e-13   1.3e-11   41.5   0.8    43   172    87   271    66   287 0.67 -
tig00000005:723340-724872   -            511 15766at4891          -            293   1.1e-23   81.0   3.1   2   2   1.3e-10   1.2e-08   31.7   0.1   230   282   433   485   420   493 0.91 -
tig00000001:1020471-1023650 -           1060 15766at4891          -            293   5.1e-08   29.7   0.2   1   2      0.21        20    1.5   0.0    57   100   307   355   294   371 0.73 -
tig00000001:1020471-1023650 -           1060 15766at4891          -            293   5.1e-08   29.7   0.2   2   2   9.8e-09   9.2e-07   25.5   0.1   173   284   529   638   512   645 0.91 -
tig00000010:504922-507084   -            721 15766at4891          -            293    0.0024   14.3   0.0   1   1   5.3e-05     0.005   13.3   0.0   202   266   407   471   389   498 0.70 -
tig00000083:253513-255633   -            707 15766at4891          -            293     0.017   11.5   0.0   1   2     0.002      0.19    8.1   0.0    80   111   305   336   301   340 0.87 -
tig00000083:253513-255633   -            707 15766at4891          -            293     0.017   11.5   0.0   2   2      0.33        31    0.8   0.0   199   273   580   659   546   675 0.69 -
#
# Program:         hmmsearch
# Version:         3.1b2 (February 2015)
# Pipeline mode:   SEARCH
# Query file:      /home/inf-38-2022/BINP29/longread/2/busco_downloads/lineages/saccharomycetes_odb10/hmms/15766at4891.hmm
# Target file:     /home/inf-38-2022/BINP29/longread/2/Results/04_Busco/canu/run_saccharomycetes_odb10/metaeuk_output/initial_results/asm.contigs.fasta.modified.fas
# Option settings: hmmsearch --domtblout /home/inf-38-2022/BINP29/longread/2/Results/04_Busco/canu/run_saccharomycetes_odb10/hmmer_output/initial_run_results/15766at4891.out --cpu 1 /home/inf-38-2022/BINP29/longread/2/busco_downloads/lineages/saccharomycetes_odb10/hmms/15766at4891.hmm /home/inf-38-2022/BINP29/longread/2/Results/04_Busco/canu/run_saccharomycetes_odb10/metaeuk_output/initial_results/asm.contigs.fasta.modified.fas 
# Current dir:     /home/inf-38-2022/BINP29/longread/2
# Date:            Thu Feb 23 14:06:21 2023
# [ok]
