#                                                                                 --- full sequence --- -------------- this domain -------------   hmm coord   ali coord   env coord
# target name             accession   tlen query name           accession   qlen   E-value  score  bias   #  of  c-Evalue  i-Evalue  score  bias  from    to  from    to  from    to  acc description of target
#     ------------------- ---------- ----- -------------------- ---------- ----- --------- ------ ----- --- --- --------- --------- ------ ----- ----- ----- ----- ----- ----- ----- ---- ---------------------
tig00000018:648676-650040 -            455 16535at4891          -            351  1.4e-158  524.8   5.1   1   3  2.2e-110  1.5e-107  356.9   0.1     1   208     4   224     4   232 0.94 -
tig00000018:648676-650040 -            455 16535at4891          -            351  1.4e-158  524.8   5.1   2   3   9.2e-11   6.3e-08   29.3   0.0   204   257   243   303   231   307 0.76 -
tig00000018:648676-650040 -            455 16535at4891          -            351  1.4e-158  524.8   5.1   3   3   2.9e-44   1.9e-41  139.5   1.0   235   336   305   418   300   454 0.91 -
tig00000031:200424-201071 -            216 16535at4891          -            351   1.5e-19   67.5   0.0   1   2   6.2e-06    0.0042   13.4   0.0   208   244    14    55     6    69 0.71 -
tig00000031:200424-201071 -            216 16535at4891          -            351   1.5e-19   67.5   0.0   2   2     1e-17     7e-15   52.2   0.0   240   337    75   183    72   195 0.89 -
tig00000001:486438-487109 -            224 16535at4891          -            351   9.7e-15   51.7   2.2   1   1   3.8e-17   2.6e-14   50.3   2.2    56   210    50   198     1   213 0.67 -
tig00000018:382632-383351 -            240 16535at4891          -            351   5.4e-09   32.8   0.4   1   2   1.1e-08   7.2e-06   22.6   0.1     9    83     7    78     2    92 0.77 -
tig00000018:382632-383351 -            240 16535at4891          -            351   5.4e-09   32.8   0.4   2   2   0.00018      0.12    8.6   0.0   103   143   122   162   111   167 0.91 -
#
# Program:         hmmsearch
# Version:         3.1b2 (February 2015)
# Pipeline mode:   SEARCH
# Query file:      /home/inf-38-2022/BINP29/longread/2/busco_downloads/lineages/saccharomycetes_odb10/hmms/16535at4891.hmm
# Target file:     /home/inf-38-2022/BINP29/longread/2/Results/04_Busco/canu/run_saccharomycetes_odb10/metaeuk_output/initial_results/asm.contigs.fasta.modified.fas
# Option settings: hmmsearch --domtblout /home/inf-38-2022/BINP29/longread/2/Results/04_Busco/canu/run_saccharomycetes_odb10/hmmer_output/initial_run_results/16535at4891.out --cpu 1 /home/inf-38-2022/BINP29/longread/2/busco_downloads/lineages/saccharomycetes_odb10/hmms/16535at4891.hmm /home/inf-38-2022/BINP29/longread/2/Results/04_Busco/canu/run_saccharomycetes_odb10/metaeuk_output/initial_results/asm.contigs.fasta.modified.fas 
# Current dir:     /home/inf-38-2022/BINP29/longread/2
# Date:            Thu Feb 23 14:06:26 2023
# [ok]
