#                                                                               --- full sequence --- -------------- this domain -------------   hmm coord   ali coord   env coord
# target name           accession   tlen query name           accession   qlen   E-value  score  bias   #  of  c-Evalue  i-Evalue  score  bias  from    to  from    to  from    to  acc description of target
#   ------------------- ---------- ----- -------------------- ---------- ----- --------- ------ ----- --- --- --------- --------- ------ ----- ----- ----- ----- ----- ----- ----- ---- ---------------------
tig00000061:51970-55878 -           1303 16618at4891          -            859  1.2e-153  510.4  65.4   1   9    0.0055        15    0.6   0.4    90   111     3    24     1    52 0.83 -
tig00000061:51970-55878 -           1303 16618at4891          -            859  1.2e-153  510.4  65.4   2   9   0.00049       1.3    4.1   0.0   105   134    72   101    60   117 0.83 -
tig00000061:51970-55878 -           1303 16618at4891          -            859  1.2e-153  510.4  65.4   3   9   5.6e-09   1.5e-05   20.4   5.5   137   233   152   283   131   316 0.75 -
tig00000061:51970-55878 -           1303 16618at4891          -            859  1.2e-153  510.4  65.4   4   9   1.3e-07   0.00035   15.9   0.3   231   260   325   354   303   359 0.94 -
tig00000061:51970-55878 -           1303 16618at4891          -            859  1.2e-153  510.4  65.4   5   9     9e-94   2.5e-90  300.9  22.1   291   633   450   886   383   915 0.79 -
tig00000061:51970-55878 -           1303 16618at4891          -            859  1.2e-153  510.4  65.4   6   9   2.7e-13   7.3e-10   34.7   0.0   632   699   932  1014   911  1018 0.83 -
tig00000061:51970-55878 -           1303 16618at4891          -            859  1.2e-153  510.4  65.4   7   9   7.6e-49   2.1e-45  152.3   0.9   699   820  1040  1168  1029  1192 0.88 -
tig00000061:51970-55878 -           1303 16618at4891          -            859  1.2e-153  510.4  65.4   8   9     0.014        39   -0.8   0.0   821   842  1227  1249  1210  1252 0.84 -
tig00000061:51970-55878 -           1303 16618at4891          -            859  1.2e-153  510.4  65.4   9   9     0.023        64   -1.5   0.5   840   859  1283  1302  1279  1302 0.89 -
#
# Program:         hmmsearch
# Version:         3.1b2 (February 2015)
# Pipeline mode:   SEARCH
# Query file:      /home/inf-38-2022/BINP29/longread/2/busco_downloads/lineages/saccharomycetes_odb10/hmms/16618at4891.hmm
# Target file:     /home/inf-38-2022/BINP29/longread/2/Results/04_Busco/canu/run_saccharomycetes_odb10/metaeuk_output/initial_results/asm.contigs.fasta.modified.fas
# Option settings: hmmsearch --domtblout /home/inf-38-2022/BINP29/longread/2/Results/04_Busco/canu/run_saccharomycetes_odb10/hmmer_output/initial_run_results/16618at4891.out --cpu 1 /home/inf-38-2022/BINP29/longread/2/busco_downloads/lineages/saccharomycetes_odb10/hmms/16618at4891.hmm /home/inf-38-2022/BINP29/longread/2/Results/04_Busco/canu/run_saccharomycetes_odb10/metaeuk_output/initial_results/asm.contigs.fasta.modified.fas 
# Current dir:     /home/inf-38-2022/BINP29/longread/2
# Date:            Thu Feb 23 14:06:27 2023
# [ok]
