#                                                                                 --- full sequence --- -------------- this domain -------------   hmm coord   ali coord   env coord
# target name             accession   tlen query name           accession   qlen   E-value  score  bias   #  of  c-Evalue  i-Evalue  score  bias  from    to  from    to  from    to  acc description of target
#     ------------------- ---------- ----- -------------------- ---------- ----- --------- ------ ----- --- --- --------- --------- ------ ----- ----- ----- ----- ----- ----- ----- ---- ---------------------
tig00000034:280549-281862 -            438 16810at4891          -            278  5.7e-100  331.2  12.6   1   4   0.00041      0.12    8.6   0.0     1    14     6    19     6    40 0.86 -
tig00000034:280549-281862 -            438 16810at4891          -            278  5.7e-100  331.2  12.6   2   4     7e-25   2.1e-22   76.7   0.3    15    89    43   134    30   142 0.86 -
tig00000034:280549-281862 -            438 16810at4891          -            278  5.7e-100  331.2  12.6   3   4   1.5e-70   4.5e-68  226.5   0.8    91   257   185   387   177   389 0.87 -
tig00000034:280549-281862 -            438 16810at4891          -            278  5.7e-100  331.2  12.6   4   4   6.2e-06    0.0019   14.6   0.1   256   278   411   435   397   435 0.85 -
tig00000038:217954-219042 -            363 16810at4891          -            278   4.5e-35  118.3   0.0   1   3      0.47   1.4e+02   -1.5   0.0     1    15     1    15     1    39 0.81 -
tig00000038:217954-219042 -            363 16810at4891          -            278   4.5e-35  118.3   0.0   2   3   9.5e-37   2.9e-34  115.7   0.0    27   255    58   322    35   331 0.80 -
tig00000038:217954-219042 -            363 16810at4891          -            278   4.5e-35  118.3   0.0   3   3      0.55   1.7e+02   -1.7   0.0   256   268   347   359   338   362 0.83 -
tig00000001:400160-401323 -            388 16810at4891          -            278   4.2e-26   88.9   0.0   1   2   4.9e-28   1.5e-25   87.1   0.0    25   246    62   320    55   332 0.78 -
tig00000001:400160-401323 -            388 16810at4891          -            278   4.2e-26   88.9   0.0   2   2      0.82   2.5e+02   -2.2   0.0   257   276   367   386   361   387 0.87 -
tig00000031:199072-200166 -            365 16810at4891          -            278   5.4e-21   72.1   0.0   1   2      0.24        74   -0.5   0.1     1    14     2    15     2    18 0.89 -
tig00000031:199072-200166 -            365 16810at4891          -            278   5.4e-21   72.1   0.0   2   2   1.5e-22   4.6e-20   69.1   0.0    27   255    59   326    49   336 0.75 -
tig00000061:187463-188809 -            449 16810at4891          -            278     1e-19   67.9   0.4   1   2     2e-21   5.9e-19   65.4   0.0    27   249   110   379    89   391 0.73 -
tig00000061:187463-188809 -            449 16810at4891          -            278     1e-19   67.9   0.4   2   2       2.7   8.3e+02   -4.0   0.1   260   275   428   443   425   444 0.78 -
tig00000018:513849-516038 -            730 16810at4891          -            278   1.9e-18   63.7   0.5   1   2   1.3e-11   3.8e-09   33.2   0.0    29   171    94   262    86   277 0.75 -
tig00000018:513849-516038 -            730 16810at4891          -            278   1.9e-18   63.7   0.5   2   2   7.9e-10   2.4e-07   27.3   0.1   176   257   604   700   600   704 0.73 -
tig00000061:473274-474740 -            489 16810at4891          -            278   7.2e-14   48.7   0.0   1   2   6.2e-08   1.9e-05   21.1   0.0    34   136    76   198    65   203 0.70 -
tig00000061:473274-474740 -            489 16810at4891          -            278   7.2e-14   48.7   0.0   2   2     6e-09   1.8e-06   24.4   0.0   199   249   381   434   377   452 0.87 -
tig00000010:648957-650336 -            460 16810at4891          -            278   7.2e-09   32.3   0.3   1   4      0.99     3e+02   -2.5   0.0     1    36     1    36     1    38 0.81 -
tig00000010:648957-650336 -            460 16810at4891          -            278   7.2e-09   32.3   0.3   2   4   3.8e-05     0.012   12.0   0.0    93   136   146   190    71   239 0.87 -
tig00000010:648957-650336 -            460 16810at4891          -            278   7.2e-09   32.3   0.3   3   4      0.51   1.5e+02   -1.5   0.0   177   201   289   312   279   338 0.78 -
tig00000010:648957-650336 -            460 16810at4891          -            278   7.2e-09   32.3   0.3   4   4   1.3e-06    0.0004   16.8   0.0   212   253   374   415   365   427 0.86 -
tig00000012:591879-593249 -            457 16810at4891          -            278   1.1e-07   28.4   0.2   1   3      0.43   1.3e+02   -1.3   0.0   181   194    12    25     2    34 0.75 -
tig00000012:591879-593249 -            457 16810at4891          -            278   1.1e-07   28.4   0.2   2   3   4.5e-06    0.0014   15.0   0.0    71   136   118   192    96   199 0.77 -
tig00000012:591879-593249 -            457 16810at4891          -            278   1.1e-07   28.4   0.2   3   3   0.00016     0.048    9.9   0.0   202   245   301   345   276   357 0.74 -
#
# Program:         hmmsearch
# Version:         3.1b2 (February 2015)
# Pipeline mode:   SEARCH
# Query file:      /home/inf-38-2022/BINP29/longread/2/busco_downloads/lineages/saccharomycetes_odb10/hmms/16810at4891.hmm
# Target file:     /home/inf-38-2022/BINP29/longread/2/Results/04_Busco/canu/run_saccharomycetes_odb10/metaeuk_output/initial_results/asm.contigs.fasta.modified.fas
# Option settings: hmmsearch --domtblout /home/inf-38-2022/BINP29/longread/2/Results/04_Busco/canu/run_saccharomycetes_odb10/hmmer_output/initial_run_results/16810at4891.out --cpu 1 /home/inf-38-2022/BINP29/longread/2/busco_downloads/lineages/saccharomycetes_odb10/hmms/16810at4891.hmm /home/inf-38-2022/BINP29/longread/2/Results/04_Busco/canu/run_saccharomycetes_odb10/metaeuk_output/initial_results/asm.contigs.fasta.modified.fas 
# Current dir:     /home/inf-38-2022/BINP29/longread/2
# Date:            Thu Feb 23 14:06:27 2023
# [ok]
