#                                                                                   --- full sequence --- -------------- this domain -------------   hmm coord   ali coord   env coord
# target name               accession   tlen query name           accession   qlen   E-value  score  bias   #  of  c-Evalue  i-Evalue  score  bias  from    to  from    to  from    to  acc description of target
#       ------------------- ---------- ----- -------------------- ---------- ----- --------- ------ ----- --- --- --------- --------- ------ ----- ----- ----- ----- ----- ----- ----- ---- ---------------------
tig00000014:571412-572308   -            299 16921at4891          -            208   1.6e-60  201.3   5.2   1   2   1.2e-59   4.7e-58  193.2   3.3    14   194    32   262     2   265 0.84 -
tig00000014:571412-572308   -            299 16921at4891          -            208   1.6e-60  201.3   5.2   2   2      0.04       1.5    5.4   0.1    62    98   240   280   221   298 0.77 -
tig00000083:182049-182867   -            273 16921at4891          -            208   3.2e-42  141.5  15.2   1   5   3.5e-07   1.3e-05   21.9   0.0    65    97     1    33     1    35 0.94 -
tig00000083:182049-182867   -            273 16921at4891          -            208   3.2e-42  141.5  15.2   2   5   3.8e-13   1.4e-11   41.4   0.5    62   121    38    99    30   102 0.89 -
tig00000083:182049-182867   -            273 16921at4891          -            208   3.2e-42  141.5  15.2   3   5   2.6e-11   9.7e-10   35.4   0.9    60   122    76   141    74   141 0.89 -
tig00000083:182049-182867   -            273 16921at4891          -            208   3.2e-42  141.5  15.2   4   5   1.4e-08   5.2e-07   26.5   0.1    47    96   103   153    99   159 0.87 -
tig00000083:182049-182867   -            273 16921at4891          -            208   3.2e-42  141.5  15.2   5   5   4.7e-16   1.8e-14   50.9   0.1    63   123   209   271   205   273 0.91 -
tig00000034:379525-382353   -            943 16921at4891          -            208     8e-39  130.4  25.6   1   7      0.22       8.2    3.0   0.0    66    88    43    65    37    69 0.76 -
tig00000034:379525-382353   -            943 16921at4891          -            208     8e-39  130.4  25.6   2   7   0.00071     0.027   11.1   0.1    59    98    90   129    81   130 0.89 -
tig00000034:379525-382353   -            943 16921at4891          -            208     8e-39  130.4  25.6   3   7   4.9e-14   1.8e-12   44.3   3.6    47   154   119   230   116   238 0.84 -
tig00000034:379525-382353   -            943 16921at4891          -            208     8e-39  130.4  25.6   4   7   0.00016    0.0062   13.2   0.1    49   120   391   464   381   467 0.63 -
tig00000034:379525-382353   -            943 16921at4891          -            208     8e-39  130.4  25.6   5   7   6.7e-06   0.00025   17.7   0.3    35    82   459   507   454   510 0.89 -
tig00000034:379525-382353   -            943 16921at4891          -            208     8e-39  130.4  25.6   6   7       7.8     3e+02   -2.1   0.0   125   149   529   553   521   568 0.75 -
tig00000034:379525-382353   -            943 16921at4891          -            208     8e-39  130.4  25.6   7   7   7.2e-17   2.7e-15   53.5   1.3    46   160   570   691   562   696 0.89 -
tig00000037:93821-94819     -            333 16921at4891          -            208   1.1e-37  126.8  13.9   1   5   1.5e-11   5.6e-10   36.2   0.7    47   123     2    91     1    93 0.81 -
tig00000037:93821-94819     -            333 16921at4891          -            208   1.1e-37  126.8  13.9   2   5   2.1e-07   8.1e-06   22.6   0.3    63    96    69   102    56   103 0.92 -
tig00000037:93821-94819     -            333 16921at4891          -            208   1.1e-37  126.8  13.9   3   5   4.7e-12   1.8e-10   37.8   0.6    47    99    94   147    91   160 0.90 -
tig00000037:93821-94819     -            333 16921at4891          -            208   1.1e-37  126.8  13.9   4   5   9.4e-08   3.6e-06   23.8   0.0    61   123   190   257   178   259 0.58 -
tig00000037:93821-94819     -            333 16921at4891          -            208   1.1e-37  126.8  13.9   5   5   1.9e-10   7.4e-09   32.5   0.2    47   113   260   331   258   333 0.92 -
tig00000010:275560-276894   -            445 16921at4891          -            208   3.6e-36  121.8  18.8   1   5   1.6e-09     6e-08   29.6   0.5    47   123   131   213   126   215 0.79 -
tig00000010:275560-276894   -            445 16921at4891          -            208   3.6e-36  121.8  18.8   2   5   1.8e-15   6.9e-14   49.0   0.5    63   162   191   296   186   297 0.90 -
tig00000010:275560-276894   -            445 16921at4891          -            208   3.6e-36  121.8  18.8   3   5   2.3e-14   8.8e-13   45.3   0.2    47   165   216   340   214   343 0.87 -
tig00000010:275560-276894   -            445 16921at4891          -            208   3.6e-36  121.8  18.8   4   5   1.1e-09   4.1e-08   30.1   0.4    63   148   275   363   272   381 0.81 -
tig00000010:275560-276894   -            445 16921at4891          -            208   3.6e-36  121.8  18.8   5   5    0.0035      0.13    8.8   0.0    49    78   393   423   382   428 0.85 -
tig00000037:112469-115222   -            918 16921at4891          -            208   1.8e-33  113.0   7.3   1   7    0.0024      0.09    9.4   0.0    68   154    33   123    11   138 0.83 -
tig00000037:112469-115222   -            918 16921at4891          -            208   1.8e-33  113.0   7.3   2   7    0.0002    0.0075   12.9   0.4    44   115   141   220   137   224 0.79 -
tig00000037:112469-115222   -            918 16921at4891          -            208   1.8e-33  113.0   7.3   3   7   1.5e-06   5.8e-05   19.8   0.0    49   164   260   383   253   384 0.83 -
tig00000037:112469-115222   -            918 16921at4891          -            208   1.8e-33  113.0   7.3   4   7   1.3e-14   4.9e-13   46.2   0.1    47   130   343   431   333   437 0.83 -
tig00000037:112469-115222   -            918 16921at4891          -            208   1.8e-33  113.0   7.3   5   7     3e-11   1.1e-09   35.2   0.2    59   157   441   546   431   561 0.83 -
tig00000037:112469-115222   -            918 16921at4891          -            208   1.8e-33  113.0   7.3   6   7       7.8   2.9e+02   -2.1   0.0   173   204   590   623   570   627 0.48 -
tig00000037:112469-115222   -            918 16921at4891          -            208   1.8e-33  113.0   7.3   7   7       5.1   1.9e+02   -1.5   0.0   130   176   681   727   672   739 0.77 -
tig00000037:74530-75222     -            231 16921at4891          -            208   1.2e-32  110.3   0.6   1   3   7.8e-22     3e-20   69.8   0.0    53   163     2   119     1   127 0.90 -
tig00000037:74530-75222     -            231 16921at4891          -            208   1.2e-32  110.3   0.6   2   3   1.7e-06   6.4e-05   19.7   0.1    46    80   128   163   121   167 0.90 -
tig00000037:74530-75222     -            231 16921at4891          -            208   1.2e-32  110.3   0.6   3   3   4.2e-06   0.00016   18.4   0.0    45    93   181   230   166   231 0.87 -
tig00000078:494342-496789   -            816 16921at4891          -            208   4.7e-32  108.3  18.3   1   7      0.17       6.5    3.3   0.0   125   158    15    48     5    59 0.84 -
tig00000078:494342-496789   -            816 16921at4891          -            208   4.7e-32  108.3  18.3   2   7     0.011      0.44    7.1   0.2    62   164    75   140    54   154 0.50 -
tig00000078:494342-496789   -            816 16921at4891          -            208   4.7e-32  108.3  18.3   3   7   1.5e-07   5.7e-06   23.1   0.0    47    98   142   198   140   206 0.84 -
tig00000078:494342-496789   -            816 16921at4891          -            208   4.7e-32  108.3  18.3   4   7    0.0017     0.066    9.8   0.0    63   155   211   316   205   323 0.71 -
tig00000078:494342-496789   -            816 16921at4891          -            208   4.7e-32  108.3  18.3   5   7     0.063       2.4    4.7   0.0    37   106   376   450   374   453 0.77 -
tig00000078:494342-496789   -            816 16921at4891          -            208   4.7e-32  108.3  18.3   6   7   1.9e-05   0.00073   16.2   0.1    46    98   488   541   459   544 0.84 -
tig00000078:494342-496789   -            816 16921at4891          -            208   4.7e-32  108.3  18.3   7   7   2.5e-15   9.4e-14   48.5   1.5    60   153   545   644   536   659 0.83 -
tig00000023:290906-291760   -            285 16921at4891          -            208   9.7e-32  107.3  12.3   1   3   3.2e-12   1.2e-10   38.3   0.5    47   113     3    75     1    79 0.86 -
tig00000023:290906-291760   -            285 16921at4891          -            208   9.7e-32  107.3  12.3   2   3   1.5e-15   5.8e-14   49.2   1.7    45   118   109   185   106   207 0.81 -
tig00000023:290906-291760   -            285 16921at4891          -            208   9.7e-32  107.3  12.3   3   3   1.7e-07   6.3e-06   23.0   0.1    61   118   226   285   212   285 0.85 -
tig00000014:605092-607482   -            797 16921at4891          -            208   3.4e-28   95.7   5.6   1   4       1.6        60    0.1   0.0    25    77   442   495   424   502 0.74 -
tig00000014:605092-607482   -            797 16921at4891          -            208   3.4e-28   95.7   5.6   2   4   2.8e-09   1.1e-07   28.7   0.2    45   114   521   595   513   600 0.88 -
tig00000014:605092-607482   -            797 16921at4891          -            208   3.4e-28   95.7   5.6   3   4   1.6e-14   6.1e-13   45.9   0.1    43   124   603   689   595   693 0.91 -
tig00000014:605092-607482   -            797 16921at4891          -            208   3.4e-28   95.7   5.6   4   4   1.5e-06   5.8e-05   19.8   0.0    50    81   695   727   690   729 0.86 -
tig00000061:551101-551736   -            212 16921at4891          -            208   1.7e-27   93.4   2.1   1   3     7e-09   2.7e-07   27.4   0.1    48    89     1    41     1    57 0.83 -
tig00000061:551101-551736   -            212 16921at4891          -            208   1.7e-27   93.4   2.1   2   3   3.2e-20   1.2e-18   64.5   0.1    62   157    78   175    73   184 0.93 -
tig00000061:551101-551736   -            212 16921at4891          -            208   1.7e-27   93.4   2.1   3   3       2.9   1.1e+02   -0.7   0.0    45    75   183   212   179   212 0.77 -
tig00000022:516138-517016   -            293 16921at4891          -            208   9.5e-27   91.0   3.9   1   4   1.4e-05   0.00054   16.6   0.1    47    81    12    48     9    66 0.86 -
tig00000022:516138-517016   -            293 16921at4891          -            208   9.5e-27   91.0   3.9   2   4   5.5e-07   2.1e-05   21.3   0.1    48    86    75   112    62   123 0.91 -
tig00000022:516138-517016   -            293 16921at4891          -            208   9.5e-27   91.0   3.9   3   4     4e-16   1.5e-14   51.1   0.1    62   155   153   247   138   255 0.86 -
tig00000022:516138-517016   -            293 16921at4891          -            208   9.5e-27   91.0   3.9   4   4       1.5        57    0.2   0.0    52    75   271   293   267   293 0.82 -
tig00000018:621173-622084   -            304 16921at4891          -            208   1.4e-26   90.4   6.3   1   3   1.5e-07   5.7e-06   23.1   0.0   100   157     5    63     1    73 0.82 -
tig00000018:621173-622084   -            304 16921at4891          -            208   1.4e-26   90.4   6.3   2   3     7e-15   2.6e-13   47.1   0.0    47   147    74   180    67   213 0.79 -
tig00000018:621173-622084   -            304 16921at4891          -            208   1.4e-26   90.4   6.3   3   3   5.2e-07     2e-05   21.3   1.9    48   124   207   289   191   302 0.74 -
tig00000038:154278-154922   -            215 16921at4891          -            208   1.5e-26   90.3   4.8   1   4     3e-05    0.0011   15.6   0.1    49    94     6    50     2    52 0.85 -
tig00000038:154278-154922   -            215 16921at4891          -            208   1.5e-26   90.3   4.8   2   4   4.7e-12   1.8e-10   37.8   0.1    47    98    44    95    42    97 0.96 -
tig00000038:154278-154922   -            215 16921at4891          -            208   1.5e-26   90.3   4.8   3   4    0.0018     0.068    9.8   0.1    44    80    82   121    80   125 0.82 -
tig00000038:154278-154922   -            215 16921at4891          -            208   1.5e-26   90.3   4.8   4   4   2.3e-11   8.7e-10   35.6   0.1    46    95   151   199   147   213 0.93 -
tig00000012:377902-378939   -            346 16921at4891          -            208   9.4e-26   87.7   1.4   1   3   2.2e-20   8.2e-19   65.0   0.1    46   144     7   110     3   150 0.92 -
tig00000012:377902-378939   -            346 16921at4891          -            208   9.4e-26   87.7   1.4   2   3   2.6e-06   9.9e-05   19.1   0.2   100   173   167   243   155   253 0.86 -
tig00000012:377902-378939   -            346 16921at4891          -            208   9.4e-26   87.7   1.4   3   3         1        39    0.8   0.0    32   115   305   322   287   331 0.57 -
tig00000007:828201-829577   -            459 16921at4891          -            208   6.1e-25   85.1  11.7   1   5   1.2e-08   4.7e-07   26.6   0.2    91   160   104   177    95   188 0.80 -
tig00000007:828201-829577   -            459 16921at4891          -            208   6.1e-25   85.1  11.7   2   5   4.6e-05    0.0017   15.0   0.0    42    78   201   237   190   263 0.60 -
tig00000007:828201-829577   -            459 16921at4891          -            208   6.1e-25   85.1  11.7   3   5   2.8e-06   0.00011   18.9   0.8    47   119   285   362   279   370 0.74 -
tig00000007:828201-829577   -            459 16921at4891          -            208   6.1e-25   85.1  11.7   4   5   5.1e-09   1.9e-07   27.9   0.0    45    93   371   421   356   426 0.83 -
tig00000007:828201-829577   -            459 16921at4891          -            208   6.1e-25   85.1  11.7   5   5       5.3     2e+02   -1.6   0.0    24    47   428   452   423   457 0.66 -
tig00000001:195246-198842   -           1199 16921at4891          -            208   1.4e-24   83.9   5.8   1   6     0.043       1.6    5.3   0.0    70    98    33    61    19    65 0.91 -
tig00000001:195246-198842   -           1199 16921at4891          -            208   1.4e-24   83.9   5.8   2   6   4.2e-10   1.6e-08   31.4   0.0    47   118    51   127    50   134 0.88 -
tig00000001:195246-198842   -           1199 16921at4891          -            208   1.4e-24   83.9   5.8   3   6     7e-07   2.7e-05   20.9   0.1    45    78   133   167   127   172 0.87 -
tig00000001:195246-198842   -           1199 16921at4891          -            208   1.4e-24   83.9   5.8   4   6    0.0065      0.25    7.9   0.0    45    81   205   242   184   248 0.83 -
tig00000001:195246-198842   -           1199 16921at4891          -            208   1.4e-24   83.9   5.8   5   6   5.7e-06   0.00022   17.9   0.0    46    91   250   296   240   325 0.86 -
tig00000001:195246-198842   -           1199 16921at4891          -            208   1.4e-24   83.9   5.8   6   6       0.5        19    1.8   0.0   112   152   478   517   472   534 0.85 -
tig00000018:41834-43183     -            450 16921at4891          -            208     3e-23   79.5   4.6   1   4   8.2e-06   0.00031   17.4   1.1    43    99   114   171   103   175 0.86 -
tig00000018:41834-43183     -            450 16921at4891          -            208     3e-23   79.5   4.6   2   4   4.9e-11   1.9e-09   34.5   0.4    44   124   157   242   152   246 0.88 -
tig00000018:41834-43183     -            450 16921at4891          -            208     3e-23   79.5   4.6   3   4   1.8e-06   6.9e-05   19.6   0.0    45   115   244   319   240   323 0.84 -
tig00000018:41834-43183     -            450 16921at4891          -            208     3e-23   79.5   4.6   4   4   0.00077     0.029   11.0   0.0    43    76   329   363   327   367 0.89 -
tig00000022:39397-41541     -            715 16921at4891          -            208   9.6e-22   74.6  10.5   1   4      0.01      0.39    7.3   0.0    92   126    18    51     4    70 0.63 -
tig00000022:39397-41541     -            715 16921at4891          -            208   9.6e-22   74.6  10.5   2   4   4.2e-07   1.6e-05   21.7   0.1    35    96    84   143    74   149 0.84 -
tig00000022:39397-41541     -            715 16921at4891          -            208   9.6e-22   74.6  10.5   3   4   5.1e-10   1.9e-08   31.2   0.6    55   131   146   223   136   232 0.78 -
tig00000022:39397-41541     -            715 16921at4891          -            208   9.6e-22   74.6  10.5   4   4   2.6e-07   9.7e-06   22.3   0.3    47   134   218   308   216   318 0.84 -
tig00000010:895817-897205   -            463 16921at4891          -            208   4.3e-20   69.2   8.7   1   3   0.00042     0.016   11.8   0.3    49   156   174   294   170   297 0.68 -
tig00000010:895817-897205   -            463 16921at4891          -            208   4.3e-20   69.2   8.7   2   3   7.2e-17   2.7e-15   53.5   0.2    19   145   261   412   259   417 0.81 -
tig00000010:895817-897205   -            463 16921at4891          -            208   4.3e-20   69.2   8.7   3   3   5.2e-06    0.0002   18.1   1.3    45   113   388   463   384   463 0.89 -
tig00000014:436668-438272   -            535 16921at4891          -            208     1e-19   68.0   0.8   1   2   1.1e-06   4.2e-05   20.3   0.0   100   167   234   302   217   315 0.86 -
tig00000014:436668-438272   -            535 16921at4891          -            208     1e-19   68.0   0.8   2   2   1.8e-14   6.9e-13   45.7   0.2    46   154   356   470   352   479 0.89 -
tig00000034:113188-114642   -            485 16921at4891          -            208   1.4e-19   67.5   8.7   1   4   4.2e-05    0.0016   15.1   0.0    46    99    64   119    61   120 0.86 -
tig00000034:113188-114642   -            485 16921at4891          -            208   1.4e-19   67.5   8.7   2   4    0.0084      0.32    7.6   0.7    59    93   132   166   129   182 0.82 -
tig00000034:113188-114642   -            485 16921at4891          -            208   1.4e-19   67.5   8.7   3   4   0.00045     0.017   11.7   0.2    71   125   200   259   195   271 0.73 -
tig00000034:113188-114642   -            485 16921at4891          -            208   1.4e-19   67.5   8.7   4   4   3.8e-11   1.4e-09   34.9   0.4    63   154   277   376   255   391 0.81 -
tig00000022:404776-405999   -            408 16921at4891          -            208   9.2e-19   64.9   1.4   1   3   1.3e-09   4.7e-08   29.9   0.0    48   109    45   105    35   108 0.91 -
tig00000022:404776-405999   -            408 16921at4891          -            208   9.2e-19   64.9   1.4   2   3   4.4e-08   1.7e-06   24.8   0.1    61   167   114   228   109   247 0.85 -
tig00000022:404776-405999   -            408 16921at4891          -            208   9.2e-19   64.9   1.4   3   3    0.0086      0.33    7.5   0.0    46    82   291   330   286   336 0.84 -
tig00000001:1183590-1184819 -            410 16921at4891          -            208   5.8e-18   62.3   0.3   1   3   3.5e-13   1.3e-11   41.5   0.0    47   133   115   208   112   230 0.84 -
tig00000001:1183590-1184819 -            410 16921at4891          -            208   5.8e-18   62.3   0.3   2   3   3.5e-05    0.0013   15.4   0.0    47    90   246   290   234   323 0.79 -
tig00000001:1183590-1184819 -            410 16921at4891          -            208   5.8e-18   62.3   0.3   3   3      0.75        28    1.2   0.0    55    87   344   377   328   391 0.74 -
tig00000012:489214-491058   -            615 16921at4891          -            208   6.8e-18   62.0  10.1   1   6       7.9     3e+02   -2.1   0.0    50    76    65    94    59   100 0.68 -
tig00000012:489214-491058   -            615 16921at4891          -            208   6.8e-18   62.0  10.1   2   6   2.5e-06   9.5e-05   19.1   0.1    54   128   211   294   196   300 0.79 -
tig00000012:489214-491058   -            615 16921at4891          -            208   6.8e-18   62.0  10.1   3   6   4.2e-10   1.6e-08   31.4   0.1    63   117   312   366   299   377 0.88 -
tig00000012:489214-491058   -            615 16921at4891          -            208   6.8e-18   62.0  10.1   4   6       2.1        78   -0.2   0.2    47    92   370   418   363   503 0.58 -
tig00000012:489214-491058   -            615 16921at4891          -            208   6.8e-18   62.0  10.1   5   6       4.3   1.6e+02   -1.3   0.0    99   121   501   523   463   540 0.76 -
tig00000012:489214-491058   -            615 16921at4891          -            208   6.8e-18   62.0  10.1   6   6   0.00017    0.0065   13.1   0.1    60   113   553   610   530   614 0.83 -
tig00000005:195583-197937   -            785 16921at4891          -            208   3.5e-17   59.7   9.0   1   6   3.6e-10   1.3e-08   31.7   0.3    47   113    57   129    52   135 0.85 -
tig00000005:195583-197937   -            785 16921at4891          -            208   3.5e-17   59.7   9.0   2   6    0.0025     0.094    9.3   0.0    47    83   200   241   194   252 0.82 -
tig00000005:195583-197937   -            785 16921at4891          -            208   3.5e-17   59.7   9.0   3   6     0.095       3.6    4.1   0.1    44    80   276   313   271   329 0.87 -
tig00000005:195583-197937   -            785 16921at4891          -            208   3.5e-17   59.7   9.0   4   6      0.31        12    2.5   0.0   127   149   385   407   357   413 0.78 -
tig00000005:195583-197937   -            785 16921at4891          -            208   3.5e-17   59.7   9.0   5   6      0.19         7    3.2   0.0   110   148   587   627   583   656 0.68 -
tig00000005:195583-197937   -            785 16921at4891          -            208   3.5e-17   59.7   9.0   6   6     0.015      0.56    6.8   0.1    60    97   667   708   652   715 0.74 -
tig00000078:139174-141975   -            934 16921at4891          -            208     7e-17   58.7   8.0   1   5       8.9   3.4e+02   -2.3   0.0   111   143    54    86    44    95 0.84 -
tig00000078:139174-141975   -            934 16921at4891          -            208     7e-17   58.7   8.0   2   5       8.6   3.2e+02   -2.2   0.0    24    46   112   134   108   138 0.87 -
tig00000078:139174-141975   -            934 16921at4891          -            208     7e-17   58.7   8.0   3   5       0.2       7.8    3.1   0.0    98   144   213   260   176   315 0.67 -
tig00000078:139174-141975   -            934 16921at4891          -            208     7e-17   58.7   8.0   4   5   2.2e-05   0.00084   16.0   0.0    59   133   466   544   448   548 0.87 -
tig00000078:139174-141975   -            934 16921at4891          -            208     7e-17   58.7   8.0   5   5   1.3e-14   4.9e-13   46.2   0.3    49   153   538   649   534   660 0.88 -
tig00000012:487139-488677   -            513 16921at4891          -            208     7e-17   58.7   1.0   1   3     0.017      0.63    6.6   0.2    47   117    37   112    32   123 0.77 -
tig00000012:487139-488677   -            513 16921at4891          -            208     7e-17   58.7   1.0   2   3   1.3e-14   5.1e-13   46.1   0.0    47   159   124   243   114   263 0.84 -
tig00000012:487139-488677   -            513 16921at4891          -            208     7e-17   58.7   1.0   3   3      0.15       5.7    3.5   0.0    61    84   270   293   248   312 0.60 -
tig00000012:441659-442144   -            162 16921at4891          -            208   1.3e-15   54.6   5.3   1   2   8.2e-08   3.1e-06   24.0   0.3    47   122    16   102    11   106 0.80 -
tig00000012:441659-442144   -            162 16921at4891          -            208   1.3e-15   54.6   5.3   2   2   7.7e-11   2.9e-09   33.8   0.5    45    98   104   157    99   158 0.90 -
tig00000007:738298-739563   -            422 16921at4891          -            208   6.4e-15   52.3   7.8   1   3     0.011       0.4    7.3   0.0   128   158    93   124    84   154 0.62 -
tig00000007:738298-739563   -            422 16921at4891          -            208   6.4e-15   52.3   7.8   2   3     2e-09   7.7e-08   29.2   0.7    42   165   174   309   160   315 0.85 -
tig00000007:738298-739563   -            422 16921at4891          -            208   6.4e-15   52.3   7.8   3   3   2.3e-05   0.00085   16.0   0.2    50   113   350   418   342   420 0.89 -
tig00000001:983271-984236   -            322 16921at4891          -            208   1.3e-14   51.3  11.7   1   4     0.001     0.039   10.6   0.1    45    77    51    84    34    93 0.81 -
tig00000001:983271-984236   -            322 16921at4891          -            208   1.3e-14   51.3  11.7   2   4   2.1e-09   7.8e-08   29.2   0.5    43   113    98   177    86   183 0.83 -
tig00000001:983271-984236   -            322 16921at4891          -            208   1.3e-14   51.3  11.7   3   4    0.0017     0.064    9.9   0.1    44    77   189   225   181   230 0.83 -
tig00000001:983271-984236   -            322 16921at4891          -            208   1.3e-14   51.3  11.7   4   4      0.55        21    1.7   0.0    20    50   245   276   228   322 0.53 -
tig00000010:92017-92973     -            319 16921at4891          -            208   1.9e-14   50.8   2.0   1   2   5.7e-13   2.2e-11   40.8   0.4    37   139    29   137    10   150 0.83 -
tig00000010:92017-92973     -            319 16921at4891          -            208   1.9e-14   50.8   2.0   2   2    0.0029      0.11    9.1   0.0    47    80   189   224   185   239 0.84 -
tig00000007:822235-822930   -            232 16921at4891          -            208   1.7e-13   47.7   4.9   1   3       1.3        48    0.5   0.1    95    95    62    62     2    94 0.60 -
tig00000007:822235-822930   -            232 16921at4891          -            208   1.7e-13   47.7   4.9   2   3   3.4e-14   1.3e-12   44.8   0.9    46   135    96   191    59   194 0.88 -
tig00000007:822235-822930   -            232 16921at4891          -            208   1.7e-13   47.7   4.9   3   3       0.3        11    2.5   0.1    64    75   220   231   212   232 0.75 -
tig00000012:470900-471844   -            315 16921at4891          -            208     2e-13   47.4   1.1   1   3      0.13       4.9    3.7   0.0    64    77     2    15     1    28 0.67 -
tig00000012:470900-471844   -            315 16921at4891          -            208     2e-13   47.4   1.1   2   3   1.6e-10   6.1e-09   32.8   0.1    47   149    89   196    84   207 0.90 -
tig00000012:470900-471844   -            315 16921at4891          -            208     2e-13   47.4   1.1   3   3    0.0059      0.22    8.1   0.0   101   124   257   280   225   309 0.74 -
tig00000023:374822-375916   -            365 16921at4891          -            208   6.7e-13   45.7   0.1   1   3   1.5e-08   5.7e-07   26.4   0.0    41   136    28   130    25   134 0.71 -
tig00000023:374822-375916   -            365 16921at4891          -            208   6.7e-13   45.7   0.1   2   3   8.3e-05    0.0031   14.1   0.0    48    86   120   163   119   174 0.77 -
tig00000023:374822-375916   -            365 16921at4891          -            208   6.7e-13   45.7   0.1   3   3      0.41        15    2.1   0.0    52   123   272   306   268   333 0.54 -
tig00000005:613155-613865   -            237 16921at4891          -            208   7.8e-13   45.5   5.0   1   3     3e-06   0.00011   18.9   0.0    60   111     9    62     1    70 0.84 -
tig00000005:613155-613865   -            237 16921at4891          -            208   7.8e-13   45.5   5.0   2   3   2.2e-07   8.3e-06   22.6   2.9    21   155    38   197    38   200 0.81 -
tig00000005:613155-613865   -            237 16921at4891          -            208   7.8e-13   45.5   5.0   3   3    0.0023     0.088    9.4   0.2    70   113   190   237   167   237 0.72 -
tig00000005:614650-615420   -            257 16921at4891          -            208   1.1e-12   45.1   0.2   1   2   6.6e-14   2.5e-12   43.9   0.1    43   125    66   153    45   167 0.89 -
tig00000005:614650-615420   -            257 16921at4891          -            208   1.1e-12   45.1   0.2   2   2       7.3   2.8e+02   -2.0   0.0   164   164   222   222   178   255 0.53 -
tig00000078:89274-91226     -            651 16921at4891          -            208   1.9e-12   44.2   0.3   1   2    0.0015     0.056   10.1   0.0    40    80    72   114    64   128 0.81 -
tig00000078:89274-91226     -            651 16921at4891          -            208   1.9e-12   44.2   0.3   2   2     3e-08   1.1e-06   25.4   0.1    46   119   137   215   133   217 0.84 -
tig00000005:853848-855902   -            685 16921at4891          -            208   6.3e-12   42.5   1.2   1   3     0.095       3.6    4.2   0.0    54    88     2    38     1    49 0.75 -
tig00000005:853848-855902   -            685 16921at4891          -            208   6.3e-12   42.5   1.2   2   3   3.1e-11   1.2e-09   35.1   0.2    63   124    58   123    34   141 0.87 -
tig00000005:853848-855902   -            685 16921at4891          -            208   6.3e-12   42.5   1.2   3   3         2        77   -0.2   0.0   106   144   306   342   293   348 0.79 -
tig00000010:208878-211913   -           1012 16921at4891          -            208   9.9e-11   38.6  11.0   1   4   7.7e-08   2.9e-06   24.0   1.3    69   157   158   252   148   254 0.84 -
tig00000010:208878-211913   -           1012 16921at4891          -            208   9.9e-11   38.6  11.0   2   4     0.079         3    4.4   0.1    47    78   709   740   667   754 0.72 -
tig00000010:208878-211913   -           1012 16921at4891          -            208   9.9e-11   38.6  11.0   3   4      0.31        12    2.5   0.0    59    80   778   799   761   815 0.78 -
tig00000010:208878-211913   -           1012 16921at4891          -            208   9.9e-11   38.6  11.0   4   4     0.034       1.3    5.6   0.1    55    82   943   970   909   983 0.74 -
tig00000001:690073-693498   -           1142 16921at4891          -            208   1.4e-10   38.1   0.7   1   2    0.0001    0.0039   13.8   0.1    43    79   104   142    84   147 0.79 -
tig00000001:690073-693498   -           1142 16921at4891          -            208   1.4e-10   38.1   0.7   2   2   2.8e-07   1.1e-05   22.2   0.1    56   130   163   244   154   253 0.79 -
tig00000014:759779-762379   -            867 16921at4891          -            208   2.8e-10   37.2   7.0   1   4   0.00027      0.01   12.4   0.0    47    86     7    47     3    55 0.89 -
tig00000014:759779-762379   -            867 16921at4891          -            208   2.8e-10   37.2   7.0   2   4      0.03       1.1    5.8   0.0    51    80    61    91    52    95 0.77 -
tig00000014:759779-762379   -            867 16921at4891          -            208   2.8e-10   37.2   7.0   3   4   2.8e-05    0.0011   15.7   0.8    64   137   242   325   235   348 0.67 -
tig00000014:759779-762379   -            867 16921at4891          -            208   2.8e-10   37.2   7.0   4   4      0.32        12    2.4   0.1    63    80   372   389   354   412 0.76 -
tig00000078:530421-532142   -            574 16921at4891          -            208   4.8e-10   36.4   7.6   1   3   5.4e-09     2e-07   27.8   3.0    38   116   275   362   262   377 0.80 -
tig00000078:530421-532142   -            574 16921at4891          -            208   4.8e-10   36.4   7.6   2   3      0.01      0.39    7.3   0.0    51    97   380   429   375   437 0.86 -
tig00000078:530421-532142   -            574 16921at4891          -            208   4.8e-10   36.4   7.6   3   3      0.76        29    1.2   0.0   145   168   496   520   465   527 0.74 -
tig00000018:569634-570797   -            388 16921at4891          -            208   4.8e-10   36.4   1.4   1   4   0.00093     0.035   10.7   0.1   104   173    31   105    26   110 0.62 -
tig00000018:569634-570797   -            388 16921at4891          -            208   4.8e-10   36.4   1.4   2   4    0.0053       0.2    8.3   0.1    50    97    61   108    53   137 0.79 -
tig00000018:569634-570797   -            388 16921at4891          -            208   4.8e-10   36.4   1.4   3   4   2.9e-05    0.0011   15.6   0.1    47    80   145   180   139   193 0.86 -
tig00000018:569634-570797   -            388 16921at4891          -            208   4.8e-10   36.4   1.4   4   4      0.02      0.76    6.3   0.0    58    80   302   324   283   326 0.86 -
tig00000001:720992-722107   -            372 16921at4891          -            208   6.9e-10   35.9   2.4   1   4      0.66        25    1.4   0.0   103   116    78    91    74    95 0.81 -
tig00000001:720992-722107   -            372 16921at4891          -            208   6.9e-10   35.9   2.4   2   4   3.2e-05    0.0012   15.5   0.0    44    87    99   144    95   170 0.83 -
tig00000001:720992-722107   -            372 16921at4891          -            208   6.9e-10   35.9   2.4   3   4    0.0092      0.35    7.5   0.0    54    79   225   252   205   258 0.78 -
tig00000001:720992-722107   -            372 16921at4891          -            208   6.9e-10   35.9   2.4   4   4    0.0072      0.27    7.8   0.1    58    78   294   314   272   331 0.76 -
tig00000037:294440-296608   -            723 16921at4891          -            208   7.1e-10   35.8   3.3   1   6      0.25       9.4    2.8   0.1   129   165   305   341   293   359 0.71 -
tig00000037:294440-296608   -            723 16921at4891          -            208   7.1e-10   35.8   3.3   2   6      0.59        22    1.6   0.1   109   155   330   379   319   385 0.73 -
tig00000037:294440-296608   -            723 16921at4891          -            208   7.1e-10   35.8   3.3   3   6       2.4        91   -0.4   0.0   130   150   524   544   518   551 0.84 -
tig00000037:294440-296608   -            723 16921at4891          -            208   7.1e-10   35.8   3.3   4   6     0.014      0.52    6.9   0.0   125   174   592   642   581   647 0.83 -
tig00000037:294440-296608   -            723 16921at4891          -            208   7.1e-10   35.8   3.3   5   6   2.6e-06   9.9e-05   19.0   0.0    53    94   642   684   635   690 0.85 -
tig00000037:294440-296608   -            723 16921at4891          -            208   7.1e-10   35.8   3.3   6   6      0.34        13    2.3   0.0    52    78   696   722   684   723 0.76 -
tig00000022:411540-412517   -            326 16921at4891          -            208   1.4e-09   34.9   1.8   1   4   0.00024    0.0093   12.6   0.1    51   115    26    92    21   103 0.63 -
tig00000022:411540-412517   -            326 16921at4891          -            208   1.4e-09   34.9   1.8   2   4   0.00041     0.016   11.9   0.0    47    81   108   143    99   150 0.81 -
tig00000022:411540-412517   -            326 16921at4891          -            208   1.4e-09   34.9   1.8   3   4     0.048       1.8    5.1   0.0   131   151   202   222   176   244 0.78 -
tig00000022:411540-412517   -            326 16921at4891          -            208   1.4e-09   34.9   1.8   4   4      0.24         9    2.8   0.0   104   156   216   277   212   296 0.56 -
tig00000014:599591-600409   -            273 16921at4891          -            208   1.6e-09   34.7   6.7   1   4      0.46        18    1.9   0.0   101   117     1    17     1    33 0.79 -
tig00000014:599591-600409   -            273 16921at4891          -            208   1.6e-09   34.7   6.7   2   4    0.0051      0.19    8.3   0.1    56    81    65    90    47   126 0.84 -
tig00000014:599591-600409   -            273 16921at4891          -            208   1.6e-09   34.7   6.7   3   4   1.7e-07   6.5e-06   22.9   0.0    47   119   150   231   145   237 0.75 -
tig00000014:599591-600409   -            273 16921at4891          -            208   1.6e-09   34.7   6.7   4   4      0.33        13    2.4   0.3    21    75   239   268   231   271 0.54 -
tig00000005:792126-793166   -            347 16921at4891          -            208   2.6e-09   34.0   4.8   1   3   3.1e-05    0.0012   15.5   0.8    47   119    53   143     6   164 0.62 -
tig00000005:792126-793166   -            347 16921at4891          -            208   2.6e-09   34.0   4.8   2   3      0.14       5.1    3.6   0.0   100   116   230   246   198   263 0.88 -
tig00000005:792126-793166   -            347 16921at4891          -            208   2.6e-09   34.0   4.8   3   3   0.00074     0.028   11.0   0.2    47    87   302   343   297   347 0.87 -
tig00000012:849780-851159   -            460 16921at4891          -            208   5.8e-09   32.9   0.6   1   4     0.028       1.1    5.9   0.0    45    79     9    46     3    50 0.79 -
tig00000012:849780-851159   -            460 16921at4891          -            208   5.8e-09   32.9   0.6   2   4    0.0041      0.16    8.6   0.0    47    76    69    99    59   108 0.73 -
tig00000012:849780-851159   -            460 16921at4891          -            208   5.8e-09   32.9   0.6   3   4    0.0069      0.26    7.9   0.0   100   148   159   208   122   225 0.78 -
tig00000012:849780-851159   -            460 16921at4891          -            208   5.8e-09   32.9   0.6   4   4     0.037       1.4    5.5   0.0   116   149   362   395   337   404 0.86 -
tig00000014:211666-214185   -            840 16921at4891          -            208   7.8e-09   32.5   5.9   1   4      0.11       4.3    3.9   0.0    59    79    28    48    15    58 0.68 -
tig00000014:211666-214185   -            840 16921at4891          -            208   7.8e-09   32.5   5.9   2   4   0.00062     0.023   11.3   0.0    47    80    77   111    72   115 0.86 -
tig00000014:211666-214185   -            840 16921at4891          -            208   7.8e-09   32.5   5.9   3   4     0.093       3.5    4.2   0.0    21    58   178   217   174   225 0.76 -
tig00000014:211666-214185   -            840 16921at4891          -            208   7.8e-09   32.5   5.9   4   4     0.084       3.2    4.3   0.0   125   160   354   390   315   404 0.67 -
tig00000005:1021434-1022621 -            396 16921at4891          -            208     1e-08   32.1   1.9   1   3      0.12       4.4    3.9   0.0    48    77    15    43     8    48 0.65 -
tig00000005:1021434-1022621 -            396 16921at4891          -            208     1e-08   32.1   1.9   2   3       7.1   2.7e+02   -2.0   0.0   127   142   233   248   224   256 0.58 -
tig00000005:1021434-1022621 -            396 16921at4891          -            208     1e-08   32.1   1.9   3   3   1.5e-08   5.8e-07   26.3   0.2    45    93   287   336   237   345 0.90 -
tig00000005:814912-815754   -            281 16921at4891          -            208   1.3e-08   31.7   8.4   1   4   0.00043     0.016   11.8   2.0    50   119    23    96     8   103 0.76 -
tig00000005:814912-815754   -            281 16921at4891          -            208   1.3e-08   31.7   8.4   2   4     7e-05    0.0027   14.4   0.0    46    79   103   137    98   143 0.89 -
tig00000005:814912-815754   -            281 16921at4891          -            208   1.3e-08   31.7   8.4   3   4     0.021      0.78    6.3   0.1    47    90   146   193   142   213 0.78 -
tig00000005:814912-815754   -            281 16921at4891          -            208   1.3e-08   31.7   8.4   4   4       1.5        56    0.3   0.0    13    44   239   270   225   279 0.63 -
tig00000001:502589-503383   -            265 16921at4891          -            208     2e-08   31.1   0.6   1   3   1.5e-06   5.7e-05   19.8   0.1    48   118     1    78     1    93 0.75 -
tig00000001:502589-503383   -            265 16921at4891          -            208     2e-08   31.1   0.6   2   3     0.019      0.73    6.4   0.0    50    82    95   129    90   136 0.84 -
tig00000001:502589-503383   -            265 16921at4891          -            208     2e-08   31.1   0.6   3   3      0.98        37    0.8   0.0    59    75   177   193   160   200 0.71 -
tig00000034:231171-232961   -            597 16921at4891          -            208   4.2e-08   30.1   0.0   1   4      0.91        34    0.9   0.0    98   117   183   202   166   225 0.75 -
tig00000034:231171-232961   -            597 16921at4891          -            208   4.2e-08   30.1   0.0   2   4   0.00095     0.036   10.7   0.0    46   103   300   358   286   366 0.87 -
tig00000034:231171-232961   -            597 16921at4891          -            208   4.2e-08   30.1   0.0   3   4       4.8   1.8e+02   -1.4   0.0    61    79   426   444   418   448 0.72 -
tig00000034:231171-232961   -            597 16921at4891          -            208   4.2e-08   30.1   0.0   4   4   0.00019     0.007   13.0   0.0   126   157   503   534   477   578 0.79 -
tig00000012:566644-568977   -            778 16921at4891          -            208   4.3e-08   30.0   0.6   1   3   4.8e-05    0.0018   14.9   0.0    43    82   402   442   399   454 0.87 -
tig00000012:566644-568977   -            778 16921at4891          -            208   4.3e-08   30.0   0.6   2   3     0.047       1.8    5.2   0.0   110   155   633   679   629   692 0.88 -
tig00000012:566644-568977   -            778 16921at4891          -            208   4.3e-08   30.0   0.6   3   3    0.0008      0.03   10.9   0.0    59   115   662   723   659   734 0.82 -
tig00000005:959007-960584   -            526 16921at4891          -            208   6.5e-08   29.4   2.5   1   4      0.11       4.1    3.9   0.0   130   161    90   121    73   136 0.75 -
tig00000005:959007-960584   -            526 16921at4891          -            208   6.5e-08   29.4   2.5   2   4     0.067       2.6    4.6   0.0    45    77   180   212   158   221 0.81 -
tig00000005:959007-960584   -            526 16921at4891          -            208   6.5e-08   29.4   2.5   3   4       0.5        19    1.8   0.0    49    93   233   283   227   294 0.66 -
tig00000005:959007-960584   -            526 16921at4891          -            208   6.5e-08   29.4   2.5   4   4   3.6e-05    0.0014   15.3   0.0   127   166   292   332   281   351 0.86 -
tig00000038:75034-76008     -            325 16921at4891          -            208   6.2e-07   26.2   0.7   1   2     0.021       0.8    6.3   0.0    45    92    85   130    72   144 0.79 -
tig00000038:75034-76008     -            325 16921at4891          -            208   6.2e-07   26.2   0.7   2   2   5.2e-06    0.0002   18.1   0.1    72   145   224   305   216   321 0.78 -
tig00000018:171370-172173   -            268 16921at4891          -            208   1.1e-06   25.5   6.4   1   3       4.8   1.8e+02   -1.4   0.1    54    79     3    29     1    35 0.73 -
tig00000018:171370-172173   -            268 16921at4891          -            208   1.1e-06   25.5   6.4   2   3    0.0017     0.064    9.9   0.6    15    81    62   128    54   153 0.88 -
tig00000018:171370-172173   -            268 16921at4891          -            208   1.1e-06   25.5   6.4   3   3   4.6e-06   0.00017   18.2   0.1    47   122   186   266   173   268 0.89 -
tig00000012:401735-403267   -            511 16921at4891          -            208   1.7e-06   24.8   1.3   1   3    0.0004     0.015   11.9   0.1    98   149   334   388   325   400 0.77 -
tig00000012:401735-403267   -            511 16921at4891          -            208   1.7e-06   24.8   1.3   2   3     0.001     0.038   10.6   0.0    48    78   416   448   408   461 0.90 -
tig00000012:401735-403267   -            511 16921at4891          -            208   1.7e-06   24.8   1.3   3   3       8.8   3.3e+02   -2.3   0.0    25   153   482   506   474   510 0.47 -
tig00000039:157839-159113   -            425 16921at4891          -            208   3.2e-06   23.9   0.8   1   3   1.9e-05   0.00072   16.2   0.0    47    79    70   103    42   115 0.85 -
tig00000039:157839-159113   -            425 16921at4891          -            208   3.2e-06   23.9   0.8   2   3       3.9   1.5e+02   -1.1   0.0   119   143   205   230   175   265 0.63 -
tig00000039:157839-159113   -            425 16921at4891          -            208   3.2e-06   23.9   0.8   3   3     0.091       3.5    4.2   0.1    66    97   288   319   268   342 0.75 -
tig00000022:222403-222963   -            187 16921at4891          -            208   4.4e-06   23.5   0.1   1   2   1.4e-06   5.3e-05   19.9   0.1    48   137     1    94     1   107 0.76 -
tig00000022:222403-222963   -            187 16921at4891          -            208   4.4e-06   23.5   0.1   2   2       3.4   1.3e+02   -0.9   0.0    63    79   169   185   147   187 0.65 -
tig00000001:107892-111701   -           1270 16921at4891          -            208     5e-06   23.3   1.7   1   3   0.00023    0.0089   12.7   0.1    47    79   106   140    85   144 0.87 -
tig00000001:107892-111701   -           1270 16921at4891          -            208     5e-06   23.3   1.7   2   3      0.13       4.9    3.7   0.0    67    97   232   264   223   266 0.78 -
tig00000001:107892-111701   -           1270 16921at4891          -            208     5e-06   23.3   1.7   3   3     0.015      0.55    6.8   0.0    43    87   251   297   249   326 0.84 -
tig00000007:380538-381545   -            336 16921at4891          -            208   1.5e-05   21.7   0.5   1   3      0.16       5.9    3.4   0.1    90   140    10    68     1    82 0.71 -
tig00000007:380538-381545   -            336 16921at4891          -            208   1.5e-05   21.7   0.5   2   3       1.4        53    0.3   0.0   101   117   114   130   112   181 0.63 -
tig00000007:380538-381545   -            336 16921at4891          -            208   1.5e-05   21.7   0.5   3   3   7.9e-05     0.003   14.2   0.0    49    99   250   302   243   316 0.86 -
tig00000007:62181-66089     -           1303 16921at4891          -            208   6.3e-05   19.7   0.8   1   1   1.7e-06   6.3e-05   19.7   0.8    42    81   216   257   180   275 0.78 -
tig00000010:811772-813490   -            573 16921at4891          -            208   9.5e-05   19.1   0.7   1   4      0.59        22    1.5   0.0    47    87   234   275   220   280 0.80 -
tig00000010:811772-813490   -            573 16921at4891          -            208   9.5e-05   19.1   0.7   2   4     0.014      0.53    6.9   0.0    51    97   282   329   277   340 0.87 -
tig00000010:811772-813490   -            573 16921at4891          -            208   9.5e-05   19.1   0.7   3   4       4.2   1.6e+02   -1.2   0.0    63    83   413   433   399   440 0.66 -
tig00000010:811772-813490   -            573 16921at4891          -            208   9.5e-05   19.1   0.7   4   4     0.028       1.1    5.9   0.1    60    98   484   526   475   532 0.73 -
tig00000001:175584-177149   -            522 16921at4891          -            208   0.00015   18.5   0.1   1   3      0.13       4.9    3.7   0.0    97   123   253   279   246   322 0.66 -
tig00000001:175584-177149   -            522 16921at4891          -            208   0.00015   18.5   0.1   2   3     0.038       1.4    5.4   0.0    63    79   349   365   337   369 0.89 -
tig00000001:175584-177149   -            522 16921at4891          -            208   0.00015   18.5   0.1   3   3     0.065       2.5    4.7   0.0    62    81   404   423   377   438 0.58 -
tig00000001:767436-768767   -            444 16921at4891          -            208   0.00018   18.2   1.1   1   1   9.2e-06   0.00035   17.3   0.1    46    86   238   278   234   283 0.93 -
tig00000083:66763-68055     -            431 16921at4891          -            208   0.00033   17.3   0.2   1   3      0.33        12    2.4   0.0    44    99    60   118    50   141 0.77 -
tig00000083:66763-68055     -            431 16921at4891          -            208   0.00033   17.3   0.2   2   3    0.0096      0.37    7.4   0.0    63    87   221   245   211   254 0.87 -
tig00000083:66763-68055     -            431 16921at4891          -            208   0.00033   17.3   0.2   3   3      0.16       6.2    3.4   0.0    95   138   320   363   308   395 0.86 -
tig00000001:1095179-1097434 -            752 16921at4891          -            208   0.00034   17.3  11.2   1   5       2.8     1e+02   -0.6   0.1    69    98    96   125    63   149 0.71 -
tig00000001:1095179-1097434 -            752 16921at4891          -            208   0.00034   17.3  11.2   2   5   2.2e-05   0.00082   16.0   0.4    43   148   157   277   152   287 0.71 -
tig00000001:1095179-1097434 -            752 16921at4891          -            208   0.00034   17.3  11.2   3   5       1.7        65    0.0   0.1   130   170   355   396   340   400 0.72 -
tig00000001:1095179-1097434 -            752 16921at4891          -            208   0.00034   17.3  11.2   4   5       1.2        46    0.5   0.0   120   145   394   419   388   430 0.84 -
tig00000001:1095179-1097434 -            752 16921at4891          -            208   0.00034   17.3  11.2   5   5         1        39    0.8   0.1   123   156   444   477   436   481 0.83 -
tig00000001:1248218-1250140 -            641 16921at4891          -            208    0.0015   15.2   0.3   1   1   9.9e-05    0.0038   13.9   0.2    70   149   167   250   136   257 0.88 -
tig00000023:325699-327333   -            545 16921at4891          -            208     0.012   12.2   0.0   1   2      0.55        21    1.6   0.0   101   154   197   252   194   264 0.77 -
tig00000023:325699-327333   -            545 16921at4891          -            208     0.012   12.2   0.0   2   2      0.01      0.39    7.3   0.0    52    86   269   304   262   318 0.77 -
#
# Program:         hmmsearch
# Version:         3.1b2 (February 2015)
# Pipeline mode:   SEARCH
# Query file:      /home/inf-38-2022/BINP29/longread/2/busco_downloads/lineages/saccharomycetes_odb10/hmms/16921at4891.hmm
# Target file:     /home/inf-38-2022/BINP29/longread/2/Results/04_Busco/canu/run_saccharomycetes_odb10/metaeuk_output/initial_results/asm.contigs.fasta.modified.fas
# Option settings: hmmsearch --domtblout /home/inf-38-2022/BINP29/longread/2/Results/04_Busco/canu/run_saccharomycetes_odb10/hmmer_output/initial_run_results/16921at4891.out --cpu 1 /home/inf-38-2022/BINP29/longread/2/busco_downloads/lineages/saccharomycetes_odb10/hmms/16921at4891.hmm /home/inf-38-2022/BINP29/longread/2/Results/04_Busco/canu/run_saccharomycetes_odb10/metaeuk_output/initial_results/asm.contigs.fasta.modified.fas 
# Current dir:     /home/inf-38-2022/BINP29/longread/2
# Date:            Thu Feb 23 14:06:28 2023
# [ok]
