#                                                                                 --- full sequence --- -------------- this domain -------------   hmm coord   ali coord   env coord
# target name             accession   tlen query name           accession   qlen   E-value  score  bias   #  of  c-Evalue  i-Evalue  score  bias  from    to  from    to  from    to  acc description of target
#     ------------------- ---------- ----- -------------------- ---------- ----- --------- ------ ----- --- --- --------- --------- ------ ----- ----- ----- ----- ----- ----- ----- ---- ---------------------
tig00000005:915929-918778 -            950 1699at4891           -            711         0 1197.8  28.9   1   3  5.3e-157    1e-154  513.4   9.8    24   305    83   391    62   400 0.92 -
tig00000005:915929-918778 -            950 1699at4891           -            711         0 1197.8  28.9   2   3   6.4e-09   1.3e-06   24.0   0.0   299   353   425   510   397   519 0.69 -
tig00000005:915929-918778 -            950 1699at4891           -            711         0 1197.8  28.9   3   3  3.5e-202  6.9e-200  662.8   8.2   363   711   570   933   521   933 0.97 -
tig00000001:523204-525837 -            878 1699at4891           -            711  2.2e-103  343.8  12.3   1   4   7.4e-29   1.4e-26   89.9   1.2    33   181    56   222    40   235 0.86 -
tig00000001:523204-525837 -            878 1699at4891           -            711  2.2e-103  343.8  12.3   2   4   4.3e-23   8.5e-21   70.8   0.3   192   331   262   401   256   408 0.71 -
tig00000001:523204-525837 -            878 1699at4891           -            711  2.2e-103  343.8  12.3   3   4      0.46        89   -2.0   0.0   348   366   579   597   574   603 0.83 -
tig00000001:523204-525837 -            878 1699at4891           -            711  2.2e-103  343.8  12.3   4   4   8.4e-59   1.6e-56  188.9   0.3   363   596   623   878   611   878 0.91 -
tig00000005:616975-620400 -           1142 1699at4891           -            711   1.4e-92  308.1  21.8   1   4   3.1e-10     6e-08   28.3   0.5    54   145   125   221   118   236 0.83 -
tig00000005:616975-620400 -           1142 1699at4891           -            711   1.4e-92  308.1  21.8   2   4   2.4e-25   4.7e-23   78.3   3.3   154   304   263   433   247   442 0.79 -
tig00000005:616975-620400 -           1142 1699at4891           -            711   1.4e-92  308.1  21.8   3   4       1.2   2.3e+02   -3.4   0.0   324   343   575   594   571   597 0.81 -
tig00000005:616975-620400 -           1142 1699at4891           -            711   1.4e-92  308.1  21.8   4   4   1.8e-65   3.5e-63  210.9   2.5   365   646   699  1006   692  1013 0.86 -
tig00000010:492550-494406 -            619 1699at4891           -            711   6.9e-66  219.8   5.8   1   2   5.3e-37     1e-34  116.8   5.2    25   301    31   313     9   321 0.88 -
tig00000010:492550-494406 -            619 1699at4891           -            711   6.9e-66  219.8   5.8   2   2     2e-32   3.9e-30  101.6   0.0   348   530   419   618   412   619 0.85 -
tig00000005:624193-625803 -            537 1699at4891           -            711   7.8e-65  216.4   6.3   1   2   2.6e-38   5.1e-36  121.1   4.1    66   301     6   245     1   256 0.91 -
tig00000005:624193-625803 -            537 1699at4891           -            711   7.8e-65  216.4   6.3   2   2   1.4e-30   2.7e-28   95.6   0.0   348   516   351   536   344   537 0.84 -
tig00000007:856626-860969 -           1448 1699at4891           -            711   1.3e-27   93.3   3.5   1   3   2.8e-08   5.4e-06   21.9   0.8    96   303   541   778   454   825 0.69 -
tig00000007:856626-860969 -           1448 1699at4891           -            711   1.3e-27   93.3   3.5   2   3    0.0066       1.3    4.1   0.0   378   407  1019  1048   996  1059 0.82 -
tig00000007:856626-860969 -           1448 1699at4891           -            711   1.3e-27   93.3   3.5   3   3   1.1e-20   2.1e-18   62.9   0.0   420   604  1122  1298  1109  1350 0.83 -
tig00000001:986418-989423 -           1002 1699at4891           -            711   1.2e-21   73.7  10.9   1   3   5.4e-09   1.1e-06   24.2   3.7    74   301   395   643   371   665 0.73 -
tig00000001:986418-989423 -           1002 1699at4891           -            711   1.2e-21   73.7  10.9   2   3   0.00016     0.031    9.4   0.0   378   411   774   807   754   809 0.83 -
tig00000001:986418-989423 -           1002 1699at4891           -            711   1.2e-21   73.7  10.9   3   3     7e-15   1.4e-12   43.7   0.6   435   520   807   899   805   930 0.76 -
tig00000023:91745-95371   -           1209 1699at4891           -            711   6.1e-17   58.0   0.4   1   4     0.036         7    1.7   0.0    99   145   264   313   231   321 0.79 -
tig00000023:91745-95371   -           1209 1699at4891           -            711   6.1e-17   58.0   0.4   2   4    0.0023      0.45    5.6   0.1   222   295   420   493   358   510 0.75 -
tig00000023:91745-95371   -           1209 1699at4891           -            711   6.1e-17   58.0   0.4   3   4   3.2e-06   0.00063   15.0   0.0   378   414   680   716   641   740 0.77 -
tig00000023:91745-95371   -           1209 1699at4891           -            711   6.1e-17   58.0   0.4   4   4     1e-10     2e-08   29.9   0.0   414   482   761   830   756   839 0.90 -
tig00000083:187583-191032 -           1150 1699at4891           -            711   8.7e-15   50.9   3.9   1   4    0.0011      0.21    6.7   0.0    93   127   259   295   192   324 0.65 -
tig00000083:187583-191032 -           1150 1699at4891           -            711   8.7e-15   50.9   3.9   2   4     2e-08   3.9e-06   22.3   0.3   187   310   400   528   367   566 0.69 -
tig00000083:187583-191032 -           1150 1699at4891           -            711   8.7e-15   50.9   3.9   3   4     0.037       7.2    1.6   0.0   367   401   744   784   738   794 0.69 -
tig00000083:187583-191032 -           1150 1699at4891           -            711   8.7e-15   50.9   3.9   4   4   5.2e-07    0.0001   17.7   0.1   420   497   836   915   797   924 0.75 -
tig00000001:619027-622833 -           1269 1699at4891           -            711   2.6e-11   39.5   0.3   1   4      0.15        29   -0.4   0.0   104   140   248   289   235   303 0.76 -
tig00000001:619027-622833 -           1269 1699at4891           -            711   2.6e-11   39.5   0.3   2   4   3.1e-06    0.0006   15.1   0.0   274   317   502   545   496   550 0.88 -
tig00000001:619027-622833 -           1269 1699at4891           -            711   2.6e-11   39.5   0.3   3   4     0.033       6.5    1.8   0.0   376   407   818   849   800   888 0.71 -
tig00000001:619027-622833 -           1269 1699at4891           -            711   2.6e-11   39.5   0.3   4   4   9.8e-07   0.00019   16.7   0.0   435   506   944  1016   898  1053 0.76 -
tig00000023:508243-512034 -           1264 1699at4891           -            711   1.6e-10   36.8   1.1   1   4      0.11        21    0.1   0.0   105   140   243   283   221   298 0.75 -
tig00000023:508243-512034 -           1264 1699at4891           -            711   1.6e-10   36.8   1.1   2   4   1.2e-06   0.00023   16.5   0.0   274   317   496   539   490   546 0.88 -
tig00000023:508243-512034 -           1264 1699at4891           -            711   1.6e-10   36.8   1.1   3   4     0.048       9.5    1.2   0.0   377   406   815   844   802   875 0.79 -
tig00000023:508243-512034 -           1264 1699at4891           -            711   1.6e-10   36.8   1.1   4   4   9.9e-06    0.0019   13.4   0.1   436   485   941   992   926  1007 0.85 -
tig00000040:2704-5951     -            974 1699at4891           -            711   5.6e-10   35.0   5.9   1   4       1.4   2.7e+02   -3.6   0.0   106   143    45    87    40   103 0.75 -
tig00000040:2704-5951     -            974 1699at4891           -            711   5.6e-10   35.0   5.9   2   4   3.9e-07   7.6e-05   18.1   0.0   265   307   280   322   271   333 0.88 -
tig00000040:2704-5951     -            974 1699at4891           -            711   5.6e-10   35.0   5.9   3   4    0.0026      0.51    5.4   0.0   374   410   558   594   540   636 0.71 -
tig00000040:2704-5951     -            974 1699at4891           -            711   5.6e-10   35.0   5.9   4   4   2.3e-05    0.0045   12.2   0.4   433   496   662   726   634   740 0.76 -
tig00000039:98503-102483  -           1327 1699at4891           -            711   1.2e-09   33.9   5.7   1   4      0.69   1.3e+02   -2.6   0.0   102   144   286   333   215   354 0.68 -
tig00000039:98503-102483  -           1327 1699at4891           -            711   1.2e-09   33.9   5.7   2   4   5.6e-07   0.00011   17.6   0.0   265   307   525   567   516   578 0.88 -
tig00000039:98503-102483  -           1327 1699at4891           -            711   1.2e-09   33.9   5.7   3   4    0.0036      0.71    4.9   0.0   374   410   803   839   781   881 0.71 -
tig00000039:98503-102483  -           1327 1699at4891           -            711   1.2e-09   33.9   5.7   4   4     3e-05    0.0058   11.8   0.4   433   496   907   971   874   987 0.76 -
tig00000012:352522-357489 -           1656 1699at4891           -            711   4.1e-08   28.9   5.6   1   4     7e-06    0.0014   13.9   0.0   273   314   554   592   546   601 0.77 -
tig00000012:352522-357489 -           1656 1699at4891           -            711   4.1e-08   28.9   5.6   2   4       1.6   3.2e+02   -3.8   0.0   325   343   805   823   796   825 0.86 -
tig00000012:352522-357489 -           1656 1699at4891           -            711   4.1e-08   28.9   5.6   3   4      0.01         2    3.5   0.1   380   408  1103  1131  1052  1164 0.75 -
tig00000012:352522-357489 -           1656 1699at4891           -            711   4.1e-08   28.9   5.6   4   4   3.2e-05    0.0062   11.8   0.3   435   487  1198  1253  1162  1270 0.83 -
#
# Program:         hmmsearch
# Version:         3.1b2 (February 2015)
# Pipeline mode:   SEARCH
# Query file:      /home/inf-38-2022/BINP29/longread/2/busco_downloads/lineages/saccharomycetes_odb10/hmms/1699at4891.hmm
# Target file:     /home/inf-38-2022/BINP29/longread/2/Results/04_Busco/canu/run_saccharomycetes_odb10/metaeuk_output/initial_results/asm.contigs.fasta.modified.fas
# Option settings: hmmsearch --domtblout /home/inf-38-2022/BINP29/longread/2/Results/04_Busco/canu/run_saccharomycetes_odb10/hmmer_output/initial_run_results/1699at4891.out --cpu 1 /home/inf-38-2022/BINP29/longread/2/busco_downloads/lineages/saccharomycetes_odb10/hmms/1699at4891.hmm /home/inf-38-2022/BINP29/longread/2/Results/04_Busco/canu/run_saccharomycetes_odb10/metaeuk_output/initial_results/asm.contigs.fasta.modified.fas 
# Current dir:     /home/inf-38-2022/BINP29/longread/2
# Date:            Thu Feb 23 14:06:28 2023
# [ok]
