#                                                                                   --- full sequence --- -------------- this domain -------------   hmm coord   ali coord   env coord
# target name               accession   tlen query name           accession   qlen   E-value  score  bias   #  of  c-Evalue  i-Evalue  score  bias  from    to  from    to  from    to  acc description of target
#       ------------------- ---------- ----- -------------------- ---------- ----- --------- ------ ----- --- --- --------- --------- ------ ----- ----- ----- ----- ----- ----- ----- ---- ---------------------
tig00000010:275560-276894   -            445 17077at4891          -            266  1.4e-126  418.5   4.1   1   1  4.1e-126  1.4e-124  411.9   4.1     1   266   120   420   120   420 0.91 -
tig00000034:379525-382353   -            943 17077at4891          -            266   5.1e-40  134.8  16.7   1   7       4.8   1.7e+02   -1.4   0.0   147   165    40    58    38    65 0.58 -
tig00000034:379525-382353   -            943 17077at4891          -            266   5.1e-40  134.8  16.7   2   7   5.6e-06    0.0002   18.1   0.0   103   143    85   126    79   130 0.87 -
tig00000034:379525-382353   -            943 17077at4891          -            266   5.1e-40  134.8  16.7   3   7   3.4e-12   1.2e-10   38.5   2.0    11   126   118   231   117   284 0.88 -
tig00000034:379525-382353   -            943 17077at4891          -            266   5.1e-40  134.8  16.7   4   7    0.0049      0.17    8.4   0.0    10    53   387   428   378   440 0.76 -
tig00000034:379525-382353   -            943 17077at4891          -            266   5.1e-40  134.8  16.7   5   7   0.00021    0.0074   12.9   0.0    33    86   448   502   442   510 0.77 -
tig00000034:379525-382353   -            943 17077at4891          -            266   5.1e-40  134.8  16.7   6   7   0.00027    0.0097   12.5   0.0    16    67   533   583   520   589 0.91 -
tig00000034:379525-382353   -            943 17077at4891          -            266   5.1e-40  134.8  16.7   7   7   1.6e-16   5.7e-15   52.6   0.8    27   130   585   690   582   703 0.91 -
tig00000037:93821-94819     -            333 17077at4891          -            266   1.5e-39  133.3  10.4   1   2   6.1e-19   2.2e-17   60.6   1.6    12   144     2   144     1   162 0.86 -
tig00000037:93821-94819     -            333 17077at4891          -            266   1.5e-39  133.3  10.4   2   2   6.2e-24   2.2e-22   76.9   1.8    26   159   188   331   175   333 0.87 -
tig00000083:182049-182867   -            273 17077at4891          -            266     8e-37  124.3   7.2   1   2   7.9e-29   2.8e-27   93.0   4.1    32   182     1   155     1   171 0.87 -
tig00000083:182049-182867   -            273 17077at4891          -            266     8e-37  124.3   7.2   2   2   6.3e-10   2.2e-08   31.0   0.0    71   132   208   269   196   273 0.59 -
tig00000001:195246-198842   -           1199 17077at4891          -            266   7.4e-36  121.1   8.8   1   3       2.7        95   -0.5   0.0   100   129    14    43     2    49 0.74 -
tig00000001:195246-198842   -           1199 17077at4891          -            266   7.4e-36  121.1   8.8   2   3   5.2e-25   1.8e-23   80.5   0.3     8   127    47   167    39   174 0.93 -
tig00000001:195246-198842   -           1199 17077at4891          -            266   7.4e-36  121.1   8.8   3   3   1.6e-13   5.6e-12   42.8   0.4     9   126   204   323   198   349 0.73 -
tig00000078:494342-496789   -            816 17077at4891          -            266   2.2e-35  119.5   6.9   1   5   4.7e-08   1.7e-06   24.9   0.2     9   180    56   196    21   202 0.50 -
tig00000078:494342-496789   -            816 17077at4891          -            266   2.2e-35  119.5   6.9   2   5   5.4e-09   1.9e-07   28.0   0.1    30   130   117   229   114   245 0.76 -
tig00000078:494342-496789   -            816 17077at4891          -            266   2.2e-35  119.5   6.9   3   5   3.3e-05    0.0012   15.6   0.0     9    86   383   468   379   478 0.83 -
tig00000078:494342-496789   -            816 17077at4891          -            266   2.2e-35  119.5   6.9   4   5   4.9e-08   1.7e-06   24.8   0.0    11    63   488   539   474   545 0.89 -
tig00000078:494342-496789   -            816 17077at4891          -            266   2.2e-35  119.5   6.9   5   5   5.8e-15   2.1e-13   47.5   0.3    28   125   546   645   539   654 0.93 -
tig00000014:605092-607482   -            797 17077at4891          -            266   9.3e-35  117.5   1.6   1   3      0.34        12    2.4   0.0    19    50   471   501   457   506 0.76 -
tig00000014:605092-607482   -            797 17077at4891          -            266   9.3e-35  117.5   1.6   2   3     3e-24   1.1e-22   78.0   0.3     7   144   518   657   513   659 0.94 -
tig00000014:605092-607482   -            797 17077at4891          -            266   9.3e-35  117.5   1.6   3   3     4e-13   1.4e-11   41.5   0.0     7    89   644   726   639   731 0.92 -
tig00000018:621173-622084   -            304 17077at4891          -            266   3.7e-32  109.0   5.6   1   2   9.8e-20   3.5e-18   63.2   0.2    31   203     7   191     3   195 0.85 -
tig00000018:621173-622084   -            304 17077at4891          -            266   3.7e-32  109.0   5.6   2   2     5e-15   1.8e-13   47.8   1.1    10   105   204   301   194   304 0.89 -
tig00000037:112469-115222   -            918 17077at4891          -            266   5.5e-30  101.9   3.9   1   5      0.25       8.9    2.8   0.0   147   192    28    74    16   100 0.79 -
tig00000037:112469-115222   -            918 17077at4891          -            266   5.5e-30  101.9   3.9   2   5   1.1e-05   0.00037   17.2   0.1     6    88   138   222   133   226 0.86 -
tig00000037:112469-115222   -            918 17077at4891          -            266   5.5e-30  101.9   3.9   3   5   4.9e-15   1.7e-13   47.8   0.0     9   172   255   427   245   433 0.80 -
tig00000037:112469-115222   -            918 17077at4891          -            266   5.5e-30  101.9   3.9   4   5   2.2e-09   7.8e-08   29.2   0.0    17    86   433   502   428   560 0.85 -
tig00000037:112469-115222   -            918 17077at4891          -            266   5.5e-30  101.9   3.9   5   5       4.7   1.7e+02   -1.3   0.0   188   221   593   627   577   645 0.78 -
tig00000037:74530-75222     -            231 17077at4891          -            266   2.8e-27   93.0   0.8   1   3   1.8e-14   6.3e-13   45.9   0.0    61   168     2    76     1    82 0.46 -
tig00000037:74530-75222     -            231 17077at4891          -            266   2.8e-27   93.0   0.8   2   3   8.8e-08   3.1e-06   24.0   0.1    17    88    84   162    77   163 0.87 -
tig00000037:74530-75222     -            231 17077at4891          -            266   2.8e-27   93.0   0.8   3   3   1.3e-05   0.00046   16.9   0.0    10    59   181   229   173   231 0.73 -
tig00000018:41834-43183     -            450 17077at4891          -            266   2.9e-25   86.4   3.5   1   2   7.4e-23   2.6e-21   73.4   2.5     5   162   111   277   107   283 0.83 -
tig00000018:41834-43183     -            450 17077at4891          -            266   2.9e-25   86.4   3.5   2   2   0.00025    0.0089   12.7   0.0   110   200   260   363   247   368 0.63 -
tig00000023:290906-291760   -            285 17077at4891          -            266   1.3e-24   84.2   9.0   1   3   5.6e-10     2e-08   31.2   0.8    13    87     4    78     1    87 0.56 -
tig00000023:290906-291760   -            285 17077at4891          -            266   1.3e-24   84.2   9.0   2   3   1.4e-11     5e-10   36.4   0.4     8    92   107   187   101   198 0.91 -
tig00000023:290906-291760   -            285 17077at4891          -            266   1.3e-24   84.2   9.0   3   3   9.2e-07   3.3e-05   20.6   0.1    51   126   209   282   190   285 0.79 -
tig00000012:441659-442144   -            162 17077at4891          -            266     1e-23   81.3   0.8   1   1   3.4e-25   1.2e-23   81.1   0.8     7   144    11   155     5   159 0.91 -
tig00000038:154278-154922   -            215 17077at4891          -            266   7.7e-23   78.4   3.6   1   2   2.2e-18   7.7e-17   58.8   0.6    15   126     7   118     1   130 0.85 -
tig00000038:154278-154922   -            215 17077at4891          -            266   7.7e-23   78.4   3.6   2   2   9.7e-07   3.4e-05   20.6   0.1    94   141   151   197   144   215 0.53 -
tig00000010:895817-897205   -            463 17077at4891          -            266   4.9e-22   75.8   1.7   1   4   1.2e-08   4.3e-07   26.8   0.1    20   140   180   308   169   311 0.81 -
tig00000010:895817-897205   -            463 17077at4891          -            266   4.9e-22   75.8   1.7   2   4   3.7e-15   1.3e-13   48.2   0.1     7   144   210   354   208   358 0.86 -
tig00000010:895817-897205   -            463 17077at4891          -            266   4.9e-22   75.8   1.7   3   4   7.6e-05    0.0027   14.4   0.0   100   144   351   398   349   402 0.86 -
tig00000010:895817-897205   -            463 17077at4891          -            266   4.9e-22   75.8   1.7   4   4   0.00039     0.014   12.0   0.3    13    84   391   463   383   463 0.63 -
tig00000007:828201-829577   -            459 17077at4891          -            266   2.2e-21   73.7   6.4   1   3   1.2e-09   4.2e-08   30.1   0.2    60   132   106   178   104   237 0.74 -
tig00000007:828201-829577   -            459 17077at4891          -            266   2.2e-21   73.7   6.4   2   3     0.037       1.3    5.5   0.0   130   160   200   235   176   273 0.63 -
tig00000007:828201-829577   -            459 17077at4891          -            266   2.2e-21   73.7   6.4   3   3   1.1e-12   3.9e-11   40.1   1.3    53   188   283   432   268   444 0.75 -
tig00000022:39397-41541     -            715 17077at4891          -            266   2.9e-20   70.0   8.9   1   2   9.7e-05    0.0034   14.0   0.4    48   159     4   124     2   124 0.74 -
tig00000022:39397-41541     -            715 17077at4891          -            266   2.9e-20   70.0   8.9   2   2   6.6e-20   2.3e-18   63.7   5.2     9   238    94   325    87   350 0.83 -
tig00000022:516138-517016   -            293 17077at4891          -            266   1.5e-19   67.7   1.9   1   4   5.8e-07   2.1e-05   21.3   0.0    11    46    11    46     6    54 0.88 -
tig00000022:516138-517016   -            293 17077at4891          -            266   1.5e-19   67.7   1.9   2   4     0.012      0.44    7.1   0.0    13    50    75   109    62   123 0.68 -
tig00000022:516138-517016   -            293 17077at4891          -            266   1.5e-19   67.7   1.9   3   4   5.5e-11   1.9e-09   34.5   0.2    74   145   156   227   151   255 0.57 -
tig00000022:516138-517016   -            293 17077at4891          -            266   1.5e-19   67.7   1.9   4   4       4.9   1.7e+02   -1.4   0.0    19    42   270   293   264   293 0.76 -
tig00000061:551101-551736   -            212 17077at4891          -            266     2e-18   64.0   1.2   1   2   1.2e-05   0.00042   17.0   0.0    13    54     1    39     1    58 0.82 -
tig00000061:551101-551736   -            212 17077at4891          -            266     2e-18   64.0   1.2   2   2     1e-13   3.6e-12   43.5   0.3    30   125    79   172    68   212 0.51 -
tig00000001:1183590-1184819 -            410 17077at4891          -            266   4.3e-18   62.9   0.0   1   2   1.1e-07   3.9e-06   23.7   0.0    80   142   100   165    95   166 0.83 -
tig00000001:1183590-1184819 -            410 17077at4891          -            266   4.3e-18   62.9   0.0   2   2   4.4e-12   1.6e-10   38.1   0.1     4   147   151   302   148   378 0.71 -
tig00000005:853848-855902   -            685 17077at4891          -            266   1.3e-17   61.3   0.0   1   2     2e-18   7.1e-17   58.9   0.0    19   131     2   119     1   126 0.87 -
tig00000005:853848-855902   -            685 17077at4891          -            266   1.3e-17   61.3   0.0   2   2       2.5        89   -0.5   0.0   219   239   299   319   269   328 0.76 -
tig00000034:113188-114642   -            485 17077at4891          -            266   2.2e-17   60.6   6.2   1   2   7.7e-11   2.7e-09   34.0   0.5    12   194    65   283    59   293 0.73 -
tig00000034:113188-114642   -            485 17077at4891          -            266   2.2e-17   60.6   6.2   2   2   3.4e-10   1.2e-08   31.9   1.7    17   175   222   391   219   396 0.79 -
tig00000014:571412-572308   -            299 17077at4891          -            266   8.8e-17   58.6   2.7   1   2   1.5e-13   5.3e-12   42.9   0.3    34   174    16   166     2   171 0.84 -
tig00000014:571412-572308   -            299 17077at4891          -            266   8.8e-17   58.6   2.7   2   2   1.4e-07   5.1e-06   23.3   0.1     5    86   114   203   110   214 0.89 -
tig00000001:983271-984236   -            322 17077at4891          -            266   1.1e-16   58.3  10.9   1   3       1.3        45    0.5   0.0    29    43    23    37    12    49 0.70 -
tig00000001:983271-984236   -            322 17077at4891          -            266   1.1e-16   58.3  10.9   2   3   1.4e-13     5e-12   43.0   2.0    11   124    52   177    40   180 0.84 -
tig00000001:983271-984236   -            322 17077at4891          -            266   1.1e-16   58.3  10.9   3   3     8e-06   0.00028   17.6   0.7     3    45   183   226   181   322 0.93 -
tig00000022:404776-405999   -            408 17077at4891          -            266   1.1e-16   58.3   2.6   1   3   1.5e-15   5.3e-14   49.5   1.7    12   134    44   181    39   191 0.78 -
tig00000022:404776-405999   -            408 17077at4891          -            266   1.1e-16   58.3   2.6   2   3       9.3   3.3e+02   -2.3   0.0   213   233   240   260   208   264 0.66 -
tig00000022:404776-405999   -            408 17077at4891          -            266   1.1e-16   58.3   2.6   3   3      0.15       5.3    3.6   0.0    29   130   310   329   288   346 0.63 -
tig00000005:195583-197937   -            785 17077at4891          -            266   3.8e-15   53.2   9.2   1   7     1e-06   3.5e-05   20.5   0.1    78   160    35   130    12   153 0.56 -
tig00000005:195583-197937   -            785 17077at4891          -            266   3.8e-15   53.2   9.2   2   7    0.0013     0.047   10.3   0.1     5   124   193   308   189   312 0.70 -
tig00000005:195583-197937   -            785 17077at4891          -            266   3.8e-15   53.2   9.2   3   7      0.31        11    2.5   0.1    16    82   341   410   331   419 0.73 -
tig00000005:195583-197937   -            785 17077at4891          -            266   3.8e-15   53.2   9.2   4   7       2.2        79   -0.3   0.0    20    46   443   469   436   479 0.72 -
tig00000005:195583-197937   -            785 17077at4891          -            266   3.8e-15   53.2   9.2   5   7     6e-05    0.0021   14.7   0.1     8   125   552   683   545   688 0.75 -
tig00000005:195583-197937   -            785 17077at4891          -            266   3.8e-15   53.2   9.2   6   7      0.02      0.72    6.4   0.0    29    48   669   688   660   725 0.65 -
tig00000005:195583-197937   -            785 17077at4891          -            266   3.8e-15   53.2   9.2   7   7       2.9     1e+02   -0.7   0.0   213   241   711   740   689   748 0.69 -
tig00000007:738298-739563   -            422 17077at4891          -            266     1e-14   51.8   0.3   1   2   4.3e-12   1.5e-10   38.1   0.1    49   239    84   303    67   314 0.77 -
tig00000007:738298-739563   -            422 17077at4891          -            266     1e-14   51.8   0.3   2   2   0.00097     0.034   10.7   0.0    59   124   351   418   329   420 0.72 -
tig00000012:566644-568977   -            778 17077at4891          -            266   4.6e-14   49.7   0.7   1   4   2.1e-08   7.6e-07   26.0   0.0     6    48   400   441   396   449 0.89 -
tig00000012:566644-568977   -            778 17077at4891          -            266   4.6e-14   49.7   0.7   2   4       6.2   2.2e+02   -1.7   0.0   188   221   535   568   529   591 0.83 -
tig00000012:566644-568977   -            778 17077at4891          -            266   4.6e-14   49.7   0.7   3   4   1.1e-05   0.00039   17.1   0.1    15   125   611   722   602   745 0.82 -
tig00000012:566644-568977   -            778 17077at4891          -            266   4.6e-14   49.7   0.7   4   4       0.6        21    1.6   0.0    64   124   756   776   739   778 0.58 -
tig00000078:139174-141975   -            934 17077at4891          -            266   8.6e-14   48.8   5.7   1   3       6.1   2.2e+02   -1.7   0.0   180   180   249   249   175   284 0.53 -
tig00000078:139174-141975   -            934 17077at4891          -            266   8.6e-14   48.8   5.7   2   3         1        36    0.8   0.1   111   131   424   445   417   452 0.81 -
tig00000078:139174-141975   -            934 17077at4891          -            266   8.6e-14   48.8   5.7   3   3   3.8e-15   1.4e-13   48.1   0.1    13   168   454   616   449   650 0.86 -
tig00000012:377902-378939   -            346 17077at4891          -            266   1.1e-13   48.4   1.2   1   4      0.12       4.4    3.8   0.0    53    84     6    37     2    44 0.62 -
tig00000012:377902-378939   -            346 17077at4891          -            266   1.1e-13   48.4   1.2   2   4   1.5e-08   5.3e-07   26.5   0.1     9    68    47   104    39   129 0.84 -
tig00000012:377902-378939   -            346 17077at4891          -            266   1.1e-13   48.4   1.2   3   4     0.008      0.28    7.7   0.2    66   131   162   230   139   242 0.76 -
tig00000012:377902-378939   -            346 17077at4891          -            266   1.1e-13   48.4   1.2   4   4     0.029         1    5.9   0.0    87   124   283   320   274   330 0.80 -
tig00000001:690073-693498   -           1142 17077at4891          -            266   1.2e-13   48.3   1.5   1   1   7.4e-15   2.6e-13   47.2   1.5    27   169    78   235    64   242 0.77 -
tig00000014:759779-762379   -            867 17077at4891          -            266   1.3e-13   48.2   0.9   1   2   3.2e-06   0.00011   18.9   0.0    24   103    19   106     5   123 0.75 -
tig00000014:759779-762379   -            867 17077at4891          -            266   1.3e-13   48.2   0.9   2   2   1.7e-08   6.1e-07   26.3   0.2    15   241   274   492   259   501 0.76 -
tig00000007:822235-822930   -            232 17077at4891          -            266   5.2e-13   46.2   5.5   1   3    0.0023     0.081    9.5   0.0    98   145     2    51     1    65 0.87 -
tig00000007:822235-822930   -            232 17077at4891          -            266   5.2e-13   46.2   5.5   2   3   3.3e-10   1.2e-08   31.9   2.0    30   144    68   189    58   203 0.77 -
tig00000007:822235-822930   -            232 17077at4891          -            266   5.2e-13   46.2   5.5   3   3     0.092       3.3    4.3   0.1    28    43   217   232   204   232 0.73 -
tig00000014:211666-214185   -            840 17077at4891          -            266   9.2e-13   45.4   1.4   1   5      0.08       2.8    4.4   0.0   100   128    20    48    13    57 0.78 -
tig00000014:211666-214185   -            840 17077at4891          -            266   9.2e-13   45.4   1.4   2   5    0.0002    0.0072   13.0   0.0    10    48    75   112    69   119 0.91 -
tig00000014:211666-214185   -            840 17077at4891          -            266   9.2e-13   45.4   1.4   3   5      0.92        32    1.0   0.1     3    44   126   166   124   175 0.75 -
tig00000014:211666-214185   -            840 17077at4891          -            266   9.2e-13   45.4   1.4   4   5   1.8e-06   6.4e-05   19.7   0.0     7    57   172   221   166   225 0.81 -
tig00000014:211666-214185   -            840 17077at4891          -            266   9.2e-13   45.4   1.4   5   5       1.2        41    0.6   0.0   111   132   327   349   316   391 0.59 -
tig00000078:89274-91226     -            651 17077at4891          -            266   9.2e-13   45.4   1.1   1   3    0.0015     0.055   10.1   0.0    10    45    77   112    72   120 0.88 -
tig00000078:89274-91226     -            651 17077at4891          -            266   9.2e-13   45.4   1.1   2   3   2.3e-10   8.2e-09   32.5   0.1     5    87   131   214   128   261 0.85 -
tig00000078:89274-91226     -            651 17077at4891          -            266   9.2e-13   45.4   1.1   3   3       5.6     2e+02   -1.6   0.0   222   239   292   309   286   323 0.78 -
tig00000023:374822-375916   -            365 17077at4891          -            266   1.8e-12   44.4   0.0   1   2   9.4e-11   3.3e-09   33.7   0.1    59   201    38   193    24   219 0.80 -
tig00000023:374822-375916   -            365 17077at4891          -            266   1.8e-12   44.4   0.0   2   2     0.021      0.73    6.4   0.0    99   129   271   301   266   310 0.88 -
tig00000010:208878-211913   -           1012 17077at4891          -            266   2.2e-12   44.2   7.5   1   4     2e-11     7e-10   36.0   0.7    29   127   151   251   138   269 0.86 -
tig00000010:208878-211913   -           1012 17077at4891          -            266   2.2e-12   44.2   7.5   2   4      0.25       8.9    2.8   0.0    28    88   678   741   662   753 0.75 -
tig00000010:208878-211913   -           1012 17077at4891          -            266   2.2e-12   44.2   7.5   3   4      0.32        11    2.5   0.0    30    51   782   803   771   818 0.75 -
tig00000010:208878-211913   -           1012 17077at4891          -            266   2.2e-12   44.2   7.5   4   4      0.25         9    2.8   0.1   113   166   952   970   919   995 0.66 -
tig00000005:613155-613865   -            237 17077at4891          -            266   6.2e-12   42.7   1.6   1   2    0.0032      0.11    9.0   0.0    30    82    12    62     8    70 0.78 -
tig00000005:613155-613865   -            237 17077at4891          -            266   6.2e-12   42.7   1.6   2   2   4.2e-09   1.5e-07   28.3   0.4     8   159    74   237    68   237 0.74 -
tig00000010:92017-92973     -            319 17077at4891          -            266   1.1e-11   41.9   0.2   1   2   3.2e-07   1.1e-05   22.1   0.2    16    87    42   115    31   124 0.87 -
tig00000010:92017-92973     -            319 17077at4891          -            266   1.1e-11   41.9   0.2   2   2   7.6e-06   0.00027   17.6   0.0    87   132   181   227   161   242 0.81 -
tig00000012:401735-403267   -            511 17077at4891          -            266   2.7e-11   40.6   1.4   1   2   7.2e-10   2.5e-08   30.8   0.5    16   128   323   449   311   473 0.76 -
tig00000012:401735-403267   -            511 17077at4891          -            266   2.7e-11   40.6   1.4   2   2   1.4e-05   0.00051   16.7   0.0    12    47   415   450   404   491 0.86 -
tig00000012:489214-491058   -            615 17077at4891          -            266   3.1e-11   40.4   1.0   1   3       4.4   1.6e+02   -1.3   0.0    92   233    58    93    32   107 0.53 -
tig00000012:489214-491058   -            615 17077at4891          -            266   3.1e-11   40.4   1.0   2   3   3.6e-08   1.3e-06   25.2   0.1    60   203   209   366   157   382 0.73 -
tig00000012:489214-491058   -            615 17077at4891          -            266   3.1e-11   40.4   1.0   3   3   0.00081     0.029   11.0   0.0    37   161   467   612   450   615 0.54 -
tig00000012:470900-471844   -            315 17077at4891          -            266   6.3e-11   39.4   3.9   1   3       0.2         7    3.2   0.0    31    47     2    18     1    29 0.80 -
tig00000012:470900-471844   -            315 17077at4891          -            266   6.3e-11   39.4   3.9   2   3     5e-08   1.8e-06   24.8   0.1    54   132    88   167    80   183 0.80 -
tig00000012:470900-471844   -            315 17077at4891          -            266   6.3e-11   39.4   3.9   3   3   0.00082     0.029   11.0   0.0    25    84   251   315   231   315 0.66 -
tig00000005:614650-615420   -            257 17077at4891          -            266   2.2e-10   37.6   0.6   1   1   2.6e-10   9.1e-09   32.3   0.6    49   170    64   152    30   257 0.55 -
tig00000010:811772-813490   -            573 17077at4891          -            266   6.4e-10   36.1   0.0   1   2   6.6e-07   2.3e-05   21.1   0.0     6   136   228   361   223   368 0.84 -
tig00000010:811772-813490   -            573 17077at4891          -            266   6.4e-10   36.1   0.0   2   2   0.00042     0.015   11.9   0.0   133   235   397   501   377   509 0.77 -
tig00000012:487139-488677   -            513 17077at4891          -            266   1.4e-09   34.9   0.1   1   2   0.00083      0.03   11.0   0.1    59   180    41   174    29   176 0.68 -
tig00000012:487139-488677   -            513 17077at4891          -            266   1.4e-09   34.9   0.1   2   2   2.2e-10   7.9e-09   32.5   0.0    27   180    93   258    70   285 0.71 -
tig00000014:599591-600409   -            273 17077at4891          -            266   3.1e-09   33.8   1.4   1   2    0.0016     0.056   10.1   0.1    35   130    77   186    60   203 0.58 -
tig00000014:599591-600409   -            273 17077at4891          -            266   3.1e-09   33.8   1.4   2   2     8e-07   2.9e-05   20.8   0.2    19    84   201   268   191   271 0.80 -
tig00000001:1095179-1097434 -            752 17077at4891          -            266   3.1e-09   33.8   4.8   1   2   0.00033     0.012   12.3   0.1    31   164    44   194    22   207 0.70 -
tig00000001:1095179-1097434 -            752 17077at4891          -            266   3.1e-09   33.8   4.8   2   2   4.8e-05    0.0017   15.0   2.0    20    86   220   285   204   416 0.71 -
tig00000022:411540-412517   -            326 17077at4891          -            266   3.2e-09   33.8   0.0   1   1     2e-10   7.1e-09   32.7   0.0    13   129    23   142    12   150 0.86 -
tig00000014:436668-438272   -            535 17077at4891          -            266   4.7e-09   33.2   1.2   1   2     0.056         2    5.0   0.2   108   168   231   297   215   314 0.74 -
tig00000014:436668-438272   -            535 17077at4891          -            266   4.7e-09   33.2   1.2   2   2     1e-08   3.7e-07   27.0   0.1    20   135   322   438   307   485 0.69 -
tig00000005:814912-815754   -            281 17077at4891          -            266   1.4e-08   31.7   1.8   1   3   0.00054     0.019   11.6   0.6    36   141     1   109     1   114 0.80 -
tig00000005:814912-815754   -            281 17077at4891          -            266   1.4e-08   31.7   1.8   2   3   5.6e-06    0.0002   18.1   0.1     8    85   100   179    95   199 0.85 -
tig00000005:814912-815754   -            281 17077at4891          -            266   1.4e-08   31.7   1.8   3   3      0.43        15    2.1   0.0     3    43   235   274   201   279 0.77 -
tig00000001:502589-503383   -            265 17077at4891          -            266   1.5e-08   31.6   0.2   1   2   4.5e-09   1.6e-07   28.2   0.1    18   130     6   128     1   147 0.73 -
tig00000001:502589-503383   -            265 17077at4891          -            266   1.5e-08   31.6   0.2   2   2    0.0053      0.19    8.3   0.0    17    47    97   127    85   172 0.67 -
tig00000037:294440-296608   -            723 17077at4891          -            266   2.5e-08   30.9   2.1   1   4       8.3   2.9e+02   -2.2   0.0    80   100   330   350   296   383 0.46 -
tig00000037:294440-296608   -            723 17077at4891          -            266   2.5e-08   30.9   2.1   2   4       8.6   3.1e+02   -2.2   0.0    27    55   450   478   432   484 0.76 -
tig00000037:294440-296608   -            723 17077at4891          -            266   2.5e-08   30.9   2.1   3   4   8.6e-07   3.1e-05   20.7   0.1    62   142   599   684   582   691 0.81 -
tig00000037:294440-296608   -            723 17077at4891          -            266   2.5e-08   30.9   2.1   4   4    0.0061      0.22    8.1   0.0    18    44   695   721   690   723 0.88 -
tig00000018:171370-172173   -            268 17077at4891          -            266   7.5e-08   29.3   0.2   1   2      0.96        34    0.9   0.0    10    47    91   127    62   174 0.68 -
tig00000018:171370-172173   -            268 17077at4891          -            266   7.5e-08   29.3   0.2   2   2   2.2e-08   7.7e-07   26.0   0.0     7    87   181   260   175   264 0.94 -
tig00000001:720992-722107   -            372 17077at4891          -            266   4.4e-07   26.8   1.8   1   4      0.04       1.4    5.4   0.1     9    42    99   132    63   133 0.71 -
tig00000001:720992-722107   -            372 17077at4891          -            266   4.4e-07   26.8   1.8   2   4    0.0044      0.15    8.6   0.0     9    60    99   150    94   155 0.85 -
tig00000001:720992-722107   -            372 17077at4891          -            266   4.4e-07   26.8   1.8   3   4    0.0027     0.095    9.3   0.1   111   128   235   252   184   266 0.85 -
tig00000001:720992-722107   -            372 17077at4891          -            266   4.4e-07   26.8   1.8   4   4     0.048       1.7    5.2   0.1    54    86   280   314   268   328 0.71 -
tig00000018:569634-570797   -            388 17077at4891          -            266   4.4e-07   26.8   0.3   1   3     0.046       1.6    5.2   0.1    27    90    25    91    12   137 0.55 -
tig00000018:569634-570797   -            388 17077at4891          -            266   4.4e-07   26.8   0.3   2   3    0.0023     0.083    9.5   0.0     6    50   139   183   133   195 0.85 -
tig00000018:569634-570797   -            388 17077at4891          -            266   4.4e-07   26.8   0.3   3   3    0.0087      0.31    7.6   0.0    60    85   294   320   283   336 0.85 -
tig00000007:150223-153552   -           1110 17077at4891          -            266   4.8e-07   26.6   1.1   1   3   2.9e-05     0.001   15.8   0.0    12    54   160   202   158   211 0.86 -
tig00000007:150223-153552   -           1110 17077at4891          -            266   4.8e-07   26.6   1.1   2   3     0.029         1    5.9   0.1     6    47   260   300   251   309 0.62 -
tig00000007:150223-153552   -           1110 17077at4891          -            266   4.8e-07   26.6   1.1   3   3       1.7        59    0.1   0.0   152   222   409   479   405   502 0.64 -
tig00000005:792126-793166   -            347 17077at4891          -            266   9.5e-07   25.7   3.3   1   2    0.0002    0.0071   13.0   0.8    12    85     7    85     4   141 0.72 -
tig00000005:792126-793166   -            347 17077at4891          -            266   9.5e-07   25.7   3.3   2   2   0.00053     0.019   11.6   0.1     9   125   207   332   200   340 0.75 -
tig00000083:66763-68055     -            431 17077at4891          -            266   9.8e-07   25.6   0.6   1   3   6.6e-05    0.0023   14.6   0.0    85   137    52   108    42   138 0.78 -
tig00000083:66763-68055     -            431 17077at4891          -            266   9.8e-07   25.6   0.6   2   3       1.2        44    0.6   0.0    26    50   216   241   187   260 0.71 -
tig00000083:66763-68055     -            431 17077at4891          -            266   9.8e-07   25.6   0.6   3   3     0.021      0.75    6.3   0.0   197   249   341   393   330   402 0.88 -
tig00000078:530421-532142   -            574 17077at4891          -            266     2e-06   24.6   5.1   1   3       7.6   2.7e+02   -2.0   0.0    28    45   228   245   222   249 0.82 -
tig00000078:530421-532142   -            574 17077at4891          -            266     2e-06   24.6   5.1   2   3   7.7e-07   2.7e-05   20.9   1.9     4   161   276   453   271   463 0.75 -
tig00000078:530421-532142   -            574 17077at4891          -            266     2e-06   24.6   5.1   3   3      0.12       4.1    3.9   0.0    53   130   418   510   416   529 0.58 -
tig00000010:319587-322274   -            896 17077at4891          -            266   5.3e-06   23.2   0.1   1   3       6.8   2.4e+02   -1.9   0.0   193   225   179   211   138   234 0.74 -
tig00000010:319587-322274   -            896 17077at4891          -            266   5.3e-06   23.2   0.1   2   3   1.5e-07   5.3e-06   23.2   0.1    11   100   253   340   246   346 0.91 -
tig00000010:319587-322274   -            896 17077at4891          -            266   5.3e-06   23.2   0.1   3   3       9.6   3.4e+02   -2.4   0.0   221   240   573   592   565   605 0.80 -
tig00000007:62181-66089     -           1303 17077at4891          -            266   7.9e-06   22.7   0.0   1   2   2.1e-05   0.00074   16.2   0.0    11   130   220   257   187   275 0.66 -
tig00000007:62181-66089     -           1303 17077at4891          -            266   7.9e-06   22.7   0.0   2   2      0.16       5.5    3.5   0.0    94   125   331   362   302   370 0.79 -
tig00000005:1021434-1022621 -            396 17077at4891          -            266   1.2e-05   22.0   0.2   1   3      0.15       5.2    3.6   0.1    64    86    21    43     8    78 0.64 -
tig00000005:1021434-1022621 -            396 17077at4891          -            266   1.2e-05   22.0   0.2   2   3       5.3   1.9e+02   -1.5   0.0    27    48   197   218   187   267 0.56 -
tig00000005:1021434-1022621 -            396 17077at4891          -            266   1.2e-05   22.0   0.2   3   3   4.5e-05    0.0016   15.1   0.0    94   142   288   337   284   349 0.86 -
tig00000001:107892-111701   -           1270 17077at4891          -            266   1.4e-05   21.8   4.6   1   3       1.1        38    0.8   0.0   216   244    71   100    53   105 0.84 -
tig00000001:107892-111701   -           1270 17077at4891          -            266   1.4e-05   21.8   4.6   2   3   6.5e-06   0.00023   17.9   0.6    10   146   104   265    97   286 0.63 -
tig00000001:107892-111701   -           1270 17077at4891          -            266   1.4e-05   21.8   4.6   3   3       9.5   3.4e+02   -2.3   0.1   186   245   516   575   509   580 0.78 -
tig00000007:380538-381545   -            336 17077at4891          -            266   2.4e-05   21.1   0.2   1   1   2.1e-06   7.6e-05   19.4   0.0    25    95   217   290   197   325 0.73 -
tig00000039:157839-159113   -            425 17077at4891          -            266   2.6e-05   20.9   0.2   1   4   0.00065     0.023   11.3   0.0    19    88    31   103    15   109 0.66 -
tig00000039:157839-159113   -            425 17077at4891          -            266   2.6e-05   20.9   0.2   2   4       1.3        47    0.4   0.0   218   239   181   202   155   225 0.80 -
tig00000039:157839-159113   -            425 17077at4891          -            266   2.6e-05   20.9   0.2   3   4      0.49        18    1.9   0.0   148   166   230   248   218   269 0.72 -
tig00000039:157839-159113   -            425 17077at4891          -            266   2.6e-05   20.9   0.2   4   4      0.71        25    1.3   0.0    18    55   270   310   255   321 0.77 -
tig00000023:408941-410395   -            485 17077at4891          -            266   4.8e-05   20.1   0.3   1   1   3.2e-06   0.00011   18.9   0.1    26   114   324   414   309   433 0.81 -
tig00000012:849780-851159   -            460 17077at4891          -            266   5.5e-05   19.9   0.1   1   5     0.071       2.5    4.6   0.0   108   126    26    44     4    62 0.60 -
tig00000012:849780-851159   -            460 17077at4891          -            266   5.5e-05   19.9   0.1   2   5     0.033       1.2    5.7   0.0    71   103    29    61    16   107 0.55 -
tig00000012:849780-851159   -            460 17077at4891          -            266   5.5e-05   19.9   0.1   3   5      0.14         5    3.6   0.0   170   212    67   111    56   172 0.66 -
tig00000012:849780-851159   -            460 17077at4891          -            266   5.5e-05   19.9   0.1   4   5     0.027      0.94    6.0   0.0    31    79   161   209   154   216 0.45 -
tig00000012:849780-851159   -            460 17077at4891          -            266   5.5e-05   19.9   0.1   5   5      0.17       6.2    3.3   0.0    12    45   185   217   180   226 0.87 -
tig00000001:175584-177149   -            522 17077at4891          -            266   6.2e-05   19.7   0.1   1   3       2.6        91   -0.5   0.0   103   129   191   219   181   282 0.66 -
tig00000001:175584-177149   -            522 17077at4891          -            266   6.2e-05   19.7   0.1   2   3     0.003      0.11    9.1   0.0    16    45   335   364   324   369 0.85 -
tig00000001:175584-177149   -            522 17077at4891          -            266   6.2e-05   19.7   0.1   3   3     0.026      0.93    6.0   0.0    99   130   392   423   380   430 0.85 -
tig00000061:445872-447620   -            583 17077at4891          -            266   0.00012   18.8   0.0   1   3   0.00011    0.0038   13.9   0.0    89   134   229   274   184   287 0.74 -
tig00000061:445872-447620   -            583 17077at4891          -            266   0.00012   18.8   0.0   2   3       2.8     1e+02   -0.6   0.0    19    47   459   488   445   512 0.72 -
tig00000061:445872-447620   -            583 17077at4891          -            266   0.00012   18.8   0.0   3   3         3   1.1e+02   -0.7   0.0    98   126   552   580   547   582 0.69 -
tig00000022:222403-222963   -            187 17077at4891          -            266   0.00018   18.2   0.1   1   2   0.00016    0.0056   13.3   0.0    68   142    12    88     1   132 0.84 -
tig00000022:222403-222963   -            187 17077at4891          -            266   0.00018   18.2   0.1   2   2      0.21       7.6    3.1   0.0   144   164   166   186   150   187 0.63 -
tig00000018:297117-298778   -            554 17077at4891          -            266   0.00021   18.0   0.7   1   2   5.8e-05     0.002   14.8   0.1    26    86   150   226   134   230 0.70 -
tig00000018:297117-298778   -            554 17077at4891          -            266   0.00021   18.0   0.7   2   2       2.5        88   -0.4   0.0     7    39   483   514   478   547 0.52 -
tig00000001:1248218-1250140 -            641 17077at4891          -            266   0.00025   17.8   0.3   1   2       0.2       6.9    3.2   0.0   152   219    80   149    68   163 0.78 -
tig00000001:1248218-1250140 -            641 17077at4891          -            266   0.00025   17.8   0.3   2   2   0.00033     0.012   12.3   0.1     7    56   177   228   164   297 0.67 -
tig00000034:231171-232961   -            597 17077at4891          -            266   0.00036   17.2   0.0   1   4     0.024      0.84    6.2   0.0    59    89   173   203   165   223 0.89 -
tig00000034:231171-232961   -            597 17077at4891          -            266   0.00036   17.2   0.0   2   4       6.4   2.3e+02   -1.8   0.0    86   126   245   285   242   299 0.81 -
tig00000034:231171-232961   -            597 17077at4891          -            266   0.00036   17.2   0.0   3   4      0.06       2.1    4.9   0.0    11    49   300   337   291   354 0.76 -
tig00000034:231171-232961   -            597 17077at4891          -            266   0.00036   17.2   0.0   4   4       2.7        96   -0.6   0.0   110   130   426   446   416   455 0.77 -
tig00000014:425910-430265   -           1452 17077at4891          -            266   0.00078   16.1   0.3   1   2    0.0033      0.12    9.0   0.0    60   122  1083  1153  1065  1217 0.70 -
tig00000014:425910-430265   -           1452 17077at4891          -            266   0.00078   16.1   0.3   2   2     0.098       3.5    4.2   0.1    96   145  1230  1281  1188  1321 0.74 -
tig00000023:325699-327333   -            545 17077at4891          -            266    0.0014   15.2   0.0   1   1   0.00024    0.0086   12.7   0.0    12    48   264   299   254   319 0.82 -
tig00000005:959007-960584   -            526 17077at4891          -            266    0.0016   15.1   4.0   1   4     0.029         1    5.9   0.0    24    52    95   123    78   132 0.77 -
tig00000005:959007-960584   -            526 17077at4891          -            266    0.0016   15.1   4.0   2   4       3.1   1.1e+02   -0.7   0.0    13    44   183   212   174   224 0.53 -
tig00000005:959007-960584   -            526 17077at4891          -            266    0.0016   15.1   4.0   3   4      0.23       8.2    2.9   0.0   148   201   250   300   216   309 0.67 -
tig00000005:959007-960584   -            526 17077at4891          -            266    0.0016   15.1   4.0   4   4      0.11         4    4.0   0.1   151   234   309   394   301   410 0.62 -
tig00000038:75034-76008     -            325 17077at4891          -            266    0.0028   14.3   0.0   1   1   0.00015    0.0052   13.4   0.0     7    89   235   319   222   323 0.74 -
#
# Program:         hmmsearch
# Version:         3.1b2 (February 2015)
# Pipeline mode:   SEARCH
# Query file:      /home/inf-38-2022/BINP29/longread/2/busco_downloads/lineages/saccharomycetes_odb10/hmms/17077at4891.hmm
# Target file:     /home/inf-38-2022/BINP29/longread/2/Results/04_Busco/canu/run_saccharomycetes_odb10/metaeuk_output/initial_results/asm.contigs.fasta.modified.fas
# Option settings: hmmsearch --domtblout /home/inf-38-2022/BINP29/longread/2/Results/04_Busco/canu/run_saccharomycetes_odb10/hmmer_output/initial_run_results/17077at4891.out --cpu 1 /home/inf-38-2022/BINP29/longread/2/busco_downloads/lineages/saccharomycetes_odb10/hmms/17077at4891.hmm /home/inf-38-2022/BINP29/longread/2/Results/04_Busco/canu/run_saccharomycetes_odb10/metaeuk_output/initial_results/asm.contigs.fasta.modified.fas 
# Current dir:     /home/inf-38-2022/BINP29/longread/2
# Date:            Thu Feb 23 14:06:29 2023
# [ok]
