#                                                                                   --- full sequence --- -------------- this domain -------------   hmm coord   ali coord   env coord
# target name               accession   tlen query name           accession   qlen   E-value  score  bias   #  of  c-Evalue  i-Evalue  score  bias  from    to  from    to  from    to  acc description of target
#       ------------------- ---------- ----- -------------------- ---------- ----- --------- ------ ----- --- --- --------- --------- ------ ----- ----- ----- ----- ----- ----- ----- ---- ---------------------
tig00000022:190430-191881   -            484 17265at4891          -            265    2e-123  408.0   4.9   1   2  1.8e-113  4.6e-112  370.8   2.3     1   221   167   412   167   426 0.92 -
tig00000022:190430-191881   -            484 17265at4891          -            265    2e-123  408.0   4.9   2   2   7.6e-12   1.9e-10   37.6   0.0   214   263   429   484   420   484 0.89 -
tig00000014:549046-549927   -            294 17265at4891          -            265   3.2e-70  233.6   0.1   1   1   8.9e-69   2.3e-67  224.2   0.1     2   240     5   293     4   294 0.78 -
tig00000010:501416-502300   -            295 17265at4891          -            265   3.8e-66  220.2   0.5   1   2   9.6e-63   2.4e-61  204.5   0.4     2   207     3   234     2   245 0.86 -
tig00000010:501416-502300   -            295 17265at4891          -            265   3.8e-66  220.2   0.5   2   2    0.0018     0.047   10.1   0.0   214   241   268   295   264   295 0.90 -
tig00000010:868786-869727   -            314 17265at4891          -            265   9.8e-61  202.5   8.4   1   2   1.3e-56   3.2e-55  184.4   8.5     5   204     4   250     1   270 0.83 -
tig00000010:868786-869727   -            314 17265at4891          -            265   9.8e-61  202.5   8.4   2   2    0.0013     0.033   10.6   0.0   216   245   284   313   275   314 0.91 -
tig00000001:268464-269363   -            300 17265at4891          -            265   1.5e-53  178.9   0.0   1   2   7.7e-50   1.9e-48  162.2   0.0     6   209     5   230     1   238 0.85 -
tig00000001:268464-269363   -            300 17265at4891          -            265   1.5e-53  178.9   0.0   2   2     8e-05     0.002   14.6   0.0   214   246   259   291   244   297 0.89 -
tig00000014:193811-194752   -            314 17265at4891          -            265   1.1e-47  159.7   0.2   1   2   7.3e-44   1.8e-42  142.6   0.1     7   201    13   241     8   246 0.80 -
tig00000014:193811-194752   -            314 17265at4891          -            265   1.1e-47  159.7   0.2   2   2   0.00014    0.0036   13.7   0.0   214   244   279   309   260   314 0.85 -
tig00000010:482439-484085   -            549 17265at4891          -            265   3.6e-47  158.0   8.3   1   3    0.0027     0.068    9.6   0.7     2    23    75    96    74    99 0.88 -
tig00000010:482439-484085   -            549 17265at4891          -            265   3.6e-47  158.0   8.3   2   3   1.5e-41   3.9e-40  134.9   0.7    35   207   197   405   172   415 0.78 -
tig00000010:482439-484085   -            549 17265at4891          -            265   3.6e-47  158.0   8.3   3   3   0.00018    0.0045   13.4   0.0   215   251   439   475   433   489 0.85 -
tig00000058:9221-10867      -            549 17265at4891          -            265   3.6e-47  158.0   8.3   1   3    0.0027     0.068    9.6   0.7     2    23    75    96    74    99 0.88 -
tig00000058:9221-10867      -            549 17265at4891          -            265   3.6e-47  158.0   8.3   2   3   1.5e-41   3.9e-40  134.9   0.7    35   207   197   405   172   415 0.78 -
tig00000058:9221-10867      -            549 17265at4891          -            265   3.6e-47  158.0   8.3   3   3   0.00018    0.0045   13.4   0.0   215   251   439   475   433   489 0.85 -
tig00000034:351488-352792   -            435 17265at4891          -            265   1.4e-46  156.1   0.0   1   1   1.7e-45   4.4e-44  147.9   0.0     2   249    23   314    22   324 0.79 -
tig00000005:524212-525318   -            369 17265at4891          -            265   8.2e-45  150.3   0.7   1   2   6.1e-41   1.5e-39  133.0   0.4     2   205    18   258    17   263 0.79 -
tig00000005:524212-525318   -            369 17265at4891          -            265   8.2e-45  150.3   0.7   2   2   0.00019    0.0049   13.3   0.0   213   242   292   321   268   336 0.80 -
tig00000010:675791-676765   -            325 17265at4891          -            265     1e-44  150.0   0.7   1   1     2e-43     5e-42  141.1   0.7     2   245     5   310     4   317 0.74 -
tig00000031:396849-397892   -            348 17265at4891          -            265   7.9e-44  147.0   0.1   1   1   1.1e-42   2.9e-41  138.7   0.1     2   255    13   326    12   335 0.77 -
tig00000057:15250-16564     -            370 17265at4891          -            265   8.4e-43  143.7  10.6   1   3    0.0017     0.043   10.2   0.7     2    23    51    72    50    75 0.89 -
tig00000057:15250-16564     -            370 17265at4891          -            265   8.4e-43  143.7  10.6   2   3   3.8e-39   9.6e-38  127.1   1.4    56   207   126   312   110   322 0.79 -
tig00000057:15250-16564     -            370 17265at4891          -            265   8.4e-43  143.7  10.6   3   3     0.012      0.29    7.5   0.0   215   239   346   370   340   370 0.92 -
tig00000018:57664-58635     -            324 17265at4891          -            265   2.8e-37  125.6   0.0   1   2   1.9e-35   4.8e-34  115.0   0.0    70   199    89   225     2   234 0.88 -
tig00000018:57664-58635     -            324 17265at4891          -            265   2.8e-37  125.6   0.0   2   2     0.024       0.6    6.4   0.0   214   242   266   294   264   304 0.90 -
tig00000022:156993-158078   -            362 17265at4891          -            265   6.8e-35  117.7   0.3   1   2   4.1e-32     1e-30  104.0   0.1    41   205    56   248    25   258 0.78 -
tig00000022:156993-158078   -            362 17265at4891          -            265   6.8e-35  117.7   0.3   2   2   0.00061     0.015   11.7   0.0   214   240   281   307   255   329 0.85 -
tig00000012:389341-390171   -            277 17265at4891          -            265   1.2e-34  117.0   0.8   1   2   3.5e-34   8.9e-33  110.8   0.8     8   206     1   224     1   238 0.75 -
tig00000012:389341-390171   -            277 17265at4891          -            265   1.2e-34  117.0   0.8   2   2       4.1     1e+02   -0.9   0.0   215   238   254   277   248   277 0.86 -
tig00000061:536003-537064   -            354 17265at4891          -            265   1.2e-32  110.4   7.3   1   2   4.9e-31   1.2e-29  100.5   6.4    57   199    95   273    48   282 0.71 -
tig00000061:536003-537064   -            354 17265at4891          -            265   1.2e-32  110.4   7.3   2   2      0.36       9.2    2.6   0.0   213   239   327   353   322   354 0.91 -
tig00000061:506863-511290   -           1476 17265at4891          -            265   1.6e-31  106.7   0.0   1   1   1.4e-32   3.6e-31  105.5   0.0     6   240  1179  1441  1174  1455 0.79 -
tig00000001:313792-314634   -            281 17265at4891          -            265   1.9e-31  106.4   0.1   1   1   9.6e-32   2.4e-30  102.8   0.1    83   205    96   223     1   281 0.83 -
tig00000007:442551-443408   -            286 17265at4891          -            265   3.6e-30  102.3   0.7   1   2   3.7e-28   9.5e-27   91.0   0.1     2   199     3   218     2   225 0.79 -
tig00000007:442551-443408   -            286 17265at4891          -            265   3.6e-30  102.3   0.7   2   2    0.0026     0.067    9.6   0.1   213   238   261   286   232   286 0.82 -
tig00000078:224344-226434   -            697 17265at4891          -            265   8.4e-30  101.1   0.1   1   3       4.7   1.2e+02   -1.1   0.0   171   214    54    97    51   128 0.73 -
tig00000078:224344-226434   -            697 17265at4891          -            265   8.4e-30  101.1   0.1   2   3      0.74        19    1.6   0.0     7    41   400   438   395   446 0.82 -
tig00000078:224344-226434   -            697 17265at4891          -            265   8.4e-30  101.1   0.1   3   3     3e-29   7.5e-28   94.7   0.0    80   240   533   693   476   696 0.77 -
tig00000007:79317-80186     -            290 17265at4891          -            265     1e-29  100.8   0.1   1   2      0.12       3.1    4.1   0.0    39    67    34    62     1    66 0.73 -
tig00000007:79317-80186     -            290 17265at4891          -            265     1e-29  100.8   0.1   2   2   2.2e-28   5.5e-27   91.8   0.1    71   241    89   285    70   290 0.76 -
tig00000083:163877-164674   -            266 17265at4891          -            265   2.7e-29   99.4   1.1   1   2   1.4e-26   3.5e-25   85.9   0.8    64   202    38   190    20   210 0.80 -
tig00000083:163877-164674   -            266 17265at4891          -            265   2.7e-29   99.4   1.1   2   2    0.0005     0.013   11.9   0.0   214   240   232   258   202   265 0.90 -
tig00000031:475808-477526   -            573 17265at4891          -            265   5.5e-29   98.4   0.0   1   1   3.4e-30   8.7e-29   97.7   0.0     2   244   302   558   301   564 0.81 -
tig00000061:603776-604693   -            306 17265at4891          -            265   6.4e-28   94.9   0.2   1   1   1.3e-28   3.4e-27   92.5   0.2     7   201     9   228     3   283 0.73 -
tig00000001:1392959-1394848 -            630 17265at4891          -            265   1.1e-27   94.0   0.2   1   1   1.1e-28   2.8e-27   92.8   0.2     2   242    52   306    51   331 0.78 -
tig00000010:277694-278434   -            247 17265at4891          -            265   6.7e-27   91.5   0.0   1   1   4.4e-28   1.1e-26   90.8   0.0     6   239     2   244     1   246 0.82 -
tig00000039:171239-171955   -            239 17265at4891          -            265   1.9e-26   90.1   1.0   1   1   1.8e-27   4.5e-26   88.8   1.0     7   181     2   193     1   208 0.82 -
tig00000031:245786-246532   -            249 17265at4891          -            265   8.8e-26   87.9   0.1   1   1     7e-27   1.8e-25   86.9   0.1     8   237     3   248     1   249 0.81 -
tig00000001:1005816-1010777 -           1654 17265at4891          -            265   2.6e-25   86.4   3.8   1   3     0.079         2    4.7   0.2    87   176   369   474   362   529 0.67 -
tig00000001:1005816-1010777 -           1654 17265at4891          -            265   2.6e-25   86.4   3.8   2   3   0.00013    0.0032   13.9   0.0     2    58   594   651   593   675 0.86 -
tig00000001:1005816-1010777 -           1654 17265at4891          -            265   2.6e-25   86.4   3.8   3   3   2.9e-19   7.3e-18   61.9   0.1    85   243   809   980   790   988 0.80 -
tig00000007:105187-107133   -            649 17265at4891          -            265   6.3e-25   85.1   0.4   1   2     0.099       2.5    4.4   0.1    20    86   394   462   387   468 0.74 -
tig00000007:105187-107133   -            649 17265at4891          -            265   6.3e-25   85.1   0.4   2   2   3.5e-24   8.9e-23   78.0   0.0    84   249   480   644   474   646 0.83 -
tig00000001:424922-426415   -            498 17265at4891          -            265   7.1e-25   84.9   1.0   1   4    0.0063      0.16    8.4   0.1     2    22    25    45    24    56 0.87 -
tig00000001:424922-426415   -            498 17265at4891          -            265   7.1e-25   84.9   1.0   2   4     4e-11     1e-09   35.2   0.0    74   136   124   186   115   190 0.87 -
tig00000001:424922-426415   -            498 17265at4891          -            265   7.1e-25   84.9   1.0   3   4   3.3e-09   8.4e-08   28.9   0.0   134   204   267   338   259   345 0.89 -
tig00000001:424922-426415   -            498 17265at4891          -            265   7.1e-25   84.9   1.0   4   4    0.0092      0.23    7.8   0.0   201   245   427   467   380   474 0.79 -
tig00000001:1375707-1376594 -            296 17265at4891          -            265   4.3e-24   82.3   0.8   1   2   7.6e-15   1.9e-13   47.4   0.7     8   131    14   160     9   163 0.66 -
tig00000001:1375707-1376594 -            296 17265at4891          -            265   4.3e-24   82.3   0.8   2   2     3e-10   7.7e-09   32.3   0.0   134   241   184   292   173   295 0.82 -
tig00000018:681815-686542   -           1576 17265at4891          -            265   4.5e-24   82.3   0.5   1   2   5.2e-21   1.3e-19   67.6   0.3     3   138  1267  1422  1265  1427 0.78 -
tig00000018:681815-686542   -           1576 17265at4891          -            265   4.5e-24   82.3   0.5   2   2   0.00045     0.011   12.1   0.0   140   239  1460  1558  1431  1565 0.74 -
tig00000039:126330-127121   -            264 17265at4891          -            265   6.1e-24   81.8   0.8   1   1   1.7e-23   4.4e-22   75.8   0.8    79   184   111   219     4   229 0.64 -
tig00000022:142105-142920   -            272 17265at4891          -            265   7.2e-24   81.6   0.0   1   1   5.2e-25   1.3e-23   80.7   0.0     3   193    13   222    11   269 0.74 -
tig00000010:271110-273569   -            820 17265at4891          -            265   1.6e-23   80.5   0.0   1   1   1.8e-24   4.5e-23   79.0   0.0     8   244   204   471   198   483 0.74 -
tig00000038:200257-201741   -            495 17265at4891          -            265   2.9e-23   79.6   0.1   1   2   3.5e-17   8.7e-16   55.1   0.2     2   130     6   154     5   159 0.76 -
tig00000038:200257-201741   -            495 17265at4891          -            265   2.9e-23   79.6   0.1   2   2   3.6e-07   9.2e-06   22.2   0.0   143   241   365   468   324   478 0.84 -
tig00000010:296963-297778   -            272 17265at4891          -            265   3.7e-23   79.3   0.0   1   1   1.4e-23   3.7e-22   76.0   0.0     8   238     9   269     4   271 0.71 -
tig00000007:124683-125471   -            263 17265at4891          -            265   4.1e-23   79.1   0.2   1   1   1.6e-23     4e-22   75.9   0.2    84   233   104   260     8   263 0.82 -
tig00000007:771369-772190   -            274 17265at4891          -            265   4.6e-23   79.0   0.1   1   1   5.6e-24   1.4e-22   77.4   0.1     8   240     7   269     3   273 0.72 -
tig00000005:941334-942338   -            335 17265at4891          -            265   5.7e-23   78.7   0.1   1   2     9e-06   0.00023   17.7   0.1     2    76    41   130    40   134 0.78 -
tig00000005:941334-942338   -            335 17265at4891          -            265   5.7e-23   78.7   0.1   2   2   7.7e-18   1.9e-16   57.2   0.0    85   234   159   330   153   335 0.75 -
tig00000061:642129-642926   -            266 17265at4891          -            265   5.8e-23   78.6   0.1   1   1   4.1e-24     1e-22   77.8   0.1     5   193    10   217     6   264 0.72 -
tig00000010:294431-295351   -            307 17265at4891          -            265   6.3e-23   78.5   0.1   1   1   6.8e-24   1.7e-22   77.1   0.1    24   253    48   298    17   306 0.75 -
tig00000018:70085-72607     -            841 17265at4891          -            265   7.9e-23   78.2   0.3   1   2       5.6   1.4e+02   -1.3   0.2     2    27   546   571   545   634 0.64 -
tig00000018:70085-72607     -            841 17265at4891          -            265   7.9e-23   78.2   0.3   2   2   1.5e-23   3.8e-22   76.0   0.0    84   248   671   834   661   840 0.84 -
tig00000022:256578-257741   -            388 17265at4891          -            265   8.5e-23   78.1   0.0   1   1     1e-23   2.6e-22   76.5   0.0    39   241    81   294    70   303 0.76 -
tig00000010:175828-176601   -            258 17265at4891          -            265   9.1e-23   78.0   0.4   1   1   6.2e-24   1.6e-22   77.2   0.4     3   192     6   214     4   251 0.77 -
tig00000012:660018-662129   -            704 17265at4891          -            265   9.8e-23   77.9   0.1   1   2       8.1   2.1e+02   -1.9   0.3   224   263    24    63    13    65 0.75 -
tig00000012:660018-662129   -            704 17265at4891          -            265   9.8e-23   77.9   0.1   2   2   1.5e-23   3.7e-22   76.0   0.0     3   240    83   338    81   354 0.73 -
tig00000037:89206-93015     -           1270 17265at4891          -            265   1.1e-22   77.8   1.0   1   2   1.3e-20   3.3e-19   66.3   0.5     3   135   981  1133   979  1140 0.78 -
tig00000037:89206-93015     -           1270 17265at4891          -            265   1.1e-22   77.8   1.0   2   2    0.0031     0.079    9.3   0.0   122   238  1142  1255  1136  1263 0.70 -
tig00000001:1445377-1446405 -            343 17265at4891          -            265   1.3e-22   77.5   0.0   1   1   1.1e-23   2.7e-22   76.5   0.0    36   245    86   309    79   315 0.79 -
tig00000034:91377-93548     -            724 17265at4891          -            265   1.3e-22   77.5   3.4   1   3   5.3e-07   1.3e-05   21.7   0.5     8   119   311   445   306   450 0.58 -
tig00000034:91377-93548     -            724 17265at4891          -            265   1.3e-22   77.5   3.4   2   3   9.6e-12   2.4e-10   37.3   0.0   116   204   474   562   463   575 0.89 -
tig00000034:91377-93548     -            724 17265at4891          -            265   1.3e-22   77.5   3.4   3   3   0.00014    0.0036   13.8   0.1   201   240   676   713   667   718 0.83 -
tig00000010:165885-166967   -            361 17265at4891          -            265   1.5e-22   77.3   0.6   1   1   1.2e-23   3.1e-22   76.3   0.6     6   238   107   353   102   359 0.73 -
tig00000034:312743-313672   -            310 17265at4891          -            265   1.9e-22   76.9   0.4   1   1   1.8e-23   4.6e-22   75.7   0.1    30   240    64   283    51   292 0.72 -
tig00000001:1466725-1467543 -            273 17265at4891          -            265   2.3e-22   76.7   0.1   1   1   2.6e-23   6.5e-22   75.2   0.1     8   174     1   190     1   258 0.80 -
tig00000001:173147-174685   -            513 17265at4891          -            265   2.6e-22   76.5   0.5   1   2     0.012       0.3    7.4   0.1     6    77   195   276   191   295 0.77 -
tig00000001:173147-174685   -            513 17265at4891          -            265   2.6e-22   76.5   0.5   2   2   6.9e-21   1.7e-19   67.2   0.0    85   259   309   486   303   494 0.79 -
tig00000007:240843-241712   -            290 17265at4891          -            265   3.9e-22   75.9   0.7   1   1   5.1e-22   1.3e-20   70.9   0.7    71   184   130   245    30   261 0.86 -
tig00000007:768613-769479   -            289 17265at4891          -            265   5.3e-22   75.5   0.0   1   1   3.9e-22   9.8e-21   71.3   0.0     7   243    18   284    12   288 0.70 -
tig00000001:675491-676426   -            312 17265at4891          -            265   6.3e-22   75.2   0.6   1   2         2        50    0.2   0.0     3    23    33    53    31    67 0.74 -
tig00000001:675491-676426   -            312 17265at4891          -            265   6.3e-22   75.2   0.6   2   2   1.6e-22   4.1e-21   72.6   0.1    41   239   102   310    81   312 0.73 -
tig00000031:51354-53645     -            764 17265at4891          -            265   6.6e-22   75.2   0.6   1   1   2.6e-22   6.5e-21   71.9   0.6     5   190   355   564   351   613 0.69 -
tig00000014:15701-16600     -            300 17265at4891          -            265   2.6e-21   73.2   0.1   1   1   2.6e-22   6.6e-21   71.9   0.1     6   192    14   224    10   279 0.69 -
tig00000037:269117-270115   -            333 17265at4891          -            265   2.7e-21   73.2   0.0   1   1   2.4e-22     6e-21   72.0   0.0    37   243    56   276    49   286 0.79 -
tig00000001:280977-282515   -            513 17265at4891          -            265   8.5e-21   71.5   4.6   1   2   6.2e-12   1.6e-10   37.9   3.1     7   115   205   337   200   342 0.71 -
tig00000001:280977-282515   -            513 17265at4891          -            265   8.5e-21   71.5   4.6   2   2     1e-09   2.6e-08   30.6   0.0   119   248   360   489   355   502 0.76 -
tig00000014:744409-745362   -            318 17265at4891          -            265   3.6e-20   69.5   0.0   1   1   1.9e-21   4.8e-20   69.1   0.0    81   233   113   272    61   284 0.79 -
tig00000078:440416-441411   -            332 17265at4891          -            265   1.3e-19   67.6   0.5   1   3      0.12         3    4.2   0.0     2    20    13    31    12    46 0.88 -
tig00000078:440416-441411   -            332 17265at4891          -            265   1.3e-19   67.6   0.5   2   3     2e-07   4.9e-06   23.1   0.1    57   115   114   172    98   178 0.79 -
tig00000078:440416-441411   -            332 17265at4891          -            265   1.3e-19   67.6   0.5   3   3   1.2e-11   3.1e-10   36.9   0.0   118   239   209   328   206   331 0.76 -
tig00000001:1413682-1414488 -            269 17265at4891          -            265   1.6e-19   67.3   0.6   1   2   6.2e-13   1.6e-11   41.2   0.4    84   131   108   155     6   164 0.74 -
tig00000001:1413682-1414488 -            269 17265at4891          -            265   1.6e-19   67.3   0.6   2   2   8.5e-08   2.1e-06   24.3   0.0   140   233   181   266   167   269 0.83 -
tig00000005:898120-899004   -            295 17265at4891          -            265   2.1e-19   67.0   0.1   1   3      0.29       7.4    2.9   0.0     2    20     1    19     1    34 0.87 -
tig00000005:898120-899004   -            295 17265at4891          -            265   2.1e-19   67.0   0.1   2   3   1.5e-05   0.00037   17.0   0.0    81   115   114   148    82   154 0.88 -
tig00000005:898120-899004   -            295 17265at4891          -            265   2.1e-19   67.0   0.1   3   3   1.2e-13     3e-12   43.5   0.0   118   238   175   293   172   295 0.84 -
tig00000001:401709-402662   -            318 17265at4891          -            265   3.3e-19   66.3   0.1   1   1   2.4e-19   6.1e-18   62.2   0.1     2   239     1   277     1   283 0.72 -
tig00000023:419002-419997   -            332 17265at4891          -            265   5.7e-19   65.5   4.1   1   3    0.0033     0.084    9.3   1.5     2    76     4    98     3   103 0.68 -
tig00000023:419002-419997   -            332 17265at4891          -            265   5.7e-19   65.5   4.1   2   3   4.4e-14   1.1e-12   44.9   0.0    84   129   126   171   116   179 0.90 -
tig00000023:419002-419997   -            332 17265at4891          -            265   5.7e-19   65.5   4.1   3   3    0.0021     0.053    9.9   0.0   156   240   228   320   212   331 0.70 -
tig00000014:285258-286481   -            408 17265at4891          -            265   6.1e-18   62.2   0.3   1   2      0.12         3    4.2   0.1     2    30    11    43    10    49 0.77 -
tig00000014:285258-286481   -            408 17265at4891          -            265   6.1e-18   62.2   0.3   2   2   3.5e-17   8.8e-16   55.1   0.0    88   245   142   307    81   314 0.75 -
tig00000001:75264-76160     -            299 17265at4891          -            265   6.7e-18   62.0   0.0   1   1   6.2e-19   1.6e-17   60.8   0.1     8   175    11   205     4   223 0.77 -
tig00000038:97378-98211     -            278 17265at4891          -            265   8.9e-18   61.6   0.0   1   1   1.1e-18   2.8e-17   60.0   0.0     7   238    21   277    16   278 0.72 -
tig00000005:943649-946306   -            886 17265at4891          -            265     1e-17   61.4   0.6   1   3    0.0057      0.14    8.5   0.1     4    91    17   112    14   121 0.73 -
tig00000005:943649-946306   -            886 17265at4891          -            265     1e-17   61.4   0.6   2   3   2.4e-05    0.0006   16.3   0.1    86   115   143   172   131   176 0.89 -
tig00000005:943649-946306   -            886 17265at4891          -            265     1e-17   61.4   0.6   3   3   2.1e-10   5.3e-09   32.9   0.0   117   249   195   326   188   341 0.79 -
tig00000012:468182-469240   -            353 17265at4891          -            265   1.5e-17   60.9   0.5   1   1   2.6e-18   6.7e-17   58.8   0.5     3   175    30   224    28   292 0.76 -
tig00000007:290102-290926   -            275 17265at4891          -            265   3.7e-17   59.6   0.0   1   1   7.1e-18   1.8e-16   57.3   0.0     8   239    17   273    12   275 0.68 -
tig00000038:193153-194259   -            369 17265at4891          -            265   3.9e-17   59.5   0.1   1   1   7.2e-18   1.8e-16   57.3   0.1    84   204   136   288   122   297 0.69 -
tig00000022:213977-215140   -            388 17265at4891          -            265   5.2e-17   59.1   0.8   1   1   1.6e-17   4.1e-16   56.2   0.8     5   177    69   263    65   325 0.72 -
tig00000005:430807-432522   -            572 17265at4891          -            265     9e-17   58.3   1.1   1   2   3.8e-13   9.6e-12   41.9   0.8     2   129   177   323   176   338 0.64 -
tig00000005:430807-432522   -            572 17265at4891          -            265     9e-17   58.3   1.1   2   2   0.00036    0.0092   12.4   0.0   142   184   380   421   358   479 0.78 -
tig00000022:355307-356350   -            348 17265at4891          -            265   1.3e-15   54.6   0.0   1   2   2.4e-13     6e-12   42.5   0.0    79   127   155   204   148   210 0.90 -
tig00000022:355307-356350   -            348 17265at4891          -            265   1.3e-15   54.6   0.0   2   2    0.0024     0.062    9.7   0.0   156   220   255   321   229   343 0.78 -
tig00000010:756718-758409   -            564 17265at4891          -            265   1.6e-15   54.3   4.7   1   2     1e-12   2.6e-11   40.4   0.5     2   130   169   316   168   334 0.63 -
tig00000010:756718-758409   -            564 17265at4891          -            265   1.6e-15   54.3   4.7   2   2   0.00024     0.006   13.0   0.0   142   186   372   415   353   476 0.68 -
tig00000061:573066-574973   -            636 17265at4891          -            265   1.7e-15   54.1   0.0   1   1     2e-16     5e-15   52.6   0.0     6   198   332   548   328   615 0.67 -
tig00000018:711119-711979   -            287 17265at4891          -            265   2.2e-15   53.8   2.0   1   2   1.3e-09   3.2e-08   30.3   1.8     2   134     1   154     1   160 0.73 -
tig00000018:711119-711979   -            287 17265at4891          -            265   2.2e-15   53.8   2.0   2   2     3e-06   7.6e-05   19.2   0.0   141   241   186   284   176   286 0.80 -
tig00000037:58632-59654     -            341 17265at4891          -            265   8.1e-15   51.9   1.4   1   2     1e-09   2.6e-08   30.6   1.7     2   129    41   189    40   196 0.73 -
tig00000037:58632-59654     -            341 17265at4891          -            265   8.1e-15   51.9   1.4   2   2   1.9e-05   0.00048   16.6   0.0   141   240   223   320   213   326 0.77 -
tig00000037:213629-214300   -            224 17265at4891          -            265   8.3e-15   51.9   0.0   1   1   5.8e-16   1.5e-14   51.1   0.0    85   178   109   210    27   219 0.84 -
tig00000005:506107-507093   -            329 17265at4891          -            265   8.7e-14   48.5   0.0   1   2     0.025      0.64    6.4   0.0     8    83     4    87     1    93 0.80 -
tig00000005:506107-507093   -            329 17265at4891          -            265   8.7e-14   48.5   0.0   2   2     2e-12     5e-11   39.5   0.0    83   152   106   176   100   188 0.87 -
tig00000007:990491-991753   -            421 17265at4891          -            265   8.8e-14   48.5   0.4   1   2   3.9e-12     1e-10   38.5   0.1    85   142   220   280   113   296 0.69 -
tig00000007:990491-991753   -            421 17265at4891          -            265   8.8e-14   48.5   0.4   2   2     0.022      0.55    6.6   0.0   154   242   312   398   304   410 0.73 -
tig00000022:228777-230159   -            461 17265at4891          -            265   3.5e-13   46.6   1.5   1   2       4.1     1e+02   -0.9   0.0    43    58   201   216   183   231 0.78 -
tig00000022:228777-230159   -            461 17265at4891          -            265   3.5e-13   46.6   1.5   2   2   2.1e-13   5.2e-12   42.7   0.5    82   178   274   389   267   395 0.82 -
tig00000061:645151-646104   -            318 17265at4891          -            265   3.6e-13   46.5   0.0   1   1   3.1e-14   7.9e-13   45.4   0.0    86   177   148   248   139   318 0.73 -
tig00000010:510505-511536   -            344 17265at4891          -            265   4.7e-13   46.1   3.0   1   2      0.65        16    1.7   0.0     4    21     4    21     1    76 0.79 -
tig00000010:510505-511536   -            344 17265at4891          -            265   4.7e-13   46.1   3.0   2   2   2.6e-13   6.7e-12   42.4   1.2    40   171    96   260    72   324 0.73 -
tig00000018:334747-335976   -            410 17265at4891          -            265   7.8e-13   45.4   1.9   1   2   4.4e-11   1.1e-09   35.1   0.9    84   130   119   165    17   174 0.79 -
tig00000018:334747-335976   -            410 17265at4891          -            265   7.8e-13   45.4   1.9   2   2    0.0043      0.11    8.9   0.0   128   226   229   322   210   348 0.73 -
tig00000022:138767-139741   -            325 17265at4891          -            265   8.5e-13   45.3   0.0   1   1   5.8e-14   1.5e-12   44.5   0.0    86   195   155   275   145   325 0.66 -
tig00000039:167303-168607   -            435 17265at4891          -            265   1.9e-12   44.2   2.2   1   3     0.015      0.37    7.1   0.4     2    87    25   119    24   131 0.64 -
tig00000039:167303-168607   -            435 17265at4891          -            265   1.9e-12   44.2   2.2   2   3      0.16       4.1    3.7   0.0    99   115   167   183   163   194 0.85 -
tig00000039:167303-168607   -            435 17265at4891          -            265   1.9e-12   44.2   2.2   3   3     7e-10   1.8e-08   31.1   0.0   118   245   225   349   216   376 0.74 -
tig00000061:199007-200059   -            351 17265at4891          -            265   2.2e-12   43.9   0.0   1   2   3.5e-13   8.8e-12   42.0   0.0    86   138   110   166   106   225 0.85 -
tig00000061:199007-200059   -            351 17265at4891          -            265   2.2e-12   43.9   0.0   2   2       6.2   1.6e+02   -1.5   0.0   215   242   280   307   275   318 0.84 -
tig00000022:76226-76753     -            176 17265at4891          -            265   2.5e-11   40.5   0.0   1   1   4.4e-12   1.1e-10   38.4   0.0    86   129    10    53     6   130 0.83 -
tig00000010:173662-174660   -            333 17265at4891          -            265   5.5e-11   39.4   0.1   1   2       4.5   1.1e+02   -1.0   0.0     7    24    11    28     6    45 0.71 -
tig00000010:173662-174660   -            333 17265at4891          -            265   5.5e-11   39.4   0.1   2   2   8.4e-12   2.1e-10   37.4   0.1    72   157    90   178    75   186 0.79 -
tig00000083:261828-262424   -            199 17265at4891          -            265   2.1e-10   37.4   0.0   1   1   1.8e-11   4.5e-10   36.4   0.0    84   198    31   162    13   196 0.73 -
tig00000061:675115-675747   -            211 17265at4891          -            265   3.4e-10   36.8   0.8   1   2       1.1        27    1.0   0.1     2    33     2    37     1    84 0.69 -
tig00000061:675115-675747   -            211 17265at4891          -            265   3.4e-10   36.8   0.8   2   2   7.5e-11   1.9e-09   34.3   0.1    86   173   116   206   108   210 0.82 -
tig00000031:301880-304912   -           1011 17265at4891          -            265   3.5e-10   36.7   0.0   1   2   8.2e-08   2.1e-06   24.4   0.1    85   132   675   735   606   772 0.74 -
tig00000031:301880-304912   -           1011 17265at4891          -            265   3.5e-10   36.7   0.0   2   2    0.0058      0.15    8.5   0.0   156   245   797   885   792   894 0.71 -
tig00000012:237049-237546   -            166 17265at4891          -            265   5.2e-10   36.2   0.0   1   2   3.2e-11     8e-10   35.6   0.0   119   182     6    69     2   143 0.82 -
tig00000012:237049-237546   -            166 17265at4891          -            265   5.2e-10   36.2   0.0   2   2       9.5   2.4e+02   -2.1   0.0   214   237   142   165   137   166 0.81 -
tig00000010:111018-112001   -            328 17265at4891          -            265   6.8e-10   35.8   0.0   1   2       4.1     1e+02   -0.9   0.0    43    93    54   109    35   118 0.68 -
tig00000010:111018-112001   -            328 17265at4891          -            265   6.8e-10   35.8   0.0   2   2   1.8e-10   4.6e-09   33.1   0.0   103   234   183   327   169   328 0.79 -
tig00000012:83257-84219     -            321 17265at4891          -            265   2.9e-09   33.7   0.4   1   2     6e-07   1.5e-05   21.5   0.2    49   114    88   156    63   162 0.81 -
tig00000012:83257-84219     -            321 17265at4891          -            265   2.9e-09   33.7   0.4   2   2    0.0027     0.069    9.5   0.0   121   240   185   320   179   321 0.70 -
tig00000014:350010-350900   -            297 17265at4891          -            265   8.9e-09   32.1   0.4   1   1   9.1e-10   2.3e-08   30.8   0.4    72   192   107   249    83   280 0.69 -
tig00000018:597704-598582   -            293 17265at4891          -            265   9.7e-09   32.0   0.0   1   1   1.1e-09   2.8e-08   30.5   0.0    85   191   114   237    83   285 0.71 -
tig00000014:425910-430265   -           1452 17265at4891          -            265   1.2e-07   28.4   0.2   1   2   1.7e-06   4.4e-05   20.0   0.2    83   126   124   167   104   171 0.93 -
tig00000014:425910-430265   -           1452 17265at4891          -            265   1.2e-07   28.4   0.2   2   2     0.051       1.3    5.4   0.0   156   236   218   294   213   301 0.71 -
tig00000061:428424-430421   -            666 17265at4891          -            265   2.3e-07   27.5   0.1   1   3    0.0042      0.11    8.9   0.0     3    59   174   236   172   248 0.78 -
tig00000061:428424-430421   -            666 17265at4891          -            265   2.3e-07   27.5   0.1   2   3   7.5e-05    0.0019   14.7   0.0    83   114   327   358   321   362 0.91 -
tig00000061:428424-430421   -            666 17265at4891          -            265   2.3e-07   27.5   0.1   3   3       3.2        81   -0.5   0.0   155   233   439   522   435   542 0.69 -
tig00000022:135020-137662   -            881 17265at4891          -            265     9e-07   25.6   0.0   1   1     9e-08   2.3e-06   24.2   0.0    85   130   525   575   518   584 0.81 -
tig00000023:406175-406903   -            243 17265at4891          -            265   4.4e-05   20.0   0.5   1   2       5.3   1.3e+02   -1.2   0.0     7    22    10    25     5    42 0.87 -
tig00000023:406175-406903   -            243 17265at4891          -            265   4.4e-05   20.0   0.5   2   2   3.6e-05   0.00091   15.7   0.2    85   118   120   153    89   218 0.90 -
tig00000005:222783-225791   -           1003 17265at4891          -            265    0.0066   12.9   0.3   1   1     0.005      0.13    8.7   0.3     9   114   699   828   692   835 0.55 -
tig00000005:80093-80875     -            261 17265at4891          -            265     0.018   11.4   0.0   1   1   0.00097     0.024   11.0   0.0    79   158   134   216   123   249 0.75 -
#
# Program:         hmmsearch
# Version:         3.1b2 (February 2015)
# Pipeline mode:   SEARCH
# Query file:      /home/inf-38-2022/BINP29/longread/2/busco_downloads/lineages/saccharomycetes_odb10/hmms/17265at4891.hmm
# Target file:     /home/inf-38-2022/BINP29/longread/2/Results/04_Busco/canu/run_saccharomycetes_odb10/metaeuk_output/initial_results/asm.contigs.fasta.modified.fas
# Option settings: hmmsearch --domtblout /home/inf-38-2022/BINP29/longread/2/Results/04_Busco/canu/run_saccharomycetes_odb10/hmmer_output/initial_run_results/17265at4891.out --cpu 1 /home/inf-38-2022/BINP29/longread/2/busco_downloads/lineages/saccharomycetes_odb10/hmms/17265at4891.hmm /home/inf-38-2022/BINP29/longread/2/Results/04_Busco/canu/run_saccharomycetes_odb10/metaeuk_output/initial_results/asm.contigs.fasta.modified.fas 
# Current dir:     /home/inf-38-2022/BINP29/longread/2
# Date:            Thu Feb 23 14:06:31 2023
# [ok]
