#                                                                                   --- full sequence --- -------------- this domain -------------   hmm coord   ali coord   env coord
# target name               accession   tlen query name           accession   qlen   E-value  score  bias   #  of  c-Evalue  i-Evalue  score  bias  from    to  from    to  from    to  acc description of target
#       ------------------- ---------- ----- -------------------- ---------- ----- --------- ------ ----- --- --- --------- --------- ------ ----- ----- ----- ----- ----- ----- ----- ---- ---------------------
tig00000012:849780-851159   -            460 17712at4891          -            341  1.5e-124  412.6   0.1   1   1    2e-124  7.7e-123  407.1   0.1     1   331     1   407     1   417 0.80 -
tig00000014:211666-214185   -            840 17712at4891          -            341   6.1e-44  147.6   0.0   1   3   0.00039     0.015   11.5   0.0    16    41    19    47     9    59 0.64 -
tig00000014:211666-214185   -            840 17712at4891          -            341   6.1e-44  147.6   0.0   2   3   3.8e-33   1.5e-31  106.9   0.0    48   258    72   294    65   301 0.80 -
tig00000014:211666-214185   -            840 17712at4891          -            341   6.1e-44  147.6   0.0   3   3   2.8e-08   1.1e-06   25.1   0.0   257   327   317   388   309   396 0.78 -
tig00000037:112469-115222   -            918 17712at4891          -            341   3.9e-27   92.4  18.7   1   8      0.37        14    1.8   0.0    53    92    53    93    34   101 0.72 -
tig00000037:112469-115222   -            918 17712at4891          -            341   3.9e-27   92.4  18.7   2   8   6.2e-07   2.4e-05   20.7   0.0    56   142    97   181    89   184 0.83 -
tig00000037:112469-115222   -            918 17712at4891          -            341   3.9e-27   92.4  18.7   3   8   0.00013     0.005   13.1   0.5    50   123   186   256   183   269 0.81 -
tig00000037:112469-115222   -            918 17712at4891          -            341   3.9e-27   92.4  18.7   4   8   1.1e-05   0.00044   16.6   0.1    48   137   295   375   285   377 0.78 -
tig00000037:112469-115222   -            918 17712at4891          -            341   3.9e-27   92.4  18.7   5   8   2.1e-10   8.1e-09   32.2   0.1    24   137   358   461   342   464 0.83 -
tig00000037:112469-115222   -            918 17712at4891          -            341   3.9e-27   92.4  18.7   6   8   7.2e-09   2.8e-07   27.1   0.0    34   139   454   547   445   555 0.83 -
tig00000037:112469-115222   -            918 17712at4891          -            341   3.9e-27   92.4  18.7   7   8       2.1        83   -0.7   0.0    92   136   564   606   553   610 0.74 -
tig00000037:112469-115222   -            918 17712at4891          -            341   3.9e-27   92.4  18.7   8   8      0.56        22    1.2   0.0    58    88   681   710   673   729 0.79 -
tig00000037:93821-94819     -            333 17712at4891          -            341   3.4e-25   86.0   5.7   1   4   9.5e-07   3.7e-05   20.1   0.0   112   152     9    57     3    61 0.70 -
tig00000037:93821-94819     -            333 17712at4891          -            341   3.4e-25   86.0   5.7   2   4   7.5e-06   0.00029   17.2   0.1    23    87    66   127    56   139 0.89 -
tig00000037:93821-94819     -            333 17712at4891          -            341   3.4e-25   86.0   5.7   3   4   2.6e-12     1e-10   38.4   0.1    24   139   190   294   185   299 0.89 -
tig00000037:93821-94819     -            333 17712at4891          -            341   3.4e-25   86.0   5.7   4   4   4.7e-08   1.8e-06   24.4   0.2    46   134   253   331   251   333 0.88 -
tig00000001:983271-984236   -            322 17712at4891          -            341     3e-24   82.9  14.4   1   4   1.6e-18   6.3e-17   58.8   1.7    15   165    12   173     7   174 0.87 -
tig00000001:983271-984236   -            322 17712at4891          -            341     3e-24   82.9  14.4   2   4   8.1e-08   3.2e-06   23.6   2.2    32   134   171   273   170   281 0.80 -
tig00000001:983271-984236   -            322 17712at4891          -            341     3e-24   82.9  14.4   3   4      0.26        10    2.3   0.1    68    93   259   284   246   300 0.65 -
tig00000001:983271-984236   -            322 17712at4891          -            341     3e-24   82.9  14.4   4   4    0.0056      0.22    7.7   0.1    58    83   295   322   288   322 0.77 -
tig00000078:494342-496789   -            816 17712at4891          -            341   1.1e-21   74.5  12.8   1   8     0.066       2.6    4.2   0.0   100   138    55    92    16    99 0.68 -
tig00000078:494342-496789   -            816 17712at4891          -            341   1.1e-21   74.5  12.8   2   8       2.7     1e+02   -1.1   0.0    64    86   111   133    99   151 0.80 -
tig00000078:494342-496789   -            816 17712at4891          -            341   1.1e-21   74.5  12.8   3   8     0.025      0.97    5.6   0.1    29    88   164   229   146   248 0.68 -
tig00000078:494342-496789   -            816 17712at4891          -            341   1.1e-21   74.5  12.8   4   8      0.39        15    1.7   0.0    25    83   210   271   206   284 0.74 -
tig00000078:494342-496789   -            816 17712at4891          -            341   1.1e-21   74.5  12.8   5   8     0.091       3.6    3.7   0.1    53    89   386   422   383   439 0.86 -
tig00000078:494342-496789   -            816 17712at4891          -            341   1.1e-21   74.5  12.8   6   8   0.00037     0.014   11.6   0.0    26    87   454   523   444   536 0.63 -
tig00000078:494342-496789   -            816 17712at4891          -            341   1.1e-21   74.5  12.8   7   8   1.1e-11   4.3e-10   36.4   0.1    20    85   542   605   531   609 0.90 -
tig00000078:494342-496789   -            816 17712at4891          -            341   1.1e-21   74.5  12.8   8   8   9.9e-05    0.0038   13.5   0.2    46   137   608   698   604   704 0.76 -
tig00000001:195246-198842   -           1199 17712at4891          -            341   6.6e-21   71.9   5.4   1   4   3.1e-12   1.2e-10   38.2   0.2    14   144    53   174    43   179 0.82 -
tig00000001:195246-198842   -           1199 17712at4891          -            341   6.6e-21   71.9   5.4   2   4     6e-05    0.0023   14.2   0.0    51    89   205   243   200   250 0.89 -
tig00000001:195246-198842   -           1199 17712at4891          -            341   6.6e-21   71.9   5.4   3   4   2.3e-08   9.1e-07   25.4   0.1    27    97   225   296   222   300 0.88 -
tig00000001:195246-198842   -           1199 17712at4891          -            341   6.6e-21   71.9   5.4   4   4     0.036       1.4    5.1   0.2   273   337   473   535   413   549 0.62 -
tig00000005:195583-197937   -            785 17712at4891          -            341   9.2e-20   68.2   6.0   1   6   2.1e-07   8.1e-06   22.3   0.1    21   139    24   134    14   138 0.74 -
tig00000005:195583-197937   -            785 17712at4891          -            341   9.2e-20   68.2   6.0   2   6   4.8e-05    0.0019   14.5   0.0    27    97    75   143    74   175 0.85 -
tig00000005:195583-197937   -            785 17712at4891          -            341   9.2e-20   68.2   6.0   3   6      0.24       9.4    2.4   0.1    44    96   191   244   161   313 0.71 -
tig00000005:195583-197937   -            785 17712at4891          -            341   9.2e-20   68.2   6.0   4   6   3.2e-06   0.00012   18.4   0.0   104   135   382   413   345   421 0.72 -
tig00000005:195583-197937   -            785 17712at4891          -            341   9.2e-20   68.2   6.0   5   6   4.1e-06   0.00016   18.0   0.1    48   145   599   693   570   694 0.82 -
tig00000005:195583-197937   -            785 17712at4891          -            341   9.2e-20   68.2   6.0   6   6   5.8e-05    0.0023   14.2   0.1    20   135   664   784   654   785 0.74 -
tig00000014:605092-607482   -            797 17712at4891          -            341   8.5e-19   65.0   1.5   1   2   2.9e-11   1.1e-09   35.0   0.1    50   169   461   594   454   601 0.75 -
tig00000014:605092-607482   -            797 17712at4891          -            341   8.5e-19   65.0   1.5   2   2   8.4e-09   3.3e-07   26.9   0.0    26   139   624   726   612   731 0.85 -
tig00000018:621173-622084   -            304 17712at4891          -            341   1.4e-18   64.2   4.3   1   4    0.0064      0.25    7.6   0.0    26    74     6    52     2    53 0.86 -
tig00000018:621173-622084   -            304 17712at4891          -            341   1.4e-18   64.2   4.3   2   4     3e-08   1.2e-06   25.1   0.1    20    87    41   108    28   124 0.85 -
tig00000018:621173-622084   -            304 17712at4891          -            341   1.4e-18   64.2   4.3   3   4     1e-07   3.9e-06   23.3   0.1    23   136   129   237   109   238 0.80 -
tig00000018:621173-622084   -            304 17712at4891          -            341   1.4e-18   64.2   4.3   4   4   7.4e-08   2.9e-06   23.8   0.3    24    93   221   290   212   297 0.86 -
tig00000037:74530-75222     -            231 17712at4891          -            341   1.5e-18   64.2   0.1   1   3   8.6e-05    0.0034   13.7   0.0   111   147     2    38     1    42 0.84 -
tig00000037:74530-75222     -            231 17712at4891          -            341   1.5e-18   64.2   0.1   2   3   1.2e-13   4.5e-12   42.9   0.1    11   141    39   165    32   169 0.78 -
tig00000037:74530-75222     -            231 17712at4891          -            341   1.5e-18   64.2   0.1   3   3     0.024      0.95    5.6   0.0   135   167   178   210   173   217 0.89 -
tig00000034:379525-382353   -            943 17712at4891          -            341   2.6e-17   60.1  16.8   1   6   6.3e-06   0.00024   17.4   1.1    26    87    94   153    87   200 0.76 -
tig00000034:379525-382353   -            943 17712at4891          -            341   2.6e-17   60.1  16.8   2   6    0.0075      0.29    7.3   0.1    25    46   216   237   208   300 0.73 -
tig00000034:379525-382353   -            943 17712at4891          -            341   2.6e-17   60.1  16.8   3   6       1.6        61   -0.3   0.0    54    87   390   422   382   435 0.70 -
tig00000034:379525-382353   -            943 17712at4891          -            341   2.6e-17   60.1  16.8   4   6    0.0036      0.14    8.4   0.0   275   328   453   506   413   521 0.66 -
tig00000034:379525-382353   -            943 17712at4891          -            341   2.6e-17   60.1  16.8   5   6     0.012      0.48    6.6   0.0   107   136   531   560   512   567 0.84 -
tig00000034:379525-382353   -            943 17712at4891          -            341   2.6e-17   60.1  16.8   6   6   3.8e-08   1.5e-06   24.7   0.8     6   135   567   685   561   693 0.83 -
tig00000010:895817-897205   -            463 17712at4891          -            341     3e-17   59.9   0.7   1   3     0.016      0.64    6.2   0.0   266   320   187   243   144   251 0.71 -
tig00000010:895817-897205   -            463 17712at4891          -            341     3e-17   59.9   0.7   2   3   2.4e-06   9.5e-05   18.8   0.0    44   138   253   337   239   346 0.84 -
tig00000010:895817-897205   -            463 17712at4891          -            341     3e-17   59.9   0.7   3   3   2.5e-10   9.7e-09   31.9   0.3    11   133   347   462   338   463 0.82 -
tig00000034:113188-114642   -            485 17712at4891          -            341   1.1e-16   58.0   6.7   1   3    0.0012     0.048    9.9   0.1    24    99    81   165    64   175 0.65 -
tig00000034:113188-114642   -            485 17712at4891          -            341   1.1e-16   58.0   6.7   2   3   5.4e-12   2.1e-10   37.4   0.9    21   177   189   340   180   353 0.81 -
tig00000034:113188-114642   -            485 17712at4891          -            341   1.1e-16   58.0   6.7   3   3   0.00012    0.0048   13.2   0.1    53   100   346   393   343   414 0.78 -
tig00000018:41834-43183     -            450 17712at4891          -            341     9e-16   55.0   2.9   1   3   7.6e-11     3e-09   33.6   2.0    36   151   103   206    90   210 0.86 -
tig00000018:41834-43183     -            450 17712at4891          -            341     9e-16   55.0   2.9   2   3   4.7e-05    0.0018   14.6   0.0    26   166   219   359   207   361 0.75 -
tig00000018:41834-43183     -            450 17712at4891          -            341     9e-16   55.0   2.9   3   3     0.006      0.23    7.6   0.0    53    89   333   369   325   384 0.84 -
tig00000014:571412-572308   -            299 17712at4891          -            341   3.6e-15   53.0   0.4   1   2   8.6e-05    0.0033   13.7   0.0   269   324    14    69     6    76 0.68 -
tig00000014:571412-572308   -            299 17712at4891          -            341   3.6e-15   53.0   0.4   2   2     7e-12   2.7e-10   37.0   0.1    14   136    81   203    72   225 0.86 -
tig00000012:566644-568977   -            778 17712at4891          -            341   3.5e-14   49.8   0.0   1   3   2.2e-06   8.6e-05   18.9   0.0    53   121   406   470   399   489 0.78 -
tig00000012:566644-568977   -            778 17712at4891          -            341   3.5e-14   49.8   0.0   2   3       4.1   1.6e+02   -1.7   0.0   108   129   566   587   542   614 0.59 -
tig00000012:566644-568977   -            778 17712at4891          -            341   3.5e-14   49.8   0.0   3   3   5.6e-09   2.2e-07   27.5   0.0    32   134   672   776   659   778 0.79 -
tig00000005:792126-793166   -            347 17712at4891          -            341   5.4e-14   49.2   0.6   1   4   1.3e-05    0.0005   16.4   0.1    24   135    22   138     8   145 0.74 -
tig00000005:792126-793166   -            347 17712at4891          -            341   5.4e-14   49.2   0.6   2   4      0.52        20    1.3   0.0    48    86   101   141    92   176 0.80 -
tig00000005:792126-793166   -            347 17712at4891          -            341   5.4e-14   49.2   0.6   3   4     0.028       1.1    5.4   0.0   107   138   212   247   183   253 0.81 -
tig00000005:792126-793166   -            347 17712at4891          -            341   5.4e-14   49.2   0.6   4   4   1.2e-07   4.7e-06   23.1   0.1    44    87   293   336   286   344 0.89 -
tig00000012:377902-378939   -            346 17712at4891          -            341   1.2e-13   48.0   0.3   1   3   6.1e-05    0.0024   14.2   0.0    50   137     5    82     3    91 0.86 -
tig00000012:377902-378939   -            346 17712at4891          -            341   1.2e-13   48.0   0.3   2   3   4.2e-06   0.00017   18.0   0.1   203   332    97   233    91   241 0.75 -
tig00000012:377902-378939   -            346 17712at4891          -            341   1.2e-13   48.0   0.3   3   3    0.0003     0.012   11.9   0.0    51   104   289   342   283   346 0.76 -
tig00000010:275560-276894   -            445 17712at4891          -            341   3.8e-13   46.4   0.7   1   5     0.024      0.92    5.7   0.0   138   179   129   171   124   192 0.82 -
tig00000010:275560-276894   -            445 17712at4891          -            341   3.8e-13   46.4   0.7   2   5    0.0003     0.012   11.9   0.0    26    88   149   209   143   215 0.87 -
tig00000010:275560-276894   -            445 17712at4891          -            341   3.8e-13   46.4   0.7   3   5   1.4e-05   0.00053   16.3   0.0    24    87   189   250   180   259 0.88 -
tig00000010:275560-276894   -            445 17712at4891          -            341   3.8e-13   46.4   0.7   4   5    0.0017     0.068    9.4   0.0    21    77   270   324   253   343 0.81 -
tig00000010:275560-276894   -            445 17712at4891          -            341   3.8e-13   46.4   0.7   5   5   0.00071     0.028   10.7   0.0    54   153   343   439   323   441 0.67 -
tig00000012:489214-491058   -            615 17712at4891          -            341   6.1e-13   45.7   3.1   1   5    0.0061      0.24    7.6   0.0    56   124    65   133    37   145 0.73 -
tig00000012:489214-491058   -            615 17712at4891          -            341   6.1e-13   45.7   3.1   2   5   7.9e-05    0.0031   13.8   0.0    48   145   153   245   144   254 0.79 -
tig00000012:489214-491058   -            615 17712at4891          -            341   6.1e-13   45.7   3.1   3   5    0.0055      0.22    7.8   0.2    23    62   264   306   244   331 0.69 -
tig00000012:489214-491058   -            615 17712at4891          -            341   6.1e-13   45.7   3.1   4   5     0.067       2.6    4.2   0.1    46   116   330   392   311   402 0.77 -
tig00000012:489214-491058   -            615 17712at4891          -            341   6.1e-13   45.7   3.1   5   5    0.0052       0.2    7.8   0.1    62   167   495   608   451   614 0.60 -
tig00000083:182049-182867   -            273 17712at4891          -            341   1.6e-12   44.4   2.6   1   4     0.062       2.4    4.3   0.0    56    83    27    52     1    63 0.54 -
tig00000083:182049-182867   -            273 17712at4891          -            341   1.6e-12   44.4   2.6   2   4   1.8e-05   0.00072   15.9   0.2    23    86    36    95    21    98 0.80 -
tig00000083:182049-182867   -            273 17712at4891          -            341   1.6e-12   44.4   2.6   3   4   5.5e-10   2.1e-08   30.8   0.1    14    88    66   138    57   161 0.82 -
tig00000083:182049-182867   -            273 17712at4891          -            341   1.6e-12   44.4   2.6   4   4    0.0055      0.21    7.8   0.0    24    86   207   265   201   273 0.75 -
tig00000005:814912-815754   -            281 17712at4891          -            341   1.6e-11   41.1   1.6   1   3     0.017      0.67    6.1   0.1   107   138    22    53     4    62 0.80 -
tig00000005:814912-815754   -            281 17712at4891          -            341   1.6e-11   41.1   1.6   2   3   5.2e-07     2e-05   21.0   0.1    27   124    79   165    66   182 0.76 -
tig00000005:814912-815754   -            281 17712at4891          -            341   1.6e-11   41.1   1.6   3   3   0.00037     0.015   11.6   0.0     7    84   197   275   192   280 0.86 -
tig00000001:107892-111701   -           1270 17712at4891          -            341   2.1e-11   40.7   3.9   1   3      0.17       6.8    2.8   0.1   105   137    60    92    28    97 0.54 -
tig00000001:107892-111701   -           1270 17712at4891          -            341   2.1e-11   40.7   3.9   2   3   5.8e-09   2.2e-07   27.4   0.2    43   139    96   193    92   200 0.77 -
tig00000001:107892-111701   -           1270 17712at4891          -            341   2.1e-11   40.7   3.9   3   3   0.00018    0.0069   12.7   0.2    24   140   174   291   170   356 0.69 -
tig00000012:401735-403267   -            511 17712at4891          -            341     3e-11   40.2   2.2   1   3       1.1        42    0.2   0.0    71   133   230   299   212   311 0.48 -
tig00000012:401735-403267   -            511 17712at4891          -            341     3e-11   40.2   2.2   2   3   1.1e-11   4.4e-10   36.3   1.8    24   144   335   455   319   465 0.81 -
tig00000012:401735-403267   -            511 17712at4891          -            341     3e-11   40.2   2.2   3   3   0.00023    0.0089   12.3   0.1    45   105   407   467   399   503 0.66 -
tig00000007:404187-405866   -            560 17712at4891          -            341   4.4e-11   39.6   0.2   1   1   1.8e-12   7.2e-11   38.9   0.2   132   325    21   218     6   228 0.74 -
tig00000014:599591-600409   -            273 17712at4891          -            341   6.5e-11   39.1   4.8   1   3     0.028       1.1    5.4   0.4    96   143    46    93     1    99 0.77 -
tig00000014:599591-600409   -            273 17712at4891          -            341   6.5e-11   39.1   4.8   2   3     0.094       3.7    3.7   0.0    72   138    74   139    70   146 0.64 -
tig00000014:599591-600409   -            273 17712at4891          -            341   6.5e-11   39.1   4.8   3   3   6.7e-11   2.6e-09   33.8   0.2    32   170   129   269   119   272 0.75 -
tig00000014:436668-438272   -            535 17712at4891          -            341   8.6e-11   38.7   7.2   1   5       1.8        71   -0.5   0.1   101   137   151   188   111   197 0.55 -
tig00000014:436668-438272   -            535 17712at4891          -            341   8.6e-11   38.7   7.2   2   5     0.043       1.7    4.8   0.0   105   135   218   248   207   256 0.83 -
tig00000014:436668-438272   -            535 17712at4891          -            341   8.6e-11   38.7   7.2   3   5     0.011      0.41    6.8   0.1    47    86   253   292   244   350 0.52 -
tig00000014:436668-438272   -            535 17712at4891          -            341   8.6e-11   38.7   7.2   4   5     6e-08   2.4e-06   24.1   0.0    50   138   354   431   341   444 0.82 -
tig00000014:436668-438272   -            535 17712at4891          -            341   8.6e-11   38.7   7.2   5   5   0.00083     0.032   10.5   0.1    11   124   400   523   393   533 0.69 -
tig00000022:404776-405999   -            408 17712at4891          -            341   1.8e-10   37.6   4.7   1   5     0.042       1.6    4.9   0.0   119   140    56    77    43   107 0.67 -
tig00000022:404776-405999   -            408 17712at4891          -            341   1.8e-10   37.6   4.7   2   5   3.1e-07   1.2e-05   21.7   0.4    25    86   115   174   108   189 0.90 -
tig00000022:404776-405999   -            408 17712at4891          -            341   1.8e-10   37.6   4.7   3   5         1        39    0.3   0.0   268   287   203   222   199   238 0.86 -
tig00000022:404776-405999   -            408 17712at4891          -            341   1.8e-10   37.6   4.7   4   5       1.7        67   -0.4   0.0    64   103   243   282   238   290 0.61 -
tig00000022:404776-405999   -            408 17712at4891          -            341   1.8e-10   37.6   4.7   5   5    0.0092      0.36    7.0   0.1    51    87   290   328   280   339 0.68 -
tig00000010:92017-92973     -            319 17712at4891          -            341   2.2e-09   34.0   0.7   1   4      0.29        11    2.1   0.1   109   327    42    73    30    80 0.50 -
tig00000010:92017-92973     -            319 17712at4891          -            341   2.2e-09   34.0   0.7   2   4    0.0015     0.058    9.6   0.1    32    86    62   116    54   125 0.72 -
tig00000010:92017-92973     -            319 17712at4891          -            341   2.2e-09   34.0   0.7   3   4   1.6e-05   0.00062   16.1   0.0    48    88   184   225   160   241 0.78 -
tig00000010:92017-92973     -            319 17712at4891          -            341   2.2e-09   34.0   0.7   4   4      0.12       4.7    3.3   0.0    89   118   272   301   265   310 0.79 -
tig00000005:613155-613865   -            237 17712at4891          -            341   2.3e-09   33.9   1.9   1   3      0.12       4.7    3.3   0.0   112   140     2    30     1    66 0.72 -
tig00000005:613155-613865   -            237 17712at4891          -            341   2.3e-09   33.9   1.9   2   3   1.7e-08   6.5e-07   25.9   0.4    68   185    50   165    30   180 0.63 -
tig00000005:613155-613865   -            237 17712at4891          -            341   2.3e-09   33.9   1.9   3   3      0.49        19    1.4   0.0   276   312   192   227   188   236 0.75 -
tig00000007:738298-739563   -            422 17712at4891          -            341   3.7e-09   33.3   1.5   1   4   0.00037     0.015   11.6   0.0   284   319    82   116    47   130 0.74 -
tig00000007:738298-739563   -            422 17712at4891          -            341   3.7e-09   33.3   1.5   2   4   2.5e-05   0.00097   15.5   0.1    51   141    88   168    69   228 0.74 -
tig00000007:738298-739563   -            422 17712at4891          -            341   3.7e-09   33.3   1.5   3   4    0.0017     0.066    9.4   0.0    63   135   236   298   189   305 0.53 -
tig00000007:738298-739563   -            422 17712at4891          -            341   3.7e-09   33.3   1.5   4   4       0.2       7.6    2.7   0.0    15    83   350   419   340   421 0.61 -
tig00000001:1183590-1184819 -            410 17712at4891          -            341   4.2e-09   33.1   0.2   1   2   6.1e-07   2.4e-05   20.8   0.0    26    91   133   197   127   225 0.86 -
tig00000001:1183590-1184819 -            410 17712at4891          -            341   4.2e-09   33.1   0.2   2   2     0.003      0.12    8.6   0.0    51   137   244   321   233   331 0.62 -
tig00000023:374822-375916   -            365 17712at4891          -            341   6.7e-09   32.4   0.3   1   3    0.0086      0.34    7.1   0.0   104   137    33    67    17    76 0.77 -
tig00000023:374822-375916   -            365 17712at4891          -            341   6.7e-09   32.4   0.3   2   3   4.5e-07   1.8e-05   21.2   0.2    26   185    52   209    43   222 0.75 -
tig00000023:374822-375916   -            365 17712at4891          -            341   6.7e-09   32.4   0.3   3   3    0.0074      0.29    7.3   0.0    16    87   271   301   266   331 0.54 -
tig00000023:290906-291760   -            285 17712at4891          -            341   8.2e-09   32.1   0.2   1   3    0.0015      0.06    9.6   0.0    68   136    17    77     1    92 0.47 -
tig00000023:290906-291760   -            285 17712at4891          -            341   8.2e-09   32.1   0.2   2   3   0.00015    0.0059   12.9   0.0    47   138   105   184    95   192 0.68 -
tig00000023:290906-291760   -            285 17712at4891          -            341   8.2e-09   32.1   0.2   3   3     0.018       0.7    6.1   0.0    63   103   223   261   203   283 0.70 -
tig00000005:959007-960584   -            526 17712at4891          -            341   9.9e-09   31.9   4.7   1   4   1.6e-05   0.00062   16.1   0.0    58   140    28   119    22   144 0.68 -
tig00000005:959007-960584   -            526 17712at4891          -            341   9.9e-09   31.9   4.7   2   4      0.24       9.3    2.4   0.1    53   119   182   245   178   268 0.67 -
tig00000005:959007-960584   -            526 17712at4891          -            341   9.9e-09   31.9   4.7   3   4   0.00097     0.038   10.2   0.3    52   135   289   377   267   392 0.69 -
tig00000005:959007-960584   -            526 17712at4891          -            341   9.9e-09   31.9   4.7   4   4      0.39        15    1.7   0.0   106   130   496   520   475   525 0.78 -
tig00000007:62181-66089     -           1303 17712at4891          -            341   1.1e-08   31.7   0.2   1   4       2.3        89   -0.8   0.0   236   287   160   211   150   214 0.73 -
tig00000007:62181-66089     -           1303 17712at4891          -            341   1.1e-08   31.7   0.2   2   4   1.1e-06   4.2e-05   20.0   0.4    47   118   215   283   186   290 0.78 -
tig00000007:62181-66089     -           1303 17712at4891          -            341   1.1e-08   31.7   0.2   3   4    0.0083      0.32    7.2   0.0    46    87   325   366   319   377 0.87 -
tig00000007:62181-66089     -           1303 17712at4891          -            341   1.1e-08   31.7   0.2   4   4       6.6   2.6e+02   -2.4   0.0    57   112  1186  1242  1171  1247 0.69 -
tig00000022:516138-517016   -            293 17712at4891          -            341   1.4e-08   31.4   0.9   1   3   0.00072     0.028   10.7   0.0    50   103     9    59     6   112 0.64 -
tig00000022:516138-517016   -            293 17712at4891          -            341   1.4e-08   31.4   0.9   2   3   0.00013    0.0052   13.1   0.1    25    85   153   209   144   212 0.52 -
tig00000022:516138-517016   -            293 17712at4891          -            341   1.4e-08   31.4   0.9   3   3   6.7e-05    0.0026   14.0   0.0    15    80   182   243   178   254 0.65 -
tig00000007:828201-829577   -            459 17712at4891          -            341   2.4e-08   30.6   6.2   1   4   5.4e-05    0.0021   14.4   0.3    25   103   117   191   108   199 0.73 -
tig00000007:828201-829577   -            459 17712at4891          -            341   2.4e-08   30.6   6.2   2   4      0.36        14    1.8   0.0    14    54   208   250   197   274 0.71 -
tig00000007:828201-829577   -            459 17712at4891          -            341   2.4e-08   30.6   6.2   3   4   5.4e-05    0.0021   14.4   0.1    48   174   280   408   268   430 0.76 -
tig00000007:828201-829577   -            459 17712at4891          -            341   2.4e-08   30.6   6.2   4   4   0.00066     0.026   10.8   0.1    66   133   387   451   369   454 0.74 -
tig00000083:66763-68055     -            431 17712at4891          -            341   3.3e-08   30.2   0.0   1   2     1e-08   3.9e-07   26.6   0.0     9   140    60   188    53   236 0.77 -
tig00000083:66763-68055     -            431 17712at4891          -            341   3.3e-08   30.2   0.0   2   2      0.67        26    0.9   0.0    70   138   274   342   268   350 0.64 -
tig00000038:154278-154922   -            215 17712at4891          -            341   4.5e-08   29.7   0.2   1   2   6.7e-08   2.6e-06   23.9   0.1    17   136     9   118     3   127 0.80 -
tig00000038:154278-154922   -            215 17712at4891          -            341   4.5e-08   29.7   0.2   2   2     0.076       2.9    4.0   0.0    54    87   153   184   137   215 0.62 -
tig00000018:171370-172173   -            268 17712at4891          -            341   5.7e-08   29.4   0.3   1   2     0.038       1.5    5.0   0.1    61   124     4    65     1    81 0.70 -
tig00000018:171370-172173   -            268 17712at4891          -            341   5.7e-08   29.4   0.3   2   2   4.2e-07   1.6e-05   21.3   0.0    55   186    95   232    80   245 0.79 -
tig00000078:139174-141975   -            934 17712at4891          -            341   1.1e-07   28.5   0.2   1   7      0.04       1.6    4.9   0.0    56    92   109   144    75   189 0.75 -
tig00000078:139174-141975   -            934 17712at4891          -            341   1.1e-07   28.5   0.2   2   7       3.5   1.4e+02   -1.4   0.0   267   311   215   259   165   287 0.67 -
tig00000078:139174-141975   -            934 17712at4891          -            341   1.1e-07   28.5   0.2   3   7      0.84        33    0.6   0.0   276   314   268   308   250   320 0.62 -
tig00000078:139174-141975   -            934 17712at4891          -            341   1.1e-07   28.5   0.2   4   7      0.52        20    1.3   0.0    23    87   302   378   294   396 0.57 -
tig00000078:139174-141975   -            934 17712at4891          -            341   1.1e-07   28.5   0.2   5   7      0.03       1.2    5.3   0.0   110   174   458   529   411   551 0.62 -
tig00000078:139174-141975   -            934 17712at4891          -            341   1.1e-07   28.5   0.2   6   7     0.051         2    4.6   0.0   107   136   580   609   536   625 0.73 -
tig00000078:139174-141975   -            934 17712at4891          -            341   1.1e-07   28.5   0.2   7   7      0.14       5.6    3.1   0.0    60    94   626   660   620   672 0.74 -
tig00000005:853848-855902   -            685 17712at4891          -            341   1.1e-07   28.4   0.0   1   3   0.00053     0.021   11.1   0.0    26    86    13    74     3    77 0.83 -
tig00000005:853848-855902   -            685 17712at4891          -            341   1.1e-07   28.4   0.0   2   3   6.8e-08   2.7e-06   23.9   0.0    23    90    55   120    49   130 0.87 -
tig00000005:853848-855902   -            685 17712at4891          -            341   1.1e-07   28.4   0.0   3   3       9.1   3.5e+02   -2.8   0.0   299   315   329   345   326   347 0.80 -
tig00000061:551101-551736   -            212 17712at4891          -            341   1.3e-07   28.2   0.4   1   3       1.1        43    0.2   0.0    22    40    10    29     1    51 0.57 -
tig00000061:551101-551736   -            212 17712at4891          -            341   1.3e-07   28.2   0.4   2   3   4.1e-08   1.6e-06   24.6   0.1    21    93    74   142    64   146 0.90 -
tig00000061:551101-551736   -            212 17712at4891          -            341   1.3e-07   28.2   0.4   3   3       2.2        87   -0.8   0.0   268   293   160   185   142   201 0.68 -
tig00000012:487139-488677   -            513 17712at4891          -            341   1.3e-07   28.1   0.1   1   3      0.28        11    2.2   0.0   268   321    55   107    30   112 0.74 -
tig00000012:487139-488677   -            513 17712at4891          -            341   1.3e-07   28.1   0.1   2   3   8.1e-06   0.00032   17.1   0.0    17   138    84   200    79   206 0.73 -
tig00000012:487139-488677   -            513 17712at4891          -            341   1.3e-07   28.1   0.1   3   3    0.0095      0.37    7.0   0.0    13    93   211   295   201   300 0.62 -
tig00000037:294440-296608   -            723 17712at4891          -            341   1.4e-07   28.1   1.9   1   4    0.0014     0.056    9.7   0.0    50   138   298   381   288   386 0.81 -
tig00000037:294440-296608   -            723 17712at4891          -            341   1.4e-07   28.1   1.9   2   4       5.7   2.2e+02   -2.2   0.0   108   153   522   567   506   575 0.71 -
tig00000037:294440-296608   -            723 17712at4891          -            341   1.4e-07   28.1   1.9   3   4     0.062       2.4    4.3   0.1    31    86   614   669   603   688 0.76 -
tig00000037:294440-296608   -            723 17712at4891          -            341   1.4e-07   28.1   1.9   4   4   0.00059     0.023   10.9   0.0    56    85   692   722   680   723 0.83 -
tig00000039:157839-159113   -            425 17712at4891          -            341   2.1e-07   27.5   0.1   1   2   1.3e-06     5e-05   19.7   0.0   275   317    49    94    30   111 0.86 -
tig00000039:157839-159113   -            425 17712at4891          -            341   2.1e-07   27.5   0.1   2   2      0.05         2    4.6   0.1   106   145   213   252   154   256 0.88 -
tig00000022:39397-41541     -            715 17712at4891          -            341   2.9e-07   27.0   7.4   1   3    0.0087      0.34    7.1   0.1    49    87     7    44     3    67 0.86 -
tig00000022:39397-41541     -            715 17712at4891          -            341   2.9e-07   27.0   7.4   2   3    0.0046      0.18    8.0   1.4    16    93   101   175    96   189 0.75 -
tig00000022:39397-41541     -            715 17712at4891          -            341   2.9e-07   27.0   7.4   3   3   0.00014    0.0055   13.0   0.1    39   137   206   290   186   297 0.75 -
tig00000005:155637-156980   -            448 17712at4891          -            341   5.1e-07   26.3   0.1   1   2   1.1e-07   4.5e-06   23.2   0.0    49   139   218   301   210   307 0.82 -
tig00000005:155637-156980   -            448 17712at4891          -            341   5.1e-07   26.3   0.1   2   2       1.3        51   -0.0   0.1    75   103   387   415   383   422 0.71 -
tig00000078:89274-91226     -            651 17712at4891          -            341   9.5e-07   25.4   0.2   1   2     0.054       2.1    4.5   0.0    53    93    79   118    72   133 0.72 -
tig00000078:89274-91226     -            651 17712at4891          -            341   9.5e-07   25.4   0.2   2   2   3.9e-06   0.00015   18.1   0.0    18    89   148   216   134   233 0.82 -
tig00000007:380538-381545   -            336 17712at4891          -            341   1.9e-06   24.3   0.3   1   2      0.56        22    1.2   0.0   298   327    13    42     2    56 0.76 -
tig00000007:380538-381545   -            336 17712at4891          -            341   1.9e-06   24.3   0.3   2   2   7.5e-07   2.9e-05   20.5   0.0    57   131   252   325   244   332 0.78 -
tig00000001:720992-722107   -            372 17712at4891          -            341   1.9e-06   24.3   1.4   1   3    0.0029      0.11    8.7   0.0   107   173    60   136    43   153 0.75 -
tig00000001:720992-722107   -            372 17712at4891          -            341   1.9e-06   24.3   1.4   2   3       2.7     1e+02   -1.1   0.0   106   137   173   205   160   213 0.72 -
tig00000001:720992-722107   -            372 17712at4891          -            341   1.9e-06   24.3   1.4   3   3    0.0077       0.3    7.3   0.6    27    42   237   252   225   334 0.60 -
tig00000012:470900-471844   -            315 17712at4891          -            341   2.4e-06   24.1   0.5   1   3     0.055       2.1    4.5   0.0    70   105     1    36     1    48 0.74 -
tig00000012:470900-471844   -            315 17712at4891          -            341   2.4e-06   24.1   0.5   2   3   3.3e-05    0.0013   15.0   0.0   106   169    90   159    85   170 0.77 -
tig00000012:470900-471844   -            315 17712at4891          -            341   2.4e-06   24.1   0.5   3   3      0.94        37    0.4   0.0   121   142   256   277   245   309 0.66 -
tig00000010:208878-211913   -           1012 17712at4891          -            341   3.8e-06   23.4   8.3   1   5      0.13       4.9    3.3   0.0   276   311    28    63    24    85 0.86 -
tig00000010:208878-211913   -           1012 17712at4891          -            341   3.8e-06   23.4   8.3   2   5   1.6e-05   0.00063   16.1   0.3    48   138   172   252   157   262 0.79 -
tig00000010:208878-211913   -           1012 17712at4891          -            341   3.8e-06   23.4   8.3   3   5       0.1         4    3.6   0.1    27   139   681   799   675   810 0.66 -
tig00000010:208878-211913   -           1012 17712at4891          -            341   3.8e-06   23.4   8.3   4   5       0.8        31    0.6   0.0    26    85   782   845   770   851 0.73 -
tig00000010:208878-211913   -           1012 17712at4891          -            341   3.8e-06   23.4   8.3   5   5       1.1        43    0.2   0.0    66   138   897   967   878   971 0.78 -
tig00000012:441659-442144   -            162 17712at4891          -            341   4.3e-06   23.2   0.1   1   1   1.9e-07   7.2e-06   22.5   0.1    51   171    14   137     2   147 0.81 -
tig00000061:445872-447620   -            583 17712at4891          -            341   4.8e-06   23.0   0.0   1   3    0.0016     0.063    9.5   0.0   105   144   235   273   219   344 0.81 -
tig00000061:445872-447620   -            583 17712at4891          -            341   4.8e-06   23.0   0.0   2   3     0.046       1.8    4.7   0.0    67   126   468   523   456   536 0.64 -
tig00000061:445872-447620   -            583 17712at4891          -            341   4.8e-06   23.0   0.0   3   3     0.061       2.4    4.3   0.0    58    86   554   582   552   583 0.91 -
tig00000038:75034-76008     -            325 17712at4891          -            341   6.7e-06   22.6   0.5   1   2      0.44        17    1.5   0.1   238   290    74   124    69   129 0.74 -
tig00000038:75034-76008     -            325 17712at4891          -            341   6.7e-06   22.6   0.5   2   2   2.4e-06   9.3e-05   18.8   0.0    50   138   237   318   213   324 0.82 -
tig00000014:680246-681385   -            380 17712at4891          -            341   6.8e-06   22.5   0.1   1   4    0.0011     0.041   10.1   0.0    14   136    15   129     4   138 0.65 -
tig00000014:680246-681385   -            380 17712at4891          -            341   6.8e-06   22.5   0.1   2   4   7.8e-05     0.003   13.8   0.0    18   150    65   194    58   204 0.77 -
tig00000014:680246-681385   -            380 17712at4891          -            341   6.8e-06   22.5   0.1   3   4     0.017      0.65    6.2   0.0    57    84   151   178   149   247 0.49 -
tig00000014:680246-681385   -            380 17712at4891          -            341   6.8e-06   22.5   0.1   4   4       5.3   2.1e+02   -2.0   0.0    64    83   360   379   344   380 0.75 -
tig00000001:502589-503383   -            265 17712at4891          -            341   1.2e-05   21.8   0.2   1   3    0.0013     0.053    9.8   0.1   256   328     7    79     3    84 0.85 -
tig00000001:502589-503383   -            265 17712at4891          -            341   1.2e-05   21.8   0.2   2   3     0.017      0.68    6.1   0.0    57    97    96   139    85   194 0.44 -
tig00000001:502589-503383   -            265 17712at4891          -            341   1.2e-05   21.8   0.2   3   3     0.075       2.9    4.0   0.0    54    87   165   198   149   220 0.69 -
tig00000018:569634-570797   -            388 17712at4891          -            341   2.2e-05   20.9   0.1   1   2   0.00015     0.006   12.9   0.0    13   128   100   213    92   224 0.78 -
tig00000018:569634-570797   -            388 17712at4891          -            341   2.2e-05   20.9   0.1   2   2     0.031       1.2    5.3   0.0    66    86   303   323   293   351 0.76 -
tig00000022:411540-412517   -            326 17712at4891          -            341   2.7e-05   20.6   0.1   1   4      0.52        20    1.3   0.0   148   172    30    54    12    87 0.65 -
tig00000022:411540-412517   -            326 17712at4891          -            341   2.7e-05   20.6   0.1   2   4    0.0039      0.15    8.3   0.0    37    86    92   141    67   148 0.81 -
tig00000022:411540-412517   -            326 17712at4891          -            341   2.7e-05   20.6   0.1   3   4      0.46        18    1.4   0.0   276   315   175   218   140   228 0.63 -
tig00000022:411540-412517   -            326 17712at4891          -            341   2.7e-05   20.6   0.1   4   4     0.063       2.5    4.3   0.0    62    92   254   284   250   322 0.87 -
tig00000001:175584-177149   -            522 17712at4891          -            341   3.1e-05   20.4   0.0   1   3       1.7        67   -0.5   0.0   303   327   250   274   193   282 0.77 -
tig00000001:175584-177149   -            522 17712at4891          -            341   3.1e-05   20.4   0.0   2   3   2.6e-05     0.001   15.4   0.0    69   142   348   425   321   428 0.78 -
tig00000001:175584-177149   -            522 17712at4891          -            341   3.1e-05   20.4   0.0   3   3      0.74        29    0.8   0.0   110   158   447   500   432   511 0.71 -
tig00000005:1021434-1022621 -            396 17712at4891          -            341   3.2e-05   20.4   0.5   1   3       1.4        56   -0.2   0.1    17    41    19    44    13   141 0.73 -
tig00000005:1021434-1022621 -            396 17712at4891          -            341   3.2e-05   20.4   0.5   2   3     0.065       2.5    4.2   0.0    51    76   229   254   186   271 0.64 -
tig00000005:1021434-1022621 -            396 17712at4891          -            341   3.2e-05   20.4   0.5   3   3    0.0002    0.0077   12.5   0.0    54   103   290   340   270   347 0.78 -
tig00000010:811772-813490   -            573 17712at4891          -            341   0.00025   17.4   0.1   1   2   0.00011    0.0041   13.4   0.0    44   141   225   314   219   369 0.72 -
tig00000010:811772-813490   -            573 17712at4891          -            341   0.00025   17.4   0.1   2   2       0.9        35    0.5   0.0    71    87   414   430   398   441 0.74 -
tig00000005:614650-615420   -            257 17712at4891          -            341   0.00041   16.7   0.1   1   2    0.0063      0.25    7.6   0.0    99   137    65   102    43   112 0.76 -
tig00000005:614650-615420   -            257 17712at4891          -            341   0.00041   16.7   0.1   2   2   0.00067     0.026   10.8   0.1    28   138    89   211    87   218 0.65 -
tig00000034:231171-232961   -            597 17712at4891          -            341   0.00055   16.3   0.0   1   2   0.00059     0.023   10.9   0.0    46    97   294   346   256   363 0.83 -
tig00000034:231171-232961   -            597 17712at4891          -            341   0.00055   16.3   0.0   2   2      0.55        22    1.2   0.0   140   165   556   581   506   591 0.76 -
tig00000023:408941-410395   -            485 17712at4891          -            341    0.0013   15.1   0.1   1   1   7.3e-05    0.0029   13.9   0.1    33    94   334   395   315   441 0.83 -
tig00000022:222403-222963   -            187 17712at4891          -            341    0.0051   13.1   0.0   1   2     0.001      0.04   10.2   0.0   108   170     3    71     1    78 0.73 -
tig00000022:222403-222963   -            187 17712at4891          -            341    0.0051   13.1   0.0   2   2       5.9   2.3e+02   -2.2   0.0    23    41   166   184   158   187 0.60 -
tig00000018:297117-298778   -            554 17712at4891          -            341    0.0063   12.8   0.4   1   2     0.008      0.31    7.2   0.1    52    89   136   172   111   234 0.72 -
tig00000018:297117-298778   -            554 17712at4891          -            341    0.0063   12.8   0.4   2   2      0.15       5.7    3.1   0.0   290   332   339   381   294   389 0.81 -
#
# Program:         hmmsearch
# Version:         3.1b2 (February 2015)
# Pipeline mode:   SEARCH
# Query file:      /home/inf-38-2022/BINP29/longread/2/busco_downloads/lineages/saccharomycetes_odb10/hmms/17712at4891.hmm
# Target file:     /home/inf-38-2022/BINP29/longread/2/Results/04_Busco/canu/run_saccharomycetes_odb10/metaeuk_output/initial_results/asm.contigs.fasta.modified.fas
# Option settings: hmmsearch --domtblout /home/inf-38-2022/BINP29/longread/2/Results/04_Busco/canu/run_saccharomycetes_odb10/hmmer_output/initial_run_results/17712at4891.out --cpu 1 /home/inf-38-2022/BINP29/longread/2/busco_downloads/lineages/saccharomycetes_odb10/hmms/17712at4891.hmm /home/inf-38-2022/BINP29/longread/2/Results/04_Busco/canu/run_saccharomycetes_odb10/metaeuk_output/initial_results/asm.contigs.fasta.modified.fas 
# Current dir:     /home/inf-38-2022/BINP29/longread/2
# Date:            Thu Feb 23 14:06:33 2023
# [ok]
