#                                                                                   --- full sequence --- -------------- this domain -------------   hmm coord   ali coord   env coord
# target name               accession   tlen query name           accession   qlen   E-value  score  bias   #  of  c-Evalue  i-Evalue  score  bias  from    to  from    to  from    to  acc description of target
#       ------------------- ---------- ----- -------------------- ---------- ----- --------- ------ ----- --- --- --------- --------- ------ ----- ----- ----- ----- ----- ----- ----- ---- ---------------------
tig00000014:596611-597741   -            377 17771at4891          -            263  2.9e-138  457.1   8.4   1   3   6.6e-21   4.9e-19   66.3   0.0     5    46    45    86    41   101 0.88 -
tig00000014:596611-597741   -            377 17771at4891          -            263  2.9e-138  457.1   8.4   2   3   3.3e-68   2.4e-66  221.4   1.9    45   176   114   264   104   274 0.90 -
tig00000014:596611-597741   -            377 17771at4891          -            263  2.9e-138  457.1   8.4   3   3   3.3e-52   2.4e-50  168.9   0.1   172   263   283   377   279   377 0.96 -
tig00000023:145899-146789   -            297 17771at4891          -            263   1.3e-48  163.3   1.3   1   1   8.9e-50   6.6e-48  160.9   1.3    10   257     3   292     1   297 0.79 -
tig00000083:101376-102380   -            335 17771at4891          -            263   5.2e-45  151.4   0.1   1   1   1.6e-46   1.2e-44  150.2   0.1    14   257    46   327    35   332 0.80 -
tig00000007:753720-754631   -            304 17771at4891          -            263   2.9e-37  126.0   1.6   1   4     2e-05    0.0015   15.5   0.0    10    44     8    43     1    50 0.79 -
tig00000007:753720-754631   -            304 17771at4891          -            263   2.9e-37  126.0   1.6   2   4   1.1e-10   8.1e-09   32.8   0.1    96   156    15    86    13   109 0.82 -
tig00000007:753720-754631   -            304 17771at4891          -            263   2.9e-37  126.0   1.6   3   4   8.9e-14   6.5e-12   42.9   0.0    85   153   110   177   104   184 0.91 -
tig00000007:753720-754631   -            304 17771at4891          -            263   2.9e-37  126.0   1.6   4   4   6.6e-14   4.8e-12   43.4   0.1    10    88   208   292   201   299 0.78 -
tig00000010:610066-612768   -            901 17771at4891          -            263   6.5e-36  121.6   0.2   1   3   1.2e-23   9.1e-22   75.2   0.1    15   255   533   704   516   711 0.43 -
tig00000010:610066-612768   -            901 17771at4891          -            263   6.5e-36  121.6   0.2   2   3   7.4e-08   5.5e-06   23.5   0.0     5    43   720   758   716   761 0.90 -
tig00000010:610066-612768   -            901 17771at4891          -            263   6.5e-36  121.6   0.2   3   3   9.6e-06   0.00071   16.6   0.0   209   258   761   810   757   814 0.90 -
tig00000022:224777-225742   -            322 17771at4891          -            263   1.6e-34  117.1   1.0   1   2   4.5e-13   3.3e-11   40.6   0.0    95   159    23    93    13   111 0.84 -
tig00000022:224777-225742   -            322 17771at4891          -            263   1.6e-34  117.1   1.0   2   2   1.3e-22   9.6e-21   71.9   0.3    13   166   127   301   116   320 0.77 -
tig00000061:135895-136854   -            320 17771at4891          -            263   4.5e-34  115.6   0.7   1   2   8.9e-23   6.6e-21   72.4   0.4     6   176     2   202     1   209 0.75 -
tig00000061:135895-136854   -            320 17771at4891          -            263   4.5e-34  115.6   0.7   2   2   5.9e-13   4.4e-11   40.2   0.0    11    93   211   300   201   306 0.80 -
tig00000010:307951-308847   -            299 17771at4891          -            263   9.1e-33  111.3   0.8   1   4   2.1e-05    0.0015   15.5   0.0    15    44     3    32     1    44 0.90 -
tig00000010:307951-308847   -            299 17771at4891          -            263   9.1e-33  111.3   0.8   2   4   3.3e-07   2.5e-05   21.4   0.0   212   253    48    89    39    99 0.78 -
tig00000010:307951-308847   -            299 17771at4891          -            263   9.1e-33  111.3   0.8   3   4   2.9e-08   2.1e-06   24.8   0.0    14    72   113   171   105   178 0.68 -
tig00000010:307951-308847   -            299 17771at4891          -            263   9.1e-33  111.3   0.8   4   4   1.6e-14   1.2e-12   45.3   0.0     6    83   198   278   193   291 0.81 -
tig00000010:592476-593453   -            326 17771at4891          -            263   1.7e-31  107.1   1.0   1   2     2e-14   1.5e-12   45.0   0.1    11   105    21   118    12   127 0.81 -
tig00000010:592476-593453   -            326 17771at4891          -            263   1.7e-31  107.1   1.0   2   2   3.8e-18   2.8e-16   57.2   0.1    15   171   125   319   113   326 0.72 -
tig00000083:348338-349252   -            305 17771at4891          -            263   3.1e-31  106.3   2.0   1   2   1.5e-07   1.1e-05   22.5   0.1    17   101     8   102     4   110 0.70 -
tig00000083:348338-349252   -            305 17771at4891          -            263   3.1e-31  106.3   2.0   2   2   1.7e-25   1.2e-23   81.4   0.3    94   257   121   300   114   305 0.83 -
tig00000005:90574-91626     -            351 17771at4891          -            263   1.4e-28   97.6   0.1   1   4   0.00095      0.07   10.1   0.0   180   209     6    35     2    42 0.76 -
tig00000005:90574-91626     -            351 17771at4891          -            263   1.4e-28   97.6   0.1   2   4   3.1e-06   0.00023   18.2   0.0   208   258    87   137    79   142 0.82 -
tig00000005:90574-91626     -            351 17771at4891          -            263   1.4e-28   97.6   0.1   3   4   5.1e-06   0.00037   17.5   0.0    17    94   154   241   141   250 0.73 -
tig00000005:90574-91626     -            351 17771at4891          -            263   1.4e-28   97.6   0.1   4   4   3.8e-14   2.8e-12   44.1   0.1     4    94   247   350   244   351 0.82 -
tig00000012:342003-343094   -            364 17771at4891          -            263   2.7e-28   96.6   2.1   1   4   5.8e-11   4.3e-09   33.7   0.3    17   256    55   130    40   133 0.52 -
tig00000012:342003-343094   -            364 17771at4891          -            263   2.7e-28   96.6   2.1   2   4   4.9e-16   3.6e-14   50.3   0.0   126   258    85   234    85   238 0.80 -
tig00000012:342003-343094   -            364 17771at4891          -            263   2.7e-28   96.6   2.1   3   4   4.8e-05    0.0035   14.3   0.0    20    43   262   284   251   298 0.80 -
tig00000012:342003-343094   -            364 17771at4891          -            263   2.7e-28   96.6   2.1   4   4    0.0013     0.095    9.6   0.0    54    91   317   354   305   359 0.75 -
tig00000007:514201-515181   -            327 17771at4891          -            263   4.9e-28   95.8   2.9   1   3   9.4e-13   6.9e-11   39.6   0.5    13    99    36   131    27   143 0.72 -
tig00000007:514201-515181   -            327 17771at4891          -            263   4.9e-28   95.8   2.9   2   3   6.1e-07   4.5e-05   20.5   0.0   182   258   145   218   139   223 0.81 -
tig00000007:514201-515181   -            327 17771at4891          -            263   4.9e-28   95.8   2.9   3   3   3.3e-11   2.4e-09   34.5   0.0    16    92   243   319   230   325 0.87 -
tig00000018:472505-474121   -            539 17771at4891          -            263   5.1e-28   95.7   3.8   1   3   3.9e-07   2.9e-05   21.1   0.5    12    94   221   326   214   334 0.68 -
tig00000018:472505-474121   -            539 17771at4891          -            263   5.1e-28   95.7   3.8   2   3   4.5e-09   3.3e-07   27.5   0.0     8    97   337   431   330   437 0.83 -
tig00000018:472505-474121   -            539 17771at4891          -            263   5.1e-28   95.7   3.8   3   3   1.5e-12   1.1e-10   38.9   0.0    11    93   447   534   437   538 0.83 -
tig00000022:540007-540813   -            269 17771at4891          -            263   1.1e-27   94.7   0.1   1   3   1.2e-09   9.1e-08   29.3   0.0    17    93     2    81     1    87 0.85 -
tig00000022:540007-540813   -            269 17771at4891          -            263   1.1e-27   94.7   0.1   2   3   2.1e-09   1.5e-07   28.6   0.0     3    91    85   171    83   177 0.90 -
tig00000022:540007-540813   -            269 17771at4891          -            263   1.1e-27   94.7   0.1   3   3   4.9e-11   3.6e-09   33.9   0.0     8    88   179   268   175   269 0.79 -
tig00000061:591537-592427   -            297 17771at4891          -            263   1.8e-27   93.9   0.1   1   3     1e-11   7.4e-10   36.2   0.0    13    94    26   110    16   118 0.85 -
tig00000061:591537-592427   -            297 17771at4891          -            263   1.8e-27   93.9   0.1   2   3   5.2e-08   3.9e-06   24.0   0.0     5    91   115   199   111   204 0.88 -
tig00000061:591537-592427   -            297 17771at4891          -            263   1.8e-27   93.9   0.1   3   3   3.9e-10   2.9e-08   31.0   0.0     7    88   206   296   203   297 0.81 -
tig00000007:570836-571675   -            280 17771at4891          -            263     2e-26   90.5   1.7   1   3   1.6e-11   1.1e-09   35.6   0.1    15    91     4    82     1    93 0.88 -
tig00000007:570836-571675   -            280 17771at4891          -            263     2e-26   90.5   1.7   2   3   9.9e-09   7.3e-07   26.4   0.1   183   261   101   184    85   186 0.86 -
tig00000007:570836-571675   -            280 17771at4891          -            263     2e-26   90.5   1.7   3   3   1.6e-08   1.2e-06   25.7   0.0     4    89   193   275   191   279 0.90 -
tig00000061:168432-169340   -            303 17771at4891          -            263   2.1e-25   87.1   1.3   1   3   4.7e-09   3.4e-07   27.5   0.3    10    93     6    91     3   102 0.81 -
tig00000061:168432-169340   -            303 17771at4891          -            263   2.1e-25   87.1   1.3   2   3   4.4e-13   3.3e-11   40.6   0.0   179   256   109   184    94   188 0.90 -
tig00000061:168432-169340   -            303 17771at4891          -            263   2.1e-25   87.1   1.3   3   3   1.1e-05   0.00082   16.4   0.0     6    92   200   287   196   291 0.88 -
tig00000005:423147-424073   -            309 17771at4891          -            263   2.6e-25   86.8   2.2   1   3   4.5e-09   3.3e-07   27.5   0.0     5    89     4    93     1   100 0.82 -
tig00000005:423147-424073   -            309 17771at4891          -            263   2.6e-25   86.8   2.2   2   3   5.3e-10   3.9e-08   30.5   0.1    16    90   111   186   103   190 0.71 -
tig00000005:423147-424073   -            309 17771at4891          -            263   2.6e-25   86.8   2.2   3   3   2.1e-07   1.6e-05   22.0   0.1    14    90   209   301   191   304 0.50 -
tig00000014:438743-439600   -            286 17771at4891          -            263   3.3e-25   86.5   0.3   1   3   2.8e-10   2.1e-08   31.4   0.1    18    92     1    74     1    89 0.89 -
tig00000014:438743-439600   -            286 17771at4891          -            263   3.3e-25   86.5   0.3   2   3   1.3e-05   0.00094   16.2   0.0    96   149   107   161    98   185 0.80 -
tig00000014:438743-439600   -            286 17771at4891          -            263   3.3e-25   86.5   0.3   3   3   1.6e-11   1.2e-09   35.6   0.0     8    89   196   281   190   285 0.85 -
tig00000014:778503-779330   -            276 17771at4891          -            263   3.5e-25   86.4   0.2   1   2   3.9e-15   2.9e-13   47.4   0.0    98   261     2   183     1   185 0.80 -
tig00000014:778503-779330   -            276 17771at4891          -            263   3.5e-25   86.4   0.2   2   2   6.9e-12   5.1e-10   36.7   0.1    14    88   200   275   188   276 0.85 -
tig00000031:462907-463902   -            332 17771at4891          -            263   4.9e-25   86.0   0.4   1   3   2.7e-07     2e-05   21.7   0.0    17    93    13    96     4   104 0.82 -
tig00000031:462907-463902   -            332 17771at4891          -            263   4.9e-25   86.0   0.4   2   3   1.6e-07   1.2e-05   22.4   0.0    11    89   106   201    99   209 0.70 -
tig00000031:462907-463902   -            332 17771at4891          -            263   4.9e-25   86.0   0.4   3   3   2.6e-11   1.9e-09   34.9   0.0     7    92   234   327   228   330 0.84 -
tig00000001:247358-248257   -            300 17771at4891          -            263   2.9e-24   83.4   0.5   1   3     1e-05   0.00075   16.5   0.0    15    44     6    35     2    68 0.83 -
tig00000001:247358-248257   -            300 17771at4891          -            263   2.9e-24   83.4   0.5   2   3   1.1e-08   7.9e-07   26.3   0.1    22    94   121   192   100   197 0.86 -
tig00000001:247358-248257   -            300 17771at4891          -            263   2.9e-24   83.4   0.5   3   3   3.1e-12   2.3e-10   37.9   0.1    85   171   210   295   192   300 0.78 -
tig00000008:7164-7976       -            271 17771at4891          -            263   1.2e-23   81.4   1.1   1   3   1.5e-11   1.1e-09   35.7   0.1    15    91     4    82     1    93 0.88 -
tig00000008:7164-7976       -            271 17771at4891          -            263   1.2e-23   81.4   1.1   2   3   9.3e-09   6.9e-07   26.5   0.1   183   261   101   184    85   186 0.86 -
tig00000008:7164-7976       -            271 17771at4891          -            263   1.2e-23   81.4   1.1   3   3   1.5e-05    0.0011   15.9   0.0     4    75   193   261   191   271 0.87 -
tig00000014:406810-407661   -            284 17771at4891          -            263   2.5e-23   80.4   0.3   1   2   1.2e-08   8.6e-07   26.1   0.0   180   253    13    89     2    98 0.83 -
tig00000014:406810-407661   -            284 17771at4891          -            263   2.5e-23   80.4   0.3   2   2   4.8e-16   3.5e-14   50.4   0.1    17   160   115   280   101   283 0.74 -
tig00000078:248529-249323   -            265 17771at4891          -            263   4.1e-23   79.7   0.6   1   3   4.1e-10     3e-08   30.9   0.0   185   258     2    73     1    78 0.90 -
tig00000078:248529-249323   -            265 17771at4891          -            263   4.1e-23   79.7   0.6   2   3   1.2e-06   8.8e-05   19.6   0.1    17    93    95   175    84   183 0.78 -
tig00000078:248529-249323   -            265 17771at4891          -            263   4.1e-23   79.7   0.6   3   3   8.8e-09   6.5e-07   26.5   0.0     9    86   185   262   177   265 0.91 -
tig00000018:626123-626935   -            271 17771at4891          -            263     1e-22   78.4   1.1   1   3   2.3e-05    0.0017   15.4   0.3    14    92     5    72     2    76 0.88 -
tig00000018:626123-626935   -            271 17771at4891          -            263     1e-22   78.4   1.1   2   3   7.1e-08   5.3e-06   23.6   0.0     7    93    88   176    82   182 0.73 -
tig00000018:626123-626935   -            271 17771at4891          -            263     1e-22   78.4   1.1   3   3   4.9e-11   3.6e-09   33.9   0.0     5    79   182   255   178   270 0.84 -
tig00000014:164414-165289   -            292 17771at4891          -            263   1.4e-22   77.9   0.2   1   2   9.7e-08   7.2e-06   23.1   0.0   176   253     9    89     2    99 0.85 -
tig00000014:164414-165289   -            292 17771at4891          -            263   1.4e-22   77.9   0.2   2   2   1.6e-16   1.2e-14   52.0   0.1    16   171   114   291   100   292 0.73 -
tig00000012:554481-555293   -            271 17771at4891          -            263   2.6e-21   73.7   0.2   1   2   3.3e-07   2.5e-05   21.4   0.0   204   262    31    89     1    90 0.82 -
tig00000012:554481-555293   -            271 17771at4891          -            263   2.6e-21   73.7   0.2   2   2   1.1e-15   7.9e-14   49.2   0.1    17   155   107   267    89   271 0.61 -
tig00000010:683253-684068   -            272 17771at4891          -            263   3.1e-21   73.5   0.4   1   2   4.6e-12   3.4e-10   37.3   0.1    18   156     1   155     1   171 0.75 -
tig00000010:683253-684068   -            272 17771at4891          -            263   3.1e-21   73.5   0.4   2   2   1.2e-09   8.8e-08   29.4   0.0    10    89   187   270   180   272 0.85 -
tig00000023:259865-260719   -            285 17771at4891          -            263   4.8e-21   72.9   1.4   1   2   1.9e-16   1.4e-14   51.7   0.2    98   260    14   182     3   186 0.83 -
tig00000023:259865-260719   -            285 17771at4891          -            263   4.8e-21   72.9   1.4   2   2   6.4e-07   4.7e-05   20.4   0.1     4    92   193   281   190   284 0.83 -
tig00000001:104336-105235   -            300 17771at4891          -            263     3e-18   63.7   0.0   1   3      0.44        32    1.3   0.0    22    61    20    59     5    89 0.71 -
tig00000001:104336-105235   -            300 17771at4891          -            263     3e-18   63.7   0.0   2   3   5.3e-06   0.00039   17.4   0.0   178   254   119   191   111   198 0.92 -
tig00000001:104336-105235   -            300 17771at4891          -            263     3e-18   63.7   0.0   3   3     3e-13   2.2e-11   41.2   0.0    14    80   212   279   202   289 0.85 -
tig00000038:27920-28807     -            296 17771at4891          -            263   7.3e-18   62.4   2.0   1   3     0.031       2.3    5.1   0.0   183   213     9    39     2    68 0.73 -
tig00000038:27920-28807     -            296 17771at4891          -            263   7.3e-18   62.4   2.0   2   3    0.0064      0.47    7.3   0.0    10    45    92   128    83   149 0.80 -
tig00000038:27920-28807     -            296 17771at4891          -            263   7.3e-18   62.4   2.0   3   3   2.2e-15   1.6e-13   48.2   0.6    46   171   158   294   137   296 0.83 -
tig00000010:800760-801431   -            224 17771at4891          -            263     1e-15   55.4   0.8   1   3     0.022       1.6    5.6   0.1   224   252     2    30     1    42 0.58 -
tig00000010:800760-801431   -            224 17771at4891          -            263     1e-15   55.4   0.8   2   3   5.7e-06   0.00042   17.3   0.0    17    97    67   149    55   162 0.72 -
tig00000010:800760-801431   -            224 17771at4891          -            263     1e-15   55.4   0.8   3   3   5.5e-10   4.1e-08   30.5   0.0    11    74   159   222   150   224 0.91 -
tig00000059:2725-3303       -            193 17771at4891          -            263   3.2e-11   40.7   0.0   1   2   8.4e-05    0.0062   13.5   0.0   214   253     1    40     1    50 0.89 -
tig00000059:2725-3303       -            193 17771at4891          -            263   3.2e-11   40.7   0.0   2   2   2.9e-08   2.1e-06   24.9   0.1    16   104    65   161    49   192 0.63 -
tig00000012:183585-184508   -            308 17771at4891          -            263   2.9e-10   37.5   1.6   1   3     0.018       1.3    5.9   0.0   106   152    28    71    15   109 0.78 -
tig00000012:183585-184508   -            308 17771at4891          -            263   2.9e-10   37.5   1.6   2   3   0.00057     0.042   10.8   0.2   129   153   147   171    87   184 0.61 -
tig00000012:183585-184508   -            308 17771at4891          -            263   2.9e-10   37.5   1.6   3   3   2.5e-09   1.9e-07   28.3   0.5   129   256   147   290   108   297 0.76 -
tig00000001:1380292-1381776 -            495 17771at4891          -            263    0.0033   14.4   0.1   1   1    0.0013     0.093    9.6   0.1    95   147   288   341   217   354 0.73 -
#
# Program:         hmmsearch
# Version:         3.1b2 (February 2015)
# Pipeline mode:   SEARCH
# Query file:      /home/inf-38-2022/BINP29/longread/2/busco_downloads/lineages/saccharomycetes_odb10/hmms/17771at4891.hmm
# Target file:     /home/inf-38-2022/BINP29/longread/2/Results/04_Busco/canu/run_saccharomycetes_odb10/metaeuk_output/initial_results/asm.contigs.fasta.modified.fas
# Option settings: hmmsearch --domtblout /home/inf-38-2022/BINP29/longread/2/Results/04_Busco/canu/run_saccharomycetes_odb10/hmmer_output/initial_run_results/17771at4891.out --cpu 1 /home/inf-38-2022/BINP29/longread/2/busco_downloads/lineages/saccharomycetes_odb10/hmms/17771at4891.hmm /home/inf-38-2022/BINP29/longread/2/Results/04_Busco/canu/run_saccharomycetes_odb10/metaeuk_output/initial_results/asm.contigs.fasta.modified.fas 
# Current dir:     /home/inf-38-2022/BINP29/longread/2
# Date:            Thu Feb 23 14:06:34 2023
# [ok]
