#                                                                                   --- full sequence --- -------------- this domain -------------   hmm coord   ali coord   env coord
# target name               accession   tlen query name           accession   qlen   E-value  score  bias   #  of  c-Evalue  i-Evalue  score  bias  from    to  from    to  from    to  acc description of target
#       ------------------- ---------- ----- -------------------- ---------- ----- --------- ------ ----- --- --- --------- --------- ------ ----- ----- ----- ----- ----- ----- ----- ---- ---------------------
tig00000001:720992-722107   -            372 18416at4891          -            260  1.2e-109  363.4  16.5   1   4     9e-63     4e-61  204.3   0.9     1   128     1   143     1   148 0.93 -
tig00000001:720992-722107   -            372 18416at4891          -            260  1.2e-109  363.4  16.5   2   4   2.6e-23   1.1e-21   75.0   0.1   127   196   174   260   161   273 0.81 -
tig00000001:720992-722107   -            372 18416at4891          -            260  1.2e-109  363.4  16.5   3   4   4.5e-15     2e-13   48.0   0.1   189   229   273   315   268   325 0.88 -
tig00000001:720992-722107   -            372 18416at4891          -            260  1.2e-109  363.4  16.5   4   4   1.4e-13   6.1e-12   43.1   1.7   227   259   339   372   320   372 0.85 -
tig00000037:93821-94819     -            333 18416at4891          -            260   1.2e-23   81.5  13.4   1   5   8.5e-05    0.0037   14.3   0.2   200   256     6    59     1    63 0.61 -
tig00000037:93821-94819     -            333 18416at4891          -            260   1.2e-23   81.5  13.4   2   5   1.8e-07     8e-06   23.1   0.3   172   228    69   125    65   148 0.88 -
tig00000037:93821-94819     -            333 18416at4891          -            260   1.2e-23   81.5  13.4   3   5   1.2e-07   5.4e-06   23.6   0.0   162   233   182   255   172   258 0.86 -
tig00000037:93821-94819     -            333 18416at4891          -            260   1.2e-23   81.5  13.4   4   5     3e-08   1.3e-06   25.6   0.2   178   231   241   295   241   300 0.88 -
tig00000037:93821-94819     -            333 18416at4891          -            260   1.2e-23   81.5  13.4   5   5    0.0016      0.07   10.1   0.1    89   119   302   332   297   333 0.93 -
tig00000034:379525-382353   -            943 18416at4891          -            260   2.6e-20   70.5  11.2   1   6     2e-05   0.00089   16.3   0.0   169   226    91   149    73   154 0.83 -
tig00000034:379525-382353   -            943 18416at4891          -            260   2.6e-20   70.5  11.2   2   6   0.00088     0.039   11.0   0.2    61   120   173   231   150   238 0.80 -
tig00000034:379525-382353   -            943 18416at4891          -            260   2.6e-20   70.5  11.2   3   6       0.9        39    1.1   0.0   198   229   391   421   380   440 0.48 -
tig00000034:379525-382353   -            943 18416at4891          -            260   2.6e-20   70.5  11.2   4   6    0.0027      0.12    9.4   0.0    66   122   446   504   442   512 0.81 -
tig00000034:379525-382353   -            943 18416at4891          -            260   2.6e-20   70.5  11.2   5   6   1.7e-08   7.6e-07   26.4   0.1   159   231   576   648   563   651 0.86 -
tig00000034:379525-382353   -            943 18416at4891          -            260   2.6e-20   70.5  11.2   6   6    0.0071      0.31    8.0   0.1    84   123   650   689   645   694 0.71 -
tig00000018:41834-43183     -            450 18416at4891          -            260   3.6e-20   70.1   2.9   1   4       1.2        55    0.7   0.0   200   228    80   108    57   119 0.70 -
tig00000018:41834-43183     -            450 18416at4891          -            260   3.6e-20   70.1   2.9   2   4   1.4e-07   6.1e-06   23.5   1.7   150   227   116   191    85   207 0.71 -
tig00000018:41834-43183     -            450 18416at4891          -            260   3.6e-20   70.1   2.9   3   4   3.3e-07   1.5e-05   22.2   0.0   158   227   206   276   200   288 0.84 -
tig00000018:41834-43183     -            450 18416at4891          -            260   3.6e-20   70.1   2.9   4   4   1.3e-06   5.7e-05   20.3   0.0    53   122   293   366   279   368 0.85 -
tig00000001:983271-984236   -            322 18416at4891          -            260   1.1e-19   68.4  15.8   1   6   9.3e-11   4.1e-09   33.9   0.1   168   229    20    86    13    96 0.83 -
tig00000001:983271-984236   -            322 18416at4891          -            260   1.1e-19   68.4  15.8   2   6   0.00084     0.037   11.1   0.0   192   228    98   134    90   142 0.84 -
tig00000001:983271-984236   -            322 18416at4891          -            260   1.1e-19   68.4  15.8   3   6     2e-08   8.6e-07   26.2   1.6   190   254   142   204   138   209 0.88 -
tig00000001:983271-984236   -            322 18416at4891          -            260   1.1e-19   68.4  15.8   4   6     0.045         2    5.4   0.2    84   120   187   225   180   230 0.83 -
tig00000001:983271-984236   -            322 18416at4891          -            260   1.1e-19   68.4  15.8   5   6      0.29        13    2.7   0.2   229   256   246   270   210   275 0.50 -
tig00000001:983271-984236   -            322 18416at4891          -            260   1.1e-19   68.4  15.8   6   6       5.8   2.5e+02   -1.5   0.0    55   181   298   318   288   322 0.60 -
tig00000010:275560-276894   -            445 18416at4891          -            260   3.3e-19   66.9   3.1   1   3   6.8e-09     3e-07   27.7   0.2   172   232   149   210   136   224 0.88 -
tig00000010:275560-276894   -            445 18416at4891          -            260   3.3e-19   66.9   3.1   2   3   5.2e-11   2.3e-09   34.7   0.1   171   226   232   288   225   328 0.94 -
tig00000010:275560-276894   -            445 18416at4891          -            260   3.3e-19   66.9   3.1   3   3      0.22       9.7    3.1   0.0    89   122   391   424   329   430 0.68 -
tig00000001:195246-198842   -           1199 18416at4891          -            260   4.5e-19   66.5   3.5   1   2   9.7e-07   4.3e-05   20.7   0.0   165   249    20   100     4   109 0.77 -
tig00000001:195246-198842   -           1199 18416at4891          -            260   4.5e-19   66.5   3.5   2   2   1.5e-13   6.5e-12   43.0   1.7    65   227   110   282   104   293 0.83 -
tig00000037:112469-115222   -            918 18416at4891          -            260   1.9e-18   64.5   7.9   1   4       1.6        71    0.3   0.0    73   126    36    91    21   124 0.73 -
tig00000037:112469-115222   -            918 18416at4891          -            260   1.9e-18   64.5   7.9   2   4    0.0011     0.048   10.7   0.8   195   235   143   183   130   220 0.73 -
tig00000037:112469-115222   -            918 18416at4891          -            260   1.9e-18   64.5   7.9   3   4   1.4e-10     6e-09   33.3   0.1    49   122   345   418   306   427 0.84 -
tig00000037:112469-115222   -            918 18416at4891          -            260   1.9e-18   64.5   7.9   4   4     2e-06   8.8e-05   19.6   0.0   169   226   442   501   425   507 0.85 -
tig00000010:895817-897205   -            463 18416at4891          -            260   2.3e-18   64.1   1.2   1   5       1.6        68    0.3   0.0    55    78   223   246   210   251 0.82 -
tig00000010:895817-897205   -            463 18416at4891          -            260   2.3e-18   64.1   1.2   2   5   4.3e-05    0.0019   15.3   0.0   191   234   257   301   252   308 0.87 -
tig00000010:895817-897205   -            463 18416at4891          -            260   2.3e-18   64.1   1.2   3   5   0.00021    0.0094   13.0   0.0   169   209   318   359   302   363 0.86 -
tig00000010:895817-897205   -            463 18416at4891          -            260   2.3e-18   64.1   1.2   4   5   2.2e-07   9.7e-06   22.8   0.0   172   226   363   422   359   431 0.86 -
tig00000010:895817-897205   -            463 18416at4891          -            260   2.3e-18   64.1   1.2   5   5     0.029       1.3    6.0   0.1    87   118   432   463   425   463 0.90 -
tig00000018:621173-622084   -            304 18416at4891          -            260   7.9e-18   62.4   6.8   1   5      0.83        36    1.2   0.0   212   226     5    19     2    34 0.63 -
tig00000018:621173-622084   -            304 18416at4891          -            260   7.9e-18   62.4   6.8   2   5   1.6e-10   7.1e-09   33.1   0.0    60   124    42   109    28   112 0.87 -
tig00000018:621173-622084   -            304 18416at4891          -            260   7.9e-18   62.4   6.8   3   5   9.8e-07   4.3e-05   20.7   0.0   181   226   100   145    99   163 0.94 -
tig00000018:621173-622084   -            304 18416at4891          -            260   7.9e-18   62.4   6.8   4   5   0.00042     0.019   12.0   1.0   188   232   198   241   169   260 0.73 -
tig00000018:621173-622084   -            304 18416at4891          -            260   7.9e-18   62.4   6.8   5   5     0.019      0.85    6.6   0.1   195   233   248   286   237   292 0.62 -
tig00000078:494342-496789   -            816 18416at4891          -            260   1.8e-17   61.2   7.2   1   4    0.0031      0.14    9.2   0.1    66   128   118   186   109   193 0.74 -
tig00000078:494342-496789   -            816 18416at4891          -            260   1.8e-17   61.2   7.2   2   4       2.8   1.2e+02   -0.5   0.0   157   189   196   228   191   239 0.76 -
tig00000078:494342-496789   -            816 18416at4891          -            260   1.8e-17   61.2   7.2   3   4     5e-07   2.2e-05   21.6   0.4   106   231   403   524   379   537 0.63 -
tig00000078:494342-496789   -            816 18416at4891          -            260   1.8e-17   61.2   7.2   4   4   3.2e-09   1.4e-07   28.8   0.2    51   128   535   613   525   652 0.62 -
tig00000083:182049-182867   -            273 18416at4891          -            260   1.6e-16   58.1   3.3   1   3   0.00025     0.011   12.8   0.0   174   228     1    54     1    62 0.85 -
tig00000083:182049-182867   -            273 18416at4891          -            260   1.6e-16   58.1   3.3   2   3     3e-09   1.3e-07   28.9   0.8   152   226    62   133    53   143 0.86 -
tig00000083:182049-182867   -            273 18416at4891          -            260   1.6e-16   58.1   3.3   3   3     4e-05    0.0018   15.4   0.0   143   226   181   262   161   271 0.77 -
tig00000014:599591-600409   -            273 18416at4891          -            260   3.2e-16   57.2   2.5   1   3   9.8e-06   0.00043   17.4   0.1   109   217     4   126     1   140 0.68 -
tig00000014:599591-600409   -            273 18416at4891          -            260   3.2e-16   57.2   2.5   2   3   2.6e-07   1.1e-05   22.6   0.0   159   217   155   215   142   218 0.89 -
tig00000014:599591-600409   -            273 18416at4891          -            260   3.2e-16   57.2   2.5   3   3   2.7e-06   0.00012   19.2   0.1   170   226   210   269   207   272 0.84 -
tig00000023:290906-291760   -            285 18416at4891          -            260   3.3e-16   57.1   4.5   1   4   6.3e-07   2.8e-05   21.3   0.1   170   227    17    77     7    88 0.80 -
tig00000023:290906-291760   -            285 18416at4891          -            260   3.3e-16   57.1   4.5   2   4    0.0037      0.16    9.0   0.0   194   226   109   139   104   145 0.87 -
tig00000023:290906-291760   -            285 18416at4891          -            260   3.3e-16   57.1   4.5   3   4   7.2e-07   3.2e-05   21.1   0.1    62   131   123   193   119   217 0.61 -
tig00000023:290906-291760   -            285 18416at4891          -            260   3.3e-16   57.1   4.5   4   4   0.00024      0.01   12.8   0.0    62   118   225   280   218   284 0.83 -
tig00000034:113188-114642   -            485 18416at4891          -            260   1.1e-15   55.4   7.0   1   4     0.032       1.4    5.9   0.1    48   121    66   151    58   207 0.73 -
tig00000034:113188-114642   -            485 18416at4891          -            260   1.1e-15   55.4   7.0   2   4   3.1e-06   0.00014   19.0   0.0   150   211   213   274   199   280 0.88 -
tig00000034:113188-114642   -            485 18416at4891          -            260   1.1e-15   55.4   7.0   3   4   5.2e-08   2.3e-06   24.8   0.1   157   229   262   336   259   341 0.90 -
tig00000034:113188-114642   -            485 18416at4891          -            260   1.1e-15   55.4   7.0   4   4    0.0018     0.078   10.0   0.1    89   121   346   378   339   388 0.86 -
tig00000014:605092-607482   -            797 18416at4891          -            260   2.9e-14   50.7   3.4   1   3     7e-08   3.1e-06   24.4   1.5    86   229   461   598   450   602 0.74 -
tig00000014:605092-607482   -            797 18416at4891          -            260   2.9e-14   50.7   3.4   2   3   9.8e-05    0.0043   14.1   0.1   172   226   582   637   579   654 0.89 -
tig00000014:605092-607482   -            797 18416at4891          -            260   2.9e-14   50.7   3.4   3   3   3.8e-05    0.0017   15.5   0.0   172   228   666   724   662   748 0.86 -
tig00000037:74530-75222     -            231 18416at4891          -            260   5.4e-14   49.8   0.1   1   4     7e-09   3.1e-07   27.7   0.0   171   226    12    68     8    71 0.92 -
tig00000037:74530-75222     -            231 18416at4891          -            260   5.4e-14   49.8   0.1   2   4   8.6e-07   3.8e-05   20.8   0.0   172   230    55   113    53   123 0.86 -
tig00000037:74530-75222     -            231 18416at4891          -            260   5.4e-14   49.8   0.1   3   4    0.0044      0.19    8.7   0.0    89   122   129   162   123   168 0.88 -
tig00000037:74530-75222     -            231 18416at4891          -            260   5.4e-14   49.8   0.1   4   4      0.68        30    1.5   0.0    87   121   181   215   174   227 0.70 -
tig00000007:828201-829577   -            459 18416at4891          -            260   5.6e-13   46.5   1.8   1   4   5.1e-06   0.00023   18.3   0.0   171   232   117   177   107   184 0.89 -
tig00000007:828201-829577   -            459 18416at4891          -            260   5.6e-13   46.5   1.8   2   4     0.002     0.088    9.8   0.0   177   233   189   242   178   248 0.82 -
tig00000007:828201-829577   -            459 18416at4891          -            260   5.6e-13   46.5   1.8   3   4      0.75        33    1.4   0.0   187   226   276   316   247   318 0.68 -
tig00000007:828201-829577   -            459 18416at4891          -            260   5.6e-13   46.5   1.8   4   4   0.00018    0.0081   13.2   0.2   148   228   321   406   304   435 0.78 -
tig00000010:92017-92973     -            319 18416at4891          -            260   5.7e-13   46.5   0.0   1   1   2.9e-14   1.3e-12   45.3   0.0    53   226    44   220    34   233 0.79 -
tig00000005:195583-197937   -            785 18416at4891          -            260   1.6e-12   45.0   8.3   1   7   0.00012    0.0055   13.8   0.1   170   226    27    87    12   110 0.61 -
tig00000005:195583-197937   -            785 18416at4891          -            260   1.6e-12   45.0   8.3   2   7      0.38        17    2.4   0.0   169   209   114   154   100   162 0.83 -
tig00000005:195583-197937   -            785 18416at4891          -            260   1.6e-12   45.0   8.3   3   7       1.7        76    0.2   0.0   170   188   219   237   177   248 0.73 -
tig00000005:195583-197937   -            785 18416at4891          -            260   1.6e-12   45.0   8.3   4   7     0.057       2.5    5.0   0.2   194   234   277   317   255   339 0.78 -
tig00000005:195583-197937   -            785 18416at4891          -            260   1.6e-12   45.0   8.3   5   7   0.00063     0.028   11.4   0.5    90   225   280   412   275   418 0.71 -
tig00000005:195583-197937   -            785 18416at4891          -            260   1.6e-12   45.0   8.3   6   7      0.17       7.6    3.5   0.0   171   231   572   639   551   647 0.66 -
tig00000005:195583-197937   -            785 18416at4891          -            260   1.6e-12   45.0   8.3   7   7    0.0054      0.24    8.4   0.1    87   125   649   689   640   717 0.78 -
tig00000005:613155-613865   -            237 18416at4891          -            260   2.2e-12   44.6   1.2   1   3     0.074       3.3    4.7   0.0    64   112    11    58     2    68 0.68 -
tig00000005:613155-613865   -            237 18416at4891          -            260   2.2e-12   44.6   1.2   2   3   7.4e-08   3.3e-06   24.3   0.1   154   226    78   153    71   165 0.80 -
tig00000005:613155-613865   -            237 18416at4891          -            260   2.2e-12   44.6   1.2   3   3   0.00032     0.014   12.4   0.1   155   225   165   237   154   237 0.83 -
tig00000014:211666-214185   -            840 18416at4891          -            260     4e-12   43.7   1.4   1   5     0.081       3.6    4.5   0.0    82   120     6    46     1    58 0.74 -
tig00000014:211666-214185   -            840 18416at4891          -            260     4e-12   43.7   1.4   2   5      0.44        19    2.1   0.0   189   226    70   107    66   122 0.84 -
tig00000014:211666-214185   -            840 18416at4891          -            260     4e-12   43.7   1.4   3   5   0.00068      0.03   11.3   0.1   192   228   131   167   125   172 0.89 -
tig00000014:211666-214185   -            840 18416at4891          -            260     4e-12   43.7   1.4   4   5      0.02      0.88    6.5   0.0    84   130   172   218   168   233 0.74 -
tig00000014:211666-214185   -            840 18416at4891          -            260     4e-12   43.7   1.4   5   5   0.00021    0.0094   13.0   0.0   163   230   319   388   312   392 0.78 -
tig00000001:107892-111701   -           1270 18416at4891          -            260   5.2e-12   43.3   1.1   1   2   1.3e-06   5.5e-05   20.3   0.7    53   188    66   192    57   201 0.77 -
tig00000001:107892-111701   -           1270 18416at4891          -            260   5.2e-12   43.3   1.1   2   2   2.8e-06   0.00012   19.2   0.0    53   148   213   321   207   343 0.62 -
tig00000061:551101-551736   -            212 18416at4891          -            260     7e-12   42.9   0.2   1   3   2.7e-10   1.2e-08   32.3   0.0   104   226    13   132     1   134 0.82 -
tig00000061:551101-551736   -            212 18416at4891          -            260     7e-12   42.9   0.2   2   3   3.4e-05    0.0015   15.6   0.0   166   205   113   152   109   177 0.83 -
tig00000061:551101-551736   -            212 18416at4891          -            260     7e-12   42.9   0.2   3   3       3.1   1.4e+02   -0.6   0.0    61   118   155   212   147   212 0.58 -
tig00000005:792126-793166   -            347 18416at4891          -            260   1.6e-11   41.8   4.2   1   4   1.8e-06     8e-05   19.8   1.1   167   228    20    87     5   103 0.70 -
tig00000005:792126-793166   -            347 18416at4891          -            260   1.6e-11   41.8   4.2   2   4       5.7   2.5e+02   -1.5   0.0    47    79   106   139    94   196 0.69 -
tig00000005:792126-793166   -            347 18416at4891          -            260   1.6e-11   41.8   4.2   3   4      0.46        20    2.1   0.0   185   211   199   225   165   246 0.61 -
tig00000005:792126-793166   -            347 18416at4891          -            260   1.6e-11   41.8   4.2   4   4     7e-06   0.00031   17.9   0.1    84   122   297   335   286   346 0.86 -
tig00000022:516138-517016   -            293 18416at4891          -            260   1.7e-11   41.6   0.0   1   3      0.17       7.5    3.5   0.0   159   187    19    45    12    56 0.69 -
tig00000022:516138-517016   -            293 18416at4891          -            260   1.7e-11   41.6   0.0   2   3   1.1e-05    0.0005   17.2   0.0    83   206    68   189    59   193 0.79 -
tig00000022:516138-517016   -            293 18416at4891          -            260   1.7e-11   41.6   0.0   3   3     6e-06   0.00026   18.1   0.0   166   206   188   228   183   252 0.89 -
tig00000001:1183590-1184819 -            410 18416at4891          -            260   1.8e-11   41.6   0.0   1   3   4.1e-09   1.8e-07   28.5   0.0   169   228   130   191   116   197 0.88 -
tig00000001:1183590-1184819 -            410 18416at4891          -            260   1.8e-11   41.6   0.0   2   3    0.0016     0.072   10.1   0.0    84   121   241   278   215   319 0.70 -
tig00000001:1183590-1184819 -            410 18416at4891          -            260   1.8e-11   41.6   0.0   3   3         9     4e+02   -2.2   0.0   172   216   353   399   348   405 0.63 -
tig00000014:436668-438272   -            535 18416at4891          -            260   2.3e-11   41.2   2.9   1   3   2.5e-06   0.00011   19.3   0.2    48   226   219   387   215   388 0.87 -
tig00000014:436668-438272   -            535 18416at4891          -            260   2.3e-11   41.2   2.9   2   3   4.5e-05     0.002   15.2   0.1    86   132   396   441   390   448 0.88 -
tig00000014:436668-438272   -            535 18416at4891          -            260   2.3e-11   41.2   2.9   3   3       9.6   4.2e+02   -2.2   0.0    48    66   505   522   499   532 0.68 -
tig00000038:154278-154922   -            215 18416at4891          -            260   3.8e-11   40.5   2.8   1   3   1.5e-06   6.4e-05   20.1   0.1   166   226    13    73     2    74 0.87 -
tig00000038:154278-154922   -            215 18416at4891          -            260   3.8e-11   40.5   2.8   2   3   1.8e-07   7.8e-06   23.1   0.1   170   226    58   117    51   126 0.82 -
tig00000038:154278-154922   -            215 18416at4891          -            260   3.8e-11   40.5   2.8   3   3   0.00091      0.04   10.9   0.1   194   250   150   200   145   215 0.61 -
tig00000001:502589-503383   -            265 18416at4891          -            260   1.3e-10   38.7   0.3   1   3    0.0043      0.19    8.7   0.1   161   194     7    41     1    74 0.59 -
tig00000001:502589-503383   -            265 18416at4891          -            260   1.3e-10   38.7   0.3   2   3   1.7e-06   7.6e-05   19.9   0.0   150   189    88   127    69   145 0.86 -
tig00000001:502589-503383   -            265 18416at4891          -            260   1.3e-10   38.7   0.3   3   3     0.013      0.55    7.2   0.0    82   125   157   200   131   211 0.84 -
tig00000014:571412-572308   -            299 18416at4891          -            260   1.8e-10   38.3   1.0   1   4      0.03       1.3    6.0   0.0   181   224    21    66    13    71 0.81 -
tig00000014:571412-572308   -            299 18416at4891          -            260   1.8e-10   38.3   1.0   2   4   2.5e-07   1.1e-05   22.6   0.0    57   127    48   117    41   123 0.87 -
tig00000014:571412-572308   -            299 18416at4891          -            260   1.8e-10   38.3   1.0   3   4    0.0026      0.11    9.4   0.0    86   134   118   167   115   180 0.77 -
tig00000014:571412-572308   -            299 18416at4891          -            260   1.8e-10   38.3   1.0   4   4      0.01      0.46    7.5   0.0    69   121   143   204   134   215 0.58 -
tig00000012:441659-442144   -            162 18416at4891          -            260   1.9e-10   38.2   0.5   1   3       0.9        39    1.1   0.0   194   226    14    47     6    57 0.76 -
tig00000012:441659-442144   -            162 18416at4891          -            260   1.9e-10   38.2   0.5   2   3   0.00037     0.016   12.2   0.0    82   121    57    96    51   103 0.81 -
tig00000012:441659-442144   -            162 18416at4891          -            260   1.9e-10   38.2   0.5   3   3   5.6e-07   2.4e-05   21.5   0.1    87   131   104   148    99   161 0.63 -
tig00000022:39397-41541     -            715 18416at4891          -            260   6.6e-10   36.5   4.1   1   3     0.057       2.5    5.0   0.0   194   229     9    43     3    64 0.55 -
tig00000022:39397-41541     -            715 18416at4891          -            260   6.6e-10   36.5   4.1   2   3   0.00012    0.0054   13.8   0.7   167   228   107   168   100   180 0.83 -
tig00000022:39397-41541     -            715 18416at4891          -            260   6.6e-10   36.5   4.1   3   3   2.5e-05    0.0011   16.1   0.0    61   129   189   257   169   270 0.86 -
tig00000005:814912-815754   -            281 18416at4891          -            260   1.2e-09   35.6   0.5   1   4      0.11         5    4.1   0.1    50   116    23    88     2    95 0.65 -
tig00000005:814912-815754   -            281 18416at4891          -            260   1.2e-09   35.6   0.5   2   4      0.37        16    2.4   0.0    65    99    78   114    68   117 0.71 -
tig00000005:814912-815754   -            281 18416at4891          -            260   1.2e-09   35.6   0.5   3   4   1.8e-07   7.8e-06   23.1   0.0   171   217   120   167   112   182 0.82 -
tig00000005:814912-815754   -            281 18416at4891          -            260   1.2e-09   35.6   0.5   4   4      0.32        14    2.6   0.0   167   219   212   267   189   275 0.77 -
tig00000012:849780-851159   -            460 18416at4891          -            260   1.8e-09   35.0   0.3   1   3      0.13       5.7    3.9   0.0   173   187    31    45     3   110 0.52 -
tig00000012:849780-851159   -            460 18416at4891          -            260   1.8e-09   35.0   0.3   2   3   1.4e-07   6.1e-06   23.4   0.0    51   120   147   216   142   225 0.85 -
tig00000012:849780-851159   -            460 18416at4891          -            260   1.8e-09   35.0   0.3   3   3      0.67        29    1.5   0.0   176   230   349   406   331   412 0.69 -
tig00000007:738298-739563   -            422 18416at4891          -            260   2.1e-09   34.8   3.9   1   3    0.0032      0.14    9.2   0.1    78   227    79   121    36   139 0.60 -
tig00000007:738298-739563   -            422 18416at4891          -            260   2.1e-09   34.8   3.9   2   3   0.00052     0.023   11.7   0.0   168   226   145   208   130   219 0.76 -
tig00000007:738298-739563   -            422 18416at4891          -            260   2.1e-09   34.8   3.9   3   3   0.00091      0.04   10.9   0.2   159   226   352   419   235   422 0.63 -
tig00000012:401735-403267   -            511 18416at4891          -            260   1.1e-08   32.4   1.4   1   2     5e-07   2.2e-05   21.6   0.2   160   225   325   394   281   405 0.81 -
tig00000012:401735-403267   -            511 18416at4891          -            260   1.1e-08   32.4   1.4   2   2    0.0026      0.11    9.4   0.1   148   190   411   451   390   508 0.74 -
tig00000023:374822-375916   -            365 18416at4891          -            260   1.4e-08   32.1   1.8   1   3    0.0027      0.12    9.4   0.3   104   121    50    67    35    72 0.85 -
tig00000023:374822-375916   -            365 18416at4891          -            260   1.4e-08   32.1   1.8   2   3   2.8e-05    0.0013   15.9   0.0    66   140    96   175    92   190 0.51 -
tig00000023:374822-375916   -            365 18416at4891          -            260   1.4e-08   32.1   1.8   3   3      0.69        30    1.5   0.0    97   122   275   300   266   336 0.62 -
tig00000005:853848-855902   -            685 18416at4891          -            260   1.9e-08   31.7   0.1   1   2     2e-06   8.7e-05   19.7   0.0   161   231     2    76     1    80 0.84 -
tig00000005:853848-855902   -            685 18416at4891          -            260   1.9e-08   31.7   0.1   2   2   4.3e-06   0.00019   18.6   0.1   172   228    58   115    53   146 0.87 -
tig00000012:470900-471844   -            315 18416at4891          -            260   5.5e-08   30.2   1.5   1   4       3.2   1.4e+02   -0.7   0.0   173   186     2    15     1    29 0.60 -
tig00000012:470900-471844   -            315 18416at4891          -            260   5.5e-08   30.2   1.5   2   4     4e-08   1.8e-06   25.2   0.1    83   144    83   148    71   157 0.76 -
tig00000012:470900-471844   -            315 18416at4891          -            260   5.5e-08   30.2   1.5   3   4       1.2        52    0.7   0.0   103   229   144   163   130   192 0.60 -
tig00000012:470900-471844   -            315 18416at4891          -            260   5.5e-08   30.2   1.5   4   4      0.85        38    1.2   0.0    65    81   257   273   185   298 0.76 -
tig00000001:690073-693498   -           1142 18416at4891          -            260   1.2e-07   29.0   7.7   1   4   0.00072     0.032   11.3   0.6   171   235    80   150    64   159 0.64 -
tig00000001:690073-693498   -           1142 18416at4891          -            260   1.2e-07   29.0   7.7   2   4   5.6e-06   0.00024   18.2   0.3   159   226   113   182    93   185 0.87 -
tig00000001:690073-693498   -           1142 18416at4891          -            260   1.2e-07   29.0   7.7   3   4   1.5e-06   6.5e-05   20.1   0.5   160   228   158   228   145   250 0.78 -
tig00000001:690073-693498   -           1142 18416at4891          -            260   1.2e-07   29.0   7.7   4   4       8.1   3.6e+02   -2.0   0.0    78   101   284   307   271   340 0.64 -
tig00000012:377902-378939   -            346 18416at4891          -            260   1.2e-07   29.0   0.4   1   3    0.0055      0.24    8.4   0.0   193   228     5    40     1    56 0.89 -
tig00000012:377902-378939   -            346 18416at4891          -            260   1.2e-07   29.0   0.4   2   3    0.0018      0.08   10.0   0.0   161   215    57   110    47   118 0.71 -
tig00000012:377902-378939   -            346 18416at4891          -            260   1.2e-07   29.0   0.4   3   3     0.011      0.47    7.4   0.1   153   222   149   220   120   232 0.77 -
tig00000078:89274-91226     -            651 18416at4891          -            260   2.8e-07   27.8   0.1   1   4    0.0088      0.39    7.7   0.0   153   186    78   111    71   123 0.90 -
tig00000078:89274-91226     -            651 18416at4891          -            260   2.8e-07   27.8   0.1   2   4    0.0099      0.44    7.5   0.0    81   121   130   171   124   180 0.64 -
tig00000078:89274-91226     -            651 18416at4891          -            260   2.8e-07   27.8   0.1   3   4     0.014      0.64    7.0   0.0   165   218   190   245   174   262 0.77 -
tig00000078:89274-91226     -            651 18416at4891          -            260   2.8e-07   27.8   0.1   4   4       2.6   1.1e+02   -0.4   0.0    59    88   285   317   269   340 0.70 -
tig00000005:614650-615420   -            257 18416at4891          -            260   3.4e-07   27.6   0.0   1   2   8.8e-06   0.00039   17.5   0.0   160   227    33   101     5   106 0.88 -
tig00000005:614650-615420   -            257 18416at4891          -            260   3.4e-07   27.6   0.0   2   2    0.0066      0.29    8.1   0.0   102   173   125   197   108   217 0.60 -
tig00000078:139174-141975   -            934 18416at4891          -            260   8.2e-07   26.3   0.2   1   2   0.00022    0.0095   13.0   0.0    48   126   453   532   448   539 0.80 -
tig00000078:139174-141975   -            934 18416at4891          -            260   8.2e-07   26.3   0.2   2   2    0.0025      0.11    9.5   0.1   173   226   554   608   540   617 0.82 -
tig00000012:566644-568977   -            778 18416at4891          -            260   1.1e-06   25.8   0.1   1   4      0.22       9.8    3.1   0.0   194   226   403   436   389   448 0.75 -
tig00000012:566644-568977   -            778 18416at4891          -            260   1.1e-06   25.8   0.1   2   4      0.11       4.9    4.1   0.0   164   227   618   679   606   681 0.80 -
tig00000012:566644-568977   -            778 18416at4891          -            260   1.1e-06   25.8   0.1   3   4     0.012      0.54    7.2   0.0    78   120   681   723   678   732 0.88 -
tig00000012:566644-568977   -            778 18416at4891          -            260   1.1e-06   25.8   0.1   4   4     0.028       1.2    6.1   0.0   188   226   735   777   726   778 0.84 -
tig00000001:175584-177149   -            522 18416at4891          -            260   1.3e-06   25.6   0.0   1   2       6.3   2.8e+02   -1.7   0.0    69   124   159   220   153   223 0.62 -
tig00000001:175584-177149   -            522 18416at4891          -            260   1.3e-06   25.6   0.0   2   2   2.5e-07   1.1e-05   22.6   0.0   153   230   330   422   237   428 0.71 -
tig00000012:487139-488677   -            513 18416at4891          -            260   1.6e-06   25.4   0.2   1   2   4.3e-05    0.0019   15.3   0.0   156   226   124   197    30   203 0.63 -
tig00000012:487139-488677   -            513 18416at4891          -            260   1.6e-06   25.4   0.2   2   2       0.2       8.9    3.2   0.0    72   121   232   287   218   296 0.52 -
tig00000078:530421-532142   -            574 18416at4891          -            260   3.7e-06   24.1   0.8   1   3   2.8e-06   0.00012   19.2   0.2   157   221   287   355   274   375 0.77 -
tig00000078:530421-532142   -            574 18416at4891          -            260   3.7e-06   24.1   0.8   2   3      0.82        36    1.3   0.0   157   194   332   369   318   398 0.80 -
tig00000078:530421-532142   -            574 18416at4891          -            260   3.7e-06   24.1   0.8   3   3       1.2        54    0.7   0.0   148   186   414   453   391   486 0.83 -
tig00000005:1021434-1022621 -            396 18416at4891          -            260   6.9e-06   23.3   0.2   1   3      0.15       6.4    3.7   0.0    88   120    13    43     3    55 0.80 -
tig00000005:1021434-1022621 -            396 18416at4891          -            260   6.9e-06   23.3   0.2   2   3       1.1        49    0.8   0.0   191   219   226   253   185   266 0.64 -
tig00000005:1021434-1022621 -            396 18416at4891          -            260   6.9e-06   23.3   0.2   3   3   6.6e-05    0.0029   14.7   0.1    89   131   289   332   280   349 0.85 -
tig00000022:404776-405999   -            408 18416at4891          -            260   1.4e-05   22.2   2.4   1   2   6.1e-06   0.00027   18.0   1.3    82   226    37   171    33   180 0.79 -
tig00000022:404776-405999   -            408 18416at4891          -            260   1.4e-05   22.2   2.4   2   2         3   1.3e+02   -0.6   0.0   171   187   310   326   289   337 0.63 -
tig00000010:208878-211913   -           1012 18416at4891          -            260   1.7e-05   22.0   0.5   1   4    0.0034      0.15    9.0   0.0   172   226   152   207   148   210 0.86 -
tig00000010:208878-211913   -           1012 18416at4891          -            260   1.7e-05   22.0   0.5   2   4   3.8e-07   1.7e-05   22.0   0.5   171   227   193   250   185   278 0.87 -
tig00000010:208878-211913   -           1012 18416at4891          -            260   1.7e-05   22.0   0.5   3   4       5.2   2.3e+02   -1.4   0.0    66   119   681   738   660   746 0.61 -
tig00000010:208878-211913   -           1012 18416at4891          -            260   1.7e-05   22.0   0.5   4   4       2.9   1.3e+02   -0.5   0.0    50    82   814   847   799   852 0.79 -
tig00000007:62181-66089     -           1303 18416at4891          -            260   3.3e-05   21.0   0.2   1   1   4.3e-06   0.00019   18.6   0.5   126   201   191   268   174   288 0.68 -
tig00000007:822235-822930   -            232 18416at4891          -            260   3.4e-05   21.0   5.8   1   2   4.5e-05     0.002   15.2   3.7    65   223    16   166     4   172 0.60 -
tig00000007:822235-822930   -            232 18416at4891          -            260   3.4e-05   21.0   5.8   2   2      0.81        36    1.3   0.0   105   118   218   231   199   232 0.73 -
tig00000039:157839-159113   -            425 18416at4891          -            260   7.1e-05   19.9   0.3   1   2   0.00012    0.0051   13.9   0.0   176   226    45   100    33   123 0.71 -
tig00000039:157839-159113   -            425 18416at4891          -            260   7.1e-05   19.9   0.3   2   2      0.15       6.6    3.7   0.2    63   120   279   342   250   347 0.64 -
tig00000022:411540-412517   -            326 18416at4891          -            260   8.3e-05   19.7   0.9   1   4      0.49        21    2.0   0.1    87   157    17    97     9   103 0.60 -
tig00000022:411540-412517   -            326 18416at4891          -            260   8.3e-05   19.7   0.9   2   4   7.7e-05    0.0034   14.5   0.1   181   226    92   138    52   147 0.61 -
tig00000022:411540-412517   -            326 18416at4891          -            260   8.3e-05   19.7   0.9   3   4       9.2   4.1e+02   -2.2   0.0    22    50   202   232   188   243 0.77 -
tig00000022:411540-412517   -            326 18416at4891          -            260   8.3e-05   19.7   0.9   4   4       2.8   1.2e+02   -0.5   0.0   207   227   256   276   239   285 0.71 -
tig00000001:1095179-1097434 -            752 18416at4891          -            260   0.00017   18.7   3.6   1   3    0.0035      0.16    9.0   0.3   168   219   225   277   110   290 0.70 -
tig00000001:1095179-1097434 -            752 18416at4891          -            260   0.00017   18.7   3.6   2   3       0.8        35    1.3   0.0    92   125   351   385   303   412 0.66 -
tig00000001:1095179-1097434 -            752 18416at4891          -            260   0.00017   18.7   3.6   3   3      0.91        40    1.1   0.0    56   119   508   571   489   579 0.84 -
tig00000014:706418-707557   -            380 18416at4891          -            260   0.00025   18.2   0.1   1   3      0.25        11    2.9   0.0   162   205    65   108    53   124 0.73 -
tig00000014:706418-707557   -            380 18416at4891          -            260   0.00025   18.2   0.1   2   3       1.7        76    0.2   0.0   152   188   188   226   173   229 0.78 -
tig00000014:706418-707557   -            380 18416at4891          -            260   0.00025   18.2   0.1   3   3    0.0012     0.055   10.5   0.0   139   191   226   278   217   293 0.87 -
tig00000018:171370-172173   -            268 18416at4891          -            260    0.0011   16.0   0.2   1   2      0.26        12    2.9   0.0    40    81    38    79     3   141 0.72 -
tig00000018:171370-172173   -            268 18416at4891          -            260    0.0011   16.0   0.2   2   2   0.00075     0.033   11.2   0.0    47   122   142   219   131   234 0.77 -
tig00000022:222403-222963   -            187 18416at4891          -            260    0.0014   15.7   0.1   1   2   0.00016    0.0071   13.4   0.1   163   226     7    71     1    87 0.53 -
tig00000022:222403-222963   -            187 18416at4891          -            260    0.0014   15.7   0.1   2   2       2.1        94   -0.1   0.0    62    79   165   183   151   186 0.62 -
tig00000010:811772-813490   -            573 18416at4891          -            260     0.004   14.2   0.8   1   4       5.2   2.3e+02   -1.4   0.0    89   121   234   266   223   274 0.62 -
tig00000010:811772-813490   -            573 18416at4891          -            260     0.004   14.2   0.8   2   4      0.06       2.6    5.0   0.1   149   226   273   350   256   360 0.82 -
tig00000010:811772-813490   -            573 18416at4891          -            260     0.004   14.2   0.8   3   4       7.4   3.3e+02   -1.9   0.0   103   123   410   430   381   438 0.75 -
tig00000010:811772-813490   -            573 18416at4891          -            260     0.004   14.2   0.8   4   4     0.045         2    5.4   0.1   104   121   485   502   476   510 0.86 -
tig00000007:404187-405866   -            560 18416at4891          -            260      0.01   12.9   0.0   1   1   0.00051     0.023   11.7   0.0   169   225   156   215   149   225 0.79 -
#
# Program:         hmmsearch
# Version:         3.1b2 (February 2015)
# Pipeline mode:   SEARCH
# Query file:      /home/inf-38-2022/BINP29/longread/2/busco_downloads/lineages/saccharomycetes_odb10/hmms/18416at4891.hmm
# Target file:     /home/inf-38-2022/BINP29/longread/2/Results/04_Busco/canu/run_saccharomycetes_odb10/metaeuk_output/initial_results/asm.contigs.fasta.modified.fas
# Option settings: hmmsearch --domtblout /home/inf-38-2022/BINP29/longread/2/Results/04_Busco/canu/run_saccharomycetes_odb10/hmmer_output/initial_run_results/18416at4891.out --cpu 1 /home/inf-38-2022/BINP29/longread/2/busco_downloads/lineages/saccharomycetes_odb10/hmms/18416at4891.hmm /home/inf-38-2022/BINP29/longread/2/Results/04_Busco/canu/run_saccharomycetes_odb10/metaeuk_output/initial_results/asm.contigs.fasta.modified.fas 
# Current dir:     /home/inf-38-2022/BINP29/longread/2
# Date:            Thu Feb 23 14:06:37 2023
# [ok]
