#                                                                                 --- full sequence --- -------------- this domain -------------   hmm coord   ali coord   env coord
# target name             accession   tlen query name           accession   qlen   E-value  score  bias   #  of  c-Evalue  i-Evalue  score  bias  from    to  from    to  from    to  acc description of target
#     ------------------- ---------- ----- -------------------- ---------- ----- --------- ------ ----- --- --- --------- --------- ------ ----- ----- ----- ----- ----- ----- ----- ---- ---------------------
tig00000031:462907-463902 -            332 18510at4891          -            246  1.3e-117  389.3  11.2   1   2     3e-69   2.4e-67  224.6   0.1     5   133     5   142     1   153 0.92 -
tig00000031:462907-463902 -            332 18510at4891          -            246  1.3e-117  389.3  11.2   2   2   2.7e-47   2.1e-45  152.8   7.5   135   246   176   327   171   327 0.80 -
tig00000010:592476-593453 -            326 18510at4891          -            246   1.9e-46  156.2   1.8   1   3   7.6e-30   5.9e-28   95.6   0.1    13   131    27   155    19   169 0.84 -
tig00000010:592476-593453 -            326 18510at4891          -            246   1.9e-46  156.2   1.8   2   3   4.2e-13   3.3e-11   40.8   0.0    42   126   173   261   154   266 0.78 -
tig00000010:592476-593453 -            326 18510at4891          -            246   1.9e-46  156.2   1.8   3   3   1.7e-09   1.3e-07   29.0   0.4   182   244   236   318   231   320 0.77 -
tig00000007:514201-515181 -            327 18510at4891          -            246   1.9e-25   87.4   1.0   1   4   3.1e-06   0.00024   18.3   0.0    93   147    30    88    25    96 0.81 -
tig00000007:514201-515181 -            327 18510at4891          -            246   1.9e-25   87.4   1.0   2   4   2.5e-05    0.0019   15.3   0.1   133   172    94   133    89   149 0.80 -
tig00000007:514201-515181 -            327 18510at4891          -            246   1.9e-25   87.4   1.0   3   4   3.8e-08   2.9e-06   24.6   0.1    12    91   145   224   135   234 0.81 -
tig00000007:514201-515181 -            327 18510at4891          -            246   1.9e-25   87.4   1.0   4   4   1.3e-08   9.9e-07   26.1   0.0     8    86   239   319   233   324 0.85 -
tig00000005:423147-424073 -            309 18510at4891          -            246   3.4e-25   86.6   1.9   1   3   2.1e-14   1.7e-12   45.0   0.1     9   129    12   138     5   153 0.83 -
tig00000005:423147-424073 -            309 18510at4891          -            246   3.4e-25   86.6   1.9   2   3   1.4e-10   1.1e-08   32.5   0.0    54   139   156   248   149   266 0.81 -
tig00000005:423147-424073 -            309 18510at4891          -            246   3.4e-25   86.6   1.9   3   3    0.0078      0.61    7.2   0.0   206   244   263   301   259   303 0.86 -
tig00000012:554481-555293 -            271 18510at4891          -            246   2.7e-24   83.7   0.8   1   2   6.3e-16   4.9e-14   50.0   0.0    13   129     2   133     1   147 0.82 -
tig00000012:554481-555293 -            271 18510at4891          -            246   2.7e-24   83.7   0.8   2   2   1.8e-10   1.4e-08   32.1   0.3   134   210   161   233   147   245 0.85 -
tig00000007:570836-571675 -            280 18510at4891          -            246   3.6e-24   83.2   1.0   1   3   2.2e-13   1.7e-11   41.7   0.0    13   132     6   129     2   149 0.82 -
tig00000007:570836-571675 -            280 18510at4891          -            246   3.6e-24   83.2   1.0   2   3   5.9e-08   4.6e-06   23.9   0.0    13    93   100   189    95   197 0.75 -
tig00000007:570836-571675 -            280 18510at4891          -            246   3.6e-24   83.2   1.0   3   3   1.6e-09   1.3e-07   29.0   0.1   178   244   200   276   194   278 0.73 -
tig00000018:472505-474121 -            539 18510at4891          -            246   4.4e-24   82.9   3.7   1   4   0.00024     0.019   12.1   0.0    13    36   226   249   216   259 0.88 -
tig00000018:472505-474121 -            539 18510at4891          -            246   4.4e-24   82.9   3.7   2   4   4.6e-09   3.6e-07   27.6   0.1   135   210   296   372   295   382 0.83 -
tig00000018:472505-474121 -            539 18510at4891          -            246   4.4e-24   82.9   3.7   3   4   1.9e-08   1.5e-06   25.5   0.1    56   146   396   496   372   500 0.69 -
tig00000018:472505-474121 -            539 18510at4891          -            246   4.4e-24   82.9   3.7   4   4   0.00019     0.015   12.5   0.0    55    86   502   533   496   537 0.57 -
tig00000010:610066-612768 -            901 18510at4891          -            246   8.4e-24   82.0   0.1   1   2   2.4e-23   1.9e-21   74.3   0.0    15   209   537   757   531   763 0.83 -
tig00000010:610066-612768 -            901 18510at4891          -            246   8.4e-24   82.0   0.1   2   2      0.71        56    0.7   0.0    55    94   780   818   760   831 0.73 -
tig00000061:591537-592427 -            297 18510at4891          -            246   1.7e-23   81.0   0.1   1   3   2.7e-11   2.1e-09   34.9   0.0    11   136    28   160    22   168 0.86 -
tig00000061:591537-592427 -            297 18510at4891          -            246   1.7e-23   81.0   0.1   2   3   2.1e-16   1.7e-14   51.6   0.0     2   128   116   241   115   252 0.89 -
tig00000061:591537-592427 -            297 18510at4891          -            246   1.7e-23   81.0   0.1   3   3      0.06       4.7    4.3   0.0   210   243   263   297   239   297 0.52 -
tig00000014:164414-165289 -            292 18510at4891          -            246   2.9e-23   80.3   1.2   1   3   1.2e-16   9.6e-15   52.4   0.0     4   129     3   141     1   159 0.80 -
tig00000014:164414-165289 -            292 18510at4891          -            246   2.9e-23   80.3   1.2   2   3   1.1e-08   8.7e-07   26.3   0.1   134   210   169   241   155   256 0.80 -
tig00000014:164414-165289 -            292 18510at4891          -            246   2.9e-23   80.3   1.2   3   3    0.0062      0.49    7.5   0.0    19    50   221   252   213   291 0.53 -
tig00000014:406810-407661 -            284 18510at4891          -            246   1.2e-22   78.2   1.2   1   2   3.3e-16   2.6e-14   50.9   0.0    12   129    10   141     1   153 0.79 -
tig00000014:406810-407661 -            284 18510at4891          -            246   1.2e-22   78.2   1.2   2   2     2e-08   1.6e-06   25.4   0.2   134   210   169   241   159   251 0.83 -
tig00000022:540007-540813 -            269 18510at4891          -            246   2.4e-21   74.0   0.1   1   3   2.6e-11   2.1e-09   34.9   0.0    13   139     2   135     1   139 0.89 -
tig00000022:540007-540813 -            269 18510at4891          -            246   2.4e-21   74.0   0.1   2   3   3.4e-14   2.7e-12   44.4   0.0     9   127    95   212    90   221 0.88 -
tig00000022:540007-540813 -            269 18510at4891          -            246   2.4e-21   74.0   0.1   3   3     0.038         3    4.9   0.0   213   243   239   269   222   269 0.80 -
tig00000012:342003-343094 -            364 18510at4891          -            246     3e-21   73.7   0.9   1   2   8.2e-14   6.4e-12   43.1   0.1     8   129    50   176    43   190 0.87 -
tig00000012:342003-343094 -            364 18510at4891          -            246     3e-21   73.7   0.9   2   2   1.6e-09   1.2e-07   29.1   0.0    39   127   186   282   178   294 0.79 -
tig00000008:7164-7976     -            271 18510at4891          -            246   3.3e-21   73.5   0.9   1   3   1.7e-13   1.3e-11   42.1   0.0    13   132     6   129     2   152 0.81 -
tig00000008:7164-7976     -            271 18510at4891          -            246   3.3e-21   73.5   0.9   2   3     6e-08   4.7e-06   23.9   0.0    13    93   100   189    97   198 0.75 -
tig00000008:7164-7976     -            271 18510at4891          -            246   3.3e-21   73.5   0.9   3   3   2.3e-06   0.00018   18.7   0.1     8    71   201   263   195   271 0.63 -
tig00000061:135895-136854 -            320 18510at4891          -            246   9.3e-21   72.1   1.8   1   4   0.00038      0.03   11.5   0.0   182   209    11    38     2    48 0.68 -
tig00000061:135895-136854 -            320 18510at4891          -            246   9.3e-21   72.1   1.8   2   4   3.5e-10   2.7e-08   31.2   0.3    48   128    57   139    40   144 0.85 -
tig00000061:135895-136854 -            320 18510at4891          -            246   9.3e-21   72.1   1.8   3   4   6.3e-05    0.0049   14.0   0.0    54   127   166   241   148   258 0.85 -
tig00000061:135895-136854 -            320 18510at4891          -            246   9.3e-21   72.1   1.8   4   4   0.00028     0.022   11.9   0.0    55    87   268   300   251   309 0.70 -
tig00000014:596611-597741 -            377 18510at4891          -            246   2.7e-19   67.3   1.1   1   4     1e-06     8e-05   19.9   0.0   172   227    45    99    28   109 0.84 -
tig00000014:596611-597741 -            377 18510at4891          -            246   2.7e-19   67.3   1.1   2   4   7.4e-08   5.7e-06   23.6   0.1   136   219   134   215   126   260 0.78 -
tig00000014:596611-597741 -            377 18510at4891          -            246   2.7e-19   67.3   1.1   3   4   0.00033     0.025   11.7   0.0   175   210   283   319   277   340 0.72 -
tig00000014:596611-597741 -            377 18510at4891          -            246   2.7e-19   67.3   1.1   4   4      0.19        15    2.6   0.0    55    85   342   372   318   377 0.63 -
tig00000083:101376-102380 -            335 18510at4891          -            246   4.5e-18   63.3   3.2   1   3   1.6e-07   1.2e-05   22.5   0.3    11   128    47   173    42   176 0.84 -
tig00000083:101376-102380 -            335 18510at4891          -            246   4.5e-18   63.3   3.2   2   3     5e-10   3.9e-08   30.7   0.1     8   128   144   275   138   280 0.73 -
tig00000083:101376-102380 -            335 18510at4891          -            246   4.5e-18   63.3   3.2   3   3   4.1e-05    0.0032   14.6   0.0    54    88   297   331   291   334 0.91 -
tig00000007:753720-754631 -            304 18510at4891          -            246   7.1e-18   62.6   0.7   1   2   5.1e-11     4e-09   34.0   0.1    12   127    15   146    10   153 0.78 -
tig00000007:753720-754631 -            304 18510at4891          -            246   7.1e-18   62.6   0.7   2   2   3.3e-11   2.6e-09   34.6   0.1    13   148   122   261   120   300 0.82 -
tig00000023:145899-146789 -            297 18510at4891          -            246   8.3e-18   62.4   5.1   1   3   1.2e-11   9.7e-10   36.0   1.3    11   177     8   185     5   187 0.86 -
tig00000023:145899-146789 -            297 18510at4891          -            246   8.3e-18   62.4   5.1   2   3     2e-06   0.00016   18.9   0.0   137   211   165   242   160   260 0.77 -
tig00000023:145899-146789 -            297 18510at4891          -            246   8.3e-18   62.4   5.1   3   3   0.00077      0.06   10.4   0.1    54    86   262   294   256   297 0.88 -
tig00000010:307951-308847 -            299 18510at4891          -            246   1.5e-17   61.5   1.6   1   3    0.0001    0.0082   13.3   0.0   101   130     3    32     1    37 0.78 -
tig00000010:307951-308847 -            299 18510at4891          -            246   1.5e-17   61.5   1.6   2   3   1.2e-05   0.00094   16.4   0.0    45   126    49   139    40   142 0.75 -
tig00000010:307951-308847 -            299 18510at4891          -            246   1.5e-17   61.5   1.6   3   3   7.3e-13   5.7e-11   40.0   0.2    14   172   117   296   106   299 0.77 -
tig00000059:2725-3303     -            193 18510at4891          -            246   1.2e-16   58.6   0.1   1   2   7.1e-10   5.5e-08   30.2   0.0    53   129    13    92     6   110 0.85 -
tig00000059:2725-3303     -            193 18510at4891          -            246   1.2e-16   58.6   0.1   2   2   8.4e-09   6.6e-07   26.7   0.1   134   209   120   191   106   193 0.82 -
tig00000005:90574-91626   -            351 18510at4891          -            246   1.3e-16   58.4   0.3   1   4     0.062       4.8    4.2   0.0   100   128     6    33     2    38 0.71 -
tig00000005:90574-91626   -            351 18510at4891          -            246   1.3e-16   58.4   0.3   2   4   1.3e-07     1e-05   22.8   0.0    45   126    92   177    79   183 0.83 -
tig00000005:90574-91626   -            351 18510at4891          -            246   1.3e-16   58.4   0.3   3   4   4.8e-08   3.8e-06   24.2   0.0    14   126   155   287   154   294 0.67 -
tig00000005:90574-91626   -            351 18510at4891          -            246   1.3e-16   58.4   0.3   4   4     0.012      0.92    6.6   0.0   214   244   316   346   304   351 0.62 -
tig00000022:224777-225742 -            322 18510at4891          -            246   6.7e-16   56.2   1.4   1   2   3.3e-08   2.6e-06   24.7   0.2    11   127    23   155    10   164 0.78 -
tig00000022:224777-225742 -            322 18510at4891          -            246   6.7e-16   56.2   1.4   2   2   1.3e-09     1e-07   29.4   0.1    44   174   167   299   161   311 0.87 -
tig00000078:248529-249323 -            265 18510at4891          -            246   2.4e-15   54.3   0.2   1   2   1.4e-11   1.1e-09   35.8   0.0    15   127     1   115     1   134 0.78 -
tig00000078:248529-249323 -            265 18510at4891          -            246   2.4e-15   54.3   0.2   2   2   1.3e-06    0.0001   19.5   0.1    11   126    96   216    92   222 0.82 -
tig00000018:626123-626935 -            271 18510at4891          -            246     3e-15   54.0   0.0   1   2   2.3e-07   1.8e-05   22.0   0.1   101   211     6   125     1   137 0.83 -
tig00000018:626123-626935 -            271 18510at4891          -            246     3e-15   54.0   0.0   2   2   8.6e-10   6.7e-08   30.0   0.0    58   130   147   221   124   246 0.82 -
tig00000014:778503-779330 -            276 18510at4891          -            246   6.2e-14   49.7   0.1   1   2   4.5e-07   3.5e-05   21.0   0.0   103   205     1   119     1   126 0.73 -
tig00000014:778503-779330 -            276 18510at4891          -            246   6.2e-14   49.7   0.1   2   2   3.2e-07   2.5e-05   21.5   0.0    55   127   150   227   123   246 0.81 -
tig00000010:683253-684068 -            272 18510at4891          -            246   3.8e-13   47.1   0.3   1   2   3.6e-08   2.8e-06   24.6   0.0    16   131     2   123     1   168 0.83 -
tig00000010:683253-684068 -            272 18510at4891          -            246   3.8e-13   47.1   0.3   2   2   6.6e-07   5.2e-05   20.5   0.1    10    83   191   270   182   272 0.83 -
tig00000083:348338-349252 -            305 18510at4891          -            246   5.3e-13   46.7   1.3   1   3    0.0015      0.12    9.5   0.0   100   141     5    46     2    56 0.81 -
tig00000083:348338-349252 -            305 18510at4891          -            246   5.3e-13   46.7   1.3   2   3   4.9e-05    0.0038   14.4   0.1    14   126   125   248   114   262 0.68 -
tig00000083:348338-349252 -            305 18510at4891          -            246   5.3e-13   46.7   1.3   3   3     2e-06   0.00016   18.9   0.0    53    87   269   303   250   305 0.85 -
tig00000001:247358-248257 -            300 18510at4891          -            246   7.7e-13   46.1   0.3   1   3     0.049       3.8    4.6   0.0   101   128     6    33     2    50 0.72 -
tig00000001:247358-248257 -            300 18510at4891          -            246   7.7e-13   46.1   0.3   2   3   3.1e-07   2.4e-05   21.6   0.1    15    89   117   193   107   202 0.81 -
tig00000001:247358-248257 -            300 18510at4891          -            246   7.7e-13   46.1   0.3   3   3   1.1e-05   0.00087   16.5   0.0    15    86   223   296   212   300 0.87 -
tig00000038:27920-28807   -            296 18510at4891          -            246   2.1e-12   44.7   6.1   1   4    0.0009      0.07   10.2   0.0   180   224     4    54     2    55 0.75 -
tig00000038:27920-28807   -            296 18510at4891          -            246   2.1e-12   44.7   6.1   2   4   0.00051      0.04   11.0   0.0    53   127    43   123    34   133 0.79 -
tig00000038:27920-28807   -            296 18510at4891          -            246   2.1e-12   44.7   6.1   3   4   9.8e-08   7.7e-06   23.2   0.3    55   135   173   250   154   262 0.85 -
tig00000038:27920-28807   -            296 18510at4891          -            246   2.1e-12   44.7   6.1   4   4      0.18        14    2.7   0.3   212   245   261   294   254   295 0.83 -
tig00000061:168432-169340 -            303 18510at4891          -            246   5.4e-12   43.4   0.6   1   1   4.8e-12   3.8e-10   37.3   0.6     7   200     9   227     4   233 0.77 -
tig00000023:259865-260719 -            285 18510at4891          -            246   2.2e-11   41.4   1.0   1   3     0.001      0.08   10.0   0.1     9    87     9    89     3    95 0.76 -
tig00000023:259865-260719 -            285 18510at4891          -            246   2.2e-11   41.4   1.0   2   3   3.5e-09   2.8e-07   27.9   0.0    13   126   104   229    95   237 0.78 -
tig00000023:259865-260719 -            285 18510at4891          -            246   2.2e-11   41.4   1.0   3   3       0.9        70    0.4   0.1   212   245   246   280   233   281 0.71 -
tig00000014:438743-439600 -            286 18510at4891          -            246   2.3e-11   41.3   0.7   1   2    0.0035      0.28    8.3   0.1    15    88     2    76     1    91 0.55 -
tig00000014:438743-439600 -            286 18510at4891          -            246   2.3e-11   41.3   0.7   2   2   1.1e-08   8.4e-07   26.4   0.1    11   162   109   283   101   286 0.69 -
tig00000001:104336-105235 -            300 18510at4891          -            246   2.3e-08   31.5   0.0   1   2      0.11       8.7    3.4   0.0    93   128     5    40     1    48 0.81 -
tig00000001:104336-105235 -            300 18510at4891          -            246   2.3e-08   31.5   0.0   2   2   3.1e-08   2.4e-06   24.9   0.0     8   127   119   239   113   284 0.84 -
tig00000010:800760-801431 -            224 18510at4891          -            246   0.00052   17.2   2.6   1   3    0.0032      0.25    8.5   0.3    55    91     6    42     3    51 0.90 -
tig00000010:800760-801431 -            224 18510at4891          -            246   0.00052   17.2   2.6   2   3      0.72        56    0.7   0.0   179   209    62    92    40   100 0.82 -
tig00000010:800760-801431 -            224 18510at4891          -            246   0.00052   17.2   2.6   3   3    0.0039       0.3    8.2   0.1    18   126    72   188    59   211 0.69 -
#
# Program:         hmmsearch
# Version:         3.1b2 (February 2015)
# Pipeline mode:   SEARCH
# Query file:      /home/inf-38-2022/BINP29/longread/2/busco_downloads/lineages/saccharomycetes_odb10/hmms/18510at4891.hmm
# Target file:     /home/inf-38-2022/BINP29/longread/2/Results/04_Busco/canu/run_saccharomycetes_odb10/metaeuk_output/initial_results/asm.contigs.fasta.modified.fas
# Option settings: hmmsearch --domtblout /home/inf-38-2022/BINP29/longread/2/Results/04_Busco/canu/run_saccharomycetes_odb10/hmmer_output/initial_run_results/18510at4891.out --cpu 1 /home/inf-38-2022/BINP29/longread/2/busco_downloads/lineages/saccharomycetes_odb10/hmms/18510at4891.hmm /home/inf-38-2022/BINP29/longread/2/Results/04_Busco/canu/run_saccharomycetes_odb10/metaeuk_output/initial_results/asm.contigs.fasta.modified.fas 
# Current dir:     /home/inf-38-2022/BINP29/longread/2
# Date:            Thu Feb 23 14:06:37 2023
# [ok]
