#                                                                                 --- full sequence --- -------------- this domain -------------   hmm coord   ali coord   env coord
# target name             accession   tlen query name           accession   qlen   E-value  score  bias   #  of  c-Evalue  i-Evalue  score  bias  from    to  from    to  from    to  acc description of target
#     ------------------- ---------- ----- -------------------- ---------- ----- --------- ------ ----- --- --- --------- --------- ------ ----- ----- ----- ----- ----- ----- ----- ---- ---------------------
tig00000018:671686-673224 -            513 18882at4891          -            264   7.1e-59  196.7  11.4   1   5   2.8e-07   0.00038   17.3   0.0     1    42     2    46     2    48 0.86 -
tig00000018:671686-673224 -            513 18882at4891          -            264   7.1e-59  196.7  11.4   2   5   1.4e-13   1.9e-10   37.9   0.7    40    85    70   138    65   145 0.79 -
tig00000018:671686-673224 -            513 18882at4891          -            264   7.1e-59  196.7  11.4   3   5     2e-11   2.8e-08   30.8   0.0    82   144   209   291   199   301 0.77 -
tig00000018:671686-673224 -            513 18882at4891          -            264   7.1e-59  196.7  11.4   4   5   1.7e-14   2.3e-11   40.9   0.1   152   202   352   403   339   419 0.81 -
tig00000018:671686-673224 -            513 18882at4891          -            264   7.1e-59  196.7  11.4   5   5   9.5e-24   1.3e-20   71.2   0.2   199   263   443   510   431   511 0.91 -
tig00000037:119256-120695 -            480 18882at4891          -            264   1.3e-36  123.7   8.3   1   4   1.3e-12   1.7e-09   34.8   0.0     5    85    17   130     9   133 0.71 -
tig00000037:119256-120695 -            480 18882at4891          -            264   1.3e-36  123.7   8.3   2   4   1.1e-11   1.5e-08   31.6   0.1    88   142   195   263   184   270 0.72 -
tig00000037:119256-120695 -            480 18882at4891          -            264   1.3e-36  123.7   8.3   3   4   2.7e-09   3.7e-06   23.8   0.2   141   192   319   370   309   383 0.72 -
tig00000037:119256-120695 -            480 18882at4891          -            264   1.3e-36  123.7   8.3   4   4   8.3e-12   1.1e-08   32.1   0.3   198   252   407   461   381   478 0.82 -
#
# Program:         hmmsearch
# Version:         3.1b2 (February 2015)
# Pipeline mode:   SEARCH
# Query file:      /home/inf-38-2022/BINP29/longread/2/busco_downloads/lineages/saccharomycetes_odb10/hmms/18882at4891.hmm
# Target file:     /home/inf-38-2022/BINP29/longread/2/Results/04_Busco/canu/run_saccharomycetes_odb10/metaeuk_output/initial_results/asm.contigs.fasta.modified.fas
# Option settings: hmmsearch --domtblout /home/inf-38-2022/BINP29/longread/2/Results/04_Busco/canu/run_saccharomycetes_odb10/hmmer_output/initial_run_results/18882at4891.out --cpu 1 /home/inf-38-2022/BINP29/longread/2/busco_downloads/lineages/saccharomycetes_odb10/hmms/18882at4891.hmm /home/inf-38-2022/BINP29/longread/2/Results/04_Busco/canu/run_saccharomycetes_odb10/metaeuk_output/initial_results/asm.contigs.fasta.modified.fas 
# Current dir:     /home/inf-38-2022/BINP29/longread/2
# Date:            Thu Feb 23 14:06:39 2023
# [ok]
