#                                                                                   --- full sequence --- -------------- this domain -------------   hmm coord   ali coord   env coord
# target name               accession   tlen query name           accession   qlen   E-value  score  bias   #  of  c-Evalue  i-Evalue  score  bias  from    to  from    to  from    to  acc description of target
#       ------------------- ---------- ----- -------------------- ---------- ----- --------- ------ ----- --- --- --------- --------- ------ ----- ----- ----- ----- ----- ----- ----- ---- ---------------------
tig00000010:165885-166967   -            361 18893at4891          -            224  2.5e-103  341.7   0.7   1   1  1.2e-104  3.1e-103  341.4   0.7     1   224   103   357   103   357 0.93 -
tig00000022:142105-142920   -            272 18893at4891          -            224   1.4e-53  179.0   0.0   1   1   6.8e-55   1.7e-53  178.7   0.0     1   221    12   266    12   269 0.82 -
tig00000061:642129-642926   -            266 18893at4891          -            224   4.1e-53  177.5   0.1   1   1     2e-54   5.1e-53  177.2   0.1     1   221     7   261     7   264 0.83 -
tig00000010:175828-176601   -            258 18893at4891          -            224   3.9e-52  174.3   0.1   1   1   1.7e-53   4.2e-52  174.2   0.1     1   207     5   235     5   258 0.83 -
tig00000037:58632-59654     -            341 18893at4891          -            224   5.7e-43  144.3   1.7   1   1   1.3e-40   3.4e-39  132.0   1.7     1   213    41   302    41   321 0.79 -
tig00000018:711119-711979   -            287 18893at4891          -            224     2e-42  142.5   1.0   1   2   7.1e-29   1.8e-27   93.6   0.9     1   138     1   151     1   155 0.87 -
tig00000018:711119-711979   -            287 18893at4891          -            224     2e-42  142.5   1.0   2   2   1.3e-14   3.2e-13   47.0   0.0   137   222   178   283   165   285 0.73 -
tig00000031:51354-53645     -            764 18893at4891          -            224   4.7e-41  138.1   0.1   1   1   2.7e-42   6.7e-41  137.5   0.1     1   209   352   590   352   598 0.81 -
tig00000001:1392959-1394848 -            630 18893at4891          -            224   1.5e-40  136.4   0.4   1   1   1.3e-41   3.2e-40  135.3   0.4     1   221    52   303    52   306 0.83 -
tig00000014:15701-16600     -            300 18893at4891          -            224   3.9e-40  135.0   0.2   1   1     2e-41     5e-40  134.7   0.2     3   187    12   216    10   240 0.84 -
tig00000012:660018-662129   -            704 18893at4891          -            224   4.3e-40  134.9   0.0   1   1   2.9e-41   7.3e-40  134.2   0.0     4   194    85   298    82   337 0.82 -
tig00000007:124683-125471   -            263 18893at4891          -            224   1.7e-39  133.0   0.5   1   1   1.4e-38   3.5e-37  125.4   0.5     1   217     2   253     2   263 0.80 -
tig00000001:1413682-1414488 -            269 18893at4891          -            224   2.1e-38  129.4   1.6   1   2   5.9e-25   1.5e-23   80.8   1.2     1   134     6   151     6   154 0.85 -
tig00000001:1413682-1414488 -            269 18893at4891          -            224   2.1e-38  129.4   1.6   2   2   1.2e-14     3e-13   47.1   0.0   136   218   173   269   167   269 0.76 -
tig00000012:468182-469240   -            353 18893at4891          -            224   2.8e-38  129.0   0.0   1   2   6.1e-39   1.5e-37  126.6   0.0     1   209    29   264    29   287 0.81 -
tig00000012:468182-469240   -            353 18893at4891          -            224   2.8e-38  129.0   0.0   2   2       2.7        69    0.2   0.0    23    59   295   331   288   344 0.85 -
tig00000022:256578-257741   -            388 18893at4891          -            224   4.6e-38  128.3   0.6   1   2   1.3e-05   0.00032   17.6   0.1     2    36     5    39     4    48 0.90 -
tig00000022:256578-257741   -            388 18893at4891          -            224   4.6e-38  128.3   0.6   2   2   1.3e-33   3.3e-32  109.1   0.0    46   223    84   294    68   295 0.83 -
tig00000010:277694-278434   -            247 18893at4891          -            224   4.3e-37  125.1   0.0   1   1   2.2e-38   5.5e-37  124.8   0.0     5   222     2   245     1   247 0.81 -
tig00000038:200257-201741   -            495 18893at4891          -            224   5.7e-37  124.7   0.3   1   2   6.6e-26   1.7e-24   83.9   0.2     2   135     7   152     6   163 0.87 -
tig00000038:200257-201741   -            495 18893at4891          -            224   5.7e-37  124.7   0.3   2   2   1.1e-11   2.9e-10   37.4   0.0   137   192   355   411   351   469 0.76 -
tig00000001:1375707-1376594 -            296 18893at4891          -            224   6.4e-37  124.5   2.1   1   2   3.5e-26   8.9e-25   84.8   0.4     5   135    12   157     8   165 0.81 -
tig00000001:1375707-1376594 -            296 18893at4891          -            224   6.4e-37  124.5   2.1   2   2     2e-11     5e-10   36.6   0.1   140   223   186   292   181   293 0.70 -
tig00000022:213977-215140   -            388 18893at4891          -            224   8.7e-37  124.1   0.0   1   1   4.9e-38   1.2e-36  123.6   0.0     1   210    66   302    66   323 0.82 -
tig00000014:285258-286481   -            408 18893at4891          -            224   1.7e-36  123.1   0.6   1   2     2e-05   0.00051   16.9   0.1     5    50    15    60    11    70 0.90 -
tig00000014:285258-286481   -            408 18893at4891          -            224   1.7e-36  123.1   0.6   2   2     8e-31     2e-29  100.0   0.0    39   193    76   257    67   270 0.82 -
tig00000018:334747-335976   -            410 18893at4891          -            224   8.4e-36  120.9   0.4   1   2   6.4e-24   1.6e-22   77.4   0.5     2   136    19   164    18   171 0.89 -
tig00000018:334747-335976   -            410 18893at4891          -            224   8.4e-36  120.9   0.4   2   2     7e-13   1.8e-11   41.3   0.0   141   209   237   318   218   339 0.76 -
tig00000034:312743-313672   -            310 18893at4891          -            224   1.3e-35  120.3   3.8   1   2   0.00011    0.0029   14.5   0.6     4    39     7    42     4    71 0.77 -
tig00000034:312743-313672   -            310 18893at4891          -            224   1.3e-35  120.3   3.8   2   2     5e-33   1.3e-31  107.2   0.3    43   223    72   284    53   285 0.76 -
tig00000037:269117-270115   -            333 18893at4891          -            224   5.5e-35  118.2   0.0   1   1   4.4e-36   1.1e-34  117.2   0.0     2   223     9   274     8   275 0.80 -
tig00000031:245786-246532   -            249 18893at4891          -            224   7.7e-35  117.7   0.1   1   1   3.8e-36   9.6e-35  117.4   0.1     6   196     2   209     1   216 0.84 -
tig00000001:280977-282515   -            513 18893at4891          -            224   3.4e-34  115.6   3.4   1   2     2e-21   5.2e-20   69.2   2.5     3   126   202   338   200   343 0.84 -
tig00000001:280977-282515   -            513 18893at4891          -            224   3.4e-34  115.6   3.4   2   2   6.8e-14   1.7e-12   44.6   0.0   126   185   360   425   353   483 0.73 -
tig00000007:290102-290926   -            275 18893at4891          -            224   1.1e-33  114.0   0.0   1   1   5.9e-35   1.5e-33  113.5   0.0     3   185    13   217    11   229 0.85 -
tig00000001:675491-676426   -            312 18893at4891          -            224   3.3e-33  112.4   4.0   1   2   0.00022    0.0056   13.5   0.4     2    36    33    67    32    99 0.78 -
tig00000001:675491-676426   -            312 18893at4891          -            224   3.3e-33  112.4   4.0   2   2   5.7e-31   1.4e-29  100.5   0.5    37   222    92   311    83   312 0.76 -
tig00000038:97378-98211     -            278 18893at4891          -            224   5.5e-33  111.7   0.1   1   1   2.9e-34   7.4e-33  111.2   0.1     2   185    17   222    16   231 0.85 -
tig00000010:756718-758409   -            564 18893at4891          -            224   6.3e-33  111.5   0.1   1   2   3.4e-23   8.7e-22   75.0   0.0     1   135   169   314   169   320 0.87 -
tig00000010:756718-758409   -            564 18893at4891          -            224   6.3e-33  111.5   0.1   2   2   1.1e-10   2.8e-09   34.1   0.0   139   185   365   411   350   441 0.86 -
tig00000005:430807-432522   -            572 18893at4891          -            224   6.7e-33  111.4   0.2   1   2   2.8e-23     7e-22   75.4   0.1     1   135   177   322   177   327 0.87 -
tig00000005:430807-432522   -            572 18893at4891          -            224   6.7e-33  111.4   0.2   2   2   1.5e-10   3.7e-09   33.7   0.0   139   185   373   419   368   440 0.87 -
tig00000001:1445377-1446405 -            343 18893at4891          -            224   9.4e-33  110.9   0.0   1   1   2.6e-33   6.5e-32  108.2   0.0     2   223    34   305    33   306 0.78 -
tig00000039:171239-171955   -            239 18893at4891          -            224   9.5e-33  110.9   0.1   1   1   4.4e-34   1.1e-32  110.7   0.1     6   190     2   199     1   229 0.88 -
tig00000010:271110-273569   -            820 18893at4891          -            224   3.1e-32  109.2   0.0   1   1   6.7e-33   1.7e-31  106.8   0.0     4   222   201   467   197   469 0.77 -
tig00000005:941334-942338   -            335 18893at4891          -            224   2.3e-31  106.3   0.9   1   1   1.7e-28   4.4e-27   92.4   0.9     1   185    41   271    41   335 0.72 -
tig00000039:126330-127121   -            264 18893at4891          -            224     4e-31  105.6   0.5   1   1   1.9e-32   4.8e-31  105.3   0.5     5   220     9   262     5   264 0.73 -
tig00000007:768613-769479   -            289 18893at4891          -            224     2e-30  103.3   0.0   1   1   1.3e-31   3.4e-30  102.5   0.0     6   183    18   216    14   230 0.82 -
tig00000010:296963-297778   -            272 18893at4891          -            224   2.3e-30  103.1   0.0   1   1   1.5e-31   3.9e-30  102.4   0.0     6   185     8   208     4   222 0.81 -
tig00000031:475808-477526   -            573 18893at4891          -            224   6.8e-30  101.6   0.0   1   1   4.4e-31   1.1e-29  100.9   0.0     6   186   307   501   305   512 0.83 -
tig00000061:506863-511290   -           1476 18893at4891          -            224   8.9e-30  101.2   0.1   1   1   6.7e-31   1.7e-29  100.3   0.1     4   184  1178  1383  1175  1397 0.82 -
tig00000007:240843-241712   -            290 18893at4891          -            224   2.4e-29   99.7   2.5   1   1   1.2e-30   3.1e-29   99.4   2.5     1   221    31   280    31   289 0.73 -
tig00000001:1466725-1467543 -            273 18893at4891          -            224     3e-29   99.4   0.0   1   1   1.7e-30   4.4e-29   98.9   0.0     7   185     1   198     1   211 0.82 -
tig00000018:70085-72607     -            841 18893at4891          -            224   5.2e-29   98.7   0.2   1   1   5.1e-30   1.3e-28   97.4   0.2    31   183   587   770   546   779 0.72 -
tig00000010:294431-295351   -            307 18893at4891          -            224   6.9e-29   98.3   1.1   1   1     2e-29   5.1e-28   95.4   1.1     3   222    14   285    12   287 0.75 -
tig00000007:771369-772190   -            274 18893at4891          -            224   8.8e-29   97.9   0.5   1   1   6.7e-30   1.7e-28   97.0   0.5     3   222     3   269     1   271 0.75 -
tig00000007:105187-107133   -            649 18893at4891          -            224     1e-28   97.7   1.1   1   1   3.3e-29   8.3e-28   94.7   1.1    54   183   423   579   355   588 0.73 -
tig00000005:943649-946306   -            886 18893at4891          -            224   3.7e-28   95.9   1.4   1   3   4.3e-07   1.1e-05   22.4   0.4     4    82    18    98    15   113 0.86 -
tig00000005:943649-946306   -            886 18893at4891          -            224   3.7e-28   95.9   1.4   2   3   1.1e-08   2.8e-07   27.6   0.0    93   126   140   173   132   180 0.90 -
tig00000005:943649-946306   -            886 18893at4891          -            224   3.7e-28   95.9   1.4   3   3   3.8e-13   9.6e-12   42.2   0.0   126   191   197   268   192   280 0.80 -
tig00000005:898120-899004   -            295 18893at4891          -            224   1.1e-27   94.3   1.5   1   2   3.9e-13   9.8e-12   42.2   0.4     6   127     6   150     1   158 0.66 -
tig00000005:898120-899004   -            295 18893at4891          -            224   1.1e-27   94.3   1.5   2   2     7e-16   1.8e-14   51.1   0.0   125   191   175   246   173   294 0.86 -
tig00000078:440416-441411   -            332 18893at4891          -            224   3.4e-27   92.7   2.9   1   2   1.2e-12   3.1e-11   40.5   0.9    38   130    75   177    13   183 0.77 -
tig00000078:440416-441411   -            332 18893at4891          -            224   3.4e-27   92.7   2.9   2   2   1.6e-15     4e-14   50.0   0.0   125   187   209   276   207   328 0.87 -
tig00000078:224344-226434   -            697 18893at4891          -            224   1.6e-26   90.6   0.1   1   2     0.045       1.1    6.0   0.0     4    36   398   430   396   447 0.89 -
tig00000078:224344-226434   -            697 18893at4891          -            224   1.6e-26   90.6   0.1   2   2   2.7e-25   6.7e-24   82.0   0.0    34   186   469   642   451   656 0.83 -
tig00000034:351488-352792   -            435 18893at4891          -            224   3.8e-26   89.3   0.0   1   1   3.2e-27   8.1e-26   88.2   0.0     7   216    29   254    25   259 0.83 -
tig00000001:173147-174685   -            513 18893at4891          -            224   4.4e-26   89.1   0.7   1   1   1.1e-25   2.9e-24   83.2   0.7     6   181   196   404   192   469 0.83 -
tig00000014:744409-745362   -            318 18893at4891          -            224   1.5e-25   87.4   0.1   1   2   3.6e-26   9.2e-25   84.8   0.0     3   182    14   220    12   230 0.82 -
tig00000014:744409-745362   -            318 18893at4891          -            224   1.5e-25   87.4   0.1   2   2       2.5        64    0.3   0.1   208   223   265   280   246   281 0.78 -
tig00000037:89206-93015     -           1270 18893at4891          -            224   1.6e-25   87.2   0.7   1   2   5.7e-21   1.4e-19   67.8   0.6     7   135   986  1126   982  1134 0.85 -
tig00000037:89206-93015     -           1270 18893at4891          -            224   1.6e-25   87.2   0.7   2   2   2.4e-05   0.00062   16.7   0.0   128   184  1141  1201  1134  1213 0.84 -
tig00000022:190430-191881   -            484 18893at4891          -            224   2.9e-24   83.1   0.4   1   1   1.8e-25   4.5e-24   82.5   0.4     6   182   173   367   171   379 0.81 -
tig00000010:501416-502300   -            295 18893at4891          -            224   3.8e-24   82.8   0.1   1   1   4.7e-25   1.2e-23   81.1   0.1     5   183     7   207     3   220 0.79 -
tig00000018:681815-686542   -           1576 18893at4891          -            224   4.6e-24   82.5   0.3   1   2   4.4e-21   1.1e-19   68.2   0.2     7   137  1272  1414  1267  1425 0.85 -
tig00000018:681815-686542   -           1576 18893at4891          -            224   4.6e-24   82.5   0.3   2   2   0.00094     0.024   11.5   0.0   141   184  1457  1503  1452  1517 0.84 -
tig00000007:990491-991753   -            421 18893at4891          -            224   1.3e-23   81.0   0.2   1   1   4.9e-23   1.2e-21   74.5   0.2     5   223   117   397   112   398 0.70 -
tig00000023:419002-419997   -            332 18893at4891          -            224   9.7e-23   78.2   9.2   1   4   5.5e-09   1.4e-07   28.6   2.6     1    80     4    97     4   106 0.78 -
tig00000023:419002-419997   -            332 18893at4891          -            224   9.7e-23   78.2   9.2   2   4   3.7e-10   9.3e-09   32.4   0.0    97   137   129   172   117   180 0.84 -
tig00000023:419002-419997   -            332 18893at4891          -            224   9.7e-23   78.2   9.2   3   4    0.0012     0.031   11.1   0.1   161   183   230   252   220   268 0.79 -
tig00000023:419002-419997   -            332 18893at4891          -            224   9.7e-23   78.2   9.2   4   4     0.014      0.36    7.6   0.1   178   221   269   319   254   322 0.77 -
tig00000014:193811-194752   -            314 18893at4891          -            224   1.5e-22   77.5   0.5   1   2   4.7e-19   1.2e-17   61.5   0.3     1   134     8   153     8   159 0.83 -
tig00000014:193811-194752   -            314 18893at4891          -            224   1.5e-22   77.5   0.5   2   2   0.00027    0.0069   13.2   0.0   144   187   180   224   171   229 0.87 -
tig00000061:603776-604693   -            306 18893at4891          -            224   2.4e-22   76.9   0.2   1   1   1.4e-23   3.6e-22   76.3   0.2     6   184     9   208     5   220 0.76 -
tig00000037:213629-214300   -            224 18893at4891          -            224   4.6e-22   76.0   0.1   1   1   2.9e-23   7.4e-22   75.3   0.1     6   178     2   207     1   215 0.78 -
tig00000061:573066-574973   -            636 18893at4891          -            224   1.1e-21   74.8   0.0   1   1     9e-23   2.3e-21   73.7   0.0     5   191   332   542   328   594 0.74 -
tig00000012:389341-390171   -            277 18893at4891          -            224   1.8e-21   74.0   0.6   1   1     1e-22   2.5e-21   73.5   0.6    10   182     4   197     1   211 0.71 -
tig00000014:549046-549927   -            294 18893at4891          -            224   2.7e-21   73.4   0.0   1   1     2e-22   5.1e-21   72.5   0.0     6   182    10   210     6   222 0.77 -
tig00000005:524212-525318   -            369 18893at4891          -            224   1.8e-20   70.7   0.3   1   1   1.7e-21   4.3e-20   69.5   0.1     6   187    23   237    18   270 0.75 -
tig00000012:83257-84219     -            321 18893at4891          -            224   3.7e-20   69.7   5.8   1   2   9.7e-11   2.5e-09   34.3   5.3    42   124    67   156     9   163 0.62 -
tig00000012:83257-84219     -            321 18893at4891          -            224   3.7e-20   69.7   5.8   2   2   1.2e-08   3.1e-07   27.5   0.0   114   188   172   267   159   285 0.69 -
tig00000010:675791-676765   -            325 18893at4891          -            224   4.5e-20   69.4   3.0   1   2   1.2e-19   3.1e-18   63.4   2.4     1   183     5   219     5   244 0.73 -
tig00000010:675791-676765   -            325 18893at4891          -            224   4.5e-20   69.4   3.0   2   2       0.8        20    1.9   0.0   186   222   261   305   251   307 0.73 -
tig00000022:355307-356350   -            348 18893at4891          -            224   7.5e-20   68.7   0.2   1   3     0.024      0.59    6.9   0.0     2    52    12    63    11    83 0.78 -
tig00000022:355307-356350   -            348 18893at4891          -            224   7.5e-20   68.7   0.2   2   3   1.2e-10   2.9e-09   34.1   0.0    92   135   158   205   145   209 0.83 -
tig00000022:355307-356350   -            348 18893at4891          -            224   7.5e-20   68.7   0.2   3   3   1.1e-07   2.9e-06   24.3   0.0   140   216   229   317   216   326 0.72 -
tig00000001:1005816-1010777 -           1654 18893at4891          -            224   1.3e-19   67.9  11.7   1   4   0.00043     0.011   12.6   0.1    45   138   300   408   292   429 0.72 -
tig00000001:1005816-1010777 -           1654 18893at4891          -            224   1.3e-19   67.9  11.7   2   4     0.011      0.27    8.0   0.0   147   208   440   504   437   515 0.80 -
tig00000001:1005816-1010777 -           1654 18893at4891          -            224   1.3e-19   67.9  11.7   3   4      0.79        20    1.9   0.0     5    69   598   659   594   668 0.70 -
tig00000001:1005816-1010777 -           1654 18893at4891          -            224   1.3e-19   67.9  11.7   4   4   1.6e-13     4e-12   43.4   1.0    59   176   765   915   750   936 0.72 -
tig00000031:396849-397892   -            348 18893at4891          -            224   2.1e-19   67.3   0.2   1   2   4.6e-20   1.2e-18   64.8   0.1     1   188    13   230    13   256 0.74 -
tig00000031:396849-397892   -            348 18893at4891          -            224   2.1e-19   67.3   0.2   2   2       5.6   1.4e+02   -0.9   0.0   196   221   278   308   274   310 0.80 -
tig00000005:506107-507093   -            329 18893at4891          -            224   2.3e-19   67.2   0.0   1   1   2.1e-19   5.2e-18   62.7   0.0     7   192     4   229     2   247 0.76 -
tig00000001:75264-76160     -            299 18893at4891          -            224   3.6e-19   66.5   1.3   1   1   2.6e-20   6.7e-19   65.6   1.3     6   190    10   217     6   245 0.79 -
tig00000001:268464-269363   -            300 18893at4891          -            224     8e-19   65.4   0.0   1   1   4.6e-20   1.2e-18   64.8   0.0     4   179     4   197     1   211 0.81 -
tig00000001:313792-314634   -            281 18893at4891          -            224   2.3e-18   63.9   0.3   1   1   1.3e-19   3.3e-18   63.3   0.3    34   183    20   198     1   220 0.68 -
tig00000018:57664-58635     -            324 18893at4891          -            224   1.1e-17   61.7   0.1   1   1   1.1e-18   2.8e-17   60.3   0.1    47   182    42   205     2   217 0.64 -
tig00000039:167303-168607   -            435 18893at4891          -            224   1.1e-17   61.6   4.1   1   3   1.4e-06   3.4e-05   20.8   1.5     4    88    28   117    25   137 0.81 -
tig00000039:167303-168607   -            435 18893at4891          -            224   1.1e-17   61.6   4.1   2   3     0.019      0.47    7.2   0.0   110   125   168   183   157   190 0.86 -
tig00000039:167303-168607   -            435 18893at4891          -            224   1.1e-17   61.6   4.1   3   3   3.9e-10   9.8e-09   32.4   0.0   126   189   226   296   220   316 0.82 -
tig00000010:482439-484085   -            549 18893at4891          -            224   1.1e-17   61.6   0.4   1   1   4.4e-19   1.1e-17   61.6   0.4    37   191   195   375   172   406 0.74 -
tig00000058:9221-10867      -            549 18893at4891          -            224   1.1e-17   61.6   0.4   1   1   4.4e-19   1.1e-17   61.6   0.4    37   191   195   375   172   406 0.74 -
tig00000061:675115-675747   -            211 18893at4891          -            224     2e-17   60.8   3.4   1   1   1.7e-18   4.3e-17   59.7   3.4     5   175     6   205     2   209 0.71 -
tig00000022:156993-158078   -            362 18893at4891          -            224   2.3e-17   60.6   0.2   1   2   6.9e-18   1.7e-16   57.7   0.2    85   186   110   226    51   237 0.76 -
tig00000022:156993-158078   -            362 18893at4891          -            224   2.3e-17   60.6   0.2   2   2       4.2   1.1e+02   -0.5   0.0   197   221   277   306   268   308 0.80 -
tig00000007:442551-443408   -            286 18893at4891          -            224   2.4e-17   60.5   1.8   1   1   1.2e-18     3e-17   60.2   0.4     1   183     3   198     3   211 0.78 -
tig00000001:401709-402662   -            318 18893at4891          -            224     3e-17   60.2   0.0   1   1   6.8e-18   1.7e-16   57.7   0.0     6   183     6   217     1   233 0.77 -
tig00000057:15250-16564     -            370 18893at4891          -            224   3.8e-17   59.9   0.8   1   1   2.8e-18     7e-17   59.0   0.1    51   192   116   283    96   313 0.73 -
tig00000010:868786-869727   -            314 18893at4891          -            224   1.8e-16   57.7   4.9   1   2   1.3e-12   3.4e-11   40.4   3.4     5   134     5   157     2   162 0.75 -
tig00000010:868786-869727   -            314 18893at4891          -            224   1.8e-16   57.7   4.9   2   2   0.00019    0.0049   13.7   0.0   137   185   179   228   173   235 0.84 -
tig00000022:228777-230159   -            461 18893at4891          -            224     5e-16   56.2   1.7   1   2       5.4   1.4e+02   -0.8   0.0    40    64   194   219   149   224 0.72 -
tig00000022:228777-230159   -            461 18893at4891          -            224     5e-16   56.2   1.7   2   2   2.7e-15   6.7e-14   49.2   0.5    90   182   272   390   261   453 0.80 -
tig00000083:163877-164674   -            266 18893at4891          -            224   1.5e-15   54.6   2.6   1   2   2.7e-16   6.9e-15   52.5   2.1    55   190    22   174    10   198 0.77 -
tig00000083:163877-164674   -            266 18893at4891          -            224   1.5e-15   54.6   2.6   2   2         4     1e+02   -0.4   0.0   197   221   228   257   216   259 0.78 -
tig00000007:79317-80186     -            290 18893at4891          -            224   1.8e-15   54.4   0.0   1   1   1.3e-16   3.3e-15   53.5   0.0    87   184    98   206     2   233 0.82 -
tig00000022:135020-137662   -            881 18893at4891          -            224   2.1e-15   54.2   0.6   1   2     5e-11   1.3e-09   35.3   0.4     3   126   417   556   415   577 0.74 -
tig00000022:135020-137662   -            881 18893at4891          -            224   2.1e-15   54.2   0.6   2   2   4.1e-05     0.001   15.9   0.0   162   185   793   816   788   828 0.87 -
tig00000014:350010-350900   -            297 18893at4891          -            224   9.7e-15   52.0   2.0   1   1   1.1e-14   2.8e-13   47.2   2.0    78   193   108   247     3   271 0.71 -
tig00000018:597704-598582   -            293 18893at4891          -            224   2.8e-14   50.5   0.2   1   1   2.1e-14   5.3e-13   46.3   0.1    68   186    78   229     1   267 0.69 -
tig00000061:536003-537064   -            354 18893at4891          -            224   2.6e-13   47.3   3.7   1   2   1.6e-10   4.2e-09   33.6   2.0    22   125    56   169    42   172 0.75 -
tig00000061:536003-537064   -            354 18893at4891          -            224   2.6e-13   47.3   3.7   2   2   0.00034    0.0086   12.9   0.0   126   181   190   252   187   265 0.75 -
tig00000022:138767-139741   -            325 18893at4891          -            224   4.1e-13   46.7   0.0   1   1   3.7e-14   9.3e-13   45.5   0.0    58   182   106   257   101   288 0.78 -
tig00000010:510505-511536   -            344 18893at4891          -            224   4.5e-13   46.5   5.0   1   2      0.12       2.9    4.7   0.1     1    71     2    72     2    92 0.73 -
tig00000010:510505-511536   -            344 18893at4891          -            224   4.5e-13   46.5   5.0   2   2   9.6e-13   2.4e-11   40.9   1.4    47   185    99   271    76   299 0.68 -
tig00000083:261828-262424   -            199 18893at4891          -            224   4.8e-13   46.5   0.0   1   1     3e-13   7.5e-12   42.6   0.0    87   206    24   167     1   187 0.67 -
tig00000001:424922-426415   -            498 18893at4891          -            224   7.2e-13   45.9   0.1   1   2   1.2e-09     3e-08   30.8   0.0    79   126   120   165   112   194 0.79 -
tig00000001:424922-426415   -            498 18893at4891          -            224   7.2e-13   45.9   0.1   2   2   0.00057     0.014   12.2   0.0   136   180   265   310   260   317 0.84 -
tig00000061:645151-646104   -            318 18893at4891          -            224   1.9e-12   44.5   0.0   1   1     3e-13   7.7e-12   42.5   0.0    92   178   144   246   139   257 0.77 -
tig00000034:91377-93548     -            724 18893at4891          -            224   2.9e-12   43.9   0.1   1   2   5.1e-09   1.3e-07   28.7   0.1     4   124   308   440   305   448 0.76 -
tig00000034:91377-93548     -            724 18893at4891          -            224   2.9e-12   43.9   0.1   2   2   0.00037    0.0093   12.8   0.0   126   184   477   541   465   571 0.73 -
tig00000061:199007-200059   -            351 18893at4891          -            224   1.9e-10   38.0   0.2   1   1     6e-11   1.5e-09   35.0   0.2    75   136    81   153    11   245 0.59 -
tig00000038:193153-194259   -            369 18893at4891          -            224     4e-10   36.9   0.3   1   1     2e-10   5.1e-09   33.3   0.3    93   173   135   238   124   290 0.72 -
tig00000022:76226-76753     -            176 18893at4891          -            224   1.3e-09   35.2   0.0   1   1   3.6e-10   9.1e-09   32.5   0.0    98   183    12   126     3   132 0.63 -
tig00000010:173662-174660   -            333 18893at4891          -            224   2.1e-09   34.5   0.1   1   2     0.017      0.43    7.4   0.0     1    32     6    37     6    56 0.89 -
tig00000010:173662-174660   -            333 18893at4891          -            224   2.1e-09   34.5   0.1   2   2     1e-07   2.7e-06   24.4   0.0    85   138    94   153    86   237 0.83 -
tig00000061:428424-430421   -            666 18893at4891          -            224   4.5e-08   30.2   0.1   1   3      0.66        17    2.2   0.0     1    68   173   241   173   247 0.77 -
tig00000061:428424-430421   -            666 18893at4891          -            224   4.5e-08   30.2   0.1   2   3   0.00013    0.0032   14.3   0.0    95   124   329   358   320   366 0.87 -
tig00000061:428424-430421   -            666 18893at4891          -            224   4.5e-08   30.2   0.1   3   3    0.0038     0.096    9.5   0.0   156   185   437   466   429   501 0.80 -
tig00000031:301880-304912   -           1011 18893at4891          -            224   6.8e-08   29.6   0.2   1   2   1.5e-07   3.8e-06   23.9   0.2    55   126   622   706   598   711 0.69 -
tig00000031:301880-304912   -           1011 18893at4891          -            224   6.8e-08   29.6   0.2   2   2      0.51        13    2.5   0.0   154   187   792   826   772   877 0.74 -
tig00000010:111018-112001   -            328 18893at4891          -            224   1.5e-07   28.5   0.0   1   3       2.7        69    0.2   0.0     2    27     2    27     1    95 0.82 -
tig00000010:111018-112001   -            328 18893at4891          -            224   1.5e-07   28.5   0.0   2   3         1        26    1.5   0.0   113   125   183   195   175   209 0.86 -
tig00000010:111018-112001   -            328 18893at4891          -            224   1.5e-07   28.5   0.0   3   3   3.9e-07   9.9e-06   22.5   0.0   144   184   233   276   226   287 0.85 -
tig00000005:750974-753340   -            789 18893at4891          -            224   2.9e-07   27.6   0.1   1   2   0.00042     0.011   12.6   0.0    89   148   145   208   136   212 0.81 -
tig00000005:750974-753340   -            789 18893at4891          -            224   2.9e-07   27.6   0.1   2   2   0.00062     0.016   12.1   0.0   145   190   224   269   219   288 0.85 -
tig00000023:406175-406903   -            243 18893at4891          -            224   8.3e-06   22.8   0.1   1   2   1.6e-05    0.0004   17.3   0.0    88   127   113   152    90   182 0.83 -
tig00000023:406175-406903   -            243 18893at4891          -            224   8.3e-06   22.8   0.1   2   2      0.32       8.1    3.2   0.0   137   179   200   242   198   243 0.93 -
tig00000014:425910-430265   -           1452 18893at4891          -            224   1.2e-05   22.3   0.1   1   2   2.4e-06     6e-05   20.0   0.1    88   134   119   168    80   176 0.77 -
tig00000014:425910-430265   -           1452 18893at4891          -            224   1.2e-05   22.3   0.1   2   2       8.3   2.1e+02   -1.4   0.0   159   182   218   242   192   281 0.68 -
tig00000005:222783-225791   -           1003 18893at4891          -            224     2e-05   21.6   0.3   1   1   2.1e-06   5.4e-05   20.1   0.3     6   125   697   829   692   834 0.68 -
tig00000012:237049-237546   -            166 18893at4891          -            224   4.5e-05   20.4   0.0   1   1   2.4e-06   6.1e-05   20.0   0.0   119   203     1    87     1   106 0.78 -
#
# Program:         hmmsearch
# Version:         3.1b2 (February 2015)
# Pipeline mode:   SEARCH
# Query file:      /home/inf-38-2022/BINP29/longread/2/busco_downloads/lineages/saccharomycetes_odb10/hmms/18893at4891.hmm
# Target file:     /home/inf-38-2022/BINP29/longread/2/Results/04_Busco/canu/run_saccharomycetes_odb10/metaeuk_output/initial_results/asm.contigs.fasta.modified.fas
# Option settings: hmmsearch --domtblout /home/inf-38-2022/BINP29/longread/2/Results/04_Busco/canu/run_saccharomycetes_odb10/hmmer_output/initial_run_results/18893at4891.out --cpu 1 /home/inf-38-2022/BINP29/longread/2/busco_downloads/lineages/saccharomycetes_odb10/hmms/18893at4891.hmm /home/inf-38-2022/BINP29/longread/2/Results/04_Busco/canu/run_saccharomycetes_odb10/metaeuk_output/initial_results/asm.contigs.fasta.modified.fas 
# Current dir:     /home/inf-38-2022/BINP29/longread/2
# Date:            Thu Feb 23 14:06:39 2023
# [ok]
