#                                                                                   --- full sequence --- -------------- this domain -------------   hmm coord   ali coord   env coord
# target name               accession   tlen query name           accession   qlen   E-value  score  bias   #  of  c-Evalue  i-Evalue  score  bias  from    to  from    to  from    to  acc description of target
#       ------------------- ---------- ----- -------------------- ---------- ----- --------- ------ ----- --- --- --------- --------- ------ ----- ----- ----- ----- ----- ----- ----- ---- ---------------------
tig00000083:101376-102380   -            335 18954at4891          -            215   1.7e-99  329.0   8.5   1   2   4.6e-84   3.4e-82  272.5   4.7     1   185    45   279    45   293 0.87 -
tig00000083:101376-102380   -            335 18954at4891          -            215   1.7e-99  329.0   8.5   2   2   3.3e-15   2.4e-13   47.4   0.1   181   215   296   330   290   330 0.93 -
tig00000023:145899-146789   -            297 18954at4891          -            215   1.3e-84  280.3  15.1   1   2   7.8e-70   5.7e-68  225.9  10.7     2   187     7   246     6   259 0.84 -
tig00000023:145899-146789   -            297 18954at4891          -            215   1.3e-84  280.3  15.1   2   2   3.3e-13   2.4e-11   40.9   0.1   182   214   262   294   255   295 0.93 -
tig00000014:596611-597741   -            377 18954at4891          -            215     9e-40  133.8   6.0   1   5   4.5e-06   0.00033   17.5   0.1     3    32    55    84    53   102 0.84 -
tig00000014:596611-597741   -            377 18954at4891          -            215     9e-40  133.8   6.0   2   5     5e-07   3.7e-05   20.7   0.0    33    82   116   165   103   179 0.65 -
tig00000014:596611-597741   -            377 18954at4891          -            215     9e-40  133.8   6.0   3   5   1.7e-17   1.2e-15   54.9   0.0    76   153   179   264   174   271 0.87 -
tig00000014:596611-597741   -            377 18954at4891          -            215     9e-40  133.8   6.0   4   5   6.5e-07   4.8e-05   20.3   0.0   146   180   283   317   279   325 0.87 -
tig00000014:596611-597741   -            377 18954at4891          -            215     9e-40  133.8   6.0   5   5   9.1e-07   6.7e-05   19.8   0.1    31    77   326   372   321   377 0.83 -
tig00000083:348338-349252   -            305 18954at4891          -            215   6.8e-34  114.6   3.7   1   2   3.2e-09   2.4e-07   27.8   0.1     4    77     7    92     4   102 0.79 -
tig00000083:348338-349252   -            305 18954at4891          -            215   6.8e-34  114.6   3.7   2   2   2.3e-24   1.7e-22   77.3   1.0    79   214   126   302   117   303 0.76 -
tig00000010:610066-612768   -            901 18954at4891          -            215   1.9e-33  113.1   0.1   1   3   2.9e-13   2.1e-11   41.0   0.0     7    75   537   609   525   617 0.82 -
tig00000010:610066-612768   -            901 18954at4891          -            215   1.9e-33  113.1   0.1   2   3   1.4e-11     1e-09   35.5   0.0     5    77   629   707   627   709 0.86 -
tig00000010:610066-612768   -            901 18954at4891          -            215   1.9e-33  113.1   0.1   3   3   1.4e-10     1e-08   32.3   0.0     6    76   733   809   730   815 0.86 -
tig00000061:135895-136854   -            320 18954at4891          -            215   2.2e-30  103.1   2.5   1   3   1.9e-13   1.4e-11   41.7   0.1     2    89    10   106     9   113 0.82 -
tig00000061:135895-136854   -            320 18954at4891          -            215   2.2e-30  103.1   2.5   2   3   4.1e-08     3e-06   24.2   0.2     5    77   113   197   109   202 0.56 -
tig00000061:135895-136854   -            320 18954at4891          -            215   2.2e-30  103.1   2.5   3   3     3e-11   2.2e-09   34.5   0.0     6    77   218   298   214   302 0.77 -
tig00000010:592476-593453   -            326 18954at4891          -            215   7.1e-30  101.5   4.7   1   4   9.3e-12   6.8e-10   36.1   0.1     2    77    24   104    23   109 0.90 -
tig00000010:592476-593453   -            326 18954at4891          -            215   7.1e-30  101.5   4.7   2   4   5.6e-11   4.1e-09   33.6   0.3     5    80   127   219   123   234 0.78 -
tig00000010:592476-593453   -            326 18954at4891          -            215   7.1e-30  101.5   4.7   3   4    0.0011     0.084    9.7   0.0   157   182   239   264   227   274 0.82 -
tig00000010:592476-593453   -            326 18954at4891          -            215   7.1e-30  101.5   4.7   4   4   3.5e-06   0.00026   17.9   0.1    36    76   278   318   269   323 0.53 -
tig00000007:753720-754631   -            304 18954at4891          -            215   1.9e-28   96.8   1.9   1   3   3.5e-10   2.6e-08   31.0   0.0     5    80    16   105    12   117 0.78 -
tig00000007:753720-754631   -            304 18954at4891          -            215   1.9e-28   96.8   1.9   2   3   8.4e-10   6.2e-08   29.7   0.1     2    60   119   179   117   203 0.85 -
tig00000007:753720-754631   -            304 18954at4891          -            215   1.9e-28   96.8   1.9   3   3   9.5e-10     7e-08   29.6   0.1     5    74   215   292   212   299 0.82 -
tig00000022:540007-540813   -            269 18954at4891          -            215   7.1e-28   94.9   3.4   1   2   2.6e-20   1.9e-18   64.1   0.6     5   151     2   174     1   180 0.80 -
tig00000022:540007-540813   -            269 18954at4891          -            215   7.1e-28   94.9   3.4   2   2     7e-08   5.2e-06   23.5   0.1     2    75   185   269   184   269 0.80 -
tig00000061:591537-592427   -            297 18954at4891          -            215   2.3e-27   93.2   4.2   1   2   2.4e-20   1.7e-18   64.2   0.4     5   150    30   201    27   205 0.79 -
tig00000061:591537-592427   -            297 18954at4891          -            215   2.3e-27   93.2   4.2   2   2   3.1e-07   2.3e-05   21.3   0.3     2    75   213   297   212   297 0.80 -
tig00000012:342003-343094   -            364 18954at4891          -            215   8.7e-27   91.4   5.0   1   3   1.3e-17   9.8e-16   55.2   0.4     4   152    54   238    52   243 0.81 -
tig00000012:342003-343094   -            364 18954at4891          -            215   8.7e-27   91.4   5.0   2   3   2.2e-07   1.6e-05   21.8   0.1     5    35   258   288   255   306 0.86 -
tig00000012:342003-343094   -            364 18954at4891          -            215   8.7e-27   91.4   5.0   3   3     0.023       1.7    5.4   0.0   111   133   316   338   307   358 0.69 -
tig00000018:626123-626935   -            271 18954at4891          -            215   1.2e-25   87.7   1.2   1   3   1.2e-08   8.9e-07   25.9   0.2     4    79     7    73     4    85 0.89 -
tig00000018:626123-626935   -            271 18954at4891          -            215   1.2e-25   87.7   1.2   2   3   7.8e-10   5.7e-08   29.8   0.0     4    84    97   181    94   191 0.84 -
tig00000018:626123-626935   -            271 18954at4891          -            215   1.2e-25   87.7   1.2   3   3   1.6e-09   1.2e-07   28.8   0.0    81   150   198   269   191   271 0.65 -
tig00000010:307951-308847   -            299 18954at4891          -            215   2.3e-25   86.7   1.8   1   4   4.3e-09   3.1e-07   27.4   0.1     5    72     5    89     2    95 0.78 -
tig00000010:307951-308847   -            299 18954at4891          -            215   2.3e-25   86.7   1.8   2   4   2.2e-07   1.6e-05   21.8   0.0    95   156    40   102    34   116 0.76 -
tig00000010:307951-308847   -            299 18954at4891          -            215   2.3e-25   86.7   1.8   3   4   9.8e-07   7.2e-05   19.7   0.1     2    78   113   191   111   206 0.77 -
tig00000010:307951-308847   -            299 18954at4891          -            215   2.3e-25   86.7   1.8   4   4   5.3e-09   3.9e-07   27.1   0.0     5    75   209   284   205   291 0.84 -
tig00000005:90574-91626     -            351 18954at4891          -            215   1.2e-24   84.4   1.9   1   5    0.0054       0.4    7.5   0.0     6    32     9    35     5    41 0.83 -
tig00000005:90574-91626     -            351 18954at4891          -            215   1.2e-24   84.4   1.9   2   5   1.9e-07   1.4e-05   22.0   0.1    32    93    92   153    82   155 0.88 -
tig00000005:90574-91626     -            351 18954at4891          -            215   1.2e-24   84.4   1.9   3   5    0.0021      0.15    8.8   0.0     6    35   155   184   152   199 0.82 -
tig00000005:90574-91626     -            351 18954at4891          -            215   1.2e-24   84.4   1.9   4   5    0.0016      0.12    9.2   0.0   176   214   201   239   196   240 0.90 -
tig00000005:90574-91626     -            351 18954at4891          -            215   1.2e-24   84.4   1.9   5   5   1.6e-10   1.2e-08   32.1   0.0     5    76   264   346   260   350 0.82 -
tig00000012:554481-555293   -            271 18954at4891          -            215   1.6e-24   84.0   2.7   1   4   5.1e-06   0.00038   17.4   0.0    32    80    40    88     3    92 0.76 -
tig00000012:554481-555293   -            271 18954at4891          -            215   1.6e-24   84.0   2.7   2   4   6.9e-11   5.1e-09   33.3   0.1     5    80   107   192   105   213 0.79 -
tig00000012:554481-555293   -            271 18954at4891          -            215   1.6e-24   84.0   2.7   3   4   1.1e-11   8.1e-10   35.9   0.1   104   191   144   242   140   243 0.80 -
tig00000012:554481-555293   -            271 18954at4891          -            215   1.6e-24   84.0   2.7   4   4   1.7e-05    0.0013   15.7   0.0    86   133   216   268   211   271 0.79 -
tig00000005:423147-424073   -            309 18954at4891          -            215   8.6e-24   81.6   3.9   1   4   8.8e-09   6.5e-07   26.4   0.0     4    75    15    93    13   100 0.83 -
tig00000005:423147-424073   -            309 18954at4891          -            215   8.6e-24   81.6   3.9   2   4     8e-11   5.9e-09   33.1   0.1     5    94   112   204   108   209 0.85 -
tig00000005:423147-424073   -            309 18954at4891          -            215   8.6e-24   81.6   3.9   3   4    0.0015      0.11    9.3   0.0   157   183   213   239   201   253 0.79 -
tig00000005:423147-424073   -            309 18954at4891          -            215   8.6e-24   81.6   3.9   4   4   0.00069     0.051   10.4   0.1    41    76   266   301   253   305 0.71 -
tig00000061:168432-169340   -            303 18954at4891          -            215   9.3e-24   81.4   0.8   1   3     3e-09   2.2e-07   27.9   0.1    77   151    15    92     3   100 0.63 -
tig00000061:168432-169340   -            303 18954at4891          -            215   9.3e-24   81.4   0.8   2   3   9.2e-14   6.8e-12   42.7   0.0     6    83   113   192   108   198 0.91 -
tig00000061:168432-169340   -            303 18954at4891          -            215   9.3e-24   81.4   0.8   3   3    0.0042      0.31    7.8   0.0     4    76   210   285   206   294 0.62 -
tig00000007:514201-515181   -            327 18954at4891          -            215   5.6e-23   78.9   3.0   1   3   4.5e-08   3.3e-06   24.1   0.4     5    75    40   121    36   130 0.84 -
tig00000007:514201-515181   -            327 18954at4891          -            215   5.6e-23   78.9   3.0   2   3   4.7e-08   3.5e-06   24.0   0.0     8    76   145   217   138   223 0.87 -
tig00000007:514201-515181   -            327 18954at4891          -            215   5.6e-23   78.9   3.0   3   3   1.4e-09     1e-07   29.0   0.0     4    72   243   313   240   323 0.83 -
tig00000014:438743-439600   -            286 18954at4891          -            215   6.4e-23   78.7   0.2   1   3   2.3e-10   1.7e-08   31.6   0.0    83   165     6    90     1    96 0.85 -
tig00000014:438743-439600   -            286 18954at4891          -            215   6.4e-23   78.7   0.2   2   3   1.1e-06   7.9e-05   19.6   0.0     5    87   108   194   105   204 0.82 -
tig00000014:438743-439600   -            286 18954at4891          -            215   6.4e-23   78.7   0.2   3   3   7.2e-08   5.3e-06   23.4   0.0     5    75   205   281   202   285 0.81 -
tig00000022:224777-225742   -            322 18954at4891          -            215   9.9e-22   74.8   6.5   1   3   2.1e-06   0.00015   18.6   0.2     6   131    26    88    23   104 0.57 -
tig00000022:224777-225742   -            322 18954at4891          -            215   9.9e-22   74.8   6.5   2   3   1.9e-10   1.4e-08   31.8   0.1     3    76   129   212   127   220 0.79 -
tig00000022:224777-225742   -            322 18954at4891          -            215   9.9e-22   74.8   6.5   3   3   2.5e-08   1.8e-06   24.9   0.1    79   150   234   309   228   320 0.73 -
tig00000014:778503-779330   -            276 18954at4891          -            215   2.9e-21   73.3   0.3   1   3   0.00011    0.0081   13.0   0.0     5    76     1    77     1    91 0.69 -
tig00000014:778503-779330   -            276 18954at4891          -            215   2.9e-21   73.3   0.3   2   3   9.9e-08   7.3e-06   23.0   0.0     5    81    97   184    94   196 0.79 -
tig00000014:778503-779330   -            276 18954at4891          -            215   2.9e-21   73.3   0.3   3   3   6.1e-11   4.5e-09   33.5   0.1     3    75   201   276   199   276 0.81 -
tig00000018:472505-474121   -            539 18954at4891          -            215   2.9e-21   73.3   2.6   1   4      0.83        61    0.3   0.0     5    31   226   252   224   269 0.84 -
tig00000018:472505-474121   -            539 18954at4891          -            215   2.9e-21   73.3   2.6   2   4   0.00046     0.034   11.0   0.0   182   214   292   324   276   332 0.77 -
tig00000018:472505-474121   -            539 18954at4891          -            215   2.9e-21   73.3   2.6   3   4   1.2e-07   8.6e-06   22.7   0.0     4    68   345   416   342   434 0.85 -
tig00000018:472505-474121   -            539 18954at4891          -            215   2.9e-21   73.3   2.6   4   4   1.1e-11     8e-10   35.9   0.1     6    78   454   533   449   537 0.91 -
tig00000023:259865-260719   -            285 18954at4891          -            215   3.1e-21   73.2   2.3   1   3   5.3e-08   3.9e-06   23.9   0.0    83   152    20    91     4   100 0.73 -
tig00000023:259865-260719   -            285 18954at4891          -            215   3.1e-21   73.2   2.3   2   3   4.5e-10   3.3e-08   30.6   0.0     3    77   102   180    99   186 0.87 -
tig00000023:259865-260719   -            285 18954at4891          -            215   3.1e-21   73.2   2.3   3   3   5.2e-06   0.00038   17.3   0.2     3    72   204   279   202   284 0.77 -
tig00000014:164414-165289   -            292 18954at4891          -            215   6.4e-21   72.2   0.5   1   2     4e-06   0.00029   17.7   0.0    31    80    48    97     8   104 0.78 -
tig00000014:164414-165289   -            292 18954at4891          -            215   6.4e-21   72.2   0.5   2   2   6.8e-15     5e-13   46.4   0.1     6   136   116   279   112   292 0.71 -
tig00000001:247358-248257   -            300 18954at4891          -            215   1.2e-20   71.2   0.9   1   3   4.8e-06   0.00035   17.5   0.0     5    74     8    74     5    99 0.81 -
tig00000001:247358-248257   -            300 18954at4891          -            215   1.2e-20   71.2   0.9   2   3   1.6e-08   1.2e-06   25.6   0.2     5   156   115   197   105   204 0.55 -
tig00000001:247358-248257   -            300 18954at4891          -            215   1.2e-20   71.2   0.9   3   3   1.6e-08   1.2e-06   25.5   0.1    73   149   217   296   201   300 0.82 -
tig00000078:248529-249323   -            265 18954at4891          -            215   1.4e-20   71.0   0.4   1   3   5.8e-11   4.3e-09   33.5   0.0     7    76     1    72     1    78 0.89 -
tig00000078:248529-249323   -            265 18954at4891          -            215   1.4e-20   71.0   0.4   2   3   4.9e-05    0.0036   14.2   0.1   103   151   126   176    87   190 0.83 -
tig00000078:248529-249323   -            265 18954at4891          -            215   1.4e-20   71.0   0.4   3   3     1e-06   7.4e-05   19.7   0.0    78   134   194   252   187   264 0.71 -
tig00000007:570836-571675   -            280 18954at4891          -            215   1.5e-20   70.9   1.8   1   3   3.8e-08   2.8e-06   24.3   0.0     4    80     5    85     2    93 0.85 -
tig00000007:570836-571675   -            280 18954at4891          -            215   1.5e-20   70.9   1.8   2   3   2.6e-06   0.00019   18.3   0.1     4    76    99   180    97   186 0.77 -
tig00000007:570836-571675   -            280 18954at4891          -            215   1.5e-20   70.9   1.8   3   3   9.1e-09   6.7e-07   26.4   0.0     5    80   206   280   203   280 0.95 -
tig00000014:406810-407661   -            284 18954at4891          -            215   1.9e-20   70.6   1.2   1   2   3.1e-06   0.00023   18.1   0.0    29    77    46    94     7   101 0.62 -
tig00000014:406810-407661   -            284 18954at4891          -            215   1.9e-20   70.6   1.2   2   2   2.3e-14   1.7e-12   44.6   0.3     6   132   116   275   111   280 0.72 -
tig00000038:27920-28807     -            296 18954at4891          -            215   7.8e-20   68.6   2.2   1   4     8e-05    0.0059   13.5   0.0   151   188     3    40     1    64 0.88 -
tig00000038:27920-28807     -            296 18954at4891          -            215   7.8e-20   68.6   2.2   2   4     0.099       7.3    3.3   0.0     5    29    99   123    96   137 0.86 -
tig00000038:27920-28807     -            296 18954at4891          -            215   7.8e-20   68.6   2.2   3   4   6.1e-05    0.0045   13.8   0.0   107   156   161   211   149   227 0.79 -
tig00000038:27920-28807     -            296 18954at4891          -            215   7.8e-20   68.6   2.2   4   4   9.3e-12   6.9e-10   36.1   0.5    78   148   215   294   211   296 0.75 -
tig00000010:683253-684068   -            272 18954at4891          -            215   1.4e-18   64.6   0.2   1   3   2.2e-08   1.6e-06   25.1   0.0    82   153     4    78     1    94 0.51 -
tig00000010:683253-684068   -            272 18954at4891          -            215   1.4e-18   64.6   0.2   2   3   5.6e-06   0.00041   17.2   0.0     6    79    96   173    92   178 0.75 -
tig00000010:683253-684068   -            272 18954at4891          -            215   1.4e-18   64.6   0.2   3   3   4.4e-06   0.00032   17.6   0.0     5    75   194   270   191   272 0.82 -
tig00000031:462907-463902   -            332 18954at4891          -            215     3e-18   63.4   5.3   1   4   5.1e-08   3.8e-06   23.9   0.0     5    78    13    95     9   101 0.84 -
tig00000031:462907-463902   -            332 18954at4891          -            215     3e-18   63.4   5.3   2   4   0.00012    0.0089   12.9   0.0   149   213   105   168    98   170 0.83 -
tig00000031:462907-463902   -            332 18954at4891          -            215     3e-18   63.4   5.3   3   4      0.09       6.6    3.5   0.1    52    72   178   198   174   209 0.64 -
tig00000031:462907-463902   -            332 18954at4891          -            215     3e-18   63.4   5.3   4   4    0.0014       0.1    9.4   0.0   156   183   244   271   235   279 0.78 -
tig00000008:7164-7976       -            271 18954at4891          -            215   1.1e-17   61.7   1.3   1   3   3.6e-08   2.6e-06   24.4   0.0     4    80     5    85     2    93 0.85 -
tig00000008:7164-7976       -            271 18954at4891          -            215   1.1e-17   61.7   1.3   2   3   2.4e-06   0.00018   18.4   0.1     4    76    99   180    97   186 0.77 -
tig00000008:7164-7976       -            271 18954at4891          -            215   1.1e-17   61.7   1.3   3   3   1.1e-05   0.00083   16.2   0.0     5    57   206   257   203   263 0.90 -
tig00000059:2725-3303       -            193 18954at4891          -            215   1.7e-16   57.7   0.3   1   2     2e-05    0.0015   15.4   0.0    33    80     1    48     1    55 0.91 -
tig00000059:2725-3303       -            193 18954at4891          -            215   1.7e-16   57.7   0.3   2   2   9.8e-12   7.2e-10   36.1   0.1     6    80    67   151    63   175 0.78 -
tig00000012:183585-184508   -            308 18954at4891          -            215   7.1e-14   49.2   0.3   1   3     1e-05   0.00075   16.4   0.0    19    58    33    72    18    80 0.85 -
tig00000012:183585-184508   -            308 18954at4891          -            215   7.1e-14   49.2   0.3   2   3   4.3e-05    0.0032   14.3   0.1    12    71   121   184   107   193 0.78 -
tig00000012:183585-184508   -            308 18954at4891          -            215   7.1e-14   49.2   0.3   3   3   2.9e-05    0.0021   14.9   0.0    20    66   228   282   213   303 0.66 -
tig00000001:104336-105235   -            300 18954at4891          -            215   1.2e-13   48.4   0.0   1   3      0.15        11    2.8   0.0     6    74    16    88    11    93 0.66 -
tig00000001:104336-105235   -            300 18954at4891          -            215   1.2e-13   48.4   0.0   2   3   1.4e-05     0.001   15.9   0.0     6    55   121   173   118   183 0.83 -
tig00000001:104336-105235   -            300 18954at4891          -            215   1.2e-13   48.4   0.0   3   3   1.2e-08   8.9e-07   26.0   0.0     5    72   218   285   212   291 0.69 -
tig00000010:800760-801431   -            224 18954at4891          -            215   9.4e-13   45.5   5.0   1   3   0.00053     0.039   10.8   0.7    43    76     2    35     1    41 0.92 -
tig00000010:800760-801431   -            224 18954at4891          -            215   9.4e-13   45.5   5.0   2   3   4.6e-05    0.0034   14.3   0.0    74   151    64   146    59   162 0.79 -
tig00000010:800760-801431   -            224 18954at4891          -            215   9.4e-13   45.5   5.0   3   3   3.4e-07   2.5e-05   21.2   0.0     7    58   167   220   160   223 0.56 -
tig00000001:1380292-1381776 -            495 18954at4891          -            215    0.0095   12.8   0.1   1   2      0.48        36    1.1   0.0    37    55   225   243   214   269 0.71 -
tig00000001:1380292-1381776 -            495 18954at4891          -            215    0.0095   12.8   0.1   2   2    0.0046      0.34    7.7   0.0    78   108   291   321   284   331 0.84 -
#
# Program:         hmmsearch
# Version:         3.1b2 (February 2015)
# Pipeline mode:   SEARCH
# Query file:      /home/inf-38-2022/BINP29/longread/2/busco_downloads/lineages/saccharomycetes_odb10/hmms/18954at4891.hmm
# Target file:     /home/inf-38-2022/BINP29/longread/2/Results/04_Busco/canu/run_saccharomycetes_odb10/metaeuk_output/initial_results/asm.contigs.fasta.modified.fas
# Option settings: hmmsearch --domtblout /home/inf-38-2022/BINP29/longread/2/Results/04_Busco/canu/run_saccharomycetes_odb10/hmmer_output/initial_run_results/18954at4891.out --cpu 1 /home/inf-38-2022/BINP29/longread/2/busco_downloads/lineages/saccharomycetes_odb10/hmms/18954at4891.hmm /home/inf-38-2022/BINP29/longread/2/Results/04_Busco/canu/run_saccharomycetes_odb10/metaeuk_output/initial_results/asm.contigs.fasta.modified.fas 
# Current dir:     /home/inf-38-2022/BINP29/longread/2
# Date:            Thu Feb 23 14:06:40 2023
# [ok]
