#                                                                               --- full sequence --- -------------- this domain -------------   hmm coord   ali coord   env coord
# target name           accession   tlen query name           accession   qlen   E-value  score  bias   #  of  c-Evalue  i-Evalue  score  bias  from    to  from    to  from    to  acc description of target
#   ------------------- ---------- ----- -------------------- ---------- ----- --------- ------ ----- --- --- --------- --------- ------ ----- ----- ----- ----- ----- ----- ----- ---- ---------------------
tig00000005:54787-57936 -           1050 1906at4891           -            608  1.7e-225  747.5  85.3   1   8   3.1e-07   0.00085   15.3   2.3     7    27    37    57    32    72 0.91 -
tig00000005:54787-57936 -           1050 1906at4891           -            608  1.7e-225  747.5  85.3   2   8     0.011        31    0.2   0.1    26    44   196   214   188   221 0.80 -
tig00000005:54787-57936 -           1050 1906at4891           -            608  1.7e-225  747.5  85.3   3   8   0.00014      0.39    6.5   0.1    39    61   235   257   224   278 0.84 -
tig00000005:54787-57936 -           1050 1906at4891           -            608  1.7e-225  747.5  85.3   4   8   1.9e-05     0.053    9.3   1.3    56    89   299   332   281   350 0.82 -
tig00000005:54787-57936 -           1050 1906at4891           -            608  1.7e-225  747.5  85.3   5   8  2.3e-189  6.2e-186  616.8  16.6    78   490   367   835   354   842 0.87 -
tig00000005:54787-57936 -           1050 1906at4891           -            608  1.7e-225  747.5  85.3   6   8   8.1e-13   2.2e-09   33.7   1.5   476   511   840   875   834   877 0.92 -
tig00000005:54787-57936 -           1050 1906at4891           -            608  1.7e-225  747.5  85.3   7   8   7.9e-17   2.2e-13   47.0  15.6   509   591   900   985   878  1006 0.79 -
tig00000005:54787-57936 -           1050 1906at4891           -            608  1.7e-225  747.5  85.3   8   8     2e-15   5.6e-12   42.3   3.7   578   608  1016  1046  1008  1046 0.91 -
#
# Program:         hmmsearch
# Version:         3.1b2 (February 2015)
# Pipeline mode:   SEARCH
# Query file:      /home/inf-38-2022/BINP29/longread/2/busco_downloads/lineages/saccharomycetes_odb10/hmms/1906at4891.hmm
# Target file:     /home/inf-38-2022/BINP29/longread/2/Results/04_Busco/canu/run_saccharomycetes_odb10/metaeuk_output/initial_results/asm.contigs.fasta.modified.fas
# Option settings: hmmsearch --domtblout /home/inf-38-2022/BINP29/longread/2/Results/04_Busco/canu/run_saccharomycetes_odb10/hmmer_output/initial_run_results/1906at4891.out --cpu 1 /home/inf-38-2022/BINP29/longread/2/busco_downloads/lineages/saccharomycetes_odb10/hmms/1906at4891.hmm /home/inf-38-2022/BINP29/longread/2/Results/04_Busco/canu/run_saccharomycetes_odb10/metaeuk_output/initial_results/asm.contigs.fasta.modified.fas 
# Current dir:     /home/inf-38-2022/BINP29/longread/2
# Date:            Thu Feb 23 14:06:40 2023
# [ok]
