#                                                                                 --- full sequence --- -------------- this domain -------------   hmm coord   ali coord   env coord
# target name             accession   tlen query name           accession   qlen   E-value  score  bias   #  of  c-Evalue  i-Evalue  score  bias  from    to  from    to  from    to  acc description of target
#     ------------------- ---------- ----- -------------------- ---------- ----- --------- ------ ----- --- --- --------- --------- ------ ----- ----- ----- ----- ----- ----- ----- ---- ---------------------
tig00000001:833282-834712 -            477 20167at4891          -            293   9.2e-67  222.4  28.9   1   4   2.9e-12   1.6e-09   34.5   0.1     3    60     4    72     2    82 0.85 -
tig00000001:833282-834712 -            477 20167at4891          -            293   9.2e-67  222.4  28.9   2   4   2.5e-15   1.4e-12   44.6   4.8    57   141   104   211    71   225 0.80 -
tig00000001:833282-834712 -            477 20167at4891          -            293   9.2e-67  222.4  28.9   3   4     9e-19   4.9e-16   55.9   0.8   143   183   236   278   213   284 0.87 -
tig00000001:833282-834712 -            477 20167at4891          -            293   9.2e-67  222.4  28.9   4   4   7.3e-31     4e-28   95.6   5.9   190   291   315   436   303   438 0.83 -
tig00000001:950748-952217 -            490 20167at4891          -            293   1.3e-08   31.5   2.4   1   2   1.7e-08   9.1e-06   22.2   0.1     5   118     9   137     5   161 0.71 -
tig00000001:950748-952217 -            490 20167at4891          -            293   1.3e-08   31.5   2.4   2   2    0.0002      0.11    8.8   0.2   190   217   255   281   220   297 0.90 -
tig00000031:231961-232818 -            286 20167at4891          -            293   8.6e-08   28.8   3.7   1   1   3.4e-08   1.9e-05   21.2   3.7   135   184   164   217    26   274 0.85 -
tig00000014:289202-290224 -            341 20167at4891          -            293   2.5e-07   27.3   0.8   1   3      0.39   2.2e+02   -2.0   0.0    45   110    26    97    10   109 0.54 -
tig00000014:289202-290224 -            341 20167at4891          -            293   2.5e-07   27.3   0.8   2   3      0.05        28    0.9   0.0   167   183   184   200   146   211 0.87 -
tig00000014:289202-290224 -            341 20167at4891          -            293   2.5e-07   27.3   0.8   3   3   5.4e-09     3e-06   23.8   0.1   190   223   297   330   292   338 0.92 -
tig00000010:167516-168280 -            255 20167at4891          -            293   9.9e-07   25.4   5.0   1   2     0.075        41    0.3   0.0    88   127     4    40     2    61 0.64 -
tig00000010:167516-168280 -            255 20167at4891          -            293   9.9e-07   25.4   5.0   2   2     2e-08   1.1e-05   21.9   4.2    84   221    42   196    21   202 0.62 -
#
# Program:         hmmsearch
# Version:         3.1b2 (February 2015)
# Pipeline mode:   SEARCH
# Query file:      /home/inf-38-2022/BINP29/longread/2/busco_downloads/lineages/saccharomycetes_odb10/hmms/20167at4891.hmm
# Target file:     /home/inf-38-2022/BINP29/longread/2/Results/04_Busco/canu/run_saccharomycetes_odb10/metaeuk_output/initial_results/asm.contigs.fasta.modified.fas
# Option settings: hmmsearch --domtblout /home/inf-38-2022/BINP29/longread/2/Results/04_Busco/canu/run_saccharomycetes_odb10/hmmer_output/initial_run_results/20167at4891.out --cpu 1 /home/inf-38-2022/BINP29/longread/2/busco_downloads/lineages/saccharomycetes_odb10/hmms/20167at4891.hmm /home/inf-38-2022/BINP29/longread/2/Results/04_Busco/canu/run_saccharomycetes_odb10/metaeuk_output/initial_results/asm.contigs.fasta.modified.fas 
# Current dir:     /home/inf-38-2022/BINP29/longread/2
# Date:            Thu Feb 23 14:06:44 2023
# [ok]
