#                                                                                 --- full sequence --- -------------- this domain -------------   hmm coord   ali coord   env coord
# target name             accession   tlen query name           accession   qlen   E-value  score  bias   #  of  c-Evalue  i-Evalue  score  bias  from    to  from    to  from    to  acc description of target
#     ------------------- ---------- ----- -------------------- ---------- ----- --------- ------ ----- --- --- --------- --------- ------ ----- ----- ----- ----- ----- ----- ----- ---- ---------------------
tig00000022:496168-497082 -            305 20394at4891          -            247  1.7e-122  404.8   6.0   1   2  3.9e-108  2.7e-105  348.5   1.5     1   216     4   251     4   264 0.91 -
tig00000022:496168-497082 -            305 20394at4891          -            247  1.7e-122  404.8   6.0   2   2   2.1e-19   1.4e-16   57.9   0.2   213   247   271   305   254   305 0.93 -
tig00000005:453956-455857 -            634 20394at4891          -            247   8.2e-09   32.5   0.1   1   2   6.8e-09   4.6e-06   23.5   0.1   124   208   408   502   353   517 0.82 -
tig00000005:453956-455857 -            634 20394at4891          -            247   8.2e-09   32.5   0.1   2   2   0.00093      0.64    6.6   0.0   211   237   597   623   587   629 0.86 -
tig00000010:777165-778397 -            411 20394at4891          -            247   1.2e-08   31.9   0.1   1   2   1.7e-09   1.2e-06   25.4   0.1   135   199   247   315   240   345 0.82 -
tig00000010:777165-778397 -            411 20394at4891          -            247   1.2e-08   31.9   0.1   2   2    0.0057       3.9    4.0   0.0   213   236   378   401   365   408 0.85 -
tig00000078:356916-358013 -            366 20394at4891          -            247   2.4e-08   31.0   0.2   1   2   7.7e-11   5.3e-08   29.8   0.0   130   210   218   299   181   311 0.86 -
tig00000078:356916-358013 -            366 20394at4891          -            247   2.4e-08   31.0   0.2   2   2       1.1   7.2e+02   -3.4   0.0   214   235   327   348   321   351 0.84 -
#
# Program:         hmmsearch
# Version:         3.1b2 (February 2015)
# Pipeline mode:   SEARCH
# Query file:      /home/inf-38-2022/BINP29/longread/2/busco_downloads/lineages/saccharomycetes_odb10/hmms/20394at4891.hmm
# Target file:     /home/inf-38-2022/BINP29/longread/2/Results/04_Busco/canu/run_saccharomycetes_odb10/metaeuk_output/initial_results/asm.contigs.fasta.modified.fas
# Option settings: hmmsearch --domtblout /home/inf-38-2022/BINP29/longread/2/Results/04_Busco/canu/run_saccharomycetes_odb10/hmmer_output/initial_run_results/20394at4891.out --cpu 1 /home/inf-38-2022/BINP29/longread/2/busco_downloads/lineages/saccharomycetes_odb10/hmms/20394at4891.hmm /home/inf-38-2022/BINP29/longread/2/Results/04_Busco/canu/run_saccharomycetes_odb10/metaeuk_output/initial_results/asm.contigs.fasta.modified.fas 
# Current dir:     /home/inf-38-2022/BINP29/longread/2
# Date:            Thu Feb 23 14:06:45 2023
# [ok]
