#                                                                                 --- full sequence --- -------------- this domain -------------   hmm coord   ali coord   env coord
# target name             accession   tlen query name           accession   qlen   E-value  score  bias   #  of  c-Evalue  i-Evalue  score  bias  from    to  from    to  from    to  acc description of target
#     ------------------- ---------- ----- -------------------- ---------- ----- --------- ------ ----- --- --- --------- --------- ------ ----- ----- ----- ----- ----- ----- ----- ---- ---------------------
tig00000010:791458-795048 -           1197 21089at4891          -            585  5.5e-138  458.1  36.0   1   6   2.4e-59   2.2e-56  188.6   6.5     7   144    90   246    87   257 0.90 -
tig00000010:791458-795048 -           1197 21089at4891          -            585  5.5e-138  458.1  36.0   2   6   4.3e-17   3.9e-14   49.1   0.5   135   256   301   467   296   492 0.73 -
tig00000010:791458-795048 -           1197 21089at4891          -            585  5.5e-138  458.1  36.0   3   6   0.00014      0.13    7.8   0.1   253   282   498   527   484   538 0.84 -
tig00000010:791458-795048 -           1197 21089at4891          -            585  5.5e-138  458.1  36.0   4   6   2.3e-35   2.1e-32  109.5   0.2   306   461   642   830   611   836 0.80 -
tig00000010:791458-795048 -           1197 21089at4891          -            585  5.5e-138  458.1  36.0   5   6   1.1e-33     1e-30  103.9   0.4   448   553   855   976   852   989 0.84 -
tig00000010:791458-795048 -           1197 21089at4891          -            585  5.5e-138  458.1  36.0   6   6   5.3e-07   0.00049   15.8   0.5   543   585  1018  1069  1000  1069 0.83 -
tig00000078:173893-176781 -            963 21089at4891          -            585   1.3e-43  146.4  18.7   1   5   1.4e-35   1.2e-32  110.2   3.7     6   143    84   234    82   236 0.86 -
tig00000078:173893-176781 -            963 21089at4891          -            585   1.3e-43  146.4  18.7   2   5   0.00013      0.12    7.9   0.0   160   250   288   400   285   410 0.73 -
tig00000078:173893-176781 -            963 21089at4891          -            585   1.3e-43  146.4  18.7   3   5   2.1e-06    0.0019   13.8   0.4   302   440   522   674   512   697 0.70 -
tig00000078:173893-176781 -            963 21089at4891          -            585   1.3e-43  146.4  18.7   4   5   2.1e-08   1.9e-05   20.5   0.1   462   536   743   825   723   857 0.76 -
tig00000078:173893-176781 -            963 21089at4891          -            585   1.3e-43  146.4  18.7   5   5     0.016        14    1.0   0.3   556   583   874   901   844   903 0.71 -
tig00000078:582787-584172 -            462 21089at4891          -            585   3.1e-08   29.6   0.0   1   1   5.9e-11   5.4e-08   28.8   0.0     9   142    92   231    88   233 0.90 -
#
# Program:         hmmsearch
# Version:         3.1b2 (February 2015)
# Pipeline mode:   SEARCH
# Query file:      /home/inf-38-2022/BINP29/longread/2/busco_downloads/lineages/saccharomycetes_odb10/hmms/21089at4891.hmm
# Target file:     /home/inf-38-2022/BINP29/longread/2/Results/04_Busco/canu/run_saccharomycetes_odb10/metaeuk_output/initial_results/asm.contigs.fasta.modified.fas
# Option settings: hmmsearch --domtblout /home/inf-38-2022/BINP29/longread/2/Results/04_Busco/canu/run_saccharomycetes_odb10/hmmer_output/initial_run_results/21089at4891.out --cpu 1 /home/inf-38-2022/BINP29/longread/2/busco_downloads/lineages/saccharomycetes_odb10/hmms/21089at4891.hmm /home/inf-38-2022/BINP29/longread/2/Results/04_Busco/canu/run_saccharomycetes_odb10/metaeuk_output/initial_results/asm.contigs.fasta.modified.fas 
# Current dir:     /home/inf-38-2022/BINP29/longread/2
# Date:            Thu Feb 23 14:06:47 2023
# [ok]
