#                                                                                 --- full sequence --- -------------- this domain -------------   hmm coord   ali coord   env coord
# target name             accession   tlen query name           accession   qlen   E-value  score  bias   #  of  c-Evalue  i-Evalue  score  bias  from    to  from    to  from    to  acc description of target
#     ------------------- ---------- ----- -------------------- ---------- ----- --------- ------ ----- --- --- --------- --------- ------ ----- ----- ----- ----- ----- ----- ----- ---- ---------------------
tig00000014:538757-539881 -            375 21145at4891          -            281  4.8e-109  361.1  20.4   1   2   1.2e-62   8.4e-60  199.5  15.4     1   172    26   220    26   233 0.80 -
tig00000014:538757-539881 -            375 21145at4891          -            281  4.8e-109  361.1  20.4   2   2   1.9e-51   1.3e-48  162.8   3.5   139   281   218   374   195   374 0.81 -
tig00000005:362518-364041 -            508 21145at4891          -            281   1.3e-13   48.0   2.9   1   1     3e-16     2e-13   47.3   2.9    46   136    10   108     3   123 0.80 -
tig00000018:399839-401707 -            623 21145at4891          -            281   1.2e-10   38.2  11.2   1   3   1.6e-11   1.1e-08   31.8   0.6    39   116   101   182    94   241 0.83 -
tig00000018:399839-401707 -            623 21145at4891          -            281   1.2e-10   38.2  11.2   2   3     0.099        68   -0.3   0.1   109   156   297   344   263   372 0.66 -
tig00000018:399839-401707 -            623 21145at4891          -            281   1.2e-10   38.2  11.2   3   3   2.3e-05     0.016   11.6   1.0    57   124   386   458   380   505 0.80 -
tig00000031:218921-220834 -            638 21145at4891          -            281   3.3e-10   36.8   1.2   1   2   1.3e-11   8.6e-09   32.2   0.1    31   121   114   209   105   298 0.80 -
tig00000031:218921-220834 -            638 21145at4891          -            281   3.3e-10   36.8   1.2   2   2     0.012       8.2    2.7   0.2    59   114   396   453   389   474 0.77 -
#
# Program:         hmmsearch
# Version:         3.1b2 (February 2015)
# Pipeline mode:   SEARCH
# Query file:      /home/inf-38-2022/BINP29/longread/2/busco_downloads/lineages/saccharomycetes_odb10/hmms/21145at4891.hmm
# Target file:     /home/inf-38-2022/BINP29/longread/2/Results/04_Busco/canu/run_saccharomycetes_odb10/metaeuk_output/initial_results/asm.contigs.fasta.modified.fas
# Option settings: hmmsearch --domtblout /home/inf-38-2022/BINP29/longread/2/Results/04_Busco/canu/run_saccharomycetes_odb10/hmmer_output/initial_run_results/21145at4891.out --cpu 1 /home/inf-38-2022/BINP29/longread/2/busco_downloads/lineages/saccharomycetes_odb10/hmms/21145at4891.hmm /home/inf-38-2022/BINP29/longread/2/Results/04_Busco/canu/run_saccharomycetes_odb10/metaeuk_output/initial_results/asm.contigs.fasta.modified.fas 
# Current dir:     /home/inf-38-2022/BINP29/longread/2
# Date:            Thu Feb 23 14:06:47 2023
# [ok]
