#                                                                                   --- full sequence --- -------------- this domain -------------   hmm coord   ali coord   env coord
# target name               accession   tlen query name           accession   qlen   E-value  score  bias   #  of  c-Evalue  i-Evalue  score  bias  from    to  from    to  from    to  acc description of target
#       ------------------- ---------- ----- -------------------- ---------- ----- --------- ------ ----- --- --- --------- --------- ------ ----- ----- ----- ----- ----- ----- ----- ---- ---------------------
tig00000018:604043-605371   -            443 21160at4891          -            242  2.9e-102  338.5   4.1   1   2   7.6e-64     1e-61  205.7   5.9     6   167    60   245    54   272 0.87 -
tig00000018:604043-605371   -            443 21160at4891          -            242  2.9e-102  338.5   4.1   2   2   2.3e-40   3.2e-38  128.8   0.0   157   242   315   405   312   405 0.89 -
tig00000023:505392-507110   -            573 21160at4891          -            242   7.9e-55  183.2   0.3   1   3   3.2e-13   4.4e-11   40.0   0.0    70   154    30   116    13   124 0.90 -
tig00000023:505392-507110   -            573 21160at4891          -            242   7.9e-55  183.2   0.3   2   3   2.1e-27   2.9e-25   86.4   0.1    77   238   125   293   118   297 0.91 -
tig00000023:505392-507110   -            573 21160at4891          -            242   7.9e-55  183.2   0.3   3   3   2.4e-17   3.3e-15   53.5   0.0    74   162   318   407   298   419 0.85 -
tig00000031:283864-284850   -            329 21160at4891          -            242   1.6e-42  142.9   0.0   1   3   3.5e-05    0.0048   13.6   0.0    80   159     1    95     1   105 0.65 -
tig00000031:283864-284850   -            329 21160at4891          -            242   1.6e-42  142.9   0.0   2   3   1.3e-21   1.8e-19   67.4   0.3    75   171   105   205    96   232 0.82 -
tig00000031:283864-284850   -            329 21160at4891          -            242   1.6e-42  142.9   0.0   3   3     1e-17   1.4e-15   54.7   0.0   166   240   255   329   242   329 0.94 -
tig00000014:643085-644017   -            311 21160at4891          -            242   9.1e-38  127.3   0.0   1   3       0.1        14    2.3   0.0   120   137     1    18     1    25 0.82 -
tig00000014:643085-644017   -            311 21160at4891          -            242   9.1e-38  127.3   0.0   2   3   5.5e-22   7.6e-20   68.6   0.1    59   167    38   155    30   177 0.80 -
tig00000014:643085-644017   -            311 21160at4891          -            242   9.1e-38  127.3   0.0   3   3   4.4e-17   6.1e-15   52.6   0.0   156   240   218   302   204   304 0.94 -
tig00000005:293050-294291   -            414 21160at4891          -            242   4.5e-33  111.9   0.0   1   2   1.4e-25   1.9e-23   80.4   0.0    73   200   163   298   153   302 0.84 -
tig00000005:293050-294291   -            414 21160at4891          -            242   4.5e-33  111.9   0.0   2   2     2e-12   2.7e-10   37.4   0.0    76   155   265   346   260   351 0.91 -
tig00000038:69603-70709     -            369 21160at4891          -            242   2.1e-32  109.8   2.0   1   3   1.1e-24   1.5e-22   77.5   0.0    80   237     1   158     1   163 0.90 -
tig00000038:69603-70709     -            369 21160at4891          -            242   2.1e-32  109.8   2.0   2   3   2.8e-07   3.8e-05   20.5   0.1   154   237   195   283   170   288 0.74 -
tig00000038:69603-70709     -            369 21160at4891          -            242   2.1e-32  109.8   2.0   3   3   0.00035     0.048   10.4   0.0    75   142   298   366   290   369 0.89 -
tig00000010:479365-481371   -            669 21160at4891          -            242   3.7e-31  105.7   3.6   1   4   7.7e-16     1e-13   48.5   0.3    78   169    10   102     2   116 0.87 -
tig00000010:479365-481371   -            669 21160at4891          -            242   3.7e-31  105.7   3.6   2   4   0.00039     0.054   10.2   0.0    95   157   150   212   144   224 0.82 -
tig00000010:479365-481371   -            669 21160at4891          -            242   3.7e-31  105.7   3.6   3   4   5.7e-08   7.8e-06   22.8   0.1    73   137   269   334   234   340 0.91 -
tig00000010:479365-481371   -            669 21160at4891          -            242   3.7e-31  105.7   3.6   4   4     1e-07   1.4e-05   21.9   0.0    99   138   515   557   442   588 0.84 -
tig00000010:758671-761331   -            887 21160at4891          -            242   6.7e-31  104.8   0.9   1   4   9.7e-05     0.013   12.2   0.0   111   153    51    93    41   110 0.83 -
tig00000010:758671-761331   -            887 21160at4891          -            242   6.7e-31  104.8   0.9   2   4   1.9e-08   2.6e-06   24.3   0.0    90   153   358   422   338   440 0.79 -
tig00000010:758671-761331   -            887 21160at4891          -            242   6.7e-31  104.8   0.9   3   4     0.021       2.9    4.5   0.0   163   229   526   592   509   602 0.88 -
tig00000010:758671-761331   -            887 21160at4891          -            242   6.7e-31  104.8   0.9   4   4   7.3e-19   9.9e-17   58.4   0.3    76   240   661   839   652   845 0.81 -
tig00000007:89169-89801     -            211 21160at4891          -            242   1.2e-28   97.5   0.2   1   2     3e-13   4.1e-11   40.1   0.0    80   147     1    68     1    77 0.86 -
tig00000007:89169-89801     -            211 21160at4891          -            242   1.2e-28   97.5   0.2   2   2   3.8e-18   5.2e-16   56.1   0.1    72   163    77   169    63   179 0.91 -
tig00000031:431155-432288   -            378 21160at4891          -            242   3.7e-23   79.5   2.5   1   3   1.8e-19   2.5e-17   60.4   0.5    79   237     2   160     1   165 0.86 -
tig00000031:431155-432288   -            378 21160at4891          -            242   3.7e-23   79.5   2.5   2   3   1.2e-06   0.00016   18.5   0.0   163   242   197   280   187   280 0.85 -
tig00000031:431155-432288   -            378 21160at4891          -            242   3.7e-23   79.5   2.5   3   3         3   4.1e+02   -2.5   0.0    12    31   292   311   285   340 0.61 -
tig00000005:104913-106247   -            445 21160at4891          -            242   5.3e-22   75.7   0.0   1   4   7.7e-10   1.1e-07   28.9   0.0    79   179     2   111     1   130 0.78 -
tig00000005:104913-106247   -            445 21160at4891          -            242   5.3e-22   75.7   0.0   2   4   3.2e-05    0.0044   13.7   0.0   118   166   187   236   181   264 0.83 -
tig00000005:104913-106247   -            445 21160at4891          -            242   5.3e-22   75.7   0.0   3   4    0.0024      0.32    7.6   0.0   165   202   342   379   337   393 0.83 -
tig00000005:104913-106247   -            445 21160at4891          -            242   5.3e-22   75.7   0.0   4   4   3.8e-07   5.2e-05   20.1   0.0   111   154   399   444   389   445 0.79 -
tig00000018:308558-309709   -            384 21160at4891          -            242   4.2e-15   53.1   0.9   1   2   0.00058     0.079    9.6   0.2    67   154   113   201    97   217 0.75 -
tig00000018:308558-309709   -            384 21160at4891          -            242   4.2e-15   53.1   0.9   2   2   2.3e-13   3.2e-11   40.4   0.0    74   164   217   312   210   330 0.80 -
tig00000037:240675-241250   -            192 21160at4891          -            242   9.4e-13   45.4   0.5   1   2   2.9e-07   3.9e-05   20.5   0.1    73   146    15    88     6    95 0.84 -
tig00000037:240675-241250   -            192 21160at4891          -            242   9.4e-13   45.4   0.5   2   2   3.5e-08   4.8e-06   23.4   0.0    69   149   108   189   100   191 0.90 -
tig00000005:689361-690242   -            294 21160at4891          -            242   5.9e-12   42.8   0.1   1   1   1.5e-13   2.1e-11   41.0   0.1    80   170    20   112     8   138 0.84 -
tig00000083:81260-81643     -            128 21160at4891          -            242     4e-10   36.8   0.0   1   1   3.3e-12   4.6e-10   36.6   0.0    68   153    18   105     5   122 0.81 -
tig00000007:246186-247562   -            459 21160at4891          -            242   4.3e-09   33.4   0.0   1   2     0.036       4.9    3.8   0.0   153   179   132   158   112   175 0.77 -
tig00000007:246186-247562   -            459 21160at4891          -            242   4.3e-09   33.4   0.0   2   2   3.4e-09   4.7e-07   26.8   0.0    68   140   269   342   253   369 0.84 -
tig00000018:418965-419486   -            174 21160at4891          -            242   5.7e-09   33.0   0.1   1   2     0.001      0.14    8.9   0.0   155   204    32    80    16    81 0.76 -
tig00000018:418965-419486   -            174 21160at4891          -            242   5.7e-09   33.0   0.1   2   2   8.2e-10   1.1e-07   28.8   0.0    80   142    47   110    32   137 0.83 -
tig00000001:1305058-1305873 -            272 21160at4891          -            242   3.2e-05   20.8   0.0   1   1     4e-07   5.5e-05   20.0   0.0   100   152   214   267   178   271 0.71 -
tig00000018:173766-175472   -            569 21160at4891          -            242   0.00074   16.3   0.0   1   1   8.2e-06    0.0011   15.7   0.0   167   239   337   407   304   409 0.87 -
tig00000001:86893-87900     -            336 21160at4891          -            242    0.0069   13.1   0.0   1   1   0.00011     0.015   12.0   0.0   164   228   127   200   111   205 0.77 -
#
# Program:         hmmsearch
# Version:         3.1b2 (February 2015)
# Pipeline mode:   SEARCH
# Query file:      /home/inf-38-2022/BINP29/longread/2/busco_downloads/lineages/saccharomycetes_odb10/hmms/21160at4891.hmm
# Target file:     /home/inf-38-2022/BINP29/longread/2/Results/04_Busco/canu/run_saccharomycetes_odb10/metaeuk_output/initial_results/asm.contigs.fasta.modified.fas
# Option settings: hmmsearch --domtblout /home/inf-38-2022/BINP29/longread/2/Results/04_Busco/canu/run_saccharomycetes_odb10/hmmer_output/initial_run_results/21160at4891.out --cpu 1 /home/inf-38-2022/BINP29/longread/2/busco_downloads/lineages/saccharomycetes_odb10/hmms/21160at4891.hmm /home/inf-38-2022/BINP29/longread/2/Results/04_Busco/canu/run_saccharomycetes_odb10/metaeuk_output/initial_results/asm.contigs.fasta.modified.fas 
# Current dir:     /home/inf-38-2022/BINP29/longread/2
# Date:            Thu Feb 23 14:06:48 2023
# [ok]
