#                                                                                   --- full sequence --- -------------- this domain -------------   hmm coord   ali coord   env coord
# target name               accession   tlen query name           accession   qlen   E-value  score  bias   #  of  c-Evalue  i-Evalue  score  bias  from    to  from    to  from    to  acc description of target
#       ------------------- ---------- ----- -------------------- ---------- ----- --------- ------ ----- --- --- --------- --------- ------ ----- ----- ----- ----- ----- ----- ----- ---- ---------------------
tig00000005:90574-91626     -            351 21192at4891          -            233   1.2e-98  326.9  10.6   1   3   7.5e-16   5.5e-14   49.8   0.1     1    38     1    38     1    58 0.90 -
tig00000005:90574-91626     -            351 21192at4891          -            233   1.2e-98  326.9  10.6   2   3   2.9e-54   2.1e-52  175.5   0.5    34   159    88   237    84   240 0.86 -
tig00000005:90574-91626     -            351 21192at4891          -            233   1.2e-98  326.9  10.6   3   3     3e-31   2.2e-29  100.2   1.0   157   233   259   351   241   351 0.82 -
tig00000010:610066-612768   -            901 21192at4891          -            233   2.4e-34  116.5   0.2   1   3   9.7e-11   7.2e-09   33.1   0.0   124   225   499   607   487   614 0.64 -
tig00000010:610066-612768   -            901 21192at4891          -            233   2.4e-34  116.5   0.2   2   3   9.1e-21   6.7e-19   65.9   0.0    15   158   542   705   527   708 0.79 -
tig00000010:610066-612768   -            901 21192at4891          -            233   2.4e-34  116.5   0.2   3   3     3e-10   2.2e-08   31.5   0.0   162   231   731   812   725   814 0.81 -
tig00000061:135895-136854   -            320 21192at4891          -            233   4.9e-33  112.1   0.4   1   3   5.4e-10     4e-08   30.6   0.1   161   230    11    95     5    98 0.65 -
tig00000061:135895-136854   -            320 21192at4891          -            233   4.9e-33  112.1   0.4   2   3   3.5e-14   2.6e-12   44.4   0.0    13   119   117   242   106   250 0.74 -
tig00000061:135895-136854   -            320 21192at4891          -            233   4.9e-33  112.1   0.4   3   3     4e-11   2.9e-09   34.3   0.0   164   230   218   299   207   302 0.71 -
tig00000010:307951-308847   -            299 21192at4891          -            233   1.5e-32  110.6   0.1   1   2   0.00011    0.0079   13.3   0.0   161   190     3    32     1    37 0.90 -
tig00000010:307951-308847   -            299 21192at4891          -            233   1.5e-32  110.6   0.1   2   2   1.3e-28   9.5e-27   91.6   0.0    37   224    48   281    39   290 0.72 -
tig00000014:596611-597741   -            377 21192at4891          -            233     6e-32  108.6   0.7   1   4   1.1e-06   8.2e-05   19.8   0.0   161   193    55    87    50    97 0.86 -
tig00000014:596611-597741   -            377 21192at4891          -            233     6e-32  108.6   0.7   2   4   1.4e-10     1e-08   32.6   0.0    34   118   111   204   105   212 0.83 -
tig00000014:596611-597741   -            377 21192at4891          -            233     6e-32  108.6   0.7   3   4   2.2e-05    0.0016   15.6   0.0    35    84   212   260   207   267 0.85 -
tig00000014:596611-597741   -            377 21192at4891          -            233     6e-32  108.6   0.7   4   4   1.2e-11     9e-10   36.0   0.0     5    83   290   372   287   376 0.88 -
tig00000007:753720-754631   -            304 21192at4891          -            233   1.4e-31  107.4   0.9   1   2   0.00037     0.027   11.5   0.0   161   189    14    42    10    49 0.87 -
tig00000007:753720-754631   -            304 21192at4891          -            233   1.4e-31  107.4   0.9   2   2   4.3e-28   3.1e-26   89.9   0.3    35   226    54   292    49   299 0.73 -
tig00000023:145899-146789   -            297 21192at4891          -            233   4.9e-31  105.6   3.4   1   4   5.4e-08     4e-06   24.1   0.0   162   201     9    48     6    53 0.84 -
tig00000023:145899-146789   -            297 21192at4891          -            233   4.9e-31  105.6   3.4   2   4   2.9e-11   2.2e-09   34.8   0.1    37   117    46   133    39   134 0.83 -
tig00000023:145899-146789   -            297 21192at4891          -            233   4.9e-31  105.6   3.4   3   4   2.6e-11   1.9e-09   35.0   0.6     9   118   111   239   105   241 0.71 -
tig00000023:145899-146789   -            297 21192at4891          -            233   4.9e-31  105.6   3.4   4   4   5.4e-09     4e-07   27.4   0.1     5    84   212   294   207   297 0.75 -
tig00000061:591537-592427   -            297 21192at4891          -            233   9.4e-31  104.7   1.6   1   4   1.9e-08   1.4e-06   25.6   0.0    75   128    11    64     3    71 0.84 -
tig00000061:591537-592427   -            297 21192at4891          -            233   9.4e-31  104.7   1.6   2   4   3.3e-10   2.4e-08   31.3   0.0    38   118    62   151    58   151 0.81 -
tig00000061:591537-592427   -            297 21192at4891          -            233   9.4e-31  104.7   1.6   3   4   3.2e-14   2.4e-12   44.5   0.1     9   135   128   257   117   260 0.80 -
tig00000061:591537-592427   -            297 21192at4891          -            233   9.4e-31  104.7   1.6   4   4    0.0014       0.1    9.7   0.0    36    81   251   297   245   297 0.83 -
tig00000018:626123-626935   -            271 21192at4891          -            233   6.3e-30  102.0   6.3   1   4   1.2e-06   8.8e-05   19.7   0.2   160   230     5    72     2    75 0.91 -
tig00000018:626123-626935   -            271 21192at4891          -            233   6.3e-30  102.0   6.3   2   4   9.4e-05    0.0069   13.5   0.0    52    97    40    86    37    95 0.80 -
tig00000018:626123-626935   -            271 21192at4891          -            233   6.3e-30  102.0   6.3   3   4   2.3e-17   1.7e-15   54.8   0.0     3   117    93   217    90   218 0.85 -
tig00000018:626123-626935   -            271 21192at4891          -            233   6.3e-30  102.0   6.3   4   4   1.6e-11   1.1e-09   35.7   0.0   161   231   192   269   178   271 0.84 -
tig00000022:540007-540813   -            269 21192at4891          -            233   1.1e-28   97.9   0.2   1   3     1e-11   7.4e-10   36.3   0.0    11    85     6    81     1    87 0.85 -
tig00000022:540007-540813   -            269 21192at4891          -            233   1.1e-28   97.9   0.2   2   3   4.1e-15     3e-13   47.4   0.0     5   136    93   230    89   234 0.82 -
tig00000022:540007-540813   -            269 21192at4891          -            233   1.1e-28   97.9   0.2   3   3   0.00059     0.043   10.9   0.0    47    81   235   269   227   269 0.86 -
tig00000010:592476-593453   -            326 21192at4891          -            233   1.5e-27   94.2   0.9   1   4   2.5e-11   1.8e-09   35.0   0.1    14   118    33   151    22   157 0.78 -
tig00000010:592476-593453   -            326 21192at4891          -            233   1.5e-27   94.2   0.9   2   4   0.00074     0.055   10.5   0.0    34    85   166   218   160   223 0.85 -
tig00000010:592476-593453   -            326 21192at4891          -            233   1.5e-27   94.2   0.9   3   4   0.00014     0.011   12.9   0.0   161   191   236   266   228   269 0.87 -
tig00000010:592476-593453   -            326 21192at4891          -            233   1.5e-27   94.2   0.9   4   4   1.2e-08   8.8e-07   26.2   0.0    37    86   273   322   268   325 0.94 -
tig00000083:348338-349252   -            305 21192at4891          -            233   5.8e-26   89.0   1.5   1   3     2e-08   1.5e-06   25.5   0.0     3    85     3    94     1   100 0.75 -
tig00000083:348338-349252   -            305 21192at4891          -            233   5.8e-26   89.0   1.5   2   3   5.6e-12   4.1e-10   37.1   0.1     8   123   123   254   116   261 0.76 -
tig00000083:348338-349252   -            305 21192at4891          -            233   5.8e-26   89.0   1.5   3   3   1.5e-07   1.1e-05   22.7   0.0    46    85   264   303   259   305 0.91 -
tig00000083:101376-102380   -            335 21192at4891          -            233   9.2e-26   88.4   0.4   1   3   9.6e-11   7.1e-09   33.1   0.0     8    84    49   131    38   134 0.66 -
tig00000083:101376-102380   -            335 21192at4891          -            233   9.2e-26   88.4   0.4   2   3   2.5e-11   1.8e-09   35.0   0.0    12   118   153   274   143   283 0.70 -
tig00000083:101376-102380   -            335 21192at4891          -            233   9.2e-26   88.4   0.4   3   3   4.7e-09   3.5e-07   27.6   0.1     5    86   246   331   242   335 0.78 -
tig00000007:570836-571675   -            280 21192at4891          -            233   1.3e-25   87.9   0.1   1   2   2.1e-15   1.5e-13   48.4   0.0    17   123    15   129     2   141 0.82 -
tig00000007:570836-571675   -            280 21192at4891          -            233   1.3e-25   87.9   0.1   2   2   3.9e-11   2.8e-09   34.4   0.0    39   161   137   278   127   280 0.83 -
tig00000022:224777-225742   -            322 21192at4891          -            233   1.9e-24   84.0   2.1   1   3   1.5e-10   1.1e-08   32.5   0.2    13   121    30   158    18   165 0.73 -
tig00000022:224777-225742   -            322 21192at4891          -            233   1.9e-24   84.0   2.1   2   3   8.5e-07   6.3e-05   20.2   0.0    35   110   165   239   160   242 0.88 -
tig00000022:224777-225742   -            322 21192at4891          -            233   1.9e-24   84.0   2.1   3   3   6.1e-09   4.5e-07   27.2   0.1    12    81   236   305   229   320 0.86 -
tig00000005:423147-424073   -            309 21192at4891          -            233   8.3e-24   82.0   5.8   1   4   1.2e-06   9.2e-05   19.6   0.1     6    72    14    84     8    99 0.60 -
tig00000005:423147-424073   -            309 21192at4891          -            233   8.3e-24   82.0   5.8   2   4   1.2e-09     9e-08   29.5   0.1   159   229   108   187   102   191 0.63 -
tig00000005:423147-424073   -            309 21192at4891          -            233   8.3e-24   82.0   5.8   3   4   0.00072     0.053   10.6   0.0   163   197   212   245   201   264 0.72 -
tig00000005:423147-424073   -            309 21192at4891          -            233   8.3e-24   82.0   5.8   4   4   3.2e-07   2.3e-05   21.6   0.1    48    82   267   301   259   308 0.92 -
tig00000008:7164-7976       -            271 21192at4891          -            233   1.6e-22   77.8   0.0   1   2   1.9e-15   1.4e-13   48.5   0.0    17   123    15   129     2   141 0.82 -
tig00000008:7164-7976       -            271 21192at4891          -            233   1.6e-22   77.8   0.0   2   2   3.2e-08   2.4e-06   24.8   0.0    39   145   137   262   128   269 0.83 -
tig00000012:342003-343094   -            364 21192at4891          -            233   2.4e-22   77.1   0.4   1   3   4.5e-14   3.3e-12   44.0   0.0     7   159    54   233    49   242 0.78 -
tig00000012:342003-343094   -            364 21192at4891          -            233   2.4e-22   77.1   0.4   2   3   7.8e-06   0.00057   17.0   0.1   161   189   256   284   253   301 0.88 -
tig00000012:342003-343094   -            364 21192at4891          -            233   2.4e-22   77.1   0.4   3   3    0.0018      0.13    9.3   0.0   188   229   313   354   296   357 0.89 -
tig00000001:247358-248257   -            300 21192at4891          -            233   1.8e-21   74.3   0.3   1   3   1.3e-05     0.001   16.2   0.0   161   228     6    76     2    81 0.72 -
tig00000001:247358-248257   -            300 21192at4891          -            233   1.8e-21   74.3   0.3   2   3   2.2e-08   1.6e-06   25.4   0.0    72   160    95   189    87   198 0.66 -
tig00000001:247358-248257   -            300 21192at4891          -            233   1.8e-21   74.3   0.3   3   3   1.4e-09     1e-07   29.3   0.1     8    83   221   295   214   300 0.80 -
tig00000007:514201-515181   -            327 21192at4891          -            233   2.3e-20   70.7   0.5   1   3   5.8e-08   4.3e-06   24.0   0.0   159   232    36   126    31   127 0.77 -
tig00000007:514201-515181   -            327 21192at4891          -            233   2.3e-20   70.7   0.5   2   3   1.5e-11   1.1e-09   35.7   0.1     7   138   144   288   139   289 0.79 -
tig00000007:514201-515181   -            327 21192at4891          -            233   2.3e-20   70.7   0.5   3   3     0.032       2.4    5.2   0.0    51    83   286   318   277   323 0.85 -
tig00000014:438743-439600   -            286 21192at4891          -            233   2.4e-20   70.6   0.1   1   3   1.9e-07   1.4e-05   22.3   0.1   164   233     1    77     1    77 0.73 -
tig00000014:438743-439600   -            286 21192at4891          -            233   2.4e-20   70.6   0.1   2   3   1.2e-07   8.8e-06   23.0   0.0     4    83   104   184   101   191 0.84 -
tig00000014:438743-439600   -            286 21192at4891          -            233   2.4e-20   70.6   0.1   3   3   2.6e-07   1.9e-05   21.9   0.0     9    83   207   283   202   285 0.82 -
tig00000014:778503-779330   -            276 21192at4891          -            233   9.4e-20   68.7   0.3   1   4   3.5e-05    0.0026   14.9   0.0   163   190     1    28     1    37 0.90 -
tig00000014:778503-779330   -            276 21192at4891          -            233   9.4e-20   68.7   0.3   2   4    0.0055       0.4    7.7   0.0    46   117    41   121    31   132 0.76 -
tig00000014:778503-779330   -            276 21192at4891          -            233   9.4e-20   68.7   0.3   3   4    0.0048      0.35    7.9   0.0   192   232   143   183   134   184 0.86 -
tig00000014:778503-779330   -            276 21192at4891          -            233   9.4e-20   68.7   0.3   4   4   7.3e-11   5.4e-09   33.5   0.1    10    81   206   276   200   276 0.88 -
tig00000018:472505-474121   -            539 21192at4891          -            233   1.3e-19   68.2   4.1   1   5    0.0042      0.31    8.1   0.1   161   184   224   247   219   265 0.84 -
tig00000018:472505-474121   -            539 21192at4891          -            233   1.3e-19   68.2   4.1   2   5     1e-06   7.5e-05   19.9   0.0   179   232   273   326   254   327 0.91 -
tig00000018:472505-474121   -            539 21192at4891          -            233   1.3e-19   68.2   4.1   3   5     0.002      0.14    9.2   0.0   159   230   342   426   338   429 0.62 -
tig00000018:472505-474121   -            539 21192at4891          -            233   1.3e-19   68.2   4.1   4   5   0.00021     0.015   12.4   0.0    92   120   451   479   436   489 0.81 -
tig00000018:472505-474121   -            539 21192at4891          -            233   1.3e-19   68.2   4.1   5   5     5e-05    0.0037   14.4   0.0   195   232   499   535   491   536 0.84 -
tig00000061:168432-169340   -            303 21192at4891          -            233   2.7e-19   67.2   0.0   1   3   2.5e-08   1.9e-06   25.2   0.0    13    85    21    91     6   108 0.86 -
tig00000061:168432-169340   -            303 21192at4891          -            233   2.7e-19   67.2   0.0   2   3   2.2e-09   1.6e-07   28.7   0.0     7    82   111   185   105   191 0.92 -
tig00000061:168432-169340   -            303 21192at4891          -            233   2.7e-19   67.2   0.0   3   3    0.0012     0.086    9.9   0.1     7    82   210   285   203   292 0.64 -
tig00000010:683253-684068   -            272 21192at4891          -            233   5.1e-19   66.3   0.0   1   3   1.4e-05     0.001   16.2   0.0   165   233     2    77     1    77 0.77 -
tig00000010:683253-684068   -            272 21192at4891          -            233   5.1e-19   66.3   0.0   2   3   1.1e-08   8.5e-07   26.3   0.0     8    84    95   172    88   178 0.89 -
tig00000010:683253-684068   -            272 21192at4891          -            233   5.1e-19   66.3   0.0   3   3   7.7e-07   5.7e-05   20.3   0.0    12    81   199   270   190   272 0.76 -
tig00000078:248529-249323   -            265 21192at4891          -            233   6.2e-18   62.7   0.1   1   2   7.6e-10   5.6e-08   30.2   0.0    14    87     5    77     1   102 0.82 -
tig00000078:248529-249323   -            265 21192at4891          -            233   6.2e-18   62.7   0.1   2   2   7.2e-10   5.3e-08   30.2   0.0    23   119   106   218    89   265 0.70 -
tig00000023:259865-260719   -            285 21192at4891          -            233   7.2e-18   62.5   0.0   1   3   2.3e-11   1.7e-09   35.2   0.0    19   119    24   129     9   132 0.86 -
tig00000023:259865-260719   -            285 21192at4891          -            233   7.2e-18   62.5   0.0   2   3   2.6e-06   0.00019   18.6   0.0     7    86   103   183    98   190 0.85 -
tig00000023:259865-260719   -            285 21192at4891          -            233   7.2e-18   62.5   0.0   3   3   2.7e-05     0.002   15.3   0.1   160   217   203   268   198   283 0.73 -
tig00000001:104336-105235   -            300 21192at4891          -            233   2.8e-17   60.6   0.0   1   3       1.3        97   -0.1   0.0     6    35    13    42     6    68 0.59 -
tig00000001:104336-105235   -            300 21192at4891          -            233   2.8e-17   60.6   0.0   2   3   3.3e-08   2.4e-06   24.8   0.0     5    83   118   195   115   203 0.83 -
tig00000001:104336-105235   -            300 21192at4891          -            233   2.8e-17   60.6   0.0   3   3   2.5e-10   1.8e-08   31.8   0.0     3    77   210   284   208   293 0.92 -
tig00000014:164414-165289   -            292 21192at4891          -            233   1.6e-16   58.1   0.1   1   4     0.039       2.9    4.9   0.0    86   119     3    36     1    48 0.77 -
tig00000014:164414-165289   -            292 21192at4891          -            233   1.6e-16   58.1   0.1   2   4   2.4e-05    0.0017   15.5   0.0    38   120    49   141    39   147 0.78 -
tig00000014:164414-165289   -            292 21192at4891          -            233   1.6e-16   58.1   0.1   3   4   0.00038     0.028   11.5   0.0    16    84   123   198   113   212 0.77 -
tig00000014:164414-165289   -            292 21192at4891          -            233   1.6e-16   58.1   0.1   4   4   8.8e-08   6.5e-06   23.4   0.0    18    73   225   282   208   292 0.79 -
tig00000031:462907-463902   -            332 21192at4891          -            233   1.6e-16   58.1   1.2   1   4   6.9e-10   5.1e-08   30.3   0.0    11   117    17   135     7   135 0.77 -
tig00000031:462907-463902   -            332 21192at4891          -            233   1.6e-16   58.1   1.2   2   4   0.00068      0.05   10.7   0.0     5    56   109   160   105   166 0.72 -
tig00000031:462907-463902   -            332 21192at4891          -            233   1.6e-16   58.1   1.2   3   4       2.2   1.6e+02   -0.8   0.0    58    86   178   206   173   217 0.80 -
tig00000031:462907-463902   -            332 21192at4891          -            233   1.6e-16   58.1   1.2   4   4   3.8e-05    0.0028   14.8   0.2     8    83   244   326   238   330 0.41 -
tig00000038:27920-28807     -            296 21192at4891          -            233   1.8e-16   58.0   3.7   1   3   7.7e-06   0.00057   17.0   0.1    89   193     3   129     1   149 0.71 -
tig00000038:27920-28807     -            296 21192at4891          -            233   1.8e-16   58.0   3.7   2   3     0.011      0.82    6.7   0.0    35    85   155   205   146   224 0.85 -
tig00000038:27920-28807     -            296 21192at4891          -            233   1.8e-16   58.0   3.7   3   3   2.7e-09     2e-07   28.4   0.3     7    83   217   294   209   295 0.81 -
tig00000014:406810-407661   -            284 21192at4891          -            233   2.5e-16   57.5   0.1   1   3   4.2e-07   3.1e-05   21.2   0.0    16   120    19   141     7   147 0.73 -
tig00000014:406810-407661   -            284 21192at4891          -            233   2.5e-16   57.5   0.1   2   3    0.0011     0.081   10.0   0.0    16    84   123   198   113   221 0.74 -
tig00000014:406810-407661   -            284 21192at4891          -            233   2.5e-16   57.5   0.1   3   3   9.2e-08   6.8e-06   23.3   0.0    18    71   225   280   209   284 0.81 -
tig00000010:800760-801431   -            224 21192at4891          -            233   1.2e-15   55.2   2.7   1   3   1.4e-05    0.0011   16.2   0.1    49    86     2    39     1    49 0.90 -
tig00000010:800760-801431   -            224 21192at4891          -            233   1.2e-15   55.2   2.7   2   3   1.3e-05   0.00092   16.4   0.0     7    85    66   145    61   161 0.79 -
tig00000010:800760-801431   -            224 21192at4891          -            233   1.2e-15   55.2   2.7   3   3   2.5e-07   1.9e-05   21.9   0.1   159   214   161   224   156   224 0.79 -
tig00000012:554481-555293   -            271 21192at4891          -            233   5.1e-15   53.2   0.1   1   3   9.1e-07   6.7e-05   20.1   0.0    22   119    16   132     2   142 0.74 -
tig00000012:554481-555293   -            271 21192at4891          -            233   5.1e-15   53.2   0.1   2   3    0.0012     0.091    9.8   0.0    19    85   118   191   106   209 0.74 -
tig00000012:554481-555293   -            271 21192at4891          -            233   5.1e-15   53.2   0.1   3   3     6e-07   4.4e-05   20.7   0.0    18    68   217   269   196   271 0.81 -
tig00000059:2725-3303       -            193 21192at4891          -            233   2.6e-08   31.2   0.0   1   2   3.8e-05    0.0028   14.8   0.0    41   120     3    92     1    98 0.78 -
tig00000059:2725-3303       -            193 21192at4891          -            233   2.6e-08   31.2   0.0   2   2   9.8e-06   0.00072   16.7   0.0    14   117    72   189    61   193 0.76 -
tig00000012:183585-184508   -            308 21192at4891          -            233   2.9e-06   24.5   0.4   1   3      0.18        13    2.8   0.0   170   210    26    72    11    90 0.67 -
tig00000012:183585-184508   -            308 21192at4891          -            233   2.9e-06   24.5   0.4   2   3      0.04         3    4.9   0.0    40    65   147   172   112   179 0.71 -
tig00000012:183585-184508   -            308 21192at4891          -            233   2.9e-06   24.5   0.4   3   3   0.00047     0.035   11.2   0.0   187   213   250   276   241   296 0.77 -
tig00000001:1380292-1381776 -            495 21192at4891          -            233   0.00087   16.4   0.6   1   3      0.15        11    3.0   0.0    16    45   120   149   106   156 0.79 -
tig00000001:1380292-1381776 -            495 21192at4891          -            233   0.00087   16.4   0.6   2   3      0.83        61    0.6   0.0    41    68   223   250   217   263 0.83 -
tig00000001:1380292-1381776 -            495 21192at4891          -            233   0.00087   16.4   0.6   3   3    0.0022      0.16    9.0   0.1     6    62   288   345   284   376 0.77 -
#
# Program:         hmmsearch
# Version:         3.1b2 (February 2015)
# Pipeline mode:   SEARCH
# Query file:      /home/inf-38-2022/BINP29/longread/2/busco_downloads/lineages/saccharomycetes_odb10/hmms/21192at4891.hmm
# Target file:     /home/inf-38-2022/BINP29/longread/2/Results/04_Busco/canu/run_saccharomycetes_odb10/metaeuk_output/initial_results/asm.contigs.fasta.modified.fas
# Option settings: hmmsearch --domtblout /home/inf-38-2022/BINP29/longread/2/Results/04_Busco/canu/run_saccharomycetes_odb10/hmmer_output/initial_run_results/21192at4891.out --cpu 1 /home/inf-38-2022/BINP29/longread/2/busco_downloads/lineages/saccharomycetes_odb10/hmms/21192at4891.hmm /home/inf-38-2022/BINP29/longread/2/Results/04_Busco/canu/run_saccharomycetes_odb10/metaeuk_output/initial_results/asm.contigs.fasta.modified.fas 
# Current dir:     /home/inf-38-2022/BINP29/longread/2
# Date:            Thu Feb 23 14:06:48 2023
# [ok]
