#                                                                                 --- full sequence --- -------------- this domain -------------   hmm coord   ali coord   env coord
# target name             accession   tlen query name           accession   qlen   E-value  score  bias   #  of  c-Evalue  i-Evalue  score  bias  from    to  from    to  from    to  acc description of target
#     ------------------- ---------- ----- -------------------- ---------- ----- --------- ------ ----- --- --- --------- --------- ------ ----- ----- ----- ----- ----- ----- ----- ---- ---------------------
tig00000001:398231-399811 -            527 21707at4891          -            292   3.3e-72  241.0  39.7   1   6   3.4e-10   3.1e-07   27.7   0.2     1    33     2    34     2    44 0.87 -
tig00000001:398231-399811 -            527 21707at4891          -            292   3.3e-72  241.0  39.7   2   6   3.8e-08   3.5e-05   21.0   3.8    28    65    59    96    49   116 0.87 -
tig00000001:398231-399811 -            527 21707at4891          -            292   3.3e-72  241.0  39.7   3   6   1.8e-08   1.7e-05   22.1   0.4    47   124   126   215    96   224 0.66 -
tig00000001:398231-399811 -            527 21707at4891          -            292   3.3e-72  241.0  39.7   4   6   3.8e-10   3.4e-07   27.6   4.8   129   183   275   329   226   364 0.80 -
tig00000001:398231-399811 -            527 21707at4891          -            292   3.3e-72  241.0  39.7   5   6     8e-42   7.3e-39  131.5   2.6   105   266   317   480   314   485 0.82 -
tig00000001:398231-399811 -            527 21707at4891          -            292   3.3e-72  241.0  39.7   6   6   1.1e-10   9.7e-08   29.4   0.7   266   291   502   527   494   527 0.91 -
tig00000034:261901-262332 -            144 21707at4891          -            292   5.4e-05   20.4   0.6   1   1   9.8e-08   8.9e-05   19.7   0.6   131   165    48    82    27   101 0.85 -
tig00000007:472786-473475 -            230 21707at4891          -            292    0.0039   14.3   0.9   1   3   4.3e-06    0.0039   14.3   0.9   129   170    22    63     8    79 0.85 -
tig00000007:472786-473475 -            230 21707at4891          -            292    0.0039   14.3   0.9   2   3    0.0096       8.7    3.3   0.1   138   168    82   112    74   121 0.84 -
tig00000007:472786-473475 -            230 21707at4891          -            292    0.0039   14.3   0.9   3   3      0.56   5.1e+02   -2.5   0.3     5    25   160   180   158   198 0.59 -
#
# Program:         hmmsearch
# Version:         3.1b2 (February 2015)
# Pipeline mode:   SEARCH
# Query file:      /home/inf-38-2022/BINP29/longread/2/busco_downloads/lineages/saccharomycetes_odb10/hmms/21707at4891.hmm
# Target file:     /home/inf-38-2022/BINP29/longread/2/Results/04_Busco/canu/run_saccharomycetes_odb10/metaeuk_output/initial_results/asm.contigs.fasta.modified.fas
# Option settings: hmmsearch --domtblout /home/inf-38-2022/BINP29/longread/2/Results/04_Busco/canu/run_saccharomycetes_odb10/hmmer_output/initial_run_results/21707at4891.out --cpu 1 /home/inf-38-2022/BINP29/longread/2/busco_downloads/lineages/saccharomycetes_odb10/hmms/21707at4891.hmm /home/inf-38-2022/BINP29/longread/2/Results/04_Busco/canu/run_saccharomycetes_odb10/metaeuk_output/initial_results/asm.contigs.fasta.modified.fas 
# Current dir:     /home/inf-38-2022/BINP29/longread/2
# Date:            Thu Feb 23 14:06:51 2023
# [ok]
