#                                                                                 --- full sequence --- -------------- this domain -------------   hmm coord   ali coord   env coord
# target name             accession   tlen query name           accession   qlen   E-value  score  bias   #  of  c-Evalue  i-Evalue  score  bias  from    to  from    to  from    to  acc description of target
#     ------------------- ---------- ----- -------------------- ---------- ----- --------- ------ ----- --- --- --------- --------- ------ ----- ----- ----- ----- ----- ----- ----- ---- ---------------------
tig00000018:257942-259306 -            455 21992at4891          -            233   3.7e-60  200.3  10.9   1   5     5e-15   6.9e-12   42.3   0.7    20    92    71   168    57   180 0.74 -
tig00000018:257942-259306 -            455 21992at4891          -            233   3.7e-60  200.3  10.9   2   5     0.018        25    1.2   0.1    72   106   170   206   156   215 0.80 -
tig00000018:257942-259306 -            455 21992at4891          -            233   3.7e-60  200.3  10.9   3   5   3.5e-54   4.7e-51  170.5   3.6    77   201   191   319   178   331 0.87 -
tig00000018:257942-259306 -            455 21992at4891          -            233   3.7e-60  200.3  10.9   4   5         2   2.7e+03   -8.8  26.8   189   230   339   382   332   419 0.75 -
tig00000018:257942-259306 -            455 21992at4891          -            233   3.7e-60  200.3  10.9   5   5       1.8   2.4e+03   -5.3   3.3   198   207   439   448   432   451 0.69 -
tig00000012:782307-783962 -            552 21992at4891          -            233   5.9e-07   26.2   7.6   1   3      0.16   2.2e+02   -1.9   1.8   186   220   191   225   142   237 0.71 -
tig00000012:782307-783962 -            552 21992at4891          -            233   5.9e-07   26.2   7.6   2   3       1.1   1.5e+03   -4.6   2.1   200   211   333   344   320   355 0.44 -
tig00000012:782307-783962 -            552 21992at4891          -            233   5.9e-07   26.2   7.6   3   3   4.3e-10   5.9e-07   26.2   7.6   101   231   380   521   365   537 0.81 -
#
# Program:         hmmsearch
# Version:         3.1b2 (February 2015)
# Pipeline mode:   SEARCH
# Query file:      /home/inf-38-2022/BINP29/longread/2/busco_downloads/lineages/saccharomycetes_odb10/hmms/21992at4891.hmm
# Target file:     /home/inf-38-2022/BINP29/longread/2/Results/04_Busco/canu/run_saccharomycetes_odb10/metaeuk_output/initial_results/asm.contigs.fasta.modified.fas
# Option settings: hmmsearch --domtblout /home/inf-38-2022/BINP29/longread/2/Results/04_Busco/canu/run_saccharomycetes_odb10/hmmer_output/initial_run_results/21992at4891.out --cpu 1 /home/inf-38-2022/BINP29/longread/2/busco_downloads/lineages/saccharomycetes_odb10/hmms/21992at4891.hmm /home/inf-38-2022/BINP29/longread/2/Results/04_Busco/canu/run_saccharomycetes_odb10/metaeuk_output/initial_results/asm.contigs.fasta.modified.fas 
# Current dir:     /home/inf-38-2022/BINP29/longread/2
# Date:            Thu Feb 23 14:06:52 2023
# [ok]
