#                                                                                 --- full sequence --- -------------- this domain -------------   hmm coord   ali coord   env coord
# target name             accession   tlen query name           accession   qlen   E-value  score  bias   #  of  c-Evalue  i-Evalue  score  bias  from    to  from    to  from    to  acc description of target
#     ------------------- ---------- ----- -------------------- ---------- ----- --------- ------ ----- --- --- --------- --------- ------ ----- ----- ----- ----- ----- ----- ----- ---- ---------------------
tig00000007:873823-876060 -            746 22104at4891          -            477  1.7e-158  525.5  34.1   1   5   1.1e-08   7.6e-06   22.1   0.0     1    35     6    41     6    67 0.83 -
tig00000007:873823-876060 -            746 22104at4891          -            477  1.7e-158  525.5  34.1   2   5   1.1e-40   7.5e-38  127.6   0.1    21   136   111   237    95   254 0.86 -
tig00000007:873823-876060 -            746 22104at4891          -            477  1.7e-158  525.5  34.1   3   5   4.6e-65   3.1e-62  208.0  11.9   150   344   292   535   285   541 0.79 -
tig00000007:873823-876060 -            746 22104at4891          -            477  1.7e-158  525.5  34.1   4   5   5.5e-41   3.8e-38  128.6   3.7   338   428   546   645   543   652 0.91 -
tig00000007:873823-876060 -            746 22104at4891          -            477  1.7e-158  525.5  34.1   5   5   4.5e-16   3.1e-13   46.5   0.9   413   469   657   720   644   730 0.78 -
tig00000012:190570-192738 -            723 22104at4891          -            477  2.2e-148  492.1  37.3   1   5   2.9e-08     2e-05   20.7   0.0     1    34     6    40     6    44 0.91 -
tig00000012:190570-192738 -            723 22104at4891          -            477  2.2e-148  492.1  37.3   2   5   7.9e-36   5.4e-33  111.6   2.3    23   136    75   210    54   231 0.83 -
tig00000012:190570-192738 -            723 22104at4891          -            477  2.2e-148  492.1  37.3   3   5   9.9e-08   6.8e-05   19.0   1.4   150   198   265   325   259   334 0.79 -
tig00000012:190570-192738 -            723 22104at4891          -            477  2.2e-148  492.1  37.3   4   5   1.6e-94   1.1e-91  305.1  11.0   185   427   335   623   327   631 0.87 -
tig00000012:190570-192738 -            723 22104at4891          -            477  2.2e-148  492.1  37.3   5   5   9.3e-15   6.3e-12   42.1   0.9   422   466   644   688   626   708 0.76 -
tig00000022:498947-500989 -            681 22104at4891          -            477   8.4e-55  183.5  12.6   1   4   3.7e-16   2.5e-13   46.8   0.0    25   150    20   160     3   179 0.76 -
tig00000022:498947-500989 -            681 22104at4891          -            477   8.4e-55  183.5  12.6   2   4     0.022        15    1.4   0.1   146   170   190   215   185   230 0.81 -
tig00000022:498947-500989 -            681 22104at4891          -            477   8.4e-55  183.5  12.6   3   4   3.7e-13   2.5e-10   36.9   0.1   199   265   289   359   254   366 0.82 -
tig00000022:498947-500989 -            681 22104at4891          -            477   8.4e-55  183.5  12.6   4   4   5.8e-33   3.9e-30  102.2   3.2   307   459   476   652   443   671 0.78 -
tig00000061:517008-518975 -            656 22104at4891          -            477   1.9e-52  175.8  11.1   1   4   1.3e-15   9.2e-13   44.9   0.0    26   140    21   145     1   169 0.79 -
tig00000061:517008-518975 -            656 22104at4891          -            477   1.9e-52  175.8  11.1   2   4      0.22   1.5e+02   -2.0   0.1   150   169   192   211   187   225 0.86 -
tig00000061:517008-518975 -            656 22104at4891          -            477   1.9e-52  175.8  11.1   3   4   1.4e-12   9.5e-10   35.0   0.0   193   257   278   347   248   390 0.85 -
tig00000061:517008-518975 -            656 22104at4891          -            477   1.9e-52  175.8  11.1   4   4   9.3e-32   6.3e-29   98.2   2.7   301   458   466   650   439   654 0.79 -
#
# Program:         hmmsearch
# Version:         3.1b2 (February 2015)
# Pipeline mode:   SEARCH
# Query file:      /home/inf-38-2022/BINP29/longread/2/busco_downloads/lineages/saccharomycetes_odb10/hmms/22104at4891.hmm
# Target file:     /home/inf-38-2022/BINP29/longread/2/Results/04_Busco/canu/run_saccharomycetes_odb10/metaeuk_output/initial_results/asm.contigs.fasta.modified.fas
# Option settings: hmmsearch --domtblout /home/inf-38-2022/BINP29/longread/2/Results/04_Busco/canu/run_saccharomycetes_odb10/hmmer_output/initial_run_results/22104at4891.out --cpu 1 /home/inf-38-2022/BINP29/longread/2/busco_downloads/lineages/saccharomycetes_odb10/hmms/22104at4891.hmm /home/inf-38-2022/BINP29/longread/2/Results/04_Busco/canu/run_saccharomycetes_odb10/metaeuk_output/initial_results/asm.contigs.fasta.modified.fas 
# Current dir:     /home/inf-38-2022/BINP29/longread/2
# Date:            Thu Feb 23 14:06:52 2023
# [ok]
