#                                                                                 --- full sequence --- -------------- this domain -------------   hmm coord   ali coord   env coord
# target name             accession   tlen query name           accession   qlen   E-value  score  bias   #  of  c-Evalue  i-Evalue  score  bias  from    to  from    to  from    to  acc description of target
#     ------------------- ---------- ----- -------------------- ---------- ----- --------- ------ ----- --- --- --------- --------- ------ ----- ----- ----- ----- ----- ----- ----- ---- ---------------------
tig00000022:224777-225742 -            322 22313at4891          -            251    2e-125  414.3  10.3   1   1    1e-124  7.9e-123  405.8  10.3     2   251    15   311    14   311 0.89 -
tig00000007:753720-754631 -            304 22313at4891          -            251   4.4e-36  121.7   4.6   1   5   2.3e-05    0.0017   14.9   0.0     8    39    12    43     5    51 0.87 -
tig00000007:753720-754631 -            304 22313at4891          -            251   4.4e-36  121.7   4.6   2   5   5.5e-09   4.1e-07   26.8   0.0   198   248    53   103    47   106 0.86 -
tig00000007:753720-754631 -            304 22313at4891          -            251   4.4e-36  121.7   4.6   3   5   1.3e-13   9.5e-12   41.9   0.1   169   233   119   182   116   186 0.90 -
tig00000007:753720-754631 -            304 22313at4891          -            251   4.4e-36  121.7   4.6   4   5   9.6e-06   0.00072   16.1   0.1    89   125   208   244   184   253 0.84 -
tig00000007:753720-754631 -            304 22313at4891          -            251   4.4e-36  121.7   4.6   5   5   2.3e-06   0.00018   18.1   0.0   203   248   251   296   243   299 0.83 -
tig00000010:610066-612768 -            901 22313at4891          -            251   1.4e-35  120.0   0.1   1   3   3.7e-15   2.8e-13   46.9   0.0   163   244   526   608   523   614 0.91 -
tig00000010:610066-612768 -            901 22313at4891          -            251   1.4e-35  120.0   0.1   2   3   9.2e-13   6.9e-11   39.1   0.1     4    79   621   699   618   712 0.82 -
tig00000010:610066-612768 -            901 22313at4891          -            251   1.4e-35  120.0   0.1   3   3   1.4e-09   1.1e-07   28.7   0.0   171   242   731   805   722   813 0.67 -
tig00000010:307951-308847 -            299 22313at4891          -            251   3.6e-33  112.1   0.7   1   3   5.3e-06    0.0004   17.0   0.0    10    39     3    32     1    44 0.89 -
tig00000010:307951-308847 -            299 22313at4891          -            251   3.6e-33  112.1   0.7   2   3     4e-09     3e-07   27.2   0.0   200   239    47    86    39    95 0.88 -
tig00000010:307951-308847 -            299 22313at4891          -            251   3.6e-33  112.1   0.7   3   3   5.4e-20   4.1e-18   62.8   0.0    91   248   111   287   103   290 0.77 -
tig00000014:596611-597741 -            377 22313at4891          -            251   3.3e-31  105.7   0.1   1   4   1.2e-07   9.4e-06   22.3   0.0    88   122    49    83    22   100 0.81 -
tig00000014:596611-597741 -            377 22313at4891          -            251   3.3e-31  105.7   0.1   2   4   1.6e-08   1.2e-06   25.2   0.1    37   126   110   210   105   213 0.74 -
tig00000014:596611-597741 -            377 22313at4891          -            251   3.3e-31  105.7   0.1   3   4     9e-13   6.8e-11   39.2   0.0    11   232   179   245   175   263 0.50 -
tig00000014:596611-597741 -            377 22313at4891          -            251   3.3e-31  105.7   0.1   4   4     7e-10   5.3e-08   29.7   0.0   173   246   294   371   280   376 0.83 -
tig00000061:135895-136854 -            320 22313at4891          -            251   1.5e-28   97.0   3.1   1   2   3.2e-08   2.4e-06   24.2   0.1    90   179     7   105     2   106 0.72 -
tig00000061:135895-136854 -            320 22313at4891          -            251   1.5e-28   97.0   3.1   2   2   1.6e-22   1.2e-20   71.1   0.6     5   169   106   299   101   304 0.77 -
tig00000014:406810-407661 -            284 22313at4891          -            251   1.9e-27   93.4   1.0   1   4   4.4e-06   0.00033   17.2   0.1     9    46     8    45     1    48 0.88 -
tig00000014:406810-407661 -            284 22313at4891          -            251   1.9e-27   93.4   1.0   2   4   1.3e-08     1e-06   25.5   0.0   201   246    48    93    43    97 0.92 -
tig00000014:406810-407661 -            284 22313at4891          -            251   1.9e-27   93.4   1.0   3   4   7.2e-05    0.0055   13.3   0.0   201   236   151   186   110   201 0.74 -
tig00000014:406810-407661 -            284 22313at4891          -            251   1.9e-27   93.4   1.0   4   4   5.8e-11   4.4e-09   33.2   0.1   178   233   221   278   209   282 0.85 -
tig00000078:248529-249323 -            265 22313at4891          -            251   2.5e-27   93.0   0.1   1   1   9.2e-28     7e-26   88.3   0.1    14   243     1   263     1   265 0.81 -
tig00000023:145899-146789 -            297 22313at4891          -            251   3.1e-27   92.7   4.5   1   4   6.1e-06   0.00046   16.8   0.1    92   130     6    44     2    47 0.91 -
tig00000023:145899-146789 -            297 22313at4891          -            251   3.1e-27   92.7   4.5   2   4   4.3e-05    0.0033   14.0   0.0   197   247    42    92    38    96 0.85 -
tig00000023:145899-146789 -            297 22313at4891          -            251   3.1e-27   92.7   4.5   3   4   8.6e-11   6.5e-09   32.7   0.1   172   233   110   176    96   188 0.79 -
tig00000023:145899-146789 -            297 22313at4891          -            251   3.1e-27   92.7   4.5   4   4   2.9e-09   2.2e-07   27.6   0.0   166   250   209   296   201   297 0.77 -
tig00000012:554481-555293 -            271 22313at4891          -            251     1e-26   90.9   0.4   1   4   3.8e-05    0.0029   14.2   0.0    11    46     1    36     1    39 0.92 -
tig00000012:554481-555293 -            271 22313at4891          -            251     1e-26   90.9   0.4   2   4   5.1e-09   3.9e-07   26.8   0.0   201   248    39    86    33    89 0.91 -
tig00000012:554481-555293 -            271 22313at4891          -            251     1e-26   90.9   0.4   3   4   8.6e-05    0.0065   13.0   0.0   201   235   143   177   136   190 0.85 -
tig00000012:554481-555293 -            271 22313at4891          -            251     1e-26   90.9   0.4   4   4   1.1e-10   8.6e-09   32.3   0.0   176   232   211   269   197   271 0.88 -
tig00000014:164414-165289 -            292 22313at4891          -            251   5.7e-26   88.5   0.4   1   4   2.6e-05     0.002   14.7   0.0    10    46     9    45     1    48 0.89 -
tig00000014:164414-165289 -            292 22313at4891          -            251   5.7e-26   88.5   0.4   2   4   3.9e-08     3e-06   23.9   0.0   201   247    48    94    43    98 0.92 -
tig00000014:164414-165289 -            292 22313at4891          -            251   5.7e-26   88.5   0.4   3   4   3.3e-05    0.0025   14.4   0.0   201   235   151   185   110   199 0.78 -
tig00000014:164414-165289 -            292 22313at4891          -            251   5.7e-26   88.5   0.4   4   4   2.9e-10   2.2e-08   30.9   0.0   178   233   221   278   205   290 0.82 -
tig00000083:101376-102380 -            335 22313at4891          -            251     1e-25   87.7   0.0   1   2   4.1e-09   3.1e-07   27.2   0.0   163   249    40   132    29   134 0.85 -
tig00000083:101376-102380 -            335 22313at4891          -            251     1e-25   87.7   0.0   2   2   1.3e-17   9.8e-16   55.0   0.0    12   166   144   326   140   332 0.74 -
tig00000010:592476-593453 -            326 22313at4891          -            251   2.4e-23   79.9   0.3   1   3     1e-10   7.8e-09   32.4   0.1    87   168    18   104    13   112 0.76 -
tig00000010:592476-593453 -            326 22313at4891          -            251   2.4e-23   79.9   0.3   2   3   3.9e-06    0.0003   17.4   0.0     3   125   118   267   116   268 0.61 -
tig00000010:592476-593453 -            326 22313at4891          -            251   2.4e-23   79.9   0.3   3   3     1e-08   7.7e-07   25.9   0.0   155   245   220   317   185   323 0.81 -
tig00000001:247358-248257 -            300 22313at4891          -            251   2.7e-22   76.5   0.0   1   3     2e-06   0.00015   18.4   0.0    95   170     7    79     2    92 0.81 -
tig00000001:247358-248257 -            300 22313at4891          -            251   2.7e-22   76.5   0.0   2   3   3.7e-07   2.8e-05   20.8   0.0   162   249   105   191    92   193 0.65 -
tig00000001:247358-248257 -            300 22313at4891          -            251   2.7e-22   76.5   0.0   3   3   4.6e-11   3.5e-09   33.5   0.0     7    88   216   296   211   300 0.89 -
tig00000083:348338-349252 -            305 22313at4891          -            251   8.7e-22   74.8   5.1   1   3   9.7e-06   0.00073   16.1   0.2    94   173     6    97     2   108 0.69 -
tig00000083:348338-349252 -            305 22313at4891          -            251   8.7e-22   74.8   5.1   2   3   9.8e-12   7.4e-10   35.8   0.5    87   158   115   192   105   204 0.81 -
tig00000083:348338-349252 -            305 22313at4891          -            251   8.7e-22   74.8   5.1   3   3   4.4e-08   3.3e-06   23.8   0.0   103   170   232   303   217   305 0.77 -
tig00000014:778503-779330 -            276 22313at4891          -            251   1.4e-20   70.9   0.3   1   2   5.9e-12   4.5e-10   36.5   0.3    13   172     2   184     1   189 0.73 -
tig00000014:778503-779330 -            276 22313at4891          -            251   1.4e-20   70.9   0.3   2   2   1.7e-10   1.3e-08   31.7   0.0     5    67   196   258   192   276 0.85 -
tig00000012:342003-343094 -            364 22313at4891          -            251   3.3e-20   69.7   3.0   1   4   4.9e-07   3.7e-05   20.4   0.0    12   120    55   174    47   174 0.79 -
tig00000012:342003-343094 -            364 22313at4891          -            251   3.3e-20   69.7   3.0   2   4   4.7e-08   3.5e-06   23.7   0.0    11    90   149   237   141   242 0.78 -
tig00000012:342003-343094 -            364 22313at4891          -            251   3.3e-20   69.7   3.0   3   4   5.6e-05    0.0043   13.6   0.1    10    39   256   285   247   304 0.63 -
tig00000012:342003-343094 -            364 22313at4891          -            251   3.3e-20   69.7   3.0   4   4   5.1e-05    0.0039   13.7   0.1   125   173   310   359   300   363 0.86 -
tig00000005:423147-424073 -            309 22313at4891          -            251     5e-20   69.1   0.8   1   3   1.2e-14   8.9e-13   45.3   0.0     3   167     7   186     5   188 0.78 -
tig00000005:423147-424073 -            309 22313at4891          -            251     5e-20   69.1   0.8   2   3   8.2e-10   6.2e-08   29.4   0.1     8   124   108   240   102   264 0.80 -
tig00000005:423147-424073 -            309 22313at4891          -            251     5e-20   69.1   0.8   3   3    0.0015      0.11    8.9   0.1   130   170   264   304   253   307 0.63 -
tig00000038:27920-28807   -            296 22313at4891          -            251   2.7e-19   66.7   4.8   1   3   9.6e-05    0.0073   12.8   0.0    11    40     7    36     3    47 0.91 -
tig00000038:27920-28807   -            296 22313at4891          -            251   2.7e-19   66.7   4.8   2   3      0.23        17    1.8   0.0    95   123    98   127    89   136 0.73 -
tig00000038:27920-28807   -            296 22313at4891          -            251   2.7e-19   66.7   4.8   3   3   1.4e-16   1.1e-14   51.6   1.5   130   247   164   294   138   296 0.83 -
tig00000061:168432-169340 -            303 22313at4891          -            251   7.8e-19   65.2   0.1   1   3   1.7e-07   1.3e-05   21.9   0.0   172   231    14    73     1    94 0.62 -
tig00000061:168432-169340 -            303 22313at4891          -            251   7.8e-19   65.2   0.1   2   3   1.8e-07   1.4e-05   21.8   0.0   164   248   104   187   100   190 0.93 -
tig00000061:168432-169340 -            303 22313at4891          -            251   7.8e-19   65.2   0.1   3   3   2.2e-06   0.00017   18.2   0.0    91   165   206   283   195   291 0.53 -
tig00000061:591537-592427 -            297 22313at4891          -            251   8.6e-19   65.0   0.6   1   2   1.3e-08     1e-06   25.5   0.1   169   246    27   106    16   112 0.65 -
tig00000061:591537-592427 -            297 22313at4891          -            251   8.6e-19   65.0   0.6   2   2   2.4e-12   1.8e-10   37.7   0.1    11   159   126   290   117   297 0.77 -
tig00000014:438743-439600 -            286 22313at4891          -            251     1e-18   64.8   0.6   1   2   1.9e-08   1.4e-06   25.0   0.1    97   172     1    77     1    99 0.89 -
tig00000014:438743-439600 -            286 22313at4891          -            251     1e-18   64.8   0.6   2   2   4.5e-11   3.4e-09   33.6   0.0    96   248   108   284   102   286 0.75 -
tig00000007:570836-571675 -            280 22313at4891          -            251   1.9e-18   63.9   8.8   1   2   3.6e-14   2.8e-12   43.7   1.3    11   169     5   182     1   191 0.76 -
tig00000007:570836-571675 -            280 22313at4891          -            251   1.9e-18   63.9   8.8   2   2   1.6e-10   1.2e-08   31.8   1.1     3   166    90   275    88   280 0.74 -
tig00000008:7164-7976     -            271 22313at4891          -            251   2.4e-18   63.6   8.3   1   2   3.2e-14   2.4e-12   43.9   1.3    11   169     5   182     1   191 0.76 -
tig00000008:7164-7976     -            271 22313at4891          -            251   2.4e-18   63.6   8.3   2   2   2.7e-10   2.1e-08   31.0   0.9     3   156    90   265    87   270 0.75 -
tig00000007:514201-515181 -            327 22313at4891          -            251   5.5e-18   62.4   4.6   1   2   6.1e-11   4.6e-09   33.1   3.3     7   174    35   224    28   227 0.71 -
tig00000007:514201-515181 -            327 22313at4891          -            251   5.5e-18   62.4   4.6   2   2   8.1e-08   6.1e-06   22.9   0.0    95   156   243   306   230   322 0.81 -
tig00000005:90574-91626   -            351 22313at4891          -            251   7.2e-18   62.0   0.1   1   4      0.15        11    2.4   0.0   172   199     8    35     2    44 0.66 -
tig00000005:90574-91626   -            351 22313at4891          -            251   7.2e-18   62.0   0.1   2   4   1.7e-08   1.3e-06   25.1   0.0    40   165    90   235    85   251 0.73 -
tig00000005:90574-91626   -            351 22313at4891          -            251   7.2e-18   62.0   0.1   3   4    0.0004      0.03   10.8   0.0     9   122   261   290   240   301 0.69 -
tig00000005:90574-91626   -            351 22313at4891          -            251   7.2e-18   62.0   0.1   4   4   1.7e-09   1.3e-07   28.4   0.0   170   249   262   349   256   351 0.80 -
tig00000023:259865-260719 -            285 22313at4891          -            251   1.2e-17   61.3   3.5   1   3     5e-08   3.8e-06   23.6   0.0    13    85    13    85     6    98 0.79 -
tig00000023:259865-260719 -            285 22313at4891          -            251   1.2e-17   61.3   3.5   2   3   5.7e-06   0.00043   16.9   0.0   170   248   102   181    97   188 0.51 -
tig00000023:259865-260719 -            285 22313at4891          -            251   1.2e-17   61.3   3.5   3   3   4.4e-07   3.4e-05   20.5   0.3    89   167   199   279   194   284 0.88 -
tig00000022:540007-540813 -            269 22313at4891          -            251   1.3e-17   61.2   0.5   1   2   1.2e-07   8.8e-06   22.4   0.1   172   241     2    73     1    85 0.60 -
tig00000022:540007-540813 -            269 22313at4891          -            251   1.3e-17   61.2   0.5   2   2   4.3e-12   3.2e-10   36.9   0.0    11   152    98   255    89   269 0.70 -
tig00000018:472505-474121 -            539 22313at4891          -            251   1.9e-17   60.6   1.5   1   4     0.035       2.7    4.4   0.0     7    35   221   249   216   261 0.85 -
tig00000018:472505-474121 -            539 22313at4891          -            251   1.9e-17   60.6   1.5   2   4     0.051       3.8    3.9   0.0   185   250   260   326   251   327 0.71 -
tig00000018:472505-474121 -            539 22313at4891          -            251   1.9e-17   60.6   1.5   3   4   1.6e-09   1.2e-07   28.5   0.1     3   122   337   479   335   486 0.72 -
tig00000018:472505-474121 -            539 22313at4891          -            251   1.9e-17   60.6   1.5   4   4   1.7e-05    0.0013   15.3   0.0   202   250   487   535   480   536 0.89 -
tig00000010:683253-684068 -            272 22313at4891          -            251     3e-17   59.9   0.1   1   3   2.1e-07   1.6e-05   21.6   0.0    97   174     1    79     1    92 0.86 -
tig00000010:683253-684068 -            272 22313at4891          -            251     3e-17   59.9   0.1   2   3   8.1e-06   0.00062   16.4   0.0    96   168    95   171    89   182 0.79 -
tig00000010:683253-684068 -            272 22313at4891          -            251     3e-17   59.9   0.1   3   3   1.6e-06   0.00012   18.7   0.0   174   238   196   263   188   271 0.80 -
tig00000031:462907-463902 -            332 22313at4891          -            251   5.1e-17   59.2   0.0   1   3   2.9e-05    0.0022   14.5   0.0    11    90    12    97     7   101 0.70 -
tig00000031:462907-463902 -            332 22313at4891          -            251   5.1e-17   59.2   0.0   2   3   0.00021     0.016   11.7   0.0    10    56   110   156   100   165 0.89 -
tig00000031:462907-463902 -            332 22313at4891          -            251   5.1e-17   59.2   0.0   3   3   1.1e-09   8.5e-08   29.0   0.0     6    91   238   330   233   332 0.85 -
tig00000018:626123-626935 -            271 22313at4891          -            251   1.8e-16   57.4   3.0   1   2    0.0001    0.0076   12.8   0.3    92   167     4    70     1    83 0.81 -
tig00000018:626123-626935 -            271 22313at4891          -            251   1.8e-16   57.4   3.0   2   2   6.1e-13   4.7e-11   39.7   0.2     4   170    90   269    87   271 0.83 -
tig00000001:104336-105235 -            300 22313at4891          -            251   3.3e-15   53.3   0.0   1   3      0.38        29    1.0   0.0   170   205    13    48     7    55 0.82 -
tig00000001:104336-105235 -            300 22313at4891          -            251   3.3e-15   53.3   0.0   2   3   0.00053     0.041   10.4   0.0   177   237   127   185   115   190 0.70 -
tig00000001:104336-105235 -            300 22313at4891          -            251   3.3e-15   53.3   0.0   3   3   2.3e-12   1.8e-10   37.8   0.0   168   243   211   286   203   291 0.93 -
tig00000012:183585-184508 -            308 22313at4891          -            251   1.2e-14   51.4   0.7   1   3   2.1e-05    0.0016   15.0   0.1    14   112    21   121     8   141 0.69 -
tig00000012:183585-184508 -            308 22313at4891          -            251   1.2e-14   51.4   0.7   2   3   2.8e-07   2.1e-05   21.2   0.0    44    84   147   187   124   198 0.85 -
tig00000012:183585-184508 -            308 22313at4891          -            251   1.2e-14   51.4   0.7   3   3   0.00013    0.0099   12.4   0.0    24    67   225   272   207   291 0.80 -
tig00000059:2725-3303     -            193 22313at4891          -            251   3.5e-13   46.7   0.1   1   3   9.7e-08   7.3e-06   22.7   0.0   203   247     1    45     1    49 0.93 -
tig00000059:2725-3303     -            193 22313at4891          -            251   3.5e-13   46.7   0.1   2   3   1.6e-05    0.0012   15.4   0.0   201   235   102   136    61   149 0.78 -
tig00000059:2725-3303     -            193 22313at4891          -            251   3.5e-13   46.7   0.1   3   3     0.021       1.6    5.2   0.0     6    37   160   191   156   193 0.90 -
tig00000010:800760-801431 -            224 22313at4891          -            251   1.9e-12   44.3   0.8   1   3     0.034       2.6    4.5   0.1   135   168     2    32     1    49 0.63 -
tig00000010:800760-801431 -            224 22313at4891          -            251   1.9e-12   44.3   0.8   2   3   6.5e-06   0.00049   16.7   0.0    90   151    61   127    54   145 0.70 -
tig00000010:800760-801431 -            224 22313at4891          -            251   1.9e-12   44.3   0.8   3   3   4.4e-07   3.4e-05   20.5   0.0     4    67   157   219   154   223 0.88 -
#
# Program:         hmmsearch
# Version:         3.1b2 (February 2015)
# Pipeline mode:   SEARCH
# Query file:      /home/inf-38-2022/BINP29/longread/2/busco_downloads/lineages/saccharomycetes_odb10/hmms/22313at4891.hmm
# Target file:     /home/inf-38-2022/BINP29/longread/2/Results/04_Busco/canu/run_saccharomycetes_odb10/metaeuk_output/initial_results/asm.contigs.fasta.modified.fas
# Option settings: hmmsearch --domtblout /home/inf-38-2022/BINP29/longread/2/Results/04_Busco/canu/run_saccharomycetes_odb10/hmmer_output/initial_run_results/22313at4891.out --cpu 1 /home/inf-38-2022/BINP29/longread/2/busco_downloads/lineages/saccharomycetes_odb10/hmms/22313at4891.hmm /home/inf-38-2022/BINP29/longread/2/Results/04_Busco/canu/run_saccharomycetes_odb10/metaeuk_output/initial_results/asm.contigs.fasta.modified.fas 
# Current dir:     /home/inf-38-2022/BINP29/longread/2
# Date:            Thu Feb 23 14:06:53 2023
# [ok]
