#                                                                                 --- full sequence --- -------------- this domain -------------   hmm coord   ali coord   env coord
# target name             accession   tlen query name           accession   qlen   E-value  score  bias   #  of  c-Evalue  i-Evalue  score  bias  from    to  from    to  from    to  acc description of target
#     ------------------- ---------- ----- -------------------- ---------- ----- --------- ------ ----- --- --- --------- --------- ------ ----- ----- ----- ----- ----- ----- ----- ---- ---------------------
tig00000078:338797-341121 -            775 2307at4891           -            665         0 1362.6   1.1   1   1         0         0 1361.0   1.1     1   665    38   770    38   770 0.94 -
tig00000061:694240-696606 -            789 2307at4891           -            665  5.6e-269  891.0   0.1   1   1  1.8e-270  1.2e-267  886.6   0.1    12   665    49   780    40   780 0.87 -
tig00000001:911893-913950 -            686 2307at4891           -            665     2e-48  162.2   0.8   1   2   7.5e-47   5.1e-44  147.6   0.5    20   446    17   453    11   458 0.85 -
tig00000001:911893-913950 -            686 2307at4891           -            665     2e-48  162.2   0.8   2   2   7.8e-06    0.0053   12.1   0.0   572   624   558   610   529   619 0.85 -
tig00000005:627769-630033 -            755 2307at4891           -            665   9.4e-45  150.1   2.3   1   3   2.3e-28   1.6e-25   86.5   1.2   116   307   109   311    84   322 0.89 -
tig00000005:627769-630033 -            755 2307at4891           -            665   9.4e-45  150.1   2.3   2   3   2.4e-12   1.7e-09   33.6   0.0   317   446   348   470   336   482 0.84 -
tig00000005:627769-630033 -            755 2307at4891           -            665   9.4e-45  150.1   2.3   3   3   2.1e-10   1.5e-07   27.2   0.0   571   636   613   678   599   690 0.91 -
#
# Program:         hmmsearch
# Version:         3.1b2 (February 2015)
# Pipeline mode:   SEARCH
# Query file:      /home/inf-38-2022/BINP29/longread/2/busco_downloads/lineages/saccharomycetes_odb10/hmms/2307at4891.hmm
# Target file:     /home/inf-38-2022/BINP29/longread/2/Results/04_Busco/canu/run_saccharomycetes_odb10/metaeuk_output/initial_results/asm.contigs.fasta.modified.fas
# Option settings: hmmsearch --domtblout /home/inf-38-2022/BINP29/longread/2/Results/04_Busco/canu/run_saccharomycetes_odb10/hmmer_output/initial_run_results/2307at4891.out --cpu 1 /home/inf-38-2022/BINP29/longread/2/busco_downloads/lineages/saccharomycetes_odb10/hmms/2307at4891.hmm /home/inf-38-2022/BINP29/longread/2/Results/04_Busco/canu/run_saccharomycetes_odb10/metaeuk_output/initial_results/asm.contigs.fasta.modified.fas 
# Current dir:     /home/inf-38-2022/BINP29/longread/2
# Date:            Thu Feb 23 14:06:56 2023
# [ok]
