#                                                                                 --- full sequence --- -------------- this domain -------------   hmm coord   ali coord   env coord
# target name             accession   tlen query name           accession   qlen   E-value  score  bias   #  of  c-Evalue  i-Evalue  score  bias  from    to  from    to  from    to  acc description of target
#     ------------------- ---------- ----- -------------------- ---------- ----- --------- ------ ----- --- --- --------- --------- ------ ----- ----- ----- ----- ----- ----- ----- ---- ---------------------
tig00000061:453454-455289 -            612 24162at4891          -            464   8.5e-93  309.3  49.7   1   1   1.2e-93   1.8e-91  304.9  49.7    18   461    16   602     2   605 0.77 -
tig00000012:239988-241109 -            374 24162at4891          -            464   6.1e-29   98.7   0.2   1   1   6.6e-31   9.5e-29   98.1   0.2   371   450    19    94    15   107 0.89 -
tig00000034:300597-301871 -            425 24162at4891          -            464   8.6e-28   94.9   0.5   1   2   1.4e-28     2e-26   90.4   1.0   374   463     2    93     1    94 0.90 -
tig00000034:300597-301871 -            425 24162at4891          -            464   8.6e-28   94.9   0.5   2   2      0.11        16    1.7   0.0    56    85   303   332   296   343 0.85 -
tig00000018:506980-508206 -            409 24162at4891          -            464   4.8e-23   79.3   0.0   1   1     5e-25   7.2e-23   78.7   0.0   371   450     5    79     2    94 0.83 -
tig00000038:166032-167444 -            471 24162at4891          -            464   1.6e-21   74.3   0.1   1   2   1.1e-23   1.6e-21   74.3   0.1   368   449    20    96    13   112 0.87 -
tig00000038:166032-167444 -            471 24162at4891          -            464   1.6e-21   74.3   0.1   2   2       1.2   1.7e+02   -1.6   1.3   249   322   398   463   382   469 0.56 -
tig00000023:249237-249578 -            114 24162at4891          -            464   3.6e-21   73.1   0.3   1   1     3e-23   4.3e-21   72.9   0.3   373   453     1    76     1    87 0.87 -
tig00000018:221819-223582 -            588 24162at4891          -            464   1.8e-20   70.9   1.8   1   1   1.2e-22   1.8e-20   70.9   1.8   373   442     5    71     1    77 0.94 -
tig00000018:619619-620674 -            352 24162at4891          -            464     3e-20   70.1   0.0   1   1   2.9e-22   4.2e-20   69.6   0.0   371   455     5    82     2    89 0.92 -
tig00000083:83033-83302   -             90 24162at4891          -            464   4.9e-20   69.4   0.2   1   1   3.9e-22   5.6e-20   69.2   0.2   373   457     1    82     1    88 0.82 -
tig00000007:800435-802411 -            659 24162at4891          -            464     3e-19   66.8   0.3   1   1   4.4e-21   6.4e-19   65.7   0.3   372   447   125   202   112   207 0.91 -
tig00000018:482500-483795 -            432 24162at4891          -            464   6.8e-18   62.3  12.0   1   1   1.1e-19   1.6e-17   61.1  12.0   369   447     3    77     1    95 0.85 -
tig00000061:133721-134212 -            164 24162at4891          -            464   1.1e-17   61.6   0.5   1   1     1e-19   1.5e-17   61.2   0.5   373   451     5    82     2    92 0.87 -
tig00000005:34699-35997   -            433 24162at4891          -            464     2e-11   41.0   0.0   1   2   1.4e-13     2e-11   41.0   0.0   369   440    94   167    87   175 0.84 -
tig00000005:34699-35997   -            433 24162at4891          -            464     2e-11   41.0   0.0   2   2       7.4   1.1e+03   -4.3   8.6   264   372   249   354   206   368 0.46 -
tig00000038:32634-33521   -            296 24162at4891          -            464   1.5e-09   34.8   5.3   1   1   1.7e-11   2.4e-09   34.1   5.3   360   459    33   125    25   130 0.81 -
tig00000037:48500-54766   -           2089 24162at4891          -            464     3e-05   20.6  13.5   1   5       2.6   3.7e+02   -2.7   0.8   167   251   106   190    29   209 0.72 -
tig00000037:48500-54766   -           2089 24162at4891          -            464     3e-05   20.6  13.5   2   5       3.1   4.5e+02   -3.0   0.0    71   123   299   349   290   354 0.82 -
tig00000037:48500-54766   -           2089 24162at4891          -            464     3e-05   20.6  13.5   3   5   2.1e-07     3e-05   20.6  13.5   277   365   926  1040   869  1046 0.52 -
tig00000037:48500-54766   -           2089 24162at4891          -            464     3e-05   20.6  13.5   4   5       4.6   6.6e+02   -3.6   0.6   223   293  1364  1436  1361  1445 0.68 -
tig00000037:48500-54766   -           2089 24162at4891          -            464     3e-05   20.6  13.5   5   5       5.6     8e+02   -3.9   0.3   248   311  1480  1548  1458  1566 0.43 -
tig00000010:685401-686213 -            271 24162at4891          -            464   0.00011   18.7   3.1   1   1   1.2e-05    0.0018   14.8   3.1   383   443    48   125    18   142 0.71 -
tig00000018:70085-72607   -            841 24162at4891          -            464   0.00012   18.7   6.1   1   1   1.6e-06   0.00024   17.7   6.1   205   363   212   393   203   405 0.42 -
tig00000031:499349-500488 -            380 24162at4891          -            464      0.47    6.8  33.5   1   1   0.00028      0.04   10.3  28.1   302   362   258   314   200   322 0.67 -
tig00000014:643085-644017 -            311 24162at4891          -            464       1.6    5.1  12.6   1   1     0.016       2.2    4.6  12.6   334   366   150   168   125   176 0.48 -
#
# Program:         hmmsearch
# Version:         3.1b2 (February 2015)
# Pipeline mode:   SEARCH
# Query file:      /home/inf-38-2022/BINP29/longread/2/busco_downloads/lineages/saccharomycetes_odb10/hmms/24162at4891.hmm
# Target file:     /home/inf-38-2022/BINP29/longread/2/Results/04_Busco/canu/run_saccharomycetes_odb10/metaeuk_output/initial_results/asm.contigs.fasta.modified.fas
# Option settings: hmmsearch --domtblout /home/inf-38-2022/BINP29/longread/2/Results/04_Busco/canu/run_saccharomycetes_odb10/hmmer_output/initial_run_results/24162at4891.out --cpu 1 /home/inf-38-2022/BINP29/longread/2/busco_downloads/lineages/saccharomycetes_odb10/hmms/24162at4891.hmm /home/inf-38-2022/BINP29/longread/2/Results/04_Busco/canu/run_saccharomycetes_odb10/metaeuk_output/initial_results/asm.contigs.fasta.modified.fas 
# Current dir:     /home/inf-38-2022/BINP29/longread/2
# Date:            Thu Feb 23 14:07:01 2023
# [ok]
