#                                                                                   --- full sequence --- -------------- this domain -------------   hmm coord   ali coord   env coord
# target name               accession   tlen query name           accession   qlen   E-value  score  bias   #  of  c-Evalue  i-Evalue  score  bias  from    to  from    to  from    to  acc description of target
#       ------------------- ---------- ----- -------------------- ---------- ----- --------- ------ ----- --- --- --------- --------- ------ ----- ----- ----- ----- ----- ----- ----- ---- ---------------------
tig00000039:146733-150338   -           1202 2459at4891           -            859  2.7e-173  575.8  62.2   1   4   2.5e-26   2.4e-24   83.0   0.2    13    95     2   100     1   106 0.89 -
tig00000039:146733-150338   -           1202 2459at4891           -            859  2.7e-173  575.8  62.2   2   4   1.8e-12   1.7e-10   37.1   4.8   103   234   133   311   119   319 0.65 -
tig00000039:146733-150338   -           1202 2459at4891           -            859  2.7e-173  575.8  62.2   3   4  6.7e-106  6.5e-104  346.2  32.9   236   752   336   978   323   994 0.78 -
tig00000039:146733-150338   -           1202 2459at4891           -            859  2.7e-173  575.8  62.2   4   4   1.7e-31   1.7e-29  100.0   6.0   696   859   977  1192   953  1192 0.73 -
tig00000078:139174-141975   -            934 2459at4891           -            859   9.8e-08   28.0   0.2   1   3   1.1e-06   0.00011   18.0   0.0    40   101   214   281   205   288 0.84 -
tig00000078:139174-141975   -            934 2459at4891           -            859   9.8e-08   28.0   0.2   2   3    0.0028      0.27    6.7   0.1    67   176   458   572   456   581 0.88 -
tig00000078:139174-141975   -            934 2459at4891           -            859   9.8e-08   28.0   0.2   3   3      0.91        88   -1.6   0.0    66   104   582   620   579   625 0.84 -
tig00000018:621173-622084   -            304 2459at4891           -            859   2.4e-07   26.8   6.4   1   6      0.84        82   -1.5   0.0    60    98    29    66    26    74 0.81 -
tig00000018:621173-622084   -            304 2459at4891           -            859   2.4e-07   26.8   6.4   2   6    0.0015      0.14    7.6   0.1    65    95    77   107    73   141 0.86 -
tig00000018:621173-622084   -            304 2459at4891           -            859   2.4e-07   26.8   6.4   3   6       0.6        58   -1.0   0.0    78    98   131   151   118   156 0.71 -
tig00000018:621173-622084   -            304 2459at4891           -            859   2.4e-07   26.8   6.4   4   6   9.7e-05    0.0094   11.5   0.0    67   101   163   197   160   205 0.87 -
tig00000018:621173-622084   -            304 2459at4891           -            859   2.4e-07   26.8   6.4   5   6      0.21        20    0.5   0.1    66    94   210   238   202   246 0.90 -
tig00000018:621173-622084   -            304 2459at4891           -            859   2.4e-07   26.8   6.4   6   6    0.0056      0.55    5.7   0.1    67    96   254   283   241   288 0.84 -
tig00000037:112469-115222   -            918 2459at4891           -            859   8.2e-07   25.0   3.9   1   6      0.55        54   -0.9   0.1    66    99   148   181   143   224 0.56 -
tig00000037:112469-115222   -            918 2459at4891           -            859   8.2e-07   25.0   3.9   2   6      0.21        20    0.5   0.0    65    99   261   295   252   314 0.88 -
tig00000037:112469-115222   -            918 2459at4891           -            859   8.2e-07   25.0   3.9   3   6   0.00053     0.052    9.1   0.1    63   129   344   415   306   431 0.68 -
tig00000037:112469-115222   -            918 2459at4891           -            859   8.2e-07   25.0   3.9   4   6     0.046       4.5    2.7   0.1    65    93   474   502   467   509 0.92 -
tig00000037:112469-115222   -            918 2459at4891           -            859   8.2e-07   25.0   3.9   5   6    0.0058      0.56    5.7   0.0    53   103   502   554   501   560 0.85 -
tig00000037:112469-115222   -            918 2459at4891           -            859   8.2e-07   25.0   3.9   6   6       0.2        20    0.6   0.0    68    95   581   608   578   617 0.91 -
tig00000014:436668-438272   -            535 2459at4891           -            859   1.5e-06   24.1   2.2   1   3   4.6e-05    0.0045   12.6   0.2    65   126   221   285   216   310 0.81 -
tig00000014:436668-438272   -            535 2459at4891           -            859   1.5e-06   24.1   2.2   2   3      0.72        70   -1.3   0.0    85   130   338   388   327   397 0.76 -
tig00000014:436668-438272   -            535 2459at4891           -            859   1.5e-06   24.1   2.2   3   3   0.00029     0.028   10.0   0.1    46    98   419   476   392   479 0.78 -
tig00000037:74530-75222     -            231 2459at4891           -            859     4e-06   22.7   0.2   1   5   8.1e-05    0.0079   11.8   0.0    67   100     1    34     1    40 0.88 -
tig00000037:74530-75222     -            231 2459at4891           -            859     4e-06   22.7   0.2   2   5      0.63        62   -1.1   0.0    74   105    50    81    34    84 0.80 -
tig00000037:74530-75222     -            231 2459at4891           -            859     4e-06   22.7   0.2   3   5     0.058       5.7    2.3   0.0    66    92    83   110    76   114 0.88 -
tig00000037:74530-75222     -            231 2459at4891           -            859     4e-06   22.7   0.2   4   5     0.029       2.8    3.4   0.0    66    97   133   164   131   168 0.91 -
tig00000037:74530-75222     -            231 2459at4891           -            859     4e-06   22.7   0.2   5   5         2     2e+02   -2.7   0.0    67   101   188   222   187   224 0.86 -
tig00000014:605092-607482   -            797 2459at4891           -            859   6.9e-06   21.9   1.8   1   5    0.0017      0.16    7.4   0.0    65    95   467   497   461   505 0.89 -
tig00000014:605092-607482   -            797 2459at4891           -            859   6.9e-06   21.9   1.8   2   5      0.13        13    1.2   0.0    66    99   527   560   520   564 0.88 -
tig00000014:605092-607482   -            797 2459at4891           -            859   6.9e-06   21.9   1.8   3   5       1.5   1.5e+02   -2.4   0.0    64    95   609   640   606   646 0.91 -
tig00000014:605092-607482   -            797 2459at4891           -            859   6.9e-06   21.9   1.8   4   5    0.0054      0.53    5.8   0.0    66    95   653   682   644   690 0.89 -
tig00000014:605092-607482   -            797 2459at4891           -            859   6.9e-06   21.9   1.8   5   5     0.048       4.7    2.6   0.0    66    97   696   727   692   730 0.92 -
tig00000014:211666-214185   -            840 2459at4891           -            859   1.2e-05   21.2   0.2   1   3    0.0025      0.24    6.9   0.0    66    99    19    52    17    57 0.89 -
tig00000014:211666-214185   -            840 2459at4891           -            859   1.2e-05   21.2   0.2   2   3    0.0013      0.13    7.8   0.0    65    96    80   111    74   115 0.89 -
tig00000014:211666-214185   -            840 2459at4891           -            859   1.2e-05   21.2   0.2   3   3     0.048       4.6    2.6   0.0    42    99   719   778   699   787 0.80 -
tig00000039:157839-159113   -            425 2459at4891           -            859   1.5e-05   20.8   0.4   1   3   4.1e-05     0.004   12.8   0.0    34    96    33   104    20   115 0.79 -
tig00000039:157839-159113   -            425 2459at4891           -            859   1.5e-05   20.8   0.4   2   3     0.023       2.2    3.7   0.1    37    97   179   247   148   258 0.75 -
tig00000039:157839-159113   -            425 2459at4891           -            859   1.5e-05   20.8   0.4   3   3       1.3   1.2e+02   -2.1   0.2    77    92   326   341   316   344 0.86 -
tig00000005:614650-615420   -            257 2459at4891           -            859   0.00014   17.6   0.1   1   2    0.0011      0.11    8.1   0.0    27   124    30   137    22   153 0.70 -
tig00000005:614650-615420   -            257 2459at4891           -            859   0.00014   17.6   0.1   2   2    0.0015      0.14    7.6   0.0    21    95   175   255   171   257 0.74 -
tig00000061:551101-551736   -            212 2459at4891           -            859   0.00015   17.4   0.0   1   2      0.01         1    4.8   0.0    71   106     7    42     3    58 0.85 -
tig00000061:551101-551736   -            212 2459at4891           -            859   0.00015   17.4   0.0   2   2   0.00027     0.027   10.0   0.0    35   131    72   174    61   202 0.74 -
tig00000034:113188-114642   -            485 2459at4891           -            859   0.00035   16.3   0.1   1   2    0.0019      0.19    7.2   0.0    65   145   220   305   196   314 0.79 -
tig00000034:113188-114642   -            485 2459at4891           -            859   0.00035   16.3   0.1   2   2    0.0028      0.27    6.7   0.0    64    92   348   376   337   383 0.90 -
tig00000022:516138-517016   -            293 2459at4891           -            859   0.00047   15.9   0.1   1   3      0.35        34   -0.2   0.0    63   100    13    51     8    52 0.81 -
tig00000022:516138-517016   -            293 2459at4891           -            859   0.00047   15.9   0.1   2   3     0.029       2.8    3.3   0.0    70    99    80   109    71   117 0.84 -
tig00000022:516138-517016   -            293 2459at4891           -            859   0.00047   15.9   0.1   3   3    0.0017      0.17    7.4   0.0    36   109   148   228   141   250 0.72 -
tig00000012:489214-491058   -            615 2459at4891           -            859    0.0008   15.1   0.1   1   2      0.11        11    1.4   0.0    66    99    66   101    58   110 0.75 -
tig00000012:489214-491058   -            615 2459at4891           -            859    0.0008   15.1   0.1   2   2   0.00013     0.013   11.1   0.0    34    97   451   521   440   536 0.79 -
tig00000005:814912-815754   -            281 2459at4891           -            859    0.0008   15.1   1.5   1   2    0.0033      0.32    6.5   0.2    66    99    24    57    19    62 0.89 -
tig00000005:814912-815754   -            281 2459at4891           -            859    0.0008   15.1   1.5   2   2    0.0014      0.13    7.7   0.1    40   100    76   142    67   201 0.64 -
tig00000001:1183590-1184819 -            410 2459at4891           -            859    0.0012   14.5   0.0   1   3       2.9   2.8e+02   -3.3   0.0    66    95   163   192   161   202 0.83 -
tig00000001:1183590-1184819 -            410 2459at4891           -            859    0.0012   14.5   0.0   2   3      0.05       4.9    2.6   0.0    58   102   242   286   211   300 0.76 -
tig00000001:1183590-1184819 -            410 2459at4891           -            859    0.0012   14.5   0.0   3   3   0.00045     0.044    9.3   0.0    69   105   343   379   342   408 0.80 -
tig00000061:445872-447620   -            583 2459at4891           -            859    0.0013   14.4   0.0   1   2       2.1     2e+02   -2.8   0.0    41    62   470   491   461   525 0.44 -
tig00000061:445872-447620   -            583 2459at4891           -            859    0.0013   14.4   0.0   2   2   2.8e-05    0.0027   13.3   0.0    63    95   550   582   538   583 0.93 -
tig00000038:75034-76008     -            325 2459at4891           -            859    0.0014   14.3   1.8   1   3       2.7   2.6e+02   -3.2   0.0    86   103   108   125    85   127 0.73 -
tig00000038:75034-76008     -            325 2459at4891           -            859    0.0014   14.3   1.8   2   3   0.00059     0.058    8.9   0.1    47   100   220   279   218   283 0.76 -
tig00000038:75034-76008     -            325 2459at4891           -            859    0.0014   14.3   1.8   3   3     0.028       2.7    3.4   0.1    66    95   289   318   285   323 0.90 -
tig00000061:362048-362611   -            188 2459at4891           -            859    0.0017   14.0   1.2   1   1   6.1e-05    0.0059   12.2   1.3   681   768    45   133    21   166 0.75 -
tig00000010:811772-813490   -            573 2459at4891           -            859    0.0033   13.0   0.0   1   2     0.021       2.1    3.8   0.0    65   103   237   275   226   312 0.87 -
tig00000010:811772-813490   -            573 2459at4891           -            859    0.0033   13.0   0.0   2   2    0.0023      0.23    7.0   0.0    73   104   407   438   398   440 0.82 -
tig00000018:41834-43183     -            450 2459at4891           -            859    0.0035   12.9   0.1   1   1   4.8e-05    0.0047   12.5   0.1    54   129   110   190    88   227 0.85 -
tig00000007:828201-829577   -            459 2459at4891           -            859    0.0037   12.9   0.1   1   2     0.026       2.5    3.5   0.1    67    95   106   134   104   231 0.81 -
tig00000007:828201-829577   -            459 2459at4891           -            859    0.0037   12.9   0.1   2   2    0.0021       0.2    7.1   0.0    67   103   378   415   367   418 0.78 -
tig00000012:401735-403267   -            511 2459at4891           -            859    0.0049   12.5   0.3   1   4      0.26        25    0.2   0.0    66    96   216   246   214   253 0.85 -
tig00000012:401735-403267   -            511 2459at4891           -            859    0.0049   12.5   0.3   2   4      0.13        13    1.2   0.0    66   105   323   363   310   366 0.83 -
tig00000012:401735-403267   -            511 2459at4891           -            859    0.0049   12.5   0.3   3   4       1.2   1.2e+02   -2.0   0.0    66    98   368   401   360   403 0.76 -
tig00000012:401735-403267   -            511 2459at4891           -            859    0.0049   12.5   0.3   4   4    0.0053      0.51    5.8   0.0    65    95   418   449   412   457 0.87 -
tig00000023:374822-375916   -            365 2459at4891           -            859    0.0056   12.3   0.0   1   2      0.64        62   -1.1   0.0    66    95    38    68    35    78 0.79 -
tig00000023:374822-375916   -            365 2459at4891           -            859    0.0056   12.3   0.0   2   2   0.00018     0.018   10.6   0.0    65   174    81   198    74   220 0.78 -
tig00000010:895817-897205   -            463 2459at4891           -            859     0.033    9.8   0.2   1   3      0.12        12    1.3   0.0    65   120   175   236   170   260 0.75 -
tig00000010:895817-897205   -            463 2459at4891           -            859     0.033    9.8   0.2   2   3      0.27        26    0.2   0.0    67   101   309   343   306   348 0.90 -
tig00000010:895817-897205   -            463 2459at4891           -            859     0.033    9.8   0.2   3   3     0.018       1.8    4.0   0.0    66    95   350   379   343   389 0.91 -
tig00000034:379525-382353   -            943 2459at4891           -            859     0.067    8.7  27.6   1   9     0.002      0.19    7.2   0.3    68   100    83   115    80   149 0.77 -
tig00000034:379525-382353   -            943 2459at4891           -            859     0.067    8.7  27.6   2   9      0.15        15    1.0   0.0    66    93   123   150   120   159 0.92 -
tig00000034:379525-382353   -            943 2459at4891           -            859     0.067    8.7  27.6   3   9       2.8   2.8e+02   -3.2   0.0    79    99   177   197   173   202 0.80 -
tig00000034:379525-382353   -            943 2459at4891           -            859     0.067    8.7  27.6   4   9     0.013       1.3    4.5   0.1    63    99   390   425   382   430 0.81 -
tig00000034:379525-382353   -            943 2459at4891           -            859     0.067    8.7  27.6   5   9      0.42        41   -0.5   0.0    35    95   438   504   426   510 0.76 -
tig00000034:379525-382353   -            943 2459at4891           -            859     0.067    8.7  27.6   6   9      0.61        60   -1.0   0.0    65   100   532   567   504   576 0.84 -
tig00000034:379525-382353   -            943 2459at4891           -            859     0.067    8.7  27.6   7   9    0.0032      0.32    6.5   0.3    66   130   575   644   571   648 0.83 -
tig00000034:379525-382353   -            943 2459at4891           -            859     0.067    8.7  27.6   8   9     0.016       1.6    4.2   0.2    54    92   647   685   646   694 0.90 -
tig00000034:379525-382353   -            943 2459at4891           -            859     0.067    8.7  27.6   9   9       1.4   1.4e+02   -2.2   2.5   509   583   802   879   794   886 0.79 -
tig00000037:93821-94819     -            333 2459at4891           -            859      0.11    8.0   6.4   1   6    0.0093      0.91    5.0   0.0    67    93     7    33     3    39 0.90 -
tig00000037:93821-94819     -            333 2459at4891           -            859      0.11    8.0   6.4   2   6       2.3   2.2e+02   -2.9   0.0    79    93    69    83    67    93 0.86 -
tig00000037:93821-94819     -            333 2459at4891           -            859      0.11    8.0   6.4   3   6      0.65        63   -1.1   0.0   170   216    95   142    85   147 0.65 -
tig00000037:93821-94819     -            333 2459at4891           -            859      0.11    8.0   6.4   4   6     0.061         6    2.3   0.0    67    92   223   248   219   259 0.92 -
tig00000037:93821-94819     -            333 2459at4891           -            859      0.11    8.0   6.4   5   6       0.2        20    0.5   0.1    64    96   262   294   252   301 0.88 -
tig00000037:93821-94819     -            333 2459at4891           -            859      0.11    8.0   6.4   6   6       1.6   1.5e+02   -2.4   0.0    66    91   306   331   305   332 0.92 -
tig00000001:107892-111701   -           1270 2459at4891           -            859      0.19    7.3   5.4   1   3    0.0022      0.21    7.0   0.0    65    97   109   142    99   145 0.82 -
tig00000001:107892-111701   -           1270 2459at4891           -            859      0.19    7.3   5.4   2   3      0.44        43   -0.6   0.4    64   103   160   200   155   203 0.80 -
tig00000001:107892-111701   -           1270 2459at4891           -            859      0.19    7.3   5.4   3   3      0.18        18    0.7   0.2   546   650   577   689   574   715 0.64 -
#
# Program:         hmmsearch
# Version:         3.1b2 (February 2015)
# Pipeline mode:   SEARCH
# Query file:      /home/inf-38-2022/BINP29/longread/2/busco_downloads/lineages/saccharomycetes_odb10/hmms/2459at4891.hmm
# Target file:     /home/inf-38-2022/BINP29/longread/2/Results/04_Busco/canu/run_saccharomycetes_odb10/metaeuk_output/initial_results/asm.contigs.fasta.modified.fas
# Option settings: hmmsearch --domtblout /home/inf-38-2022/BINP29/longread/2/Results/04_Busco/canu/run_saccharomycetes_odb10/hmmer_output/initial_run_results/2459at4891.out --cpu 1 /home/inf-38-2022/BINP29/longread/2/busco_downloads/lineages/saccharomycetes_odb10/hmms/2459at4891.hmm /home/inf-38-2022/BINP29/longread/2/Results/04_Busco/canu/run_saccharomycetes_odb10/metaeuk_output/initial_results/asm.contigs.fasta.modified.fas 
# Current dir:     /home/inf-38-2022/BINP29/longread/2
# Date:            Thu Feb 23 14:07:03 2023
# [ok]
