#                                                                                 --- full sequence --- -------------- this domain -------------   hmm coord   ali coord   env coord
# target name             accession   tlen query name           accession   qlen   E-value  score  bias   #  of  c-Evalue  i-Evalue  score  bias  from    to  from    to  from    to  acc description of target
#     ------------------- ---------- ----- -------------------- ---------- ----- --------- ------ ----- --- --- --------- --------- ------ ----- ----- ----- ----- ----- ----- ----- ---- ---------------------
tig00000012:891599-892528 -            310 24646at4891          -            237  2.2e-116  384.8  13.6   1   3  1.9e-108  4.3e-106  351.1   4.9     1   193     6   224     6   231 0.92 -
tig00000012:891599-892528 -            310 24646at4891          -            237  2.2e-116  384.8  13.6   2   3   1.2e-12   2.7e-10   37.5   0.6   189   228   239   278   235   292 0.80 -
tig00000012:891599-892528 -            310 24646at4891          -            237  2.2e-116  384.8  13.6   3   3      0.81   1.8e+02   -1.2   0.0   223   236   297   310   290   310 0.86 -
tig00000005:269309-270283 -            325 24646at4891          -            237   1.1e-19   68.3   0.2   1   1   9.2e-22   2.1e-19   67.3   0.2     2   168     3   180     2   201 0.80 -
tig00000012:390719-391234 -            172 24646at4891          -            237   3.6e-07   27.3   0.1   1   1     2e-09   4.5e-07   27.0   0.1    44   123    43   126     3   147 0.75 -
tig00000007:491183-491728 -            182 24646at4891          -            237   6.6e-05   19.9   0.0   1   1   3.7e-07   8.4e-05   19.6   0.0     4   147     8   152     5   159 0.77 -
tig00000012:663357-663980 -            208 24646at4891          -            237   0.00015   18.7   0.0   1   1   8.4e-07   0.00019   18.4   0.0     4    91    10    93     4   159 0.74 -
tig00000007:677103-677453 -            117 24646at4891          -            237   0.00016   18.7   0.0   1   1   7.9e-07   0.00018   18.5   0.0     4    94     1    86     1   114 0.77 -
tig00000038:216334-216951 -            206 24646at4891          -            237   0.00017   18.5   0.3   1   1   1.2e-06   0.00027   17.9   0.2     4   103    10   105     8   154 0.72 -
tig00000078:407040-408455 -            279 24646at4891          -            237    0.0003   17.7   0.0   1   1     2e-06   0.00044   17.2   0.0     2    89    74   156    73   202 0.75 -
tig00000038:141223-141867 -            215 24646at4891          -            237    0.0016   15.4   0.1   1   1     1e-05    0.0023   14.9   0.1     3    93    21   106    19   154 0.69 -
tig00000014:732598-733167 -            190 24646at4891          -            237    0.0029   14.5   0.0   1   1   1.6e-05    0.0036   14.2   0.0     4   128     1   130     1   171 0.70 -
tig00000007:503698-504222 -            175 24646at4891          -            237    0.0073   13.2   0.0   1   1   4.1e-05    0.0093   12.9   0.0     4   131    19   142    16   158 0.67 -
tig00000023:215519-216187 -            223 24646at4891          -            237     0.011   12.6   0.1   1   1   0.00011     0.025   11.4   0.0     4    64    15    75    13    90 0.82 -
#
# Program:         hmmsearch
# Version:         3.1b2 (February 2015)
# Pipeline mode:   SEARCH
# Query file:      /home/inf-38-2022/BINP29/longread/2/busco_downloads/lineages/saccharomycetes_odb10/hmms/24646at4891.hmm
# Target file:     /home/inf-38-2022/BINP29/longread/2/Results/04_Busco/canu/run_saccharomycetes_odb10/metaeuk_output/initial_results/asm.contigs.fasta.modified.fas
# Option settings: hmmsearch --domtblout /home/inf-38-2022/BINP29/longread/2/Results/04_Busco/canu/run_saccharomycetes_odb10/hmmer_output/initial_run_results/24646at4891.out --cpu 1 /home/inf-38-2022/BINP29/longread/2/busco_downloads/lineages/saccharomycetes_odb10/hmms/24646at4891.hmm /home/inf-38-2022/BINP29/longread/2/Results/04_Busco/canu/run_saccharomycetes_odb10/metaeuk_output/initial_results/asm.contigs.fasta.modified.fas 
# Current dir:     /home/inf-38-2022/BINP29/longread/2
# Date:            Thu Feb 23 14:07:03 2023
# [ok]
