#                                                                                   --- full sequence --- -------------- this domain -------------   hmm coord   ali coord   env coord
# target name               accession   tlen query name           accession   qlen   E-value  score  bias   #  of  c-Evalue  i-Evalue  score  bias  from    to  from    to  from    to  acc description of target
#       ------------------- ---------- ----- -------------------- ---------- ----- --------- ------ ----- --- --- --------- --------- ------ ----- ----- ----- ----- ----- ----- ----- ---- ---------------------
tig00000018:569634-570797   -            388 24709at4891          -            252     8e-87  288.1   0.6   1   2   1.6e-88     8e-87  288.1   0.6     7   238    42   323    36   327 0.85 -
tig00000018:569634-570797   -            388 24709at4891          -            252     8e-87  288.1   0.6   2   2      0.49        24    1.5   1.7   235   252   371   388   364   388 0.88 -
tig00000034:379525-382353   -            943 24709at4891          -            252   1.9e-17   60.8  12.3   1   4   1.2e-08   5.9e-07   26.4   0.2    30   120    97   194    85   204 0.79 -
tig00000034:379525-382353   -            943 24709at4891          -            252   1.9e-17   60.8  12.3   2   4      0.52        25    1.4   0.0   221   241   216   236   196   241 0.77 -
tig00000034:379525-382353   -            943 24709at4891          -            252   1.9e-17   60.8  12.3   3   4   1.1e-05   0.00053   16.8   0.1    28   121   406   506   390   507 0.77 -
tig00000034:379525-382353   -            943 24709at4891          -            252   1.9e-17   60.8  12.3   4   4   1.4e-06   6.6e-05   19.7   0.3    33   119   552   646   543   658 0.78 -
tig00000037:74530-75222     -            231 24709at4891          -            252   4.7e-16   56.2   0.9   1   4   1.4e-08   6.6e-07   26.3   0.0    67   118    18    70    10    73 0.88 -
tig00000037:74530-75222     -            231 24709at4891          -            252   4.7e-16   56.2   0.9   2   4    0.0001     0.005   13.6   0.0    68   118    61   112    60   114 0.92 -
tig00000037:74530-75222     -            231 24709at4891          -            252   4.7e-16   56.2   0.9   3   4   0.00017    0.0082   12.8   0.1    86   122   129   165   117   170 0.91 -
tig00000037:74530-75222     -            231 24709at4891          -            252   4.7e-16   56.2   0.9   4   4    0.0026      0.12    9.0   0.0    86   118   183   215   175   219 0.88 -
tig00000037:112469-115222   -            918 24709at4891          -            252   5.1e-14   49.6   2.9   1   7      0.73        35    0.9   0.0    68   117    34    84    26    94 0.80 -
tig00000037:112469-115222   -            918 24709at4891          -            252   5.1e-14   49.6   2.9   2   7     0.064       3.1    4.4   0.0    84   123   142   181   134   186 0.87 -
tig00000037:112469-115222   -            918 24709at4891          -            252   5.1e-14   49.6   2.9   3   7      0.15       7.1    3.2   0.0    80   124   183   227   178   233 0.82 -
tig00000037:112469-115222   -            918 24709at4891          -            252   5.1e-14   49.6   2.9   4   7    0.0013     0.062   10.0   0.0    65   117   237   289   229   316 0.91 -
tig00000037:112469-115222   -            918 24709at4891          -            252   5.1e-14   49.6   2.9   5   7   7.1e-06   0.00035   17.3   0.0    66   118   364   417   357   422 0.89 -
tig00000037:112469-115222   -            918 24709at4891          -            252   5.1e-14   49.6   2.9   6   7     0.031       1.5    5.4   0.0    70   117   454   502   429   518 0.86 -
tig00000037:112469-115222   -            918 24709at4891          -            252   5.1e-14   49.6   2.9   7   7       1.9        95   -0.5   0.0    91   115   681   704   679   709 0.87 -
tig00000034:113188-114642   -            485 24709at4891          -            252   5.3e-14   49.5   4.6   1   5     0.033       1.6    5.3   0.0    86   122    65   102    55   107 0.85 -
tig00000034:113188-114642   -            485 24709at4891          -            252   5.3e-14   49.5   4.6   2   5      0.22        11    2.6   0.0   221   243   135   157   118   165 0.62 -
tig00000034:113188-114642   -            485 24709at4891          -            252   5.3e-14   49.5   4.6   3   5     8e-06   0.00039   17.2   0.0    68   135   198   267   190   271 0.79 -
tig00000034:113188-114642   -            485 24709at4891          -            252   5.3e-14   49.5   4.6   4   5   6.8e-05    0.0033   14.1   0.8    66   121   281   338   274   347 0.85 -
tig00000034:113188-114642   -            485 24709at4891          -            252   5.3e-14   49.5   4.6   5   5     0.011      0.55    6.9   0.0    91   119   351   379   340   388 0.81 -
tig00000001:195246-198842   -           1199 24709at4891          -            252   9.2e-14   48.7   0.3   1   4    0.0035      0.17    8.5   0.0    69   119    33    84    28    87 0.86 -
tig00000001:195246-198842   -           1199 24709at4891          -            252   9.2e-14   48.7   0.3   2   4   4.4e-06   0.00022   18.0   0.1    67   118   115   167   112   173 0.89 -
tig00000001:195246-198842   -           1199 24709at4891          -            252   9.2e-14   48.7   0.3   3   4     0.008      0.39    7.4   0.0    80   120   201   241   196   247 0.87 -
tig00000001:195246-198842   -           1199 24709at4891          -            252   9.2e-14   48.7   0.3   4   4    0.0065      0.32    7.6   0.1    86   120   251   285   244   290 0.91 -
tig00000010:895817-897205   -            463 24709at4891          -            252   1.6e-13   48.0   2.2   1   5    0.0004     0.019   11.6   0.0    76   123   205   253   172   258 0.83 -
tig00000010:895817-897205   -            463 24709at4891          -            252   1.6e-13   48.0   2.2   2   5     0.095       4.6    3.8   0.0    87   122   263   298   254   303 0.90 -
tig00000010:895817-897205   -            463 24709at4891          -            252   1.6e-13   48.0   2.2   3   5   2.1e-07     1e-05   22.4   0.0    66   135   325   394   301   404 0.81 -
tig00000010:895817-897205   -            463 24709at4891          -            252   1.6e-13   48.0   2.2   4   5      0.19       9.3    2.8   0.0    86   117   390   423   385   433 0.87 -
tig00000010:895817-897205   -            463 24709at4891          -            252   1.6e-13   48.0   2.2   5   5     0.023       1.1    5.8   0.4    66   113   413   461   404   463 0.80 -
tig00000014:605092-607482   -            797 24709at4891          -            252   2.7e-13   47.2   0.8   1   4       3.6   1.8e+02   -1.4   0.0    88   118   466   496   456   508 0.79 -
tig00000014:605092-607482   -            797 24709at4891          -            252   2.7e-13   47.2   0.8   2   4    0.0013     0.066    9.9   0.1    82   118   519   555   477   559 0.81 -
tig00000014:605092-607482   -            797 24709at4891          -            252   2.7e-13   47.2   0.8   3   4   2.4e-05    0.0012   15.6   0.0    68   121   588   642   572   645 0.78 -
tig00000014:605092-607482   -            797 24709at4891          -            252   2.7e-13   47.2   0.8   4   4   7.4e-05    0.0036   14.0   0.0    66   122   670   728   650   733 0.78 -
tig00000018:621173-622084   -            304 24709at4891          -            252   9.9e-13   45.3   3.0   1   2   1.9e-09   9.3e-08   29.0   0.1    10   121    30   150    18   170 0.76 -
tig00000018:621173-622084   -            304 24709at4891          -            252   9.9e-13   45.3   3.0   2   2   0.00062      0.03   11.0   0.3    68   121   229   284   212   285 0.83 -
tig00000022:516138-517016   -            293 24709at4891          -            252   2.1e-12   44.2   1.0   1   4      0.07       3.4    4.3   0.0    98   120    25    47    11    52 0.76 -
tig00000022:516138-517016   -            293 24709at4891          -            252   2.1e-12   44.2   1.0   2   4    0.0011     0.053   10.2   0.0    82   118    70   104    63   111 0.84 -
tig00000022:516138-517016   -            293 24709at4891          -            252   2.1e-12   44.2   1.0   3   4   4.7e-08   2.3e-06   24.5   0.1    67   140   159   228   147   254 0.75 -
tig00000022:516138-517016   -            293 24709at4891          -            252   2.1e-12   44.2   1.0   4   4         4     2e+02   -1.5   0.0    99   115   277   293   265   293 0.77 -
tig00000023:290906-291760   -            285 24709at4891          -            252   5.4e-12   42.9   3.0   1   3   0.00054     0.026   11.2   0.0    54   118     9    78     2    83 0.75 -
tig00000023:290906-291760   -            285 24709at4891          -            252   5.4e-12   42.9   3.0   2   3   4.3e-05    0.0021   14.8   0.1    67   121   131   186   122   205 0.85 -
tig00000023:290906-291760   -            285 24709at4891          -            252   5.4e-12   42.9   3.0   3   3   1.9e-05   0.00094   15.9   0.1    67   118   233   283   221   285 0.85 -
tig00000078:494342-496789   -            816 24709at4891          -            252   8.1e-12   42.3   2.0   1   4    0.0011     0.055   10.1   0.1    33   120    82   180    55   192 0.71 -
tig00000078:494342-496789   -            816 24709at4891          -            252   8.1e-12   42.3   2.0   2   4     0.013      0.62    6.7   0.0   102   142   210   250   196   277 0.86 -
tig00000078:494342-496789   -            816 24709at4891          -            252   8.1e-12   42.3   2.0   3   4    0.0064      0.31    7.7   0.0    83   126   486   529   475   534 0.86 -
tig00000078:494342-496789   -            816 24709at4891          -            252   8.1e-12   42.3   2.0   4   4   0.00014    0.0066   13.1   0.0    67   119   553   606   547   613 0.89 -
tig00000061:551101-551736   -            212 24709at4891          -            252     2e-11   41.1   0.1   1   3    0.0048      0.24    8.1   0.0    87   118     1    30     1    39 0.93 -
tig00000061:551101-551736   -            212 24709at4891          -            252     2e-11   41.1   0.1   2   3   5.8e-08   2.8e-06   24.2   0.0    55   118    74   134    36   136 0.82 -
tig00000061:551101-551736   -            212 24709at4891          -            252     2e-11   41.1   0.1   3   3   1.5e-05   0.00071   16.3   0.0    31   115   123   212   120   212 0.72 -
tig00000018:41834-43183     -            450 24709at4891          -            252   1.3e-10   38.4   2.4   1   4   2.5e-05    0.0012   15.6   0.4    70   118   101   150    94   179 0.79 -
tig00000018:41834-43183     -            450 24709at4891          -            252   1.3e-10   38.4   2.4   2   4     0.029       1.4    5.5   0.0    79   126   153   200   150   201 0.85 -
tig00000018:41834-43183     -            450 24709at4891          -            252   1.3e-10   38.4   2.4   3   4   3.2e-05    0.0015   15.2   0.0    67   118   182   234   177   254 0.87 -
tig00000018:41834-43183     -            450 24709at4891          -            252   1.3e-10   38.4   2.4   4   4     0.054       2.6    4.6   0.0    67   123   267   325   257   335 0.81 -
tig00000005:195583-197937   -            785 24709at4891          -            252     2e-10   37.8   0.1   1   7   0.00031     0.015   12.0   0.0    71   124    38    95    31   112 0.75 -
tig00000005:195583-197937   -            785 24709at4891          -            252     2e-10   37.8   0.1   2   7         2        99   -0.5   0.0   102   123   116   137    91   149 0.74 -
tig00000005:195583-197937   -            785 24709at4891          -            252     2e-10   37.8   0.1   3   7    0.0097      0.47    7.1   0.0    80   121   194   239   115   250 0.68 -
tig00000005:195583-197937   -            785 24709at4891          -            252     2e-10   37.8   0.1   4   7      0.11       5.3    3.6   0.0    80   117   273   310   264   314 0.86 -
tig00000005:195583-197937   -            785 24709at4891          -            252     2e-10   37.8   0.1   5   7      0.18       8.7    2.9   0.0    89   116   386   413   375   428 0.86 -
tig00000005:195583-197937   -            785 24709at4891          -            252     2e-10   37.8   0.1   6   7      0.44        21    1.7   0.0    67   121   583   639   572   644 0.79 -
tig00000005:195583-197937   -            785 24709at4891          -            252     2e-10   37.8   0.1   7   7         2        97   -0.5   0.0   223   239   671   687   665   734 0.65 -
tig00000083:182049-182867   -            273 24709at4891          -            252   2.3e-10   37.6   3.4   1   4    0.0019     0.091    9.4   0.1    67   117     4    53     2    58 0.84 -
tig00000083:182049-182867   -            273 24709at4891          -            252   2.3e-10   37.6   3.4   2   4    0.0035      0.17    8.5   0.1    70   118    47    94    45    97 0.79 -
tig00000083:182049-182867   -            273 24709at4891          -            252   2.3e-10   37.6   3.4   3   4   8.4e-05    0.0041   13.8   0.1    67   119    84   136    61   139 0.88 -
tig00000083:182049-182867   -            273 24709at4891          -            252   2.3e-10   37.6   3.4   4   4   0.00032     0.016   11.9   0.1    66   118   213   264   192   267 0.81 -
tig00000037:93821-94819     -            333 24709at4891          -            252   3.6e-10   36.9   0.6   1   4      0.65        32    1.1   0.0    87   118     3    34     1    44 0.84 -
tig00000037:93821-94819     -            333 24709at4891          -            252   3.6e-10   36.9   0.6   2   4   9.1e-06   0.00044   17.0   0.0    66   120    73   127    69   139 0.86 -
tig00000037:93821-94819     -            333 24709at4891          -            252   3.6e-10   36.9   0.6   3   4      0.16       7.7    3.1   0.0    71   116   201   248   194   253 0.75 -
tig00000037:93821-94819     -            333 24709at4891          -            252   3.6e-10   36.9   0.6   4   4   7.2e-05    0.0035   14.1   0.1    29   115   237   331   233   333 0.73 -
tig00000007:738298-739563   -            422 24709at4891          -            252   2.3e-09   34.3   2.3   1   4    0.0048      0.24    8.1   0.0    82   119    86   123    66   131 0.87 -
tig00000007:738298-739563   -            422 24709at4891          -            252   2.3e-09   34.3   2.3   2   4      0.25        12    2.5   0.0    77   119   170   211   137   229 0.82 -
tig00000007:738298-739563   -            422 24709at4891          -            252   2.3e-09   34.3   2.3   3   4   1.6e-06   7.8e-05   19.5   0.1    66   119   247   301   238   304 0.84 -
tig00000007:738298-739563   -            422 24709at4891          -            252   2.3e-09   34.3   2.3   4   4       1.3        63    0.1   0.0    51   115   350   418   338   420 0.70 -
tig00000014:571412-572308   -            299 24709at4891          -            252   3.9e-09   33.6   1.4   1   4      0.28        14    2.3   0.0    70   117    20    69    14    72 0.86 -
tig00000014:571412-572308   -            299 24709at4891          -            252   3.9e-09   33.6   1.4   2   4   6.6e-07   3.2e-05   20.7   0.2    51   118    82   154    73   158 0.74 -
tig00000014:571412-572308   -            299 24709at4891          -            252   3.9e-09   33.6   1.4   3   4      0.01       0.5    7.0   0.0    91   117   177   203   175   205 0.94 -
tig00000014:571412-572308   -            299 24709at4891          -            252   3.9e-09   33.6   1.4   4   4       9.3   4.5e+02   -2.7   0.0   221   239   240   258   238   260 0.83 -
tig00000001:983271-984236   -            322 24709at4891          -            252   8.3e-09   32.5   7.7   1   5    0.0011     0.056   10.1   0.0    46   119     7    86     3    93 0.78 -
tig00000001:983271-984236   -            322 24709at4891          -            252   8.3e-09   32.5   7.7   2   5      0.28        13    2.3   0.0    82   123    98   139    90   147 0.67 -
tig00000001:983271-984236   -            322 24709at4891          -            252   8.3e-09   32.5   7.7   3   5   0.00017    0.0082   12.8   0.2    80   117   142   179   124   188 0.78 -
tig00000001:983271-984236   -            322 24709at4891          -            252   8.3e-09   32.5   7.7   4   5    0.0039      0.19    8.4   0.3    81   129   187   237   178   252 0.81 -
tig00000001:983271-984236   -            322 24709at4891          -            252   8.3e-09   32.5   7.7   5   5       1.1        56    0.3   0.0   101   234   307   321   291   322 0.67 -
tig00000010:275560-276894   -            445 24709at4891          -            252   1.3e-08   31.8   1.9   1   5    0.0024      0.12    9.1   0.0    67   120   154   208   148   212 0.91 -
tig00000010:275560-276894   -            445 24709at4891          -            252   1.3e-08   31.8   1.9   2   5   8.3e-07     4e-05   20.4   0.0    29   119   193   291   191   317 0.75 -
tig00000010:275560-276894   -            445 24709at4891          -            252   1.3e-08   31.8   1.9   3   5     0.029       1.4    5.5   0.0    67   110   280   324   280   327 0.85 -
tig00000010:275560-276894   -            445 24709at4891          -            252   1.3e-08   31.8   1.9   4   5       1.2        57    0.2   0.1    97   120   352   375   333   384 0.77 -
tig00000010:275560-276894   -            445 24709at4891          -            252   1.3e-08   31.8   1.9   5   5         1        51    0.4   0.0   222   244   408   430   403   434 0.79 -
tig00000012:401735-403267   -            511 24709at4891          -            252   3.9e-08   30.3   0.2   1   3    0.0017     0.083    9.5   0.0    65   131   340   412   334   414 0.75 -
tig00000012:401735-403267   -            511 24709at4891          -            252   3.9e-08   30.3   0.2   2   3   6.7e-06   0.00033   17.4   0.1    84   128   413   458   405   462 0.86 -
tig00000012:401735-403267   -            511 24709at4891          -            252   3.9e-08   30.3   0.2   3   3       6.4   3.1e+02   -2.2   0.0    90   111   481   503   475   508 0.78 -
tig00000022:404776-405999   -            408 24709at4891          -            252   1.5e-07   28.3   0.3   1   3    0.0005     0.024   11.3   0.0    98   122    54    78    39    96 0.81 -
tig00000022:404776-405999   -            408 24709at4891          -            252   1.5e-07   28.3   0.3   2   3   0.00082      0.04   10.6   0.0    67   119   121   174   114   184 0.85 -
tig00000022:404776-405999   -            408 24709at4891          -            252   1.5e-07   28.3   0.3   3   3      0.36        17    1.9   0.0   102   121   310   329   290   341 0.60 -
tig00000007:828201-829577   -            459 24709at4891          -            252   3.8e-07   27.0   6.5   1   4    0.0048      0.24    8.1   0.1    86   118   101   133    93   140 0.87 -
tig00000007:828201-829577   -            459 24709at4891          -            252   3.8e-07   27.0   6.5   2   4       0.6        29    1.2   0.0   222   246   158   182   147   187 0.80 -
tig00000007:828201-829577   -            459 24709at4891          -            252   3.8e-07   27.0   6.5   3   4       1.4        69   -0.0   0.0    31    75   188   235   178   249 0.63 -
tig00000007:828201-829577   -            459 24709at4891          -            252   3.8e-07   27.0   6.5   4   4   5.6e-06   0.00027   17.7   0.3    24   120   300   408   280   453 0.72 -
tig00000010:92017-92973     -            319 24709at4891          -            252   1.6e-06   25.0   0.5   1   2   0.00019    0.0093   12.7   0.3    66   119    60   116    43   125 0.83 -
tig00000010:92017-92973     -            319 24709at4891          -            252   1.6e-06   25.0   0.5   2   2   0.00097     0.047   10.4   0.0    69   119   170   223   163   231 0.84 -
tig00000038:154278-154922   -            215 24709at4891          -            252   2.8e-06   24.2   2.9   1   2   3.9e-05    0.0019   14.9   0.5    32   117    24   118     4   130 0.53 -
tig00000038:154278-154922   -            215 24709at4891          -            252   2.8e-06   24.2   2.9   2   2     0.055       2.7    4.6   0.1    67   109   172   215   150   215 0.69 -
tig00000007:380538-381545   -            336 24709at4891          -            252   3.2e-06   24.0   0.5   1   3   4.7e-05    0.0023   14.7   0.1    85   143     7    66     1    74 0.90 -
tig00000007:380538-381545   -            336 24709at4891          -            252   3.2e-06   24.0   0.5   2   3       9.7   4.7e+02   -2.8   0.0   101   119   112   130   108   156 0.74 -
tig00000007:380538-381545   -            336 24709at4891          -            252   3.2e-06   24.0   0.5   3   3     0.011      0.52    6.9   0.0   221   243   264   286   253   294 0.76 -
tig00000023:374822-375916   -            365 24709at4891          -            252   3.4e-06   23.9   0.0   1   3    0.0022      0.11    9.2   0.0    88   119    36    68    24    78 0.85 -
tig00000023:374822-375916   -            365 24709at4891          -            252   3.4e-06   23.9   0.0   2   3    0.0056      0.27    7.8   0.0    66   121    99   158    76   165 0.85 -
tig00000023:374822-375916   -            365 24709at4891          -            252   3.4e-06   23.9   0.0   3   3      0.17       8.3    3.0   0.0    91   120   272   301   269   322 0.82 -
tig00000005:853848-855902   -            685 24709at4891          -            252     5e-06   23.4   0.0   1   1   2.6e-07   1.3e-05   22.1   0.0    67   126    63   123    59   132 0.87 -
tig00000001:107892-111701   -           1270 24709at4891          -            252   5.7e-06   23.2   0.1   1   2    0.0069      0.34    7.6   0.0    84   122   104   143    72   148 0.81 -
tig00000001:107892-111701   -           1270 24709at4891          -            252   5.7e-06   23.2   0.1   2   2   0.00017    0.0082   12.8   0.0    65   121   231   291   208   295 0.83 -
tig00000014:211666-214185   -            840 24709at4891          -            252   6.7e-06   23.0   1.0   1   5       5.4   2.6e+02   -1.9   0.0   221   235    31    45    18    51 0.72 -
tig00000014:211666-214185   -            840 24709at4891          -            252   6.7e-06   23.0   1.0   2   5   0.00045     0.022   11.5   0.0    84   121    75   112    48   117 0.85 -
tig00000014:211666-214185   -            840 24709at4891          -            252   6.7e-06   23.0   1.0   3   5      0.29        14    2.2   0.0    80   117   129   166   124   171 0.85 -
tig00000014:211666-214185   -            840 24709at4891          -            252   6.7e-06   23.0   1.0   4   5      0.81        39    0.8   0.0    66   119   156   210   154   214 0.79 -
tig00000014:211666-214185   -            840 24709at4891          -            252   6.7e-06   23.0   1.0   5   5      0.14       6.7    3.3   0.0    65   121   331   389   312   394 0.84 -
tig00000012:441659-442144   -            162 24709at4891          -            252   6.7e-06   23.0   0.1   1   1   9.5e-07   4.6e-05   20.2   0.0    67   118    86   138    20   141 0.86 -
tig00000001:1183590-1184819 -            410 24709at4891          -            252   7.2e-06   22.9   0.4   1   4     0.017      0.82    6.3   0.0    85   118   114   148   101   152 0.78 -
tig00000001:1183590-1184819 -            410 24709at4891          -            252   7.2e-06   22.9   0.4   2   4   0.00012    0.0058   13.3   0.1    66   119   137   192   135   202 0.90 -
tig00000001:1183590-1184819 -            410 24709at4891          -            252   7.2e-06   22.9   0.4   3   4     0.032       1.6    5.4   0.1    84   136   244   300   223   326 0.55 -
tig00000001:1183590-1184819 -            410 24709at4891          -            252   7.2e-06   22.9   0.4   4   4       8.6   4.2e+02   -2.6   0.0    83   107   376   402   357   407 0.65 -
tig00000005:613155-613865   -            237 24709at4891          -            252   7.8e-06   22.7   1.0   1   3    0.0084      0.41    7.3   0.0    61   117     9    66     2    71 0.72 -
tig00000005:613155-613865   -            237 24709at4891          -            252   7.8e-06   22.7   1.0   2   3   0.00015    0.0074   13.0   0.0    79   118    71   110    65   117 0.89 -
tig00000005:613155-613865   -            237 24709at4891          -            252   7.8e-06   22.7   1.0   3   3       2.2   1.1e+02   -0.7   0.1    70   109   191   231   144   235 0.60 -
tig00000012:470900-471844   -            315 24709at4891          -            252     9e-06   22.5   1.3   1   5       4.9   2.4e+02   -1.8   0.0   224   235     3    14     1    21 0.71 -
tig00000012:470900-471844   -            315 24709at4891          -            252     9e-06   22.5   1.3   2   5     0.034       1.7    5.3   0.0    84   120    87   122    78   129 0.82 -
tig00000012:470900-471844   -            315 24709at4891          -            252     9e-06   22.5   1.3   3   5   4.9e-05    0.0024   14.6   0.0    67   117   110   161   108   174 0.78 -
tig00000012:470900-471844   -            315 24709at4891          -            252     9e-06   22.5   1.3   4   5       2.2   1.1e+02   -0.6   0.0    71   114   156   200   153   203 0.79 -
tig00000012:470900-471844   -            315 24709at4891          -            252     9e-06   22.5   1.3   5   5      0.34        17    2.0   0.0    28    55   258   285   240   310 0.65 -
tig00000014:599591-600409   -            273 24709at4891          -            252   9.2e-06   22.5   0.5   1   2     0.034       1.6    5.3   0.0    93   126    61    95    42   106 0.73 -
tig00000014:599591-600409   -            273 24709at4891          -            252   9.2e-06   22.5   0.5   2   2   0.00014    0.0068   13.1   0.0    65   121   171   231   100   233 0.69 -
tig00000014:436668-438272   -            535 24709at4891          -            252   1.3e-05   22.1   0.5   1   4       1.6        79   -0.2   0.0    68   105   241   278   214   291 0.67 -
tig00000014:436668-438272   -            535 24709at4891          -            252   1.3e-05   22.1   0.5   2   4   0.00012    0.0057   13.4   0.0    71   121   341   392   334   413 0.73 -
tig00000014:436668-438272   -            535 24709at4891          -            252   1.3e-05   22.1   0.5   3   4      0.89        44    0.6   0.0   222   238   415   431   399   435 0.56 -
tig00000014:436668-438272   -            535 24709at4891          -            252   1.3e-05   22.1   0.5   4   4      0.33        16    2.0   0.0   108   121   462   475   457   480 0.86 -
tig00000022:39397-41541     -            715 24709at4891          -            252   1.4e-05   21.9   5.9   1   4         3   1.5e+02   -1.1   0.0    87   236    12    41     4    46 0.49 -
tig00000022:39397-41541     -            715 24709at4891          -            252   1.4e-05   21.9   5.9   2   4       0.5        24    1.5   0.0    91   138    57   105    29   115 0.78 -
tig00000022:39397-41541     -            715 24709at4891          -            252   1.4e-05   21.9   5.9   3   4   8.6e-05    0.0042   13.8   1.2    65   119   156   209   110   214 0.78 -
tig00000022:39397-41541     -            715 24709at4891          -            252   1.4e-05   21.9   5.9   4   4     0.039       1.9    5.1   0.0   222   239   234   251   232   257 0.84 -
tig00000007:150223-153552   -           1110 24709at4891          -            252   1.6e-05   21.8   1.3   1   3       6.8   3.3e+02   -2.3   0.0    85   135    20    73    16    88 0.65 -
tig00000007:150223-153552   -           1110 24709at4891          -            252   1.6e-05   21.8   1.3   2   3   2.3e-05    0.0011   15.7   0.1    75   122   255   302   242   309 0.86 -
tig00000007:150223-153552   -           1110 24709at4891          -            252   1.6e-05   21.8   1.3   3   3      0.14       6.8    3.3   0.0    91   120   392   421   382   424 0.92 -
tig00000012:849780-851159   -            460 24709at4891          -            252   1.9e-05   21.4   2.1   1   4     0.095       4.6    3.8   0.0   222   243    30    51    27    58 0.85 -
tig00000012:849780-851159   -            460 24709at4891          -            252   1.9e-05   21.4   2.1   2   4     0.031       1.5    5.4   0.0   221   244    85   108    63   114 0.64 -
tig00000012:849780-851159   -            460 24709at4891          -            252   1.9e-05   21.4   2.1   3   4      0.18       8.6    2.9   0.1    67   116   165   215   160   220 0.84 -
tig00000012:849780-851159   -            460 24709at4891          -            252   1.9e-05   21.4   2.1   4   4     0.027       1.3    5.6   0.1    70   114   353   399   346   407 0.82 -
tig00000005:614650-615420   -            257 24709at4891          -            252   2.5e-05   21.1   0.1   1   3   0.00011    0.0052   13.5   0.0    68   118    51   102    42   110 0.81 -
tig00000005:614650-615420   -            257 24709at4891          -            252   2.5e-05   21.1   0.1   2   3    0.0068      0.33    7.6   0.0    68   116    93   142    92   147 0.84 -
tig00000005:614650-615420   -            257 24709at4891          -            252   2.5e-05   21.1   0.1   3   3       4.9   2.4e+02   -1.8   0.0    94   121   186   213   175   219 0.81 -
tig00000001:690073-693498   -           1142 24709at4891          -            252     5e-05   20.1   0.2   1   2    0.0063      0.31    7.7   0.0    78   119   100   142    82   145 0.75 -
tig00000001:690073-693498   -           1142 24709at4891          -            252     5e-05   20.1   0.2   2   2    0.0012     0.058   10.1   0.0    69   123   176   233   171   243 0.80 -
tig00000010:208878-211913   -           1012 24709at4891          -            252   0.00012   18.9   5.5   1   5   8.9e-05    0.0044   13.7   0.1    66   137   198   270   154   275 0.81 -
tig00000010:208878-211913   -           1012 24709at4891          -            252   0.00012   18.9   5.5   2   5      0.27        13    2.3   0.0   201   246   265   310   257   315 0.74 -
tig00000010:208878-211913   -           1012 24709at4891          -            252   0.00012   18.9   5.5   3   5       3.6   1.7e+02   -1.3   0.0   138   166   476   503   462   510 0.74 -
tig00000010:208878-211913   -           1012 24709at4891          -            252   0.00012   18.9   5.5   4   5      0.37        18    1.9   0.1   135   174   714   753   674   812 0.82 -
tig00000010:208878-211913   -           1012 24709at4891          -            252   0.00012   18.9   5.5   5   5         3   1.4e+02   -1.1   0.0    68    82   788   802   750   849 0.59 -
tig00000083:66763-68055     -            431 24709at4891          -            252   0.00016   18.4   0.0   1   3    0.0012     0.059   10.0   0.0    63   141    40   118    38   127 0.77 -
tig00000083:66763-68055     -            431 24709at4891          -            252   0.00016   18.4   0.0   2   3     0.042         2    5.0   0.0    90   129   156   194   146   212 0.77 -
tig00000083:66763-68055     -            431 24709at4891          -            252   0.00016   18.4   0.0   3   3       6.9   3.4e+02   -2.3   0.0    27    63   230   266   209   276 0.67 -
tig00000012:566644-568977   -            778 24709at4891          -            252   0.00017   18.4   0.0   1   3     0.039       1.9    5.1   0.0    82   117   402   437   396   443 0.88 -
tig00000012:566644-568977   -            778 24709at4891          -            252   0.00017   18.4   0.0   2   3      0.83        41    0.7   0.0    91   120   613   641   591   643 0.85 -
tig00000012:566644-568977   -            778 24709at4891          -            252   0.00017   18.4   0.0   3   3    0.0018     0.086    9.5   0.0    29   122   626   728   607   732 0.71 -
tig00000037:294440-296608   -            723 24709at4891          -            252   0.00018   18.2   2.7   1   4      0.46        23    1.6   0.0    70   121   330   383   285   390 0.80 -
tig00000037:294440-296608   -            723 24709at4891          -            252   0.00018   18.2   2.7   2   4       2.7   1.3e+02   -0.9   0.1    91   120   524   553   516   568 0.76 -
tig00000037:294440-296608   -            723 24709at4891          -            252   0.00018   18.2   2.7   3   4    0.0003     0.015   12.0   0.0    67   117   614   667   590   676 0.85 -
tig00000037:294440-296608   -            723 24709at4891          -            252   0.00018   18.2   2.7   4   4       0.5        24    1.5   0.0   222   235   707   720   702   723 0.79 -
tig00000061:445872-447620   -            583 24709at4891          -            252   0.00024   17.9   0.1   1   3   0.00038     0.019   11.7   0.0    88   121   237   270   224   294 0.80 -
tig00000061:445872-447620   -            583 24709at4891          -            252   0.00024   17.9   0.1   2   3       0.3        15    2.2   0.0    98   119   466   487   460   493 0.83 -
tig00000061:445872-447620   -            583 24709at4891          -            252   0.00024   17.9   0.1   3   3       2.8   1.4e+02   -1.0   0.0    91   118   554   581   552   583 0.84 -
tig00000078:139174-141975   -            934 24709at4891          -            252   0.00051   16.8   0.1   1   3       3.9   1.9e+02   -1.5   0.0    67   119   221   275   172   307 0.57 -
tig00000078:139174-141975   -            934 24709at4891          -            252   0.00051   16.8   0.1   2   3    0.0024      0.12    9.1   0.0    67   119   475   528   423   531 0.82 -
tig00000078:139174-141975   -            934 24709at4891          -            252   0.00051   16.8   0.1   3   3      0.13       6.1    3.4   0.0    77   117   569   609   553   613 0.80 -
tig00000031:82516-87177     -           1554 24709at4891          -            252   0.00056   16.7   3.4   1   5       2.3   1.1e+02   -0.7   0.1    14    55   855   897   846   946 0.71 -
tig00000031:82516-87177     -           1554 24709at4891          -            252   0.00056   16.7   3.4   2   5     0.012      0.57    6.8   0.0    89   116  1255  1284  1199  1292 0.74 -
tig00000031:82516-87177     -           1554 24709at4891          -            252   0.00056   16.7   3.4   3   5      0.06       2.9    4.5   0.0   101   125  1416  1440  1319  1452 0.76 -
tig00000031:82516-87177     -           1554 24709at4891          -            252   0.00056   16.7   3.4   4   5       8.5   4.2e+02   -2.6   0.0    70    93  1477  1501  1470  1507 0.79 -
tig00000031:82516-87177     -           1554 24709at4891          -            252   0.00056   16.7   3.4   5   5      0.63        31    1.1   0.0    91   118  1522  1550  1508  1553 0.77 -
tig00000078:530421-532142   -            574 24709at4891          -            252    0.0014   15.3   1.8   1   1   0.00024     0.012   12.3   1.1    19   121   294   410   280   416 0.52 -
tig00000022:411540-412517   -            326 24709at4891          -            252    0.0027   14.4   1.6   1   4     0.091       4.4    3.9   0.3    90   162    26    98    11   105 0.65 -
tig00000022:411540-412517   -            326 24709at4891          -            252    0.0027   14.4   1.6   2   4    0.0059      0.29    7.8   0.0    80   121   102   143    91   152 0.84 -
tig00000022:411540-412517   -            326 24709at4891          -            252    0.0027   14.4   1.6   3   4         2        98   -0.5   0.0    92   117   202   227   171   232 0.82 -
tig00000022:411540-412517   -            326 24709at4891          -            252    0.0027   14.4   1.6   4   4         8   3.9e+02   -2.5   0.0   225   239   265   279   252   286 0.60 -
tig00000018:171370-172173   -            268 24709at4891          -            252    0.0035   14.1   0.0   1   2       1.7        82   -0.3   0.1    68    88   116   136    57   174 0.63 -
tig00000018:171370-172173   -            268 24709at4891          -            252    0.0035   14.1   0.0   2   2   0.00029     0.014   12.0   0.0    83   119   183   219   113   263 0.83 -
tig00000005:1021434-1022621 -            396 24709at4891          -            252    0.0051   13.5   1.3   1   3    0.0075      0.36    7.4   0.2    86   127    14    53     6    79 0.74 -
tig00000005:1021434-1022621 -            396 24709at4891          -            252    0.0051   13.5   1.3   2   3       5.7   2.8e+02   -2.0   0.0   122   128   222   228   191   265 0.54 -
tig00000005:1021434-1022621 -            396 24709at4891          -            252    0.0051   13.5   1.3   3   3     0.082         4    4.0   0.0    87   122   290   325   281   338 0.65 -
tig00000014:12196-15216     -           1007 24709at4891          -            252    0.0054   13.4   0.3   1   2      0.16       7.7    3.1   0.1    50   120    81   153    34   167 0.67 -
tig00000014:12196-15216     -           1007 24709at4891          -            252    0.0054   13.4   0.3   2   2    0.0059      0.29    7.8   0.0    93   132   463   503   460   530 0.77 -
tig00000001:502589-503383   -            265 24709at4891          -            252    0.0091   12.7   0.1   1   3     0.011      0.55    6.9   0.0    87   121     1    36     1    49 0.82 -
tig00000001:502589-503383   -            265 24709at4891          -            252    0.0091   12.7   0.1   2   3      0.32        16    2.1   0.0    29    44   112   127    94   193 0.80 -
tig00000001:502589-503383   -            265 24709at4891          -            252    0.0091   12.7   0.1   3   3       3.3   1.6e+02   -1.2   0.0   100   120   233   253   205   258 0.83 -
tig00000005:792126-793166   -            347 24709at4891          -            252     0.028   11.1   2.1   1   4      0.64        31    1.1   0.3   214   241    14    43     2    54 0.59 -
tig00000005:792126-793166   -            347 24709at4891          -            252     0.028   11.1   2.1   2   4       6.1     3e+02   -2.1   0.0   221   241    71    91    68    99 0.73 -
tig00000005:792126-793166   -            347 24709at4891          -            252     0.028   11.1   2.1   3   4       1.7        81   -0.2   0.0   101   119   229   247   201   264 0.75 -
tig00000005:792126-793166   -            347 24709at4891          -            252     0.028   11.1   2.1   4   4     0.021         1    5.9   0.0    84   122   300   338   279   345 0.68 -
#
# Program:         hmmsearch
# Version:         3.1b2 (February 2015)
# Pipeline mode:   SEARCH
# Query file:      /home/inf-38-2022/BINP29/longread/2/busco_downloads/lineages/saccharomycetes_odb10/hmms/24709at4891.hmm
# Target file:     /home/inf-38-2022/BINP29/longread/2/Results/04_Busco/canu/run_saccharomycetes_odb10/metaeuk_output/initial_results/asm.contigs.fasta.modified.fas
# Option settings: hmmsearch --domtblout /home/inf-38-2022/BINP29/longread/2/Results/04_Busco/canu/run_saccharomycetes_odb10/hmmer_output/initial_run_results/24709at4891.out --cpu 1 /home/inf-38-2022/BINP29/longread/2/busco_downloads/lineages/saccharomycetes_odb10/hmms/24709at4891.hmm /home/inf-38-2022/BINP29/longread/2/Results/04_Busco/canu/run_saccharomycetes_odb10/metaeuk_output/initial_results/asm.contigs.fasta.modified.fas 
# Current dir:     /home/inf-38-2022/BINP29/longread/2
# Date:            Thu Feb 23 14:07:04 2023
# [ok]
