#                                                                                 --- full sequence --- -------------- this domain -------------   hmm coord   ali coord   env coord
# target name             accession   tlen query name           accession   qlen   E-value  score  bias   #  of  c-Evalue  i-Evalue  score  bias  from    to  from    to  from    to  acc description of target
#     ------------------- ---------- ----- -------------------- ---------- ----- --------- ------ ----- --- --- --------- --------- ------ ----- ----- ----- ----- ----- ----- ----- ---- ---------------------
tig00000007:549699-551150 -            484 25214at4891          -            336  7.5e-154  509.3  48.1   1   4   4.5e-29   4.1e-26   89.4   0.1     2    65    24    93    23    97 0.92 -
tig00000007:549699-551150 -            484 25214at4891          -            336  7.5e-154  509.3  48.1   2   4  4.3e-108  3.9e-105  349.2   6.9    64   246   119   309   112   317 0.96 -
tig00000007:549699-551150 -            484 25214at4891          -            336  7.5e-154  509.3  48.1   3   4   1.2e-15   1.1e-12   45.3   0.8   243   297   336   393   317   417 0.84 -
tig00000007:549699-551150 -            484 25214at4891          -            336  7.5e-154  509.3  48.1   4   4   1.6e-13   1.5e-10   38.2  22.6   279   336   426   483   406   483 0.89 -
tig00000018:256504-257778 -            425 25214at4891          -            336     9e-16   55.4   1.7   1   1   2.1e-18   1.9e-15   54.3   1.7    37   229    84   282    78   290 0.82 -
tig00000078:528526-530013 -            496 25214at4891          -            336      0.89    6.1  25.5   1   2      0.95   8.6e+02   -3.7   0.0   212   243   260   293   251   297 0.73 -
tig00000078:528526-530013 -            496 25214at4891          -            336      0.89    6.1  25.5   2   2   0.00043      0.39    7.3  23.3   228   334   387   495   378   496 0.72 -
#
# Program:         hmmsearch
# Version:         3.1b2 (February 2015)
# Pipeline mode:   SEARCH
# Query file:      /home/inf-38-2022/BINP29/longread/2/busco_downloads/lineages/saccharomycetes_odb10/hmms/25214at4891.hmm
# Target file:     /home/inf-38-2022/BINP29/longread/2/Results/04_Busco/canu/run_saccharomycetes_odb10/metaeuk_output/initial_results/asm.contigs.fasta.modified.fas
# Option settings: hmmsearch --domtblout /home/inf-38-2022/BINP29/longread/2/Results/04_Busco/canu/run_saccharomycetes_odb10/hmmer_output/initial_run_results/25214at4891.out --cpu 1 /home/inf-38-2022/BINP29/longread/2/busco_downloads/lineages/saccharomycetes_odb10/hmms/25214at4891.hmm /home/inf-38-2022/BINP29/longread/2/Results/04_Busco/canu/run_saccharomycetes_odb10/metaeuk_output/initial_results/asm.contigs.fasta.modified.fas 
# Current dir:     /home/inf-38-2022/BINP29/longread/2
# Date:            Thu Feb 23 14:07:06 2023
# [ok]
