#                                                                                 --- full sequence --- -------------- this domain -------------   hmm coord   ali coord   env coord
# target name             accession   tlen query name           accession   qlen   E-value  score  bias   #  of  c-Evalue  i-Evalue  score  bias  from    to  from    to  from    to  acc description of target
#     ------------------- ---------- ----- -------------------- ---------- ----- --------- ------ ----- --- --- --------- --------- ------ ----- ----- ----- ----- ----- ----- ----- ---- ---------------------
tig00000034:122289-123521 -            411 25626at4891          -            209   5.5e-90  298.0  13.5   1   4   5.2e-10   4.7e-07   27.0   2.6     1    29    85   113    85   117 0.96 -
tig00000034:122289-123521 -            411 25626at4891          -            209   5.5e-90  298.0  13.5   2   4   1.9e-14   1.7e-11   41.5   0.1    30    62   171   206   168   217 0.89 -
tig00000034:122289-123521 -            411 25626at4891          -            209   5.5e-90  298.0  13.5   3   4   5.7e-37   5.2e-34  115.1   0.0    61   145   225   320   210   325 0.88 -
tig00000034:122289-123521 -            411 25626at4891          -            209   5.5e-90  298.0  13.5   4   4     2e-38   1.8e-35  119.8   0.1   139   209   339   409   335   409 0.97 -
tig00000010:725598-727880 -            761 25626at4891          -            209   4.4e-09   33.7   0.2   1   1     9e-12   8.2e-09   32.8   0.2    46   191   328   488   313   501 0.77 -
tig00000007:310158-310955 -            266 25626at4891          -            209   7.6e-05   19.8   0.2   1   2    0.0012       1.1    6.2   0.0    41    83    11    54     3    64 0.82 -
tig00000007:310158-310955 -            266 25626at4891          -            209   7.6e-05   19.8   0.2   2   2   2.7e-05     0.025   11.6   0.1    93   147   121   181   115   187 0.73 -
#
# Program:         hmmsearch
# Version:         3.1b2 (February 2015)
# Pipeline mode:   SEARCH
# Query file:      /home/inf-38-2022/BINP29/longread/2/busco_downloads/lineages/saccharomycetes_odb10/hmms/25626at4891.hmm
# Target file:     /home/inf-38-2022/BINP29/longread/2/Results/04_Busco/canu/run_saccharomycetes_odb10/metaeuk_output/initial_results/asm.contigs.fasta.modified.fas
# Option settings: hmmsearch --domtblout /home/inf-38-2022/BINP29/longread/2/Results/04_Busco/canu/run_saccharomycetes_odb10/hmmer_output/initial_run_results/25626at4891.out --cpu 1 /home/inf-38-2022/BINP29/longread/2/busco_downloads/lineages/saccharomycetes_odb10/hmms/25626at4891.hmm /home/inf-38-2022/BINP29/longread/2/Results/04_Busco/canu/run_saccharomycetes_odb10/metaeuk_output/initial_results/asm.contigs.fasta.modified.fas 
# Current dir:     /home/inf-38-2022/BINP29/longread/2
# Date:            Thu Feb 23 14:07:08 2023
# [ok]
