#                                                                                   --- full sequence --- -------------- this domain -------------   hmm coord   ali coord   env coord
# target name               accession   tlen query name           accession   qlen   E-value  score  bias   #  of  c-Evalue  i-Evalue  score  bias  from    to  from    to  from    to  acc description of target
#       ------------------- ---------- ----- -------------------- ---------- ----- --------- ------ ----- --- --- --------- --------- ------ ----- ----- ----- ----- ----- ----- ----- ---- ---------------------
tig00000001:690073-693498   -           1142 2568at4891           -            679  6.3e-270  894.7  40.7   1   7  3.7e-172  1.8e-170  566.0   6.3     2   327     5   370     4   375 0.92 -
tig00000001:690073-693498   -           1142 2568at4891           -            679  6.3e-270  894.7  40.7   2   7   4.8e-38   2.3e-36  122.8   0.2   322   441   392   540   372   547 0.83 -
tig00000001:690073-693498   -           1142 2568at4891           -            679  6.3e-270  894.7  40.7   3   7   2.2e-11     1e-09   34.7   0.0   438   490   606   658   561   671 0.88 -
tig00000001:690073-693498   -           1142 2568at4891           -            679  6.3e-270  894.7  40.7   4   7       5.9   2.8e+02   -3.1   0.0   467   486   718   737   717   741 0.85 -
tig00000001:690073-693498   -           1142 2568at4891           -            679  6.3e-270  894.7  40.7   5   7   9.3e-36   4.4e-34  115.3   0.4   482   597   756   878   744   911 0.88 -
tig00000001:690073-693498   -           1142 2568at4891           -            679  6.3e-270  894.7  40.7   6   7   1.1e-08   5.2e-07   25.8   0.0   600   646  1011  1057  1001  1080 0.83 -
tig00000001:690073-693498   -           1142 2568at4891           -            679  6.3e-270  894.7  40.7   7   7   4.5e-15   2.1e-13   46.9   7.8   616   678  1069  1138  1064  1139 0.84 -
tig00000037:93821-94819     -            333 2568at4891           -            679   9.7e-25   84.4   8.0   1   3   1.5e-10   7.3e-09   31.9   0.9    86   201    30   147     7   162 0.66 -
tig00000037:93821-94819     -            333 2568at4891           -            679   9.7e-25   84.4   8.0   2   3   1.2e-09   5.8e-08   28.9   0.0   159   219   187   250   162   258 0.86 -
tig00000037:93821-94819     -            333 2568at4891           -            679   9.7e-25   84.4   8.0   3   3   1.8e-08   8.4e-07   25.1   0.1   144   217   257   332   251   333 0.89 -
tig00000034:379525-382353   -            943 2568at4891           -            679   8.7e-24   81.2  10.5   1   6     4e-12   1.9e-10   37.1   0.0   116   223    89   196    83   203 0.89 -
tig00000034:379525-382353   -            943 2568at4891           -            679   8.7e-24   81.2  10.5   2   6      0.49        23    0.5   0.0   190   222   202   235   197   292 0.79 -
tig00000034:379525-382353   -            943 2568at4891           -            679   8.7e-24   81.2  10.5   3   6     0.005      0.24    7.1   0.0   186   251   385   453   370   462 0.81 -
tig00000034:379525-382353   -            943 2568at4891           -            679   8.7e-24   81.2  10.5   4   6     4e-05    0.0019   14.0   0.0   184   224   464   508   445   524 0.77 -
tig00000034:379525-382353   -            943 2568at4891           -            679   8.7e-24   81.2  10.5   5   6     0.014      0.66    5.6   0.1   186   218   567   602   536   606 0.74 -
tig00000034:379525-382353   -            943 2568at4891           -            679   8.7e-24   81.2  10.5   6   6   2.6e-06   0.00012   17.9   0.6    99   182   609   690   605   704 0.85 -
tig00000018:621173-622084   -            304 2568at4891           -            679   2.1e-23   80.0  16.4   1   4   5.9e-11   2.8e-09   33.3   0.2   152   220    33   107     5   121 0.81 -
tig00000018:621173-622084   -            304 2568at4891           -            679   2.1e-23   80.0  16.4   2   4   6.2e-14   2.9e-12   43.1   0.2   116   222    43   150    30   164 0.85 -
tig00000018:621173-622084   -            304 2568at4891           -            679   2.1e-23   80.0  16.4   3   4   1.5e-07     7e-06   22.0   0.6   103   221   115   240   112   244 0.78 -
tig00000018:621173-622084   -            304 2568at4891           -            679   2.1e-23   80.0  16.4   4   4   0.00011     0.005   12.6   0.4    97   155   243   299   239   303 0.80 -
tig00000083:182049-182867   -            273 2568at4891           -            679   1.2e-17   61.0   5.6   1   4     3e-07   1.4e-05   21.0   0.0   168   220     3    55     1    61 0.89 -
tig00000083:182049-182867   -            273 2568at4891           -            679   1.2e-17   61.0   5.6   2   4   2.6e-05    0.0012   14.6   0.0   186   226    60   101    55   103 0.86 -
tig00000083:182049-182867   -            273 2568at4891           -            679   1.2e-17   61.0   5.6   3   4   0.00064      0.03   10.0   0.1   187   223   100   139    97   156 0.75 -
tig00000083:182049-182867   -            273 2568at4891           -            679   1.2e-17   61.0   5.6   4   4   7.4e-06   0.00035   16.4   0.1   163   221   208   266   202   272 0.80 -
tig00000010:92017-92973     -            319 2568at4891           -            679   2.5e-17   59.9   0.9   1   2   4.9e-08   2.3e-06   23.6   0.1   108   183    43   119    30   146 0.78 -
tig00000010:92017-92973     -            319 2568at4891           -            679   2.5e-17   59.9   0.9   2   2   4.5e-11   2.1e-09   33.7   0.0   161   223   158   226   153   309 0.80 -
tig00000078:494342-496789   -            816 2568at4891           -            679   4.2e-17   59.1   2.4   1   5       1.4        68   -1.0   0.0   148   275    15   149     2   160 0.60 -
tig00000078:494342-496789   -            816 2568at4891           -            679   4.2e-17   59.1   2.4   2   5   5.8e-05    0.0027   13.5   0.0   163   275   161   287   112   323 0.71 -
tig00000078:494342-496789   -            816 2568at4891           -            679   4.2e-17   59.1   2.4   3   5      0.28        13    1.3   0.1   187   223   382   422   374   442 0.77 -
tig00000078:494342-496789   -            816 2568at4891           -            679   4.2e-17   59.1   2.4   4   5     0.093       4.4    2.9   0.1    75   140   402   473   396   486 0.73 -
tig00000078:494342-496789   -            816 2568at4891           -            679   4.2e-17   59.1   2.4   5   5   1.4e-12   6.4e-11   38.7   0.6    98   220   484   606   478   616 0.88 -
tig00000012:377902-378939   -            346 2568at4891           -            679   1.2e-16   57.6   0.0   1   2     2e-11   9.5e-10   34.8   0.0   150   245    11   109     2   132 0.89 -
tig00000012:377902-378939   -            346 2568at4891           -            679   1.2e-16   57.6   0.0   2   2   3.4e-07   1.6e-05   20.8   0.0   150   259   154   266   130   281 0.82 -
tig00000014:599591-600409   -            273 2568at4891           -            679   1.9e-16   56.9   9.7   1   3   9.8e-05    0.0046   12.7   0.8   150   199    57   114    44   115 0.75 -
tig00000014:599591-600409   -            273 2568at4891           -            679   1.9e-16   56.9   9.7   2   3   7.9e-16   3.7e-14   49.4   0.2   106   223   108   232   101   239 0.82 -
tig00000014:599591-600409   -            273 2568at4891           -            679   1.9e-16   56.9   9.7   3   3      0.17         8    2.0   0.7   104   133   239   268   230   271 0.66 -
tig00000001:720992-722107   -            372 2568at4891           -            679   4.4e-16   55.8   0.9   1   3   3.7e-06   0.00018   17.4   0.1   156   229    67   145    59   165 0.80 -
tig00000001:720992-722107   -            372 2568at4891           -            679   4.4e-16   55.8   0.9   2   3   1.4e-09   6.5e-08   28.8   0.0    65   141   179   256   174   265 0.88 -
tig00000001:720992-722107   -            372 2568at4891           -            679   4.4e-16   55.8   0.9   3   3    0.0066      0.31    6.7   0.1    94   137   272   316   267   347 0.77 -
tig00000037:74530-75222     -            231 2568at4891           -            679   6.4e-16   55.2   0.0   1   3   1.9e-08   8.9e-07   25.0   0.0   165   221    14    72     3    91 0.79 -
tig00000037:74530-75222     -            231 2568at4891           -            679   6.4e-16   55.2   0.0   2   3   8.6e-06    0.0004   16.2   0.0   162   223    95   165    74   173 0.76 -
tig00000037:74530-75222     -            231 2568at4891           -            679   6.4e-16   55.2   0.0   3   3   0.00031     0.014   11.1   0.0   156   195   192   230   168   231 0.88 -
tig00000012:401735-403267   -            511 2568at4891           -            679   7.4e-16   55.0   6.8   1   2   2.7e-16   1.3e-14   51.0   1.6   105   222   321   451   314   458 0.86 -
tig00000012:401735-403267   -            511 2568at4891           -            679   7.4e-16   55.0   6.8   2   2   1.8e-05   0.00086   15.1   0.3   103   138   415   450   400   509 0.62 -
tig00000010:275560-276894   -            445 2568at4891           -            679   8.5e-16   54.8   3.8   1   2   4.6e-17   2.2e-15   53.5   2.0    47   229   121   300   118   312 0.87 -
tig00000010:275560-276894   -            445 2568at4891           -            679   8.5e-16   54.8   3.8   2   2       0.3        14    1.2   0.0   101   220   298   424   290   430 0.41 -
tig00000010:895817-897205   -            463 2568at4891           -            679     1e-15   54.5   0.7   1   3    0.0011     0.049    9.3   0.0   181   221   205   250   174   254 0.76 -
tig00000010:895817-897205   -            463 2568at4891           -            679     1e-15   54.5   0.7   2   3   1.2e-09   5.7e-08   29.0   0.0   101   219   260   378   258   379 0.89 -
tig00000010:895817-897205   -            463 2568at4891           -            679     1e-15   54.5   0.7   3   3   1.4e-09   6.4e-08   28.8   0.1    85   216   331   463   330   463 0.85 -
tig00000022:516138-517016   -            293 2568at4891           -            679   2.3e-15   53.4   0.1   1   3    0.0045      0.21    7.2   0.0   188   221    10    47     3    56 0.65 -
tig00000022:516138-517016   -            293 2568at4891           -            679   2.3e-15   53.4   0.1   2   3     0.003      0.14    7.8   0.0   185   220    69   105    63   126 0.85 -
tig00000022:516138-517016   -            293 2568at4891           -            679   2.3e-15   53.4   0.1   3   3   2.7e-11   1.3e-09   34.4   0.0   120   220   153   249   147   256 0.63 -
tig00000001:195246-198842   -           1199 2568at4891           -            679   3.1e-15   52.9   3.0   1   3   2.4e-07   1.1e-05   21.3   0.0   152   222    14    86     2    99 0.82 -
tig00000001:195246-198842   -           1199 2568at4891           -            679   3.1e-15   52.9   3.0   2   3   1.9e-05   0.00089   15.1   0.8   156   219   102   167    84   175 0.73 -
tig00000001:195246-198842   -           1199 2568at4891           -            679   3.1e-15   52.9   3.0   3   3   3.2e-05    0.0015   14.3   0.2    98   193   202   296   194   335 0.65 -
tig00000023:290906-291760   -            285 2568at4891           -            679   4.6e-15   52.4   0.1   1   3     1e-06   4.9e-05   19.3   0.0   165   223    20    82     9    95 0.80 -
tig00000023:290906-291760   -            285 2568at4891           -            679   4.6e-15   52.4   0.1   2   3   1.6e-08   7.4e-07   25.3   0.0   162   220   124   184    96   194 0.82 -
tig00000023:290906-291760   -            285 2568at4891           -            679   4.6e-15   52.4   0.1   3   3     0.031       1.5    4.5   0.0   185   220   208   244   203   258 0.85 -
tig00000034:113188-114642   -            485 2568at4891           -            679   5.9e-15   52.0   8.2   1   4     0.048       2.2    3.8   0.0   202   223    81   102    51   120 0.63 -
tig00000034:113188-114642   -            485 2568at4891           -            679   5.9e-15   52.0   8.2   2   4     0.036       1.7    4.2   0.1   202   220   134   152   122   161 0.82 -
tig00000034:113188-114642   -            485 2568at4891           -            679   5.9e-15   52.0   8.2   3   4   2.4e-13   1.1e-11   41.2   1.6    77   226   194   342   185   348 0.78 -
tig00000034:113188-114642   -            485 2568at4891           -            679   5.9e-15   52.0   8.2   4   4     0.037       1.7    4.2   0.1   153   182   352   379   336   402 0.66 -
tig00000037:112469-115222   -            918 2568at4891           -            679   6.6e-15   51.9   5.3   1   4   7.7e-05    0.0036   13.1   0.3   104   231    54   188    36   196 0.75 -
tig00000037:112469-115222   -            918 2568at4891           -            679   6.6e-15   51.9   5.3   2   4   4.4e-05    0.0021   13.9   0.5   153   223   150   225   139   227 0.82 -
tig00000037:112469-115222   -            918 2568at4891           -            679   6.6e-15   51.9   5.3   3   4   0.00096     0.045    9.5   0.0   165   220   319   376   302   382 0.80 -
tig00000037:112469-115222   -            918 2568at4891           -            679   6.6e-15   51.9   5.3   4   4   3.9e-09   1.8e-07   27.3   0.0   102   274   384   561   379   588 0.77 -
tig00000001:107892-111701   -           1270 2568at4891           -            679   8.3e-15   51.6   4.7   1   2   2.6e-05    0.0012   14.6   0.2   139   181    98   141    44   147 0.81 -
tig00000001:107892-111701   -           1270 2568at4891           -            679   8.3e-15   51.6   4.7   2   2   2.3e-12   1.1e-10   37.9   0.9   113   223   168   292   161   300 0.79 -
tig00000018:41834-43183     -            450 2568at4891           -            679   7.3e-14   48.4   8.8   1   2   3.5e-11   1.6e-09   34.0   7.2    64   239    82   256    60   256 0.80 -
tig00000018:41834-43183     -            450 2568at4891           -            679   7.3e-14   48.4   8.8   2   2   7.7e-06   0.00036   16.4   0.0    97   217   239   363   233   371 0.81 -
tig00000007:738298-739563   -            422 2568at4891           -            679   6.7e-13   45.2   1.2   1   4    0.0018     0.083    8.6   0.1   181   219    81   122    41   133 0.65 -
tig00000007:738298-739563   -            422 2568at4891           -            679   6.7e-13   45.2   1.2   2   4   3.7e-07   1.8e-05   20.7   1.1    98   221    85   212    67   216 0.77 -
tig00000007:738298-739563   -            422 2568at4891           -            679   6.7e-13   45.2   1.2   3   4   1.9e-09   8.8e-08   28.3   0.1    83   224   157   305   143   316 0.76 -
tig00000007:738298-739563   -            422 2568at4891           -            679   6.7e-13   45.2   1.2   4   4     0.018      0.83    5.3   0.0   170   217   370   419   332   421 0.80 -
tig00000022:404776-405999   -            408 2568at4891           -            679   7.7e-13   45.0   0.5   1   3   0.00023     0.011   11.5   0.0   183   222    37    77    30    84 0.90 -
tig00000022:404776-405999   -            408 2568at4891           -            679   7.7e-13   45.0   0.5   2   3   1.1e-07   5.2e-06   22.5   0.4   153   222   105   176    89   235 0.76 -
tig00000022:404776-405999   -            408 2568at4891           -            679   7.7e-13   45.0   0.5   3   3    0.0038      0.18    7.5   0.0   181   225   283   332   278   342 0.51 -
tig00000014:605092-607482   -            797 2568at4891           -            679     1e-12   44.7   0.2   1   3   8.5e-07     4e-05   19.5   0.0   173   273   505   612   494   613 0.77 -
tig00000014:605092-607482   -            797 2568at4891           -            679     1e-12   44.7   0.2   2   3   0.00018    0.0084   11.9   0.0   166   223   584   643   580   666 0.85 -
tig00000014:605092-607482   -            797 2568at4891           -            679     1e-12   44.7   0.2   3   3   1.9e-05   0.00089   15.1   0.0   167   222   669   727   660   732 0.83 -
tig00000007:828201-829577   -            459 2568at4891           -            679   2.7e-12   43.3   2.5   1   3   0.00051     0.024   10.4   0.0   162   221   116   175   106   183 0.86 -
tig00000007:828201-829577   -            459 2568at4891           -            679   2.7e-12   43.3   2.5   2   3    0.0039      0.18    7.4   0.0   184   226   200   244   191   247 0.82 -
tig00000007:828201-829577   -            459 2568at4891           -            679   2.7e-12   43.3   2.5   3   3   8.8e-08   4.2e-06   22.8   0.2    99   227   281   415   257   426 0.77 -
tig00000061:551101-551736   -            212 2568at4891           -            679     4e-12   42.7   0.2   1   3     0.018      0.84    5.3   0.0   191   230     1    42     1    55 0.74 -
tig00000061:551101-551736   -            212 2568at4891           -            679     4e-12   42.7   0.2   2   3   1.1e-08     5e-07   25.8   0.0   167   220    82   135    72   150 0.84 -
tig00000061:551101-551736   -            212 2568at4891           -            679     4e-12   42.7   0.2   3   3   1.7e-07   8.1e-06   21.8   0.1   100   216   101   212    98   212 0.86 -
tig00000023:374822-375916   -            365 2568at4891           -            679   1.2e-11   41.1   0.3   1   2   1.6e-12   7.5e-11   38.5   0.9   107   274    38   208    20   215 0.83 -
tig00000023:374822-375916   -            365 2568at4891           -            679   1.2e-11   41.1   0.3   2   2       1.1        53   -0.7   0.0   195   222   272   302   265   317 0.79 -
tig00000012:487139-488677   -            513 2568at4891           -            679   1.2e-11   41.1   0.0   1   3     0.089       4.2    3.0   0.1   103   157    37    89    28   129 0.58 -
tig00000012:487139-488677   -            513 2568at4891           -            679   1.2e-11   41.1   0.0   2   3   2.5e-10   1.2e-08   31.2   0.0   112   225   131   246   122   256 0.86 -
tig00000012:487139-488677   -            513 2568at4891           -            679   1.2e-11   41.1   0.0   3   3     1e-05   0.00048   16.0   0.0   111   219   174   287   166   298 0.77 -
tig00000001:983271-984236   -            322 2568at4891           -            679   1.4e-11   40.9   9.3   1   3      0.11       5.3    2.6   0.0   186   221     5    41     2    50 0.80 -
tig00000001:983271-984236   -            322 2568at4891           -            679   1.4e-11   40.9   9.3   2   3     0.039       1.8    4.1   0.1   103   136    53    85    47    94 0.82 -
tig00000001:983271-984236   -            322 2568at4891           -            679   1.4e-11   40.9   9.3   3   3   1.6e-11   7.6e-10   35.1   3.4   103   219   102   226    95   235 0.79 -
tig00000001:1183590-1184819 -            410 2568at4891           -            679   1.5e-11   40.8   0.1   1   2     4e-09   1.9e-07   27.2   0.0   139   222   107   194   100   202 0.81 -
tig00000001:1183590-1184819 -            410 2568at4891           -            679   1.5e-11   40.8   0.1   2   2    0.0002    0.0093   11.7   0.1    64   221   206   370   198   410 0.69 -
tig00000005:613155-613865   -            237 2568at4891           -            679   1.8e-11   40.5   2.3   1   2   1.9e-08   8.8e-07   25.0   0.1   116   223    47   159    30   165 0.83 -
tig00000005:613155-613865   -            237 2568at4891           -            679   1.8e-11   40.5   2.3   2   2   1.1e-07   5.2e-06   22.5   0.2   102   216   119   237   116   237 0.82 -
tig00000022:39397-41541     -            715 2568at4891           -            679   6.3e-11   38.7   1.1   1   3      0.41        20    0.7   0.0   188   223     9    46     4    53 0.69 -
tig00000022:39397-41541     -            715 2568at4891           -            679   6.3e-11   38.7   1.1   2   3   4.6e-08   2.1e-06   23.7   0.1   181   274    88   183    84   190 0.89 -
tig00000022:39397-41541     -            715 2568at4891           -            679   6.3e-11   38.7   1.1   3   3   0.00033     0.016   11.0   0.0   162   244   191   276   187   297 0.75 -
tig00000012:441659-442144   -            162 2568at4891           -            679   1.1e-10   37.9   0.2   1   1   2.7e-12   1.3e-10   37.7   0.2    99   239    12   159     2   162 0.82 -
tig00000038:154278-154922   -            215 2568at4891           -            679   1.6e-10   37.4   0.3   1   3   1.5e-07   7.2e-06   22.0   0.0   158   224    13    80     6    85 0.88 -
tig00000038:154278-154922   -            215 2568at4891           -            679   1.6e-10   37.4   0.3   2   3   7.4e-07   3.5e-05   19.7   0.1   166   223    62   123    59   136 0.81 -
tig00000038:154278-154922   -            215 2568at4891           -            679   1.6e-10   37.4   0.3   3   3    0.0022       0.1    8.3   0.0   162   208   165   213   138   215 0.75 -
tig00000005:195583-197937   -            785 2568at4891           -            679   7.1e-10   35.3   8.9   1   5   1.1e-05   0.00051   15.9   0.1   153   222    18    92    13   100 0.78 -
tig00000005:195583-197937   -            785 2568at4891           -            679   7.1e-10   35.3   8.9   2   5   1.1e-08   5.1e-07   25.8   0.1   130   305    38   236    36   250 0.77 -
tig00000005:195583-197937   -            785 2568at4891           -            679   7.1e-10   35.3   8.9   3   5       1.5        68   -1.1   0.1   100   134   276   309   269   315 0.69 -
tig00000005:195583-197937   -            785 2568at4891           -            679   7.1e-10   35.3   8.9   4   5       1.8        84   -1.3   0.0   103   127   383   406   357   434 0.70 -
tig00000005:195583-197937   -            785 2568at4891           -            679   7.1e-10   35.3   8.9   5   5   0.00052     0.024   10.3   0.3   153   230   610   696   558   707 0.77 -
tig00000005:853848-855902   -            685 2568at4891           -            679   1.7e-09   34.0   0.0   1   1   6.1e-11   2.9e-09   33.2   0.0   111   222     3   118     2   133 0.89 -
tig00000014:571412-572308   -            299 2568at4891           -            679   1.9e-09   33.8   0.0   1   2   2.2e-08   1.1e-06   24.8   0.0    85   220    22   155    11   166 0.82 -
tig00000014:571412-572308   -            299 2568at4891           -            679   1.9e-09   33.8   0.0   2   2     3e-05    0.0014   14.4   0.0   104   183   122   208   121   262 0.81 -
tig00000007:822235-822930   -            232 2568at4891           -            679   3.5e-09   33.0   5.7   1   3    0.0021     0.099    8.3   0.0   150   202     2    54     1    81 0.79 -
tig00000007:822235-822930   -            232 2568at4891           -            679   3.5e-09   33.0   5.7   2   3   1.1e-09   5.1e-08   29.1   3.1   101   240    40   194    40   198 0.73 -
tig00000007:822235-822930   -            232 2568at4891           -            679   3.5e-09   33.0   5.7   3   3       1.6        78   -1.2   0.1   204   217   219   232   214   232 0.86 -
tig00000014:436668-438272   -            535 2568at4891           -            679   6.2e-09   32.1   0.2   1   2      0.11         5    2.7   0.1   148   181   260   293   203   315 0.59 -
tig00000014:436668-438272   -            535 2568at4891           -            679   6.2e-09   32.1   0.2   2   2   3.9e-09   1.8e-07   27.3   0.0   140   263   350   477   323   492 0.84 -
tig00000012:489214-491058   -            615 2568at4891           -            679   7.3e-09   31.9   0.4   1   2   3.9e-05    0.0018   14.1   0.0   117   222   263   368   194   376 0.80 -
tig00000012:489214-491058   -            615 2568at4891           -            679   7.3e-09   31.9   0.4   2   2   1.9e-05   0.00091   15.1   0.1   128   218   510   612   492   615 0.70 -
tig00000078:530421-532142   -            574 2568at4891           -            679     4e-08   29.4   2.9   1   2     0.003      0.14    7.8   0.9    93   140   274   321   267   333 0.80 -
tig00000078:530421-532142   -            574 2568at4891           -            679     4e-08   29.4   2.9   2   2   6.2e-09   2.9e-07   26.6   0.5    79   232   305   474   304   533 0.67 -
tig00000007:62181-66089     -           1303 2568at4891           -            679   2.5e-07   26.8   0.2   1   3   5.3e-09   2.5e-07   26.8   0.2    63   200   177   342   168   377 0.66 -
tig00000007:62181-66089     -           1303 2568at4891           -            679   2.5e-07   26.8   0.2   2   3       2.9   1.4e+02   -2.0   0.7   500   563   792   856   756   865 0.69 -
tig00000007:62181-66089     -           1303 2568at4891           -            679   2.5e-07   26.8   0.2   3   3      0.21       9.9    1.7   1.7   636   674  1256  1301  1224  1303 0.78 -
tig00000005:614650-615420   -            257 2568at4891           -            679   2.6e-07   26.8   0.0   1   1     1e-08   4.9e-07   25.9   0.0   152   220    75   145    58   153 0.86 -
tig00000039:157839-159113   -            425 2568at4891           -            679     3e-07   26.6   0.5   1   2   7.5e-07   3.5e-05   19.7   0.0    65   145    31   111     3   159 0.69 -
tig00000039:157839-159113   -            425 2568at4891           -            679     3e-07   26.6   0.5   2   2     0.019      0.89    5.2   0.3   158   217   276   341   205   355 0.66 -
tig00000078:139174-141975   -            934 2568at4891           -            679   3.1e-07   26.5   0.0   1   2   0.00085      0.04    9.6   0.0   128   223   433   531   419   547 0.79 -
tig00000078:139174-141975   -            934 2568at4891           -            679   3.1e-07   26.5   0.0   2   2   6.5e-08   3.1e-06   23.2   0.0    99   262   491   654   472   670 0.76 -
tig00000005:814912-815754   -            281 2568at4891           -            679   4.5e-07   26.0   1.0   1   2     0.056       2.6    3.6   0.1   127   222     1    96     1   101 0.74 -
tig00000005:814912-815754   -            281 2568at4891           -            679   4.5e-07   26.0   1.0   2   2   1.9e-08   9.1e-07   25.0   0.1   120   220    77   182    73   213 0.83 -
tig00000078:89274-91226     -            651 2568at4891           -            679   5.5e-07   25.7   0.0   1   2     0.068       3.2    3.3   0.1   102   137    78   113    69   122 0.76 -
tig00000078:89274-91226     -            651 2568at4891           -            679   5.5e-07   25.7   0.0   2   2   5.5e-07   2.6e-05   20.2   0.0   100   232   135   272   129   323 0.75 -
tig00000010:208878-211913   -           1012 2568at4891           -            679   6.9e-07   25.4   8.0   1   3   2.6e-06   0.00012   18.0   0.8   128   223   159   255   145   268 0.78 -
tig00000010:208878-211913   -           1012 2568at4891           -            679   6.9e-07   25.4   8.0   2   3    0.0011     0.054    9.2   0.5   111   223   670   801   652   808 0.66 -
tig00000010:208878-211913   -           1012 2568at4891           -            679   6.9e-07   25.4   8.0   3   3       1.5        71   -1.1   0.0   201   221   948   968   933   976 0.78 -
tig00000018:569634-570797   -            388 2568at4891           -            679   1.9e-06   23.9   2.4   1   3   9.4e-06   0.00044   16.1   0.2   168   223   122   182    39   193 0.65 -
tig00000018:569634-570797   -            388 2568at4891           -            679   1.9e-06   23.9   2.4   2   3   1.3e-05   0.00063   15.6   0.1    97   148   139   192   124   233 0.59 -
tig00000018:569634-570797   -            388 2568at4891           -            679   1.9e-06   23.9   2.4   3   3      0.12       5.8    2.5   0.0   111   220   297   323   278   333 0.62 -
tig00000012:566644-568977   -            778 2568at4891           -            679   7.4e-06   22.0   0.0   1   2      0.67        32    0.1   0.0   189   219   405   438   392   447 0.76 -
tig00000012:566644-568977   -            778 2568at4891           -            679   7.4e-06   22.0   0.0   2   2     1e-06   4.9e-05   19.3   0.1   107   217   612   722   593   732 0.80 -
tig00000005:959007-960584   -            526 2568at4891           -            679   4.3e-05   19.4   2.9   1   3      0.15       7.2    2.2   0.1   193   227    85   124    76   129 0.72 -
tig00000005:959007-960584   -            526 2568at4891           -            679   4.3e-05   19.4   2.9   2   3      0.35        16    1.0   0.1   189   220   181   214   165   227 0.79 -
tig00000005:959007-960584   -            526 2568at4891           -            679   4.3e-05   19.4   2.9   3   3   2.4e-05    0.0011   14.8   0.1   103   193   231   335   209   342 0.73 -
tig00000012:470900-471844   -            315 2568at4891           -            679     9e-05   18.4   0.4   1   2   7.9e-05    0.0037   13.0   0.2   183   230    82   133    72   141 0.83 -
tig00000012:470900-471844   -            315 2568at4891           -            679     9e-05   18.4   0.4   2   2     0.094       4.4    2.9   0.0   197   227   250   280   220   293 0.81 -
tig00000001:502589-503383   -            265 2568at4891           -            679     0.001   14.9   0.1   1   3    0.0049      0.23    7.1   0.1   204   232    18    47     1    52 0.70 -
tig00000001:502589-503383   -            265 2568at4891           -            679     0.001   14.9   0.1   2   3     0.045       2.1    3.9   0.0   112   145   101   134    89   166 0.81 -
tig00000001:502589-503383   -            265 2568at4891           -            679     0.001   14.9   0.1   3   3       3.3   1.6e+02   -2.3   0.0   103   133   164   193   149   198 0.72 -
tig00000022:411540-412517   -            326 2568at4891           -            679    0.0017   14.2   0.0   1   1   5.2e-05    0.0025   13.6   0.0   108   226    27   147    22   154 0.80 -
tig00000018:171370-172173   -            268 2568at4891           -            679    0.0026   13.6   0.2   1   2     0.079       3.7    3.1   0.1   109   190    51   136    24   155 0.74 -
tig00000018:171370-172173   -            268 2568at4891           -            679    0.0026   13.6   0.2   2   2    0.0017     0.078    8.7   0.0   168   226   163   225   147   256 0.71 -
tig00000005:792126-793166   -            347 2568at4891           -            679    0.0088   11.8   4.1   1   2   0.00055     0.026   10.3   0.7   155   220    15    88     6    94 0.73 -
tig00000005:792126-793166   -            347 2568at4891           -            679    0.0088   11.8   4.1   2   2      0.14       6.7    2.3   0.1   185   221   297   336   172   345 0.66 -
tig00000018:297117-298778   -            554 2568at4891           -            679     0.011   11.5   0.1   1   2    0.0012     0.055    9.2   0.0   164   218   111   168    98   177 0.80 -
tig00000018:297117-298778   -            554 2568at4891           -            679     0.011   11.5   0.1   2   2      0.86        41   -0.3   0.0   100   134   184   225   169   239 0.56 -
tig00000034:231171-232961   -            597 2568at4891           -            679     0.037    9.8   0.0   1   2       5.5   2.6e+02   -3.0   0.0   156   181   310   335   296   353 0.68 -
tig00000034:231171-232961   -            597 2568at4891           -            679     0.037    9.8   0.0   2   2    0.0018     0.085    8.5   0.0   117   220   424   534   419   564 0.75 -
#
# Program:         hmmsearch
# Version:         3.1b2 (February 2015)
# Pipeline mode:   SEARCH
# Query file:      /home/inf-38-2022/BINP29/longread/2/busco_downloads/lineages/saccharomycetes_odb10/hmms/2568at4891.hmm
# Target file:     /home/inf-38-2022/BINP29/longread/2/Results/04_Busco/canu/run_saccharomycetes_odb10/metaeuk_output/initial_results/asm.contigs.fasta.modified.fas
# Option settings: hmmsearch --domtblout /home/inf-38-2022/BINP29/longread/2/Results/04_Busco/canu/run_saccharomycetes_odb10/hmmer_output/initial_run_results/2568at4891.out --cpu 1 /home/inf-38-2022/BINP29/longread/2/busco_downloads/lineages/saccharomycetes_odb10/hmms/2568at4891.hmm /home/inf-38-2022/BINP29/longread/2/Results/04_Busco/canu/run_saccharomycetes_odb10/metaeuk_output/initial_results/asm.contigs.fasta.modified.fas 
# Current dir:     /home/inf-38-2022/BINP29/longread/2
# Date:            Thu Feb 23 14:07:09 2023
# [ok]
