#                                                                                 --- full sequence --- -------------- this domain -------------   hmm coord   ali coord   env coord
# target name             accession   tlen query name           accession   qlen   E-value  score  bias   #  of  c-Evalue  i-Evalue  score  bias  from    to  from    to  from    to  acc description of target
#     ------------------- ---------- ----- -------------------- ---------- ----- --------- ------ ----- --- --- --------- --------- ------ ----- ----- ----- ----- ----- ----- ----- ---- ---------------------
tig00000005:124118-127060 -            981 2611at4891           -            741         0 1341.4   2.3   1   3    0.0005      0.46    5.9   0.0    13    32    54    73    48   110 0.85 -
tig00000005:124118-127060 -            981 2611at4891           -            741         0 1341.4   2.3   2   3         0         0 1301.1   0.5    31   696   191   887   170   895 0.96 -
tig00000005:124118-127060 -            981 2611at4891           -            741         0 1341.4   2.3   3   3   4.4e-12     4e-09   32.5   0.0   688   740   914   977   891   978 0.83 -
tig00000012:261704-264580 -            959 2611at4891           -            741         0 1018.7   0.6   1   2  1.2e-307  1.1e-304 1009.7   0.1    43   704   196   889   186   902 0.95 -
tig00000012:261704-264580 -            959 2611at4891           -            741         0 1018.7   0.6   2   2   0.00017      0.16    7.4   0.1   693   730   902   945   897   958 0.79 -
tig00000013:12460-15336   -            959 2611at4891           -            741         0 1018.7   0.6   1   2  1.2e-307  1.1e-304 1009.7   0.1    43   704   196   889   186   902 0.95 -
tig00000013:12460-15336   -            959 2611at4891           -            741         0 1018.7   0.6   2   2   0.00017      0.16    7.4   0.1   693   730   902   945   897   958 0.79 -
#
# Program:         hmmsearch
# Version:         3.1b2 (February 2015)
# Pipeline mode:   SEARCH
# Query file:      /home/inf-38-2022/BINP29/longread/2/busco_downloads/lineages/saccharomycetes_odb10/hmms/2611at4891.hmm
# Target file:     /home/inf-38-2022/BINP29/longread/2/Results/04_Busco/canu/run_saccharomycetes_odb10/metaeuk_output/initial_results/asm.contigs.fasta.modified.fas
# Option settings: hmmsearch --domtblout /home/inf-38-2022/BINP29/longread/2/Results/04_Busco/canu/run_saccharomycetes_odb10/hmmer_output/initial_run_results/2611at4891.out --cpu 1 /home/inf-38-2022/BINP29/longread/2/busco_downloads/lineages/saccharomycetes_odb10/hmms/2611at4891.hmm /home/inf-38-2022/BINP29/longread/2/Results/04_Busco/canu/run_saccharomycetes_odb10/metaeuk_output/initial_results/asm.contigs.fasta.modified.fas 
# Current dir:     /home/inf-38-2022/BINP29/longread/2
# Date:            Thu Feb 23 14:07:10 2023
# [ok]
