#                                                                               --- full sequence --- -------------- this domain -------------   hmm coord   ali coord   env coord
# target name           accession   tlen query name           accession   qlen   E-value  score  bias   #  of  c-Evalue  i-Evalue  score  bias  from    to  from    to  from    to  acc description of target
#   ------------------- ---------- ----- -------------------- ---------- ----- --------- ------ ----- --- --- --------- --------- ------ ----- ----- ----- ----- ----- ----- ----- ---- ---------------------
tig00000037:77006-81265 -           1420 26399at4891          -            687    2e-114  380.9 101.4   1   7   4.4e-91   1.2e-87  292.4  26.1     2   320     1   420     1   428 0.82 -
tig00000037:77006-81265 -           1420 26399at4891          -            687    2e-114  380.9 101.4   2   7   1.2e-24   3.3e-21   72.8   8.0   326   432   484   624   480   649 0.82 -
tig00000037:77006-81265 -           1420 26399at4891          -            687    2e-114  380.9 101.4   3   7   4.6e-05      0.13    8.1   9.4   454   500   703   754   635   766 0.74 -
tig00000037:77006-81265 -           1420 26399at4891          -            687    2e-114  380.9 101.4   4   7   0.00012      0.34    6.7  10.1   475   580   848   964   789  1024 0.77 -
tig00000037:77006-81265 -           1420 26399at4891          -            687    2e-114  380.9 101.4   5   7   0.00033      0.89    5.3   1.0   562   610  1072  1122  1062  1132 0.72 -
tig00000037:77006-81265 -           1420 26399at4891          -            687    2e-114  380.9 101.4   6   7   1.8e-05     0.048    9.5  10.9   581   665  1179  1283  1104  1288 0.66 -
tig00000037:77006-81265 -           1420 26399at4891          -            687    2e-114  380.9 101.4   7   7    0.0031       8.5    2.1   0.0   639   678  1346  1384  1338  1386 0.88 -
#
# Program:         hmmsearch
# Version:         3.1b2 (February 2015)
# Pipeline mode:   SEARCH
# Query file:      /home/inf-38-2022/BINP29/longread/2/busco_downloads/lineages/saccharomycetes_odb10/hmms/26399at4891.hmm
# Target file:     /home/inf-38-2022/BINP29/longread/2/Results/04_Busco/canu/run_saccharomycetes_odb10/metaeuk_output/initial_results/asm.contigs.fasta.modified.fas
# Option settings: hmmsearch --domtblout /home/inf-38-2022/BINP29/longread/2/Results/04_Busco/canu/run_saccharomycetes_odb10/hmmer_output/initial_run_results/26399at4891.out --cpu 1 /home/inf-38-2022/BINP29/longread/2/busco_downloads/lineages/saccharomycetes_odb10/hmms/26399at4891.hmm /home/inf-38-2022/BINP29/longread/2/Results/04_Busco/canu/run_saccharomycetes_odb10/metaeuk_output/initial_results/asm.contigs.fasta.modified.fas 
# Current dir:     /home/inf-38-2022/BINP29/longread/2
# Date:            Thu Feb 23 14:07:12 2023
# [ok]
