#                                                                                 --- full sequence --- -------------- this domain -------------   hmm coord   ali coord   env coord
# target name             accession   tlen query name           accession   qlen   E-value  score  bias   #  of  c-Evalue  i-Evalue  score  bias  from    to  from    to  from    to  acc description of target
#     ------------------- ---------- ----- -------------------- ---------- ----- --------- ------ ----- --- --- --------- --------- ------ ----- ----- ----- ----- ----- ----- ----- ---- ---------------------
tig00000001:791298-792341 -            348 27141at4891          -            204   4.1e-66  219.9   7.5   1   5   0.00031      0.42    7.6   0.0     6    25    20    39    16    42 0.89 -
tig00000001:791298-792341 -            348 27141at4891          -            204   4.1e-66  219.9   7.5   2   5    0.0033       4.5    4.3   0.0    25    39    57    71    54    75 0.84 -
tig00000001:791298-792341 -            348 27141at4891          -            204   4.1e-66  219.9   7.5   3   5   2.4e-31   3.2e-28   96.2   0.1    36    98   104   167   100   175 0.94 -
tig00000001:791298-792341 -            348 27141at4891          -            204   4.1e-66  219.9   7.5   4   5   1.3e-22   1.7e-19   67.6   1.4    98   185   188   290   184   298 0.85 -
tig00000001:791298-792341 -            348 27141at4891          -            204   4.1e-66  219.9   7.5   5   5   1.6e-13   2.2e-10   38.0   0.0   161   201   307   348   295   348 0.89 -
tig00000001:479807-482881 -           1025 27141at4891          -            204   2.2e-18   64.1   0.1   1   2     0.041        56    0.7   0.0    21    39   343   361   320   365 0.69 -
tig00000001:479807-482881 -           1025 27141at4891          -            204   2.2e-18   64.1   0.1   2   2   1.2e-19   1.6e-16   57.9   0.1    38   184   732   899   725   904 0.77 -
#
# Program:         hmmsearch
# Version:         3.1b2 (February 2015)
# Pipeline mode:   SEARCH
# Query file:      /home/inf-38-2022/BINP29/longread/2/busco_downloads/lineages/saccharomycetes_odb10/hmms/27141at4891.hmm
# Target file:     /home/inf-38-2022/BINP29/longread/2/Results/04_Busco/canu/run_saccharomycetes_odb10/metaeuk_output/initial_results/asm.contigs.fasta.modified.fas
# Option settings: hmmsearch --domtblout /home/inf-38-2022/BINP29/longread/2/Results/04_Busco/canu/run_saccharomycetes_odb10/hmmer_output/initial_run_results/27141at4891.out --cpu 1 /home/inf-38-2022/BINP29/longread/2/busco_downloads/lineages/saccharomycetes_odb10/hmms/27141at4891.hmm /home/inf-38-2022/BINP29/longread/2/Results/04_Busco/canu/run_saccharomycetes_odb10/metaeuk_output/initial_results/asm.contigs.fasta.modified.fas 
# Current dir:     /home/inf-38-2022/BINP29/longread/2
# Date:            Thu Feb 23 14:07:15 2023
# [ok]
