#                                                                                 --- full sequence --- -------------- this domain -------------   hmm coord   ali coord   env coord
# target name             accession   tlen query name           accession   qlen   E-value  score  bias   #  of  c-Evalue  i-Evalue  score  bias  from    to  from    to  from    to  acc description of target
#     ------------------- ---------- ----- -------------------- ---------- ----- --------- ------ ----- --- --- --------- --------- ------ ----- ----- ----- ----- ----- ----- ----- ---- ---------------------
tig00000010:148253-148792 -            180 27330at4891          -            164   2.6e-92  304.3   0.0   1   1   2.2e-94   3.1e-92  304.1   0.0     3   164     1   180     1   180 0.94 -
tig00000001:117005-117538 -            178 27330at4891          -            164   1.5e-26   90.5   0.0   1   1   1.2e-28   1.7e-26   90.3   0.0    10   162    12   175     3   177 0.87 -
tig00000001:217195-217734 -            180 27330at4891          -            164     6e-26   88.5   0.0   1   1   5.5e-28   7.5e-26   88.2   0.0    11   162    13   175     4   177 0.87 -
tig00000014:556837-557385 -            183 27330at4891          -            164     7e-26   88.3   0.0   1   1   6.4e-28   8.8e-26   88.0   0.0     8   162    11   176     4   178 0.88 -
tig00000007:503698-504222 -            175 27330at4891          -            164     2e-24   83.5   0.0   1   1   1.8e-26   2.4e-24   83.3   0.0    13   153    15   166     4   175 0.81 -
tig00000010:469341-469934 -            198 27330at4891          -            164   1.2e-20   71.2   0.0   1   1   1.1e-22   1.5e-20   71.0   0.0     9   141     9   157     1   182 0.80 -
tig00000012:390719-391234 -            172 27330at4891          -            164     1e-12   45.5   0.0   1   1     1e-14   1.4e-12   45.0   0.0    14   132     2   134     1   168 0.73 -
tig00000012:663357-663980 -            208 27330at4891          -            164     4e-07   27.3   0.0   1   1   5.8e-09     8e-07   26.3   0.0    17   129    10   138     3   170 0.73 -
tig00000031:457882-459297 -            472 27330at4891          -            164   4.7e-07   27.0   0.5   1   2     0.034       4.6    4.3   0.1    15    36    41    62    25    68 0.85 -
tig00000031:457882-459297 -            472 27330at4891          -            164   4.7e-07   27.0   0.5   2   2   2.2e-06    0.0003   17.9   0.0    46   101   300   355   288   405 0.74 -
tig00000038:216334-216951 -            206 27330at4891          -            164   7.5e-07   26.4   0.0   1   1   7.7e-09     1e-06   25.9   0.0    17   121    10   125     3   147 0.81 -
tig00000007:677103-677453 -            117 27330at4891          -            164   1.1e-06   25.8   0.0   1   1   9.8e-09   1.3e-06   25.6   0.0    17   121     1   115     1   117 0.82 -
tig00000007:491183-491728 -            182 27330at4891          -            164   1.8e-05   21.9   0.0   1   1   1.8e-07   2.5e-05   21.4   0.0    16   126     7   128     3   140 0.80 -
tig00000022:169028-169756 -            243 27330at4891          -            164   3.6e-05   20.9   0.0   1   1     5e-07   6.8e-05   20.0   0.0    17   100    40   127    23   158 0.79 -
tig00000023:196876-197973 -            366 27330at4891          -            164   3.7e-05   20.9   0.4   1   2     0.011       1.5    5.9   0.1     8    36    34    62    30    69 0.89 -
tig00000023:196876-197973 -            366 27330at4891          -            164   3.7e-05   20.9   0.4   2   2   8.1e-05     0.011   12.8   0.0    58   103   207   252   184   294 0.83 -
tig00000012:610232-611713 -            494 27330at4891          -            164   4.7e-05   20.5   0.1   1   1   6.6e-06    0.0009   16.4   0.1    11   154   238   400   229   408 0.67 -
tig00000031:121280-122767 -            496 27330at4891          -            164   6.6e-05   20.1   0.0   1   1   1.3e-06   0.00018   18.6   0.0    16   125   326   454   316   471 0.69 -
tig00000005:305223-305708 -            162 27330at4891          -            164    0.0001   19.5   0.0   1   1     9e-07   0.00012   19.2   0.0    17   130     2   126     1   155 0.75 -
tig00000022:472848-473489 -            214 27330at4891          -            164   0.00041   17.5   0.0   1   1   6.9e-06   0.00094   16.3   0.0    17   125     2   130     1   160 0.73 -
tig00000038:141223-141867 -            215 27330at4891          -            164     0.004   14.3   0.0   1   1   4.4e-05     0.006   13.7   0.0    15   120    20   136     6   152 0.74 -
tig00000018:441181-441678 -            166 27330at4891          -            164     0.016   12.3   0.0   1   1   0.00014     0.019   12.0   0.0    64   133    53   129     1   146 0.59 -
#
# Program:         hmmsearch
# Version:         3.1b2 (February 2015)
# Pipeline mode:   SEARCH
# Query file:      /home/inf-38-2022/BINP29/longread/2/busco_downloads/lineages/saccharomycetes_odb10/hmms/27330at4891.hmm
# Target file:     /home/inf-38-2022/BINP29/longread/2/Results/04_Busco/canu/run_saccharomycetes_odb10/metaeuk_output/initial_results/asm.contigs.fasta.modified.fas
# Option settings: hmmsearch --domtblout /home/inf-38-2022/BINP29/longread/2/Results/04_Busco/canu/run_saccharomycetes_odb10/hmmer_output/initial_run_results/27330at4891.out --cpu 1 /home/inf-38-2022/BINP29/longread/2/busco_downloads/lineages/saccharomycetes_odb10/hmms/27330at4891.hmm /home/inf-38-2022/BINP29/longread/2/Results/04_Busco/canu/run_saccharomycetes_odb10/metaeuk_output/initial_results/asm.contigs.fasta.modified.fas 
# Current dir:     /home/inf-38-2022/BINP29/longread/2
# Date:            Thu Feb 23 14:07:16 2023
# [ok]
