#                                                                                 --- full sequence --- -------------- this domain -------------   hmm coord   ali coord   env coord
# target name             accession   tlen query name           accession   qlen   E-value  score  bias   #  of  c-Evalue  i-Evalue  score  bias  from    to  from    to  from    to  acc description of target
#     ------------------- ---------- ----- -------------------- ---------- ----- --------- ------ ----- --- --- --------- --------- ------ ----- ----- ----- ----- ----- ----- ----- ---- ---------------------
tig00000001:631328-632077 -            250 27816at4891          -            200  4.7e-102  337.0   1.4   1   2   3.2e-38   2.2e-35  119.4   0.2     1    98     1   110     1   128 0.83 -
tig00000001:631328-632077 -            250 27816at4891          -            200  4.7e-102  337.0   1.4   2   2   3.2e-68   2.2e-65  217.3   0.1    93   200   141   248   120   248 0.94 -
tig00000023:533456-534187 -            244 27816at4891          -            200  1.3e-100  332.3   4.5   1   2   1.6e-37   1.1e-34  117.1   1.3     1    95     1   107     1   121 0.85 -
tig00000023:533456-534187 -            244 27816at4891          -            200  1.3e-100  332.3   4.5   2   2   5.1e-68   3.5e-65  216.6   0.1    94   200   137   243   122   243 0.95 -
tig00000024:16865-17596   -            244 27816at4891          -            200  1.3e-100  332.3   4.5   1   2   1.6e-37   1.1e-34  117.1   1.3     1    95     1   107     1   121 0.85 -
tig00000024:16865-17596   -            244 27816at4891          -            200  1.3e-100  332.3   4.5   2   2   5.1e-68   3.5e-65  216.6   0.1    94   200   137   243   122   243 0.95 -
tig00000010:453957-454394 -            146 27816at4891          -            200   8.7e-29   97.8   0.0   1   1   1.6e-31   1.1e-28   97.5   0.0    94   187    26   122    13   132 0.89 -
#
# Program:         hmmsearch
# Version:         3.1b2 (February 2015)
# Pipeline mode:   SEARCH
# Query file:      /home/inf-38-2022/BINP29/longread/2/busco_downloads/lineages/saccharomycetes_odb10/hmms/27816at4891.hmm
# Target file:     /home/inf-38-2022/BINP29/longread/2/Results/04_Busco/canu/run_saccharomycetes_odb10/metaeuk_output/initial_results/asm.contigs.fasta.modified.fas
# Option settings: hmmsearch --domtblout /home/inf-38-2022/BINP29/longread/2/Results/04_Busco/canu/run_saccharomycetes_odb10/hmmer_output/initial_run_results/27816at4891.out --cpu 1 /home/inf-38-2022/BINP29/longread/2/busco_downloads/lineages/saccharomycetes_odb10/hmms/27816at4891.hmm /home/inf-38-2022/BINP29/longread/2/Results/04_Busco/canu/run_saccharomycetes_odb10/metaeuk_output/initial_results/asm.contigs.fasta.modified.fas 
# Current dir:     /home/inf-38-2022/BINP29/longread/2
# Date:            Thu Feb 23 14:07:17 2023
# [ok]
