#                                                                                 --- full sequence --- -------------- this domain -------------   hmm coord   ali coord   env coord
# target name             accession   tlen query name           accession   qlen   E-value  score  bias   #  of  c-Evalue  i-Evalue  score  bias  from    to  from    to  from    to  acc description of target
#     ------------------- ---------- ----- -------------------- ---------- ----- --------- ------ ----- --- --- --------- --------- ------ ----- ----- ----- ----- ----- ----- ----- ---- ---------------------
tig00000007:425736-426965 -            410 28745at4891          -            272   1.1e-66  222.2  34.0   1   3    0.0031       2.8    4.5   0.6     1    17     4    20     4    34 0.78 -
tig00000007:425736-426965 -            410 28745at4891          -            272   1.1e-66  222.2  34.0   2   3   1.1e-30     1e-27   94.5  12.9    15   152    37   234    24   267 0.72 -
tig00000007:425736-426965 -            410 28745at4891          -            272   1.1e-66  222.2  34.0   3   3   2.6e-39   2.4e-36  122.8   7.8   162   271   287   409   264   410 0.83 -
tig00000005:646733-647284 -            184 28745at4891          -            272   3.7e-05   20.5   0.9   1   1   5.1e-08   4.6e-05   20.2   0.9   108   179    80   150    50   172 0.84 -
tig00000018:589402-592182 -            927 28745at4891          -            272     0.051   10.2   0.0   1   3      0.33     3e+02   -2.2   0.5   235   253    13    31    11    36 0.86 -
tig00000018:589402-592182 -            927 28745at4891          -            272     0.051   10.2   0.0   2   3   5.6e-05     0.051   10.2   0.0    96   190   608   704   598   717 0.83 -
tig00000018:589402-592182 -            927 28745at4891          -            272     0.051   10.2   0.0   3   3      0.12   1.1e+02   -0.7   0.1   176   209   778   811   774   827 0.77 -
#
# Program:         hmmsearch
# Version:         3.1b2 (February 2015)
# Pipeline mode:   SEARCH
# Query file:      /home/inf-38-2022/BINP29/longread/2/busco_downloads/lineages/saccharomycetes_odb10/hmms/28745at4891.hmm
# Target file:     /home/inf-38-2022/BINP29/longread/2/Results/04_Busco/canu/run_saccharomycetes_odb10/metaeuk_output/initial_results/asm.contigs.fasta.modified.fas
# Option settings: hmmsearch --domtblout /home/inf-38-2022/BINP29/longread/2/Results/04_Busco/canu/run_saccharomycetes_odb10/hmmer_output/initial_run_results/28745at4891.out --cpu 1 /home/inf-38-2022/BINP29/longread/2/busco_downloads/lineages/saccharomycetes_odb10/hmms/28745at4891.hmm /home/inf-38-2022/BINP29/longread/2/Results/04_Busco/canu/run_saccharomycetes_odb10/metaeuk_output/initial_results/asm.contigs.fasta.modified.fas 
# Current dir:     /home/inf-38-2022/BINP29/longread/2
# Date:            Thu Feb 23 14:07:22 2023
# [ok]
