#                                                                                 --- full sequence --- -------------- this domain -------------   hmm coord   ali coord   env coord
# target name             accession   tlen query name           accession   qlen   E-value  score  bias   #  of  c-Evalue  i-Evalue  score  bias  from    to  from    to  from    to  acc description of target
#     ------------------- ---------- ----- -------------------- ---------- ----- --------- ------ ----- --- --- --------- --------- ------ ----- ----- ----- ----- ----- ----- ----- ---- ---------------------
tig00000038:79494-85862   -           2123 300at4891            -            881         0 1278.7  35.5   1   6   9.9e-73     3e-70  234.7   0.4    13   211   682   910   671   916 0.89 -
tig00000038:79494-85862   -           2123 300at4891            -            881         0 1278.7  35.5   2   6   0.00023     0.069    8.5   0.0   200   233   926   960   914   970 0.83 -
tig00000038:79494-85862   -           2123 300at4891            -            881         0 1278.7  35.5   3   6   1.8e-99   5.6e-97  323.1   3.7   231   495  1030  1349  1021  1381 0.87 -
tig00000038:79494-85862   -           2123 300at4891            -            881         0 1278.7  35.5   4   6   2.8e-09   8.3e-07   24.8   0.1   490   538  1487  1551  1477  1558 0.78 -
tig00000038:79494-85862   -           2123 300at4891            -            881         0 1278.7  35.5   5   6   4.6e-36   1.4e-33  113.4   0.1   528   606  1656  1734  1634  1744 0.87 -
tig00000038:79494-85862   -           2123 300at4891            -            881         0 1278.7  35.5   6   6  2.3e-179  6.9e-177  587.5   6.9   603   881  1827  2117  1817  2117 0.96 -
tig00000061:349386-350993 -            536 300at4891            -            881   4.1e-26   88.6   0.0   1   1   2.2e-28   6.5e-26   88.0   0.0    14   182   199   392   194   405 0.83 -
tig00000061:549024-550673 -            550 300at4891            -            881   1.2e-11   40.8   0.0   1   1   5.2e-14   1.6e-11   40.4   0.0    19   164   197   356   179   412 0.78 -
tig00000001:867981-869648 -            556 300at4891            -            881     2e-11   40.1   0.2   1   1     1e-13   3.1e-11   39.4   0.2    20   187   199   385   182   412 0.83 -
tig00000001:200662-202245 -            528 300at4891            -            881   3.8e-10   35.8   0.9   1   1   1.9e-12   5.7e-10   35.2   0.9    14   157   188   347   178   382 0.79 -
tig00000083:361783-363363 -            527 300at4891            -            881   3.9e-09   32.5   0.0   1   1   2.1e-11   6.5e-09   31.7   0.0    19   161   191   344   172   380 0.81 -
tig00000061:189022-190680 -            553 300at4891            -            881   4.5e-09   32.3   0.0   1   1   2.2e-11   6.5e-09   31.7   0.0    19   185   213   397   195   423 0.78 -
tig00000001:817164-818801 -            546 300at4891            -            881   7.7e-07   24.9   0.0   1   1   3.6e-09   1.1e-06   24.4   0.0    15   156   189   350   178   393 0.79 -
tig00000061:336882-338585 -            568 300at4891            -            881   7.4e-06   21.6   0.0   1   1   3.6e-08   1.1e-05   21.1   0.0    20   141   206   338   196   365 0.79 -
#
# Program:         hmmsearch
# Version:         3.1b2 (February 2015)
# Pipeline mode:   SEARCH
# Query file:      /home/inf-38-2022/BINP29/longread/2/busco_downloads/lineages/saccharomycetes_odb10/hmms/300at4891.hmm
# Target file:     /home/inf-38-2022/BINP29/longread/2/Results/04_Busco/canu/run_saccharomycetes_odb10/metaeuk_output/initial_results/asm.contigs.fasta.modified.fas
# Option settings: hmmsearch --domtblout /home/inf-38-2022/BINP29/longread/2/Results/04_Busco/canu/run_saccharomycetes_odb10/hmmer_output/initial_run_results/300at4891.out --cpu 1 /home/inf-38-2022/BINP29/longread/2/busco_downloads/lineages/saccharomycetes_odb10/hmms/300at4891.hmm /home/inf-38-2022/BINP29/longread/2/Results/04_Busco/canu/run_saccharomycetes_odb10/metaeuk_output/initial_results/asm.contigs.fasta.modified.fas 
# Current dir:     /home/inf-38-2022/BINP29/longread/2
# Date:            Thu Feb 23 14:07:28 2023
# [ok]
