#                                                                                   --- full sequence --- -------------- this domain -------------   hmm coord   ali coord   env coord
# target name               accession   tlen query name           accession   qlen   E-value  score  bias   #  of  c-Evalue  i-Evalue  score  bias  from    to  from    to  from    to  acc description of target
#       ------------------- ---------- ----- -------------------- ---------- ----- --------- ------ ----- --- --- --------- --------- ------ ----- ----- ----- ----- ----- ----- ----- ---- ---------------------
tig00000018:308558-309709   -            384 30116at4891          -            222   5.9e-91  301.0  18.7   1   3   2.3e-08   3.6e-06   23.8   0.6     1    29    18    49    18    72 0.88 -
tig00000018:308558-309709   -            384 30116at4891          -            222   5.9e-91  301.0  18.7   2   3   1.9e-77   2.9e-75  249.7   6.7    22   207    98   317    88   329 0.83 -
tig00000018:308558-309709   -            384 30116at4891          -            222   5.9e-91  301.0  18.7   3   3   2.7e-11     4e-09   33.4   0.1   193   222   355   384   350   384 0.95 -
tig00000023:505392-507110   -            573 30116at4891          -            222   1.3e-36  123.3   5.9   1   4   1.6e-10   2.4e-08   30.9   0.0    95   194    20   122     6   127 0.82 -
tig00000023:505392-507110   -            573 30116at4891          -            222   1.3e-36  123.3   5.9   2   4   2.7e-09     4e-07   26.9   0.1   108   178   121   190   112   208 0.84 -
tig00000023:505392-507110   -            573 30116at4891          -            222   1.3e-36  123.3   5.9   3   4   1.8e-11   2.8e-09   34.0   0.3    85   195   189   300   185   306 0.75 -
tig00000023:505392-507110   -            573 30116at4891          -            222   1.3e-36  123.3   5.9   4   4   4.4e-12   6.6e-10   36.0   0.5    82   197   279   407   278   432 0.69 -
tig00000005:293050-294291   -            414 30116at4891          -            222   2.5e-29   99.5   0.0   1   2     6e-14   9.1e-12   42.1   0.0    99   190   154   247   144   257 0.83 -
tig00000005:293050-294291   -            414 30116at4891          -            222   2.5e-29   99.5   0.0   2   2   6.3e-18   9.6e-16   55.1   0.0   109   190   263   346   249   353 0.89 -
tig00000010:758671-761331   -            887 30116at4891          -            222   3.1e-27   92.7  15.0   1   5      0.14        21    1.6   0.1   150   175    53    78     2    99 0.75 -
tig00000010:758671-761331   -            887 30116at4891          -            222   3.1e-27   92.7  15.0   2   5   1.1e-09   1.7e-07   28.1   0.2   107   191   339   425   329   451 0.85 -
tig00000010:758671-761331   -            887 30116at4891          -            222   3.1e-27   92.7  15.0   3   5    0.0017      0.26    7.9   0.0   107   173   526   586   515   609 0.75 -
tig00000010:758671-761331   -            887 30116at4891          -            222   3.1e-27   92.7  15.0   4   5     3e-07   4.5e-05   20.2   0.3   104   186   654   743   635   750 0.71 -
tig00000010:758671-761331   -            887 30116at4891          -            222   3.1e-27   92.7  15.0   5   5   6.8e-14     1e-11   41.9   0.5    84   193   731   844   724   877 0.74 -
tig00000018:604043-605371   -            443 30116at4891          -            222   1.2e-24   84.3   0.0   1   3   2.3e-11   3.5e-09   33.6   0.1   109   186    62   140    55   146 0.87 -
tig00000018:604043-605371   -            443 30116at4891          -            222   1.2e-24   84.3   0.0   2   3   1.3e-12     2e-10   37.7   0.0   103   194   143   236   125   243 0.86 -
tig00000018:604043-605371   -            443 30116at4891          -            222   1.2e-24   84.3   0.0   3   3   0.00037     0.055   10.1   0.0   109   192   328   407   320   433 0.81 -
tig00000010:479365-481371   -            669 30116at4891          -            222     6e-22   75.4   9.0   1   4   1.8e-10   2.8e-08   30.7   0.7   111   206     8   103     1   116 0.79 -
tig00000010:479365-481371   -            669 30116at4891          -            222     6e-22   75.4   9.0   2   4   1.6e-05    0.0024   14.5   0.0   114   192   132   212   112   222 0.78 -
tig00000010:479365-481371   -            669 30116at4891          -            222     6e-22   75.4   9.0   3   4   3.3e-09     5e-07   26.6   0.1    97   174   258   335   245   345 0.85 -
tig00000010:479365-481371   -            669 30116at4891          -            222     6e-22   75.4   9.0   4   4     0.006      0.92    6.1   0.0   137   172   519   555   477   580 0.73 -
tig00000007:89169-89801     -            211 30116at4891          -            222   1.5e-16   57.7   0.0   1   2   1.8e-10   2.7e-08   30.7   0.0   115   182     1    68     1    76 0.95 -
tig00000007:89169-89801     -            211 30116at4891          -            222   1.5e-16   57.7   0.0   2   2   8.9e-09   1.3e-06   25.2   0.0   109   196    79   167    71   172 0.87 -
tig00000031:283864-284850   -            329 30116at4891          -            222   1.3e-15   54.7   0.0   1   3   0.00035     0.053   10.2   0.0   116   188     2    89     1    98 0.59 -
tig00000031:283864-284850   -            329 30116at4891          -            222   1.3e-15   54.7   0.0   2   3   1.1e-08   1.7e-06   24.8   0.0   107   184   102   182    88   206 0.80 -
tig00000031:283864-284850   -            329 30116at4891          -            222   1.3e-15   54.7   0.0   3   3   4.1e-06   0.00063   16.5   0.0   108   187   253   328   243   329 0.84 -
tig00000007:246186-247562   -            459 30116at4891          -            222   7.3e-15   52.2   1.2   1   3      0.43        65    0.1   0.0   107   136   142   172   125   188 0.69 -
tig00000007:246186-247562   -            459 30116at4891          -            222   7.3e-15   52.2   1.2   2   3       2.1   3.1e+02   -2.2   0.0    40    62   228   250   219   263 0.85 -
tig00000007:246186-247562   -            459 30116at4891          -            222   7.3e-15   52.2   1.2   3   3   6.1e-16   9.3e-14   48.6   0.1   111   199   277   361   266   376 0.80 -
tig00000038:69603-70709     -            369 30116at4891          -            222   8.8e-15   51.9  11.7   1   4   3.4e-07   5.1e-05   20.0   0.1   115   184     1    72     1    89 0.91 -
tig00000038:69603-70709     -            369 30116at4891          -            222   8.8e-15   51.9  11.7   2   4      0.68     1e+02   -0.6   0.0   152   174   123   145    77   167 0.71 -
tig00000038:69603-70709     -            369 30116at4891          -            222   8.8e-15   51.9  11.7   3   4   8.8e-08   1.3e-05   21.9   0.4    98   176   193   272   170   276 0.74 -
tig00000038:69603-70709     -            369 30116at4891          -            222   8.8e-15   51.9  11.7   4   4     5e-06   0.00076   16.2   0.8    87   170   275   358   270   366 0.81 -
tig00000014:643085-644017   -            311 30116at4891          -            222   1.5e-14   51.2   0.0   1   3      0.84   1.3e+02   -0.9   0.1   156   172     1    17     1    21 0.89 -
tig00000014:643085-644017   -            311 30116at4891          -            222   1.5e-14   51.2   0.0   2   3   8.2e-11   1.2e-08   31.8   0.0   111   192    61   145    49   165 0.86 -
tig00000014:643085-644017   -            311 30116at4891          -            222   1.5e-14   51.2   0.0   3   3   5.9e-06    0.0009   15.9   0.0   107   195   225   309   210   311 0.80 -
tig00000031:431155-432288   -            378 30116at4891          -            222   3.1e-14   50.1   5.9   1   3   1.2e-07   1.8e-05   21.5   0.2   115   175     3    63     1    79 0.91 -
tig00000031:431155-432288   -            378 30116at4891          -            222   3.1e-14   50.1   5.9   2   3   2.2e-09   3.4e-07   27.1   0.2   104   180   194   268   172   289 0.78 -
tig00000031:431155-432288   -            378 30116at4891          -            222   3.1e-14   50.1   5.9   3   3      0.05       7.6    3.1   0.1    27    52   288   313   280   328 0.74 -
tig00000005:689361-690242   -            294 30116at4891          -            222     8e-13   45.5   0.0   1   1   9.6e-15   1.4e-12   44.7   0.0   107   188    12    95     3   109 0.89 -
tig00000037:240675-241250   -            192 30116at4891          -            222   1.3e-12   44.9   0.3   1   2   5.8e-09   8.8e-07   25.8   0.1   105   175    12    80     4    97 0.82 -
tig00000037:240675-241250   -            192 30116at4891          -            222   1.3e-12   44.9   0.3   2   2   1.4e-06   0.00021   18.0   0.0    97   178   101   181    83   192 0.83 -
tig00000018:418965-419486   -            174 30116at4891          -            222   5.3e-10   36.3   0.1   1   1     5e-12   7.5e-10   35.8   0.1    95   175    27   107    19   132 0.90 -
tig00000005:104913-106247   -            445 30116at4891          -            222   2.6e-09   34.1   0.0   1   5    0.0014      0.21    8.2   0.0   115   196     3    86     2    91 0.91 -
tig00000005:104913-106247   -            445 30116at4891          -            222   2.6e-09   34.1   0.0   2   5     0.022       3.3    4.3   0.0   104   126    92   114    86   141 0.76 -
tig00000005:104913-106247   -            445 30116at4891          -            222   2.6e-09   34.1   0.0   3   5     0.012       1.8    5.1   0.0   146   177   179   210   164   227 0.86 -
tig00000005:104913-106247   -            445 30116at4891          -            222   2.6e-09   34.1   0.0   4   5    0.0012      0.18    8.4   0.0   108   150   341   383   331   389 0.87 -
tig00000005:104913-106247   -            445 30116at4891          -            222   2.6e-09   34.1   0.0   5   5      0.19        29    1.2   0.0   151   174   403   426   397   445 0.72 -
tig00000083:81260-81643     -            128 30116at4891          -            222     6e-08   29.6   0.0   1   1   4.7e-10   7.1e-08   29.4   0.0   111   197    26   114    14   123 0.89 -
tig00000001:1305058-1305873 -            272 30116at4891          -            222   0.00041   17.0   0.0   1   1   3.8e-06   0.00057   16.6   0.0   135   187   213   267   175   272 0.75 -
#
# Program:         hmmsearch
# Version:         3.1b2 (February 2015)
# Pipeline mode:   SEARCH
# Query file:      /home/inf-38-2022/BINP29/longread/2/busco_downloads/lineages/saccharomycetes_odb10/hmms/30116at4891.hmm
# Target file:     /home/inf-38-2022/BINP29/longread/2/Results/04_Busco/canu/run_saccharomycetes_odb10/metaeuk_output/initial_results/asm.contigs.fasta.modified.fas
# Option settings: hmmsearch --domtblout /home/inf-38-2022/BINP29/longread/2/Results/04_Busco/canu/run_saccharomycetes_odb10/hmmer_output/initial_run_results/30116at4891.out --cpu 1 /home/inf-38-2022/BINP29/longread/2/busco_downloads/lineages/saccharomycetes_odb10/hmms/30116at4891.hmm /home/inf-38-2022/BINP29/longread/2/Results/04_Busco/canu/run_saccharomycetes_odb10/metaeuk_output/initial_results/asm.contigs.fasta.modified.fas 
# Current dir:     /home/inf-38-2022/BINP29/longread/2
# Date:            Thu Feb 23 14:07:28 2023
# [ok]
