#                                                                                 --- full sequence --- -------------- this domain -------------   hmm coord   ali coord   env coord
# target name             accession   tlen query name           accession   qlen   E-value  score  bias   #  of  c-Evalue  i-Evalue  score  bias  from    to  from    to  from    to  acc description of target
#     ------------------- ---------- ----- -------------------- ---------- ----- --------- ------ ----- --- --- --------- --------- ------ ----- ----- ----- ----- ----- ----- ----- ---- ---------------------
tig00000005:76155-80875   -            953 3050at4891           -            585         0 1094.2   4.1   1   2     0.046        42   -0.5   0.0    12    36     7    33     4    81 0.61 -
tig00000005:76155-80875   -            953 3050at4891           -            585         0 1094.2   4.1   2   2         0         0 1094.2   4.1    42   582   131   695    94   697 0.94 -
tig00000005:255335-256996 -            554 3050at4891           -            585   3.4e-15   52.7   1.0   1   2   2.2e-12     2e-09   33.6   0.1    59   186     6   133     2   144 0.90 -
tig00000005:255335-256996 -            554 3050at4891           -            585   3.4e-15   52.7   1.0   2   2   8.8e-07    0.0008   15.1   0.1   285   443   218   394   205   442 0.66 -
tig00000078:191641-194319 -            893 3050at4891           -            585   1.4e-08   30.8   0.7   1   3   5.3e-10   4.8e-07   25.7   0.0    47   193    35   185    17   190 0.78 -
tig00000078:191641-194319 -            893 3050at4891           -            585   1.4e-08   30.8   0.7   2   3    0.0062       5.6    2.4   0.0   264   296   428   460   416   464 0.88 -
tig00000078:191641-194319 -            893 3050at4891           -            585   1.4e-08   30.8   0.7   3   3      0.28   2.5e+02   -3.1   0.1   481   536   749   801   721   813 0.53 -
#
# Program:         hmmsearch
# Version:         3.1b2 (February 2015)
# Pipeline mode:   SEARCH
# Query file:      /home/inf-38-2022/BINP29/longread/2/busco_downloads/lineages/saccharomycetes_odb10/hmms/3050at4891.hmm
# Target file:     /home/inf-38-2022/BINP29/longread/2/Results/04_Busco/canu/run_saccharomycetes_odb10/metaeuk_output/initial_results/asm.contigs.fasta.modified.fas
# Option settings: hmmsearch --domtblout /home/inf-38-2022/BINP29/longread/2/Results/04_Busco/canu/run_saccharomycetes_odb10/hmmer_output/initial_run_results/3050at4891.out --cpu 1 /home/inf-38-2022/BINP29/longread/2/busco_downloads/lineages/saccharomycetes_odb10/hmms/3050at4891.hmm /home/inf-38-2022/BINP29/longread/2/Results/04_Busco/canu/run_saccharomycetes_odb10/metaeuk_output/initial_results/asm.contigs.fasta.modified.fas 
# Current dir:     /home/inf-38-2022/BINP29/longread/2
# Date:            Thu Feb 23 14:07:29 2023
# [ok]
