#                                                                                 --- full sequence --- -------------- this domain -------------   hmm coord   ali coord   env coord
# target name             accession   tlen query name           accession   qlen   E-value  score  bias   #  of  c-Evalue  i-Evalue  score  bias  from    to  from    to  from    to  acc description of target
#     ------------------- ---------- ----- -------------------- ---------- ----- --------- ------ ----- --- --- --------- --------- ------ ----- ----- ----- ----- ----- ----- ----- ---- ---------------------
tig00000012:736114-737949 -            612 30558at4891          -            451  3.2e-113  376.2  44.6   1   3   2.5e-90   3.4e-87  290.4  18.0     3   293     3   331     1   349 0.85 -
tig00000012:736114-737949 -            612 30558at4891          -            451  3.2e-113  376.2  44.6   2   3     4e-24   5.5e-21   72.2  15.4   276   440   354   543   329   549 0.74 -
tig00000012:736114-737949 -            612 30558at4891          -            451  3.2e-113  376.2  44.6   3   3     7e-09   9.5e-06   21.9   0.2   406   446   547   597   533   601 0.78 -
tig00000034:362348-364402 -            685 30558at4891          -            451   2.8e-07   27.0  31.2   1   5   2.4e-06    0.0032   13.6   0.1    29    96    40   107    16   108 0.85 -
tig00000034:362348-364402 -            685 30558at4891          -            451   2.8e-07   27.0  31.2   2   5   1.4e-08   1.9e-05   21.0   1.0    55   150   100   191    96   197 0.85 -
tig00000034:362348-364402 -            685 30558at4891          -            451   2.8e-07   27.0  31.2   3   5   0.00099       1.4    5.0   3.7    22   117   166   264   157   268 0.85 -
tig00000034:362348-364402 -            685 30558at4891          -            451   2.8e-07   27.0  31.2   4   5      0.14   1.9e+02   -2.1   2.8   247   247   367   367   298   420 0.53 -
tig00000034:362348-364402 -            685 30558at4891          -            451   2.8e-07   27.0  31.2   5   5   1.5e-06    0.0021   14.2   2.8    57   179   440   564   436   584 0.79 -
#
# Program:         hmmsearch
# Version:         3.1b2 (February 2015)
# Pipeline mode:   SEARCH
# Query file:      /home/inf-38-2022/BINP29/longread/2/busco_downloads/lineages/saccharomycetes_odb10/hmms/30558at4891.hmm
# Target file:     /home/inf-38-2022/BINP29/longread/2/Results/04_Busco/canu/run_saccharomycetes_odb10/metaeuk_output/initial_results/asm.contigs.fasta.modified.fas
# Option settings: hmmsearch --domtblout /home/inf-38-2022/BINP29/longread/2/Results/04_Busco/canu/run_saccharomycetes_odb10/hmmer_output/initial_run_results/30558at4891.out --cpu 1 /home/inf-38-2022/BINP29/longread/2/busco_downloads/lineages/saccharomycetes_odb10/hmms/30558at4891.hmm /home/inf-38-2022/BINP29/longread/2/Results/04_Busco/canu/run_saccharomycetes_odb10/metaeuk_output/initial_results/asm.contigs.fasta.modified.fas 
# Current dir:     /home/inf-38-2022/BINP29/longread/2
# Date:            Thu Feb 23 14:07:30 2023
# [ok]
