#                                                                                   --- full sequence --- -------------- this domain -------------   hmm coord   ali coord   env coord
# target name               accession   tlen query name           accession   qlen   E-value  score  bias   #  of  c-Evalue  i-Evalue  score  bias  from    to  from    to  from    to  acc description of target
#       ------------------- ---------- ----- -------------------- ---------- ----- --------- ------ ----- --- --- --------- --------- ------ ----- ----- ----- ----- ----- ----- ----- ---- ---------------------
tig00000005:423147-424073   -            309 31279at4891          -            214   1.8e-72  240.4   7.8   1   3   4.6e-54   3.4e-52  174.2   3.0     2   152     3   189     2   200 0.79 -
tig00000005:423147-424073   -            309 31279at4891          -            214   1.8e-72  240.4   7.8   2   3   1.5e-11   1.1e-09   35.3   0.0   140   184   197   241   191   264 0.86 -
tig00000005:423147-424073   -            309 31279at4891          -            214   1.8e-72  240.4   7.8   3   3   6.9e-10   5.1e-08   29.8   0.0   181   213   268   300   261   301 0.93 -
tig00000010:592476-593453   -            326 31279at4891          -            214   4.8e-36  121.4   4.5   1   3   1.6e-21   1.2e-19   67.8   0.5     2   119    18   159    17   170 0.79 -
tig00000010:592476-593453   -            326 31279at4891          -            214   4.8e-36  121.4   4.5   2   3   5.5e-10   4.1e-08   30.1   0.0    45   111   185   262   175   267 0.78 -
tig00000010:592476-593453   -            326 31279at4891          -            214   4.8e-36  121.4   4.5   3   3   4.9e-07   3.6e-05   20.5   0.0   180   213   284   317   273   318 0.91 -
tig00000031:462907-463902   -            332 31279at4891          -            214   2.3e-30  102.8   1.7   1   4   5.2e-19   3.9e-17   59.6   0.0     9   117    11   142     8   164 0.79 -
tig00000031:462907-463902   -            332 31279at4891          -            214   2.3e-30  102.8   1.7   2   4      0.24        18    1.9   0.0    50    81   177   208   174   211 0.81 -
tig00000031:462907-463902   -            332 31279at4891          -            214   2.3e-30  102.8   1.7   3   4   2.4e-06   0.00018   18.2   0.0    82   112   239   269   232   285 0.70 -
tig00000031:462907-463902   -            332 31279at4891          -            214   2.3e-30  102.8   1.7   4   4   1.1e-05   0.00085   16.0   0.1   174   213   285   324   268   325 0.90 -
tig00000007:753720-754631   -            304 31279at4891          -            214   2.2e-27   93.1   2.1   1   4   5.4e-07     4e-05   20.3   0.0    84   113    13    42     5    62 0.77 -
tig00000007:753720-754631   -            304 31279at4891          -            214   2.2e-27   93.1   2.1   2   4    0.0025      0.19    8.3   0.0   179   210    66    97    48   103 0.86 -
tig00000007:753720-754631   -            304 31279at4891          -            214   2.2e-27   93.1   2.1   3   4   3.4e-15   2.5e-13   47.2   0.2     4   112   115   240   112   252 0.83 -
tig00000007:753720-754631   -            304 31279at4891          -            214   2.2e-27   93.1   2.1   4   4   6.1e-05    0.0045   13.6   0.0   179   212   259   292   256   294 0.92 -
tig00000023:145899-146789   -            297 31279at4891          -            214   2.7e-27   92.8   8.1   1   4   2.4e-07   1.8e-05   21.5   0.0     9   129     8    52     2    57 0.54 -
tig00000023:145899-146789   -            297 31279at4891          -            214   2.7e-27   92.8   8.1   2   4   7.9e-05    0.0059   13.3   0.0   180   213    57    90    54    91 0.93 -
tig00000023:145899-146789   -            297 31279at4891          -            214   2.7e-27   92.8   8.1   3   4   2.6e-09   1.9e-07   27.9   0.2    36   114   150   242   144   252 0.70 -
tig00000023:145899-146789   -            297 31279at4891          -            214   2.7e-27   92.8   8.1   4   4   2.3e-07   1.7e-05   21.6   0.0   178   214   256   292   246   292 0.92 -
tig00000061:135895-136854   -            320 31279at4891          -            214     5e-27   91.9   8.4   1   5   1.9e-09   1.4e-07   28.4   0.1     6    89     8   107     3   111 0.77 -
tig00000061:135895-136854   -            320 31279at4891          -            214     5e-27   91.9   8.4   2   5   0.00035     0.026   11.1   0.1     9    39   111   142   107   150 0.83 -
tig00000061:135895-136854   -            320 31279at4891          -            214     5e-27   91.9   8.4   3   5     3e-05    0.0022   14.6   0.2    35    86   156   207   151   211 0.89 -
tig00000061:135895-136854   -            320 31279at4891          -            214     5e-27   91.9   8.4   4   5   2.2e-05    0.0016   15.1   0.0    12    50   218   256   210   260 0.90 -
tig00000061:135895-136854   -            320 31279at4891          -            214     5e-27   91.9   8.4   5   5   1.8e-06   0.00013   18.6   0.0   181   214   264   297   254   297 0.93 -
tig00000083:101376-102380   -            335 31279at4891          -            214   1.9e-26   90.1   2.8   1   3   1.8e-11   1.3e-09   35.0   0.2     5   115    43   176    40   191 0.76 -
tig00000083:101376-102380   -            335 31279at4891          -            214   1.9e-26   90.1   2.8   2   3   6.9e-09   5.1e-07   26.5   0.1    38   113   190   276   183   285 0.74 -
tig00000083:101376-102380   -            335 31279at4891          -            214   1.9e-26   90.1   2.8   3   3   1.4e-07     1e-05   22.3   0.0   178   214   291   327   280   327 0.81 -
tig00000061:591537-592427   -            297 31279at4891          -            214   4.1e-26   88.9   3.0   1   3   4.1e-09     3e-07   27.3   0.1    73   155    16   112    11   119 0.71 -
tig00000061:591537-592427   -            297 31279at4891          -            214   4.1e-26   88.9   3.0   2   3     1e-13   7.4e-12   42.3   0.6    10   111   126   240   124   248 0.83 -
tig00000061:591537-592427   -            297 31279at4891          -            214   4.1e-26   88.9   3.0   3   3   8.1e-05     0.006   13.2   0.0   170   213   254   297   243   297 0.89 -
tig00000010:307951-308847   -            299 31279at4891          -            214   1.6e-24   83.7   1.3   1   4   1.6e-06   0.00012   18.8   0.0    11    39     5    33     1    37 0.48 -
tig00000010:307951-308847   -            299 31279at4891          -            214   1.6e-24   83.7   1.3   2   4   0.00028     0.021   11.5   0.0   177   209    56    88    34    93 0.81 -
tig00000010:307951-308847   -            299 31279at4891          -            214   1.6e-24   83.7   1.3   3   4   8.6e-13   6.3e-11   39.3   0.0     5   112   110   234   107   243 0.81 -
tig00000010:307951-308847   -            299 31279at4891          -            214   1.6e-24   83.7   1.3   4   4   0.00078     0.057   10.0   0.0   180   212   251   283   247   285 0.89 -
tig00000018:472505-474121   -            539 31279at4891          -            214   2.1e-24   83.3   5.0   1   4   1.4e-05    0.0011   15.7   0.1    10    33   225   248   223   262 0.88 -
tig00000018:472505-474121   -            539 31279at4891          -            214   2.1e-24   83.3   5.0   2   4   3.4e-08   2.5e-06   24.3   0.1    28   111   274   370   257   379 0.78 -
tig00000018:472505-474121   -            539 31279at4891          -            214   2.1e-24   83.3   5.0   3   4   8.6e-12   6.3e-10   36.0   0.4     9   126   344   492   339   499 0.75 -
tig00000018:472505-474121   -            539 31279at4891          -            214   2.1e-24   83.3   5.0   4   4   0.00018     0.013   12.1   0.0   182   213   499   530   492   531 0.93 -
tig00000014:596611-597741   -            377 31279at4891          -            214   3.8e-24   82.5   5.2   1   5   1.4e-07     1e-05   22.3   0.1     8    71    54   117    49   123 0.89 -
tig00000014:596611-597741   -            377 31279at4891          -            214   3.8e-24   82.5   5.2   2   5   0.00051     0.037   10.6   0.0   181   212   126   157   119   159 0.93 -
tig00000014:596611-597741   -            377 31279at4891          -            214   3.8e-24   82.5   5.2   3   5   1.1e-05   0.00079   16.1   0.2     8    84   177   267   169   284 0.78 -
tig00000014:596611-597741   -            377 31279at4891          -            214   3.8e-24   82.5   5.2   4   5    0.0005     0.037   10.7   0.0    90   123   296   329   277   336 0.72 -
tig00000014:596611-597741   -            377 31279at4891          -            214   3.8e-24   82.5   5.2   5   5   2.2e-06   0.00016   18.4   0.0   177   213   334   370   330   371 0.92 -
tig00000022:540007-540813   -            269 31279at4891          -            214   5.8e-24   81.9   2.4   1   3    0.0074      0.54    6.8   0.1   181   213    45    77    37    78 0.85 -
tig00000022:540007-540813   -            269 31279at4891          -            214   5.8e-24   81.9   2.4   2   3   2.4e-14   1.8e-12   44.4   0.2     9   114    97   215    88   225 0.83 -
tig00000022:540007-540813   -            269 31279at4891          -            214   5.8e-24   81.9   2.4   3   3   5.1e-05    0.0038   13.9   0.0   173   213   229   269   217   269 0.90 -
tig00000010:610066-612768   -            901 31279at4891          -            214   1.2e-23   80.9   1.1   1   5   1.8e-06   0.00014   18.6   0.0    79   115   527   563   517   576 0.85 -
tig00000010:610066-612768   -            901 31279at4891          -            214   1.2e-23   80.9   1.1   2   5    0.0018      0.13    8.9   0.0   181   211   577   607   571   610 0.91 -
tig00000010:610066-612768   -            901 31279at4891          -            214   1.2e-23   80.9   1.1   3   5     1e-12   7.5e-11   39.1   0.1    10   113   628   758   626   771 0.77 -
tig00000010:610066-612768   -            901 31279at4891          -            214   1.2e-23   80.9   1.1   4   5   1.5e-06   0.00011   18.9   0.0    10    54   731   788   725   789 0.64 -
tig00000010:610066-612768   -            901 31279at4891          -            214   1.2e-23   80.9   1.1   5   5     0.023       1.7    5.2   0.0   178   213   773   808   767   809 0.88 -
tig00000005:90574-91626     -            351 31279at4891          -            214   2.1e-22   76.8   3.4   1   5   0.00097     0.071    9.7   0.0    12    39    10    36     3    47 0.74 -
tig00000005:90574-91626     -            351 31279at4891          -            214   2.1e-22   76.8   3.4   2   5   0.00039     0.029   11.0   0.1   181   214   103   136    96   136 0.91 -
tig00000005:90574-91626     -            351 31279at4891          -            214   2.1e-22   76.8   3.4   3   5     0.027         2    5.0   0.0   187   213   210   236   184   237 0.82 -
tig00000005:90574-91626     -            351 31279at4891          -            214   2.1e-22   76.8   3.4   4   5   2.6e-06   0.00019   18.1   0.0    80   111   257   288   246   302 0.66 -
tig00000005:90574-91626     -            351 31279at4891          -            214   2.1e-22   76.8   3.4   5   5   1.6e-06   0.00012   18.8   0.0   176   213   308   345   304   346 0.93 -
tig00000083:348338-349252   -            305 31279at4891          -            214     2e-21   73.6   4.1   1   5   5.4e-06    0.0004   17.1   0.1    10    40     7    37     3    50 0.85 -
tig00000083:348338-349252   -            305 31279at4891          -            214     2e-21   73.6   4.1   2   5       3.4   2.5e+02   -1.9   0.0   187   209    64    86    37    91 0.75 -
tig00000083:348338-349252   -            305 31279at4891          -            214     2e-21   73.6   4.1   3   5   0.00037     0.027   11.1   0.1    80   116   117   153   111   165 0.79 -
tig00000083:348338-349252   -            305 31279at4891          -            214     2e-21   73.6   4.1   4   5   4.3e-07   3.2e-05   20.7   0.0    39   112   165   250   160   260 0.76 -
tig00000083:348338-349252   -            305 31279at4891          -            214     2e-21   73.6   4.1   5   5   2.2e-07   1.6e-05   21.6   0.0   178   213   264   299   256   300 0.94 -
tig00000018:626123-626935   -            271 31279at4891          -            214   8.5e-21   71.6   0.5   1   2   3.5e-10   2.6e-08   30.8   0.0   154   214     7    70     1    70 0.90 -
tig00000018:626123-626935   -            271 31279at4891          -            214   8.5e-21   71.6   0.5   2   2   2.2e-12   1.6e-10   38.0   0.2     8   151    95   268    88   271 0.75 -
tig00000012:554481-555293   -            271 31279at4891          -            214     4e-20   69.4   2.6   1   4     0.002      0.15    8.7   0.0    11    54     2    43     1    47 0.88 -
tig00000012:554481-555293   -            271 31279at4891          -            214     4e-20   69.4   2.6   2   4   8.2e-08     6e-06   23.0   0.0    37   127    46   147    44   152 0.77 -
tig00000012:554481-555293   -            271 31279at4891          -            214     4e-20   69.4   2.6   3   4   3.9e-10   2.9e-08   30.6   0.2    36   115   149   235   142   240 0.85 -
tig00000012:554481-555293   -            271 31279at4891          -            214     4e-20   69.4   2.6   4   4    0.0087      0.64    6.6   0.0    22    54   230   262   229   268 0.85 -
tig00000014:406810-407661   -            284 31279at4891          -            214     8e-20   68.4   5.3   1   2   1.1e-14   8.3e-13   45.4   4.0     8   181     8   241     2   251 0.68 -
tig00000014:406810-407661   -            284 31279at4891          -            214     8e-20   68.4   5.3   2   2     0.025       1.8    5.1   0.0    31    55   247   271   243   283 0.70 -
tig00000007:514201-515181   -            327 31279at4891          -            214   1.1e-19   67.9   0.7   1   4     2e-05    0.0015   15.2   0.0    81   114    34    67    28    92 0.65 -
tig00000007:514201-515181   -            327 31279at4891          -            214   1.1e-19   67.9   0.7   2   4    0.0067       0.5    7.0   0.0   182   213    90   121    75   122 0.85 -
tig00000007:514201-515181   -            327 31279at4891          -            214   1.1e-19   67.9   0.7   3   4     1e-06   7.4e-05   19.5   0.0    11    82   146   224   138   229 0.83 -
tig00000007:514201-515181   -            327 31279at4891          -            214   1.1e-19   67.9   0.7   4   4   6.1e-06   0.00045   16.9   0.0   155   208   244   311   241   317 0.56 -
tig00000014:778503-779330   -            276 31279at4891          -            214   1.3e-19   67.7   0.7   1   4   3.9e-05    0.0029   14.3   0.0    88   151     2    79     1    88 0.64 -
tig00000014:778503-779330   -            276 31279at4891          -            214   1.3e-19   67.7   0.7   2   4    0.0078      0.57    6.8   0.0    80   123    90   134    35   142 0.64 -
tig00000014:778503-779330   -            276 31279at4891          -            214   1.3e-19   67.7   0.7   3   4    0.0029      0.21    8.2   0.0   177   213   142   178   137   179 0.86 -
tig00000014:778503-779330   -            276 31279at4891          -            214   1.3e-19   67.7   0.7   4   4   3.6e-11   2.6e-09   34.0   0.0     8    73   200   275   196   276 0.89 -
tig00000014:164414-165289   -            292 31279at4891          -            214   1.4e-19   67.6   4.6   1   3   1.9e-09   1.4e-07   28.3   0.4    10   119    10   147     2   158 0.71 -
tig00000014:164414-165289   -            292 31279at4891          -            214   1.4e-19   67.6   4.6   2   3   6.8e-10     5e-08   29.8   0.1    37   114   158   242   152   250 0.85 -
tig00000014:164414-165289   -            292 31279at4891          -            214   1.4e-19   67.6   4.6   3   3     0.036       2.7    4.6   0.0    31    69   247   284   237   292 0.63 -
tig00000007:570836-571675   -            280 31279at4891          -            214   1.8e-19   67.2   2.4   1   3   0.00014     0.011   12.4   0.0    10    40    99   129    85   138 0.83 -
tig00000007:570836-571675   -            280 31279at4891          -            214   1.8e-19   67.2   2.4   2   3   0.00015     0.011   12.4   0.0    36    86   141   191   134   192 0.83 -
tig00000007:570836-571675   -            280 31279at4891          -            214   1.8e-19   67.2   2.4   3   3   3.3e-06   0.00024   17.8   0.0   155   213   206   275   199   276 0.79 -
tig00000038:27920-28807     -            296 31279at4891          -            214   3.1e-19   66.4   9.6   1   3   7.7e-06   0.00057   16.6   0.1    84   148     5    73     2    81 0.74 -
tig00000038:27920-28807     -            296 31279at4891          -            214   3.1e-19   66.4   9.6   2   3    0.0054       0.4    7.3   0.0    80   113    92   125    86   138 0.83 -
tig00000038:27920-28807     -            296 31279at4891          -            214   3.1e-19   66.4   9.6   3   3   4.7e-14   3.5e-12   43.4   4.4    29   151   156   295   142   296 0.80 -
tig00000022:224777-225742   -            322 31279at4891          -            214   4.6e-18   62.6   7.5   1   5   3.6e-07   2.7e-05   20.9   0.9     9    81    23   111    15   115 0.69 -
tig00000022:224777-225742   -            322 31279at4891          -            214   4.6e-18   62.6   7.5   2   5   0.00021     0.016   11.9   0.1     6    56   126   177   121   179 0.80 -
tig00000022:224777-225742   -            322 31279at4891          -            214   4.6e-18   62.6   7.5   3   5   0.00024     0.018   11.7   0.0   180   213   178   211   176   212 0.93 -
tig00000022:224777-225742   -            322 31279at4891          -            214   4.6e-18   62.6   7.5   4   5     0.052       3.8    4.1   0.0    86   117   231   262   218   271 0.74 -
tig00000022:224777-225742   -            322 31279at4891          -            214   4.6e-18   62.6   7.5   5   5   0.00059     0.043   10.4   0.0   182   213   274   305   266   306 0.86 -
tig00000008:7164-7976       -            271 31279at4891          -            214   1.9e-17   60.7   2.6   1   2   1.3e-10   9.9e-09   32.1   0.3    10   116     5   129     1   138 0.78 -
tig00000008:7164-7976       -            271 31279at4891          -            214   1.9e-17   60.7   2.6   2   2   3.3e-10   2.5e-08   30.8   0.8    10   135    99   259    85   271 0.73 -
tig00000014:438743-439600   -            286 31279at4891          -            214   3.1e-17   59.9   1.0   1   4   1.7e-08   1.2e-06   25.3   0.0    12    83     1    80     1    90 0.85 -
tig00000014:438743-439600   -            286 31279at4891          -            214   3.1e-17   59.9   1.0   2   4     0.002      0.15    8.7   0.0    11    39   108   136   104   145 0.81 -
tig00000014:438743-439600   -            286 31279at4891          -            214   3.1e-17   59.9   1.0   3   4    0.0029      0.22    8.1   0.0    83   108   201   226   141   243 0.87 -
tig00000014:438743-439600   -            286 31279at4891          -            214   3.1e-17   59.9   1.0   4   4   7.6e-05    0.0056   13.3   0.0   179   213   247   281   239   282 0.89 -
tig00000059:2725-3303       -            193 31279at4891          -            214   6.1e-17   59.0   1.2   1   2   3.5e-09   2.6e-07   27.5   0.1    36   119     5    98     4   109 0.77 -
tig00000059:2725-3303       -            193 31279at4891          -            214   6.1e-17   59.0   1.2   2   2   6.5e-10   4.8e-08   29.9   0.1    37   112   109   191   104   193 0.85 -
tig00000078:248529-249323   -            265 31279at4891          -            214   1.8e-16   57.4   0.6   1   2   1.2e-09   8.8e-08   29.0   0.0    13    81     1    78     1    96 0.86 -
tig00000078:248529-249323   -            265 31279at4891          -            214   1.8e-16   57.4   0.6   2   2   3.3e-08   2.4e-06   24.3   0.2    37   135   133   249    90   265 0.74 -
tig00000012:342003-343094   -            364 31279at4891          -            214   2.1e-16   57.2   3.6   1   4   6.8e-07     5e-05   20.0   0.3    10   112    54   175    50   189 0.73 -
tig00000012:342003-343094   -            364 31279at4891          -            214   2.1e-16   57.2   3.6   2   4   0.00011    0.0081   12.8   0.0   173   213   192   232   185   233 0.93 -
tig00000012:342003-343094   -            364 31279at4891          -            214   2.1e-16   57.2   3.6   3   4   2.5e-05    0.0018   14.9   0.0    10    37   257   284   250   293 0.73 -
tig00000012:342003-343094   -            364 31279at4891          -            214   2.1e-16   57.2   3.6   4   4     0.019       1.4    5.5   0.1   178   213   317   352   311   353 0.89 -
tig00000023:259865-260719   -            285 31279at4891          -            214   3.9e-16   56.3   2.9   1   2   3.6e-06   0.00026   17.7   0.0    10    82    12    93     5    97 0.83 -
tig00000023:259865-260719   -            285 31279at4891          -            214   3.9e-16   56.3   2.9   2   2   9.7e-12   7.2e-10   35.9   1.0     4   151    97   281    94   284 0.67 -
tig00000001:247358-248257   -            300 31279at4891          -            214   7.8e-16   55.3   1.2   1   3   2.5e-06   0.00019   18.2   0.0     9   140     6   138     2   150 0.62 -
tig00000001:247358-248257   -            300 31279at4891          -            214   7.8e-16   55.3   1.2   2   3   0.00067     0.049   10.2   0.0   173   213   147   187   139   188 0.88 -
tig00000001:247358-248257   -            300 31279at4891          -            214   7.8e-16   55.3   1.2   3   3   4.7e-07   3.5e-05   20.5   0.2   144   213   210   293   202   294 0.75 -
tig00000061:168432-169340   -            303 31279at4891          -            214   1.9e-14   50.8   1.8   1   3   9.1e-08   6.7e-06   22.9   0.1    10    81    13    94     7   150 0.74 -
tig00000061:168432-169340   -            303 31279at4891          -            214   1.9e-14   50.8   1.8   2   3   0.00031     0.023   11.3   0.0   181   213   152   184   114   185 0.95 -
tig00000061:168432-169340   -            303 31279at4891          -            214   1.9e-14   50.8   1.8   3   3   3.9e-05    0.0029   14.3   0.1    77   153   201   289   193   295 0.76 -
tig00000001:104336-105235   -            300 31279at4891          -            214     6e-14   49.2   0.5   1   4     0.013      0.98    6.0   0.0    86   118    14    46     3    56 0.71 -
tig00000001:104336-105235   -            300 31279at4891          -            214     6e-14   49.2   0.5   2   4   7.2e-10   5.3e-08   29.7   0.0     9   112   122   240   115   246 0.72 -
tig00000001:104336-105235   -            300 31279at4891          -            214     6e-14   49.2   0.5   3   4   2.7e-07     2e-05   21.3   0.0     8    57   215   271   213   275 0.83 -
tig00000001:104336-105235   -            300 31279at4891          -            214     6e-14   49.2   0.5   4   4    0.0014       0.1    9.2   0.0    38   201   252   276   249   287 0.56 -
tig00000010:683253-684068   -            272 31279at4891          -            214   3.3e-13   46.8   0.2   1   3   1.2e-05   0.00087   16.0   0.0    12    75     1    72     1    89 0.66 -
tig00000010:683253-684068   -            272 31279at4891          -            214   3.3e-13   46.8   0.2   2   3    0.0041       0.3    7.7   0.0    12    38    96   122    91   134 0.86 -
tig00000010:683253-684068   -            272 31279at4891          -            214   3.3e-13   46.8   0.2   3   3   1.1e-05   0.00081   16.1   0.0    82   148   189   270   167   271 0.76 -
tig00000010:800760-801431   -            224 31279at4891          -            214   4.5e-11   39.8   5.9   1   3    0.0031      0.23    8.1   0.1   181   213     2    34     1    35 0.91 -
tig00000010:800760-801431   -            224 31279at4891          -            214   4.5e-11   39.8   5.9   2   3   1.3e-07   9.2e-06   22.4   0.6    10   117    66   195    64   202 0.74 -
tig00000010:800760-801431   -            224 31279at4891          -            214   4.5e-11   39.8   5.9   3   3    0.0042      0.31    7.6   0.0    41    57   204   220   194   223 0.84 -
tig00000001:1380292-1381776 -            495 31279at4891          -            214   6.5e-07   26.2   0.1   1   3    0.0097      0.72    6.4   0.0    36    57   225   246   214   271 0.86 -
tig00000001:1380292-1381776 -            495 31279at4891          -            214   6.5e-07   26.2   0.1   2   3   1.9e-05    0.0014   15.3   0.0    83   124   286   328   273   335 0.86 -
tig00000001:1380292-1381776 -            495 31279at4891          -            214   6.5e-07   26.2   0.1   3   3       1.2        87   -0.4   0.0   131   182   373   424   359   443 0.76 -
tig00000012:183585-184508   -            308 31279at4891          -            214   0.00015   18.5   3.7   1   4    0.0034      0.25    7.9   0.0    82   133    13    71     3    93 0.71 -
tig00000012:183585-184508   -            308 31279at4891          -            214   0.00015   18.5   3.7   2   4      0.12       8.9    2.9   0.6    37    54   151   168    87   174 0.88 -
tig00000012:183585-184508   -            308 31279at4891          -            214   0.00015   18.5   3.7   3   4     0.057       4.2    3.9   0.1    37    56   151   170   147   198 0.77 -
tig00000012:183585-184508   -            308 31279at4891          -            214   0.00015   18.5   3.7   4   4     0.028       2.1    4.9   0.0   173   198   250   275   248   286 0.81 -
#
# Program:         hmmsearch
# Version:         3.1b2 (February 2015)
# Pipeline mode:   SEARCH
# Query file:      /home/inf-38-2022/BINP29/longread/2/busco_downloads/lineages/saccharomycetes_odb10/hmms/31279at4891.hmm
# Target file:     /home/inf-38-2022/BINP29/longread/2/Results/04_Busco/canu/run_saccharomycetes_odb10/metaeuk_output/initial_results/asm.contigs.fasta.modified.fas
# Option settings: hmmsearch --domtblout /home/inf-38-2022/BINP29/longread/2/Results/04_Busco/canu/run_saccharomycetes_odb10/hmmer_output/initial_run_results/31279at4891.out --cpu 1 /home/inf-38-2022/BINP29/longread/2/busco_downloads/lineages/saccharomycetes_odb10/hmms/31279at4891.hmm /home/inf-38-2022/BINP29/longread/2/Results/04_Busco/canu/run_saccharomycetes_odb10/metaeuk_output/initial_results/asm.contigs.fasta.modified.fas 
# Current dir:     /home/inf-38-2022/BINP29/longread/2
# Date:            Thu Feb 23 14:07:33 2023
# [ok]
