#                                                                                 --- full sequence --- -------------- this domain -------------   hmm coord   ali coord   env coord
# target name             accession   tlen query name           accession   qlen   E-value  score  bias   #  of  c-Evalue  i-Evalue  score  bias  from    to  from    to  from    to  acc description of target
#     ------------------- ---------- ----- -------------------- ---------- ----- --------- ------ ----- --- --- --------- --------- ------ ----- ----- ----- ----- ----- ----- ----- ---- ---------------------
tig00000001:797594-798238 -            215 31320at4891          -            169   2.7e-82  271.9   1.8   1   2   1.1e-05    0.0023   15.1   0.1     1    27     1    27     1    29 0.92 -
tig00000001:797594-798238 -            215 31320at4891          -            169   2.7e-82  271.9   1.8   2   2   5.9e-78   1.2e-75  250.2   0.3    11   161    24   197    22   214 0.88 -
tig00000001:556504-556902 -            133 31320at4891          -            169   3.8e-45  151.0   0.9   1   1   2.2e-47   4.5e-45  150.7   0.9    17   135    14   132    11   133 0.97 -
tig00000014:397440-397838 -            133 31320at4891          -            169   8.5e-44  146.6   0.5   1   1   4.9e-46     1e-43  146.3   0.5    17   135    14   132    11   133 0.97 -
tig00000001:617321-617737 -            139 31320at4891          -            169   7.1e-40  133.8   0.1   1   1     4e-42   8.4e-40  133.6   0.1    15   136    18   139    13   139 0.94 -
tig00000007:953784-954191 -            136 31320at4891          -            169   6.1e-32  108.0   0.1   1   1   3.5e-34   7.3e-32  107.8   0.1    14   120    23   128    15   135 0.93 -
tig00000023:133376-133993 -            206 31320at4891          -            169   1.5e-31  106.8   0.1   1   1   9.3e-34     2e-31  106.4   0.1    13   141    21   151     9   158 0.91 -
tig00000005:711918-712412 -            165 31320at4891          -            169   3.7e-30  102.2   1.1   1   1   3.3e-32   6.9e-30  101.3   1.1    17   125    31   139     4   162 0.87 -
tig00000001:338318-338752 -            145 31320at4891          -            169   8.3e-25   84.8   0.2   1   1   4.5e-27   9.6e-25   84.6   0.2    18   134    25   143    15   145 0.88 -
tig00000001:549108-549584 -            159 31320at4891          -            169   3.1e-20   69.9   0.8   1   1     1e-21   2.2e-19   67.2   0.8    25   122    41   149    26   157 0.83 -
tig00000078:331545-331979 -            145 31320at4891          -            169   1.2e-19   68.1   0.0   1   1     7e-22   1.5e-19   67.7   0.0    27   126    41   140    30   144 0.91 -
tig00000012:611979-612464 -            162 31320at4891          -            169   1.4e-17   61.3   4.3   1   1   1.1e-18   2.3e-16   57.3   4.3    18   108    30   132     1   154 0.79 -
tig00000023:360936-361685 -            250 31320at4891          -            169   2.7e-11   40.9   0.1   1   1   2.1e-13   4.3e-11   40.2   0.1    15   124    30   146    25   172 0.73 -
tig00000005:759593-759991 -            133 31320at4891          -            169   3.1e-11   40.7   0.0   1   1   1.8e-13   3.9e-11   40.3   0.0    16   105    29   121    24   131 0.88 -
#
# Program:         hmmsearch
# Version:         3.1b2 (February 2015)
# Pipeline mode:   SEARCH
# Query file:      /home/inf-38-2022/BINP29/longread/2/busco_downloads/lineages/saccharomycetes_odb10/hmms/31320at4891.hmm
# Target file:     /home/inf-38-2022/BINP29/longread/2/Results/04_Busco/canu/run_saccharomycetes_odb10/metaeuk_output/initial_results/asm.contigs.fasta.modified.fas
# Option settings: hmmsearch --domtblout /home/inf-38-2022/BINP29/longread/2/Results/04_Busco/canu/run_saccharomycetes_odb10/hmmer_output/initial_run_results/31320at4891.out --cpu 1 /home/inf-38-2022/BINP29/longread/2/busco_downloads/lineages/saccharomycetes_odb10/hmms/31320at4891.hmm /home/inf-38-2022/BINP29/longread/2/Results/04_Busco/canu/run_saccharomycetes_odb10/metaeuk_output/initial_results/asm.contigs.fasta.modified.fas 
# Current dir:     /home/inf-38-2022/BINP29/longread/2
# Date:            Thu Feb 23 14:07:33 2023
# [ok]
