#                                                                                 --- full sequence --- -------------- this domain -------------   hmm coord   ali coord   env coord
# target name             accession   tlen query name           accession   qlen   E-value  score  bias   #  of  c-Evalue  i-Evalue  score  bias  from    to  from    to  from    to  acc description of target
#     ------------------- ---------- ----- -------------------- ---------- ----- --------- ------ ----- --- --- --------- --------- ------ ----- ----- ----- ----- ----- ----- ----- ---- ---------------------
tig00000014:397440-397838 -            133 31657at4891          -            129   1.3e-76  252.3   2.5   1   1     1e-78   2.1e-76  251.5   2.5    11   129     6   133     3   133 0.94 -
tig00000001:556504-556902 -            133 31657at4891          -            129   1.3e-75  249.0   4.2   1   1   1.3e-77   2.6e-75  248.0   4.2    11   129     6   133     3   133 0.94 -
tig00000001:617321-617737 -            139 31657at4891          -            129   1.1e-38  129.6   0.0   1   1   6.5e-41   1.4e-38  129.3   0.0     7   128     8   138     2   139 0.88 -
tig00000001:797594-798238 -            215 31657at4891          -            129   8.2e-36  120.3   0.0   1   1   5.8e-38   1.2e-35  119.7   0.0    18   127    29   140     3   149 0.86 -
tig00000005:711918-712412 -            165 31657at4891          -            129   1.8e-32  109.5   0.1   1   1     1e-34   2.1e-32  109.3   0.1    11   122    23   135    12   142 0.92 -
tig00000007:953784-954191 -            136 31657at4891          -            129   2.3e-31  105.9   0.1   1   1   1.3e-33   2.7e-31  105.7   0.1     8   125    14   134     8   136 0.90 -
tig00000012:611979-612464 -            162 31657at4891          -            129   2.5e-25   86.4   1.2   1   1   1.4e-26     3e-24   82.9   1.2    12   108    21   132     2   151 0.81 -
tig00000023:133376-133993 -            206 31657at4891          -            129     7e-25   84.9   0.1   1   1   4.4e-27   9.2e-25   84.6   0.1    10   120    16   129     3   146 0.82 -
tig00000001:338318-338752 -            145 31657at4891          -            129   8.5e-24   81.4   0.1   1   1   4.8e-26     1e-23   81.2   0.1    19   125    24   134    13   138 0.85 -
tig00000001:549108-549584 -            159 31657at4891          -            129   1.1e-21   74.7   0.9   1   1   3.6e-23   7.6e-21   71.9   0.9    20   123    33   150    27   156 0.84 -
tig00000078:331545-331979 -            145 31657at4891          -            129   1.3e-20   71.1   0.0   1   1   7.8e-23   1.6e-20   70.8   0.0    28   119    40   132    27   141 0.91 -
tig00000023:360936-361685 -            250 31657at4891          -            129   3.9e-15   53.4   0.1   1   1   2.7e-17   5.7e-15   52.9   0.1    14   106    27   121     8   141 0.87 -
tig00000005:759593-759991 -            133 31657at4891          -            129   5.8e-12   43.2   0.0   1   1   3.3e-14     7e-12   42.9   0.0    12    98    22   114    16   127 0.81 -
#
# Program:         hmmsearch
# Version:         3.1b2 (February 2015)
# Pipeline mode:   SEARCH
# Query file:      /home/inf-38-2022/BINP29/longread/2/busco_downloads/lineages/saccharomycetes_odb10/hmms/31657at4891.hmm
# Target file:     /home/inf-38-2022/BINP29/longread/2/Results/04_Busco/canu/run_saccharomycetes_odb10/metaeuk_output/initial_results/asm.contigs.fasta.modified.fas
# Option settings: hmmsearch --domtblout /home/inf-38-2022/BINP29/longread/2/Results/04_Busco/canu/run_saccharomycetes_odb10/hmmer_output/initial_run_results/31657at4891.out --cpu 1 /home/inf-38-2022/BINP29/longread/2/busco_downloads/lineages/saccharomycetes_odb10/hmms/31657at4891.hmm /home/inf-38-2022/BINP29/longread/2/Results/04_Busco/canu/run_saccharomycetes_odb10/metaeuk_output/initial_results/asm.contigs.fasta.modified.fas 
# Current dir:     /home/inf-38-2022/BINP29/longread/2
# Date:            Thu Feb 23 14:07:34 2023
# [ok]
