#                                                                                 --- full sequence --- -------------- this domain -------------   hmm coord   ali coord   env coord
# target name             accession   tlen query name           accession   qlen   E-value  score  bias   #  of  c-Evalue  i-Evalue  score  bias  from    to  from    to  from    to  acc description of target
#     ------------------- ---------- ----- -------------------- ---------- ----- --------- ------ ----- --- --- --------- --------- ------ ----- ----- ----- ----- ----- ----- ----- ---- ---------------------
tig00000005:711918-712412 -            165 32220at4891          -            143   4.3e-89  293.1   0.1   1   1   2.3e-91   4.8e-89  292.9   0.1     1   143     1   149     1   149 0.97 -
tig00000007:953784-954191 -            136 32220at4891          -            143   4.1e-37  124.6   0.1   1   1     2e-39   4.2e-37  124.6   0.1    17   134    14   135     1   136 0.89 -
tig00000001:556504-556902 -            133 32220at4891          -            143   8.7e-36  120.3   0.1   1   1   4.5e-38   9.5e-36  120.2   0.1    18   133     4   119     1   130 0.94 -
tig00000014:397440-397838 -            133 32220at4891          -            143   1.7e-35  119.3   0.0   1   1     9e-38   1.9e-35  119.2   0.0    18   130     4   116     1   130 0.94 -
tig00000012:611979-612464 -            162 32220at4891          -            143   4.9e-34  114.6   0.0   1   1     2e-35   4.2e-33  111.6   0.0     5   138     2   155     1   160 0.83 -
tig00000001:617321-617737 -            139 32220at4891          -            143   2.3e-31  106.0   0.0   1   1   1.4e-33   2.9e-31  105.7   0.0    19   128    11   121     4   132 0.91 -
tig00000023:133376-133993 -            206 32220at4891          -            143   9.8e-30  100.7   0.1   1   1   5.6e-32   1.2e-29  100.4   0.1     5   141     2   143     1   145 0.92 -
tig00000001:549108-549584 -            159 32220at4891          -            143   1.3e-28   97.0   0.8   1   1   3.9e-30   8.2e-28   94.5   0.8    27   137    31   157     3   159 0.84 -
tig00000001:797594-798238 -            215 32220at4891          -            143     4e-25   85.8   0.0   1   1     3e-27   6.2e-25   85.1   0.0     7   127     5   130     1   141 0.83 -
tig00000001:338318-338752 -            145 32220at4891          -            143   8.7e-25   84.7   0.0   1   1   4.7e-27   9.8e-25   84.5   0.0    17   134     8   135     1   141 0.82 -
tig00000078:331545-331979 -            145 32220at4891          -            143   1.6e-24   83.8   0.0   1   1   7.6e-27   1.6e-24   83.8   0.0    35   129    38   132     1   145 0.87 -
tig00000023:360936-361685 -            250 32220at4891          -            143   9.1e-18   61.9   0.0   1   1     6e-20   1.3e-17   61.5   0.0     3   113     4   118     1   138 0.83 -
tig00000005:759593-759991 -            133 32220at4891          -            143   3.3e-11   40.6   0.0   1   1   1.9e-13     4e-11   40.4   0.0    30   113    34   119    15   128 0.87 -
#
# Program:         hmmsearch
# Version:         3.1b2 (February 2015)
# Pipeline mode:   SEARCH
# Query file:      /home/inf-38-2022/BINP29/longread/2/busco_downloads/lineages/saccharomycetes_odb10/hmms/32220at4891.hmm
# Target file:     /home/inf-38-2022/BINP29/longread/2/Results/04_Busco/canu/run_saccharomycetes_odb10/metaeuk_output/initial_results/asm.contigs.fasta.modified.fas
# Option settings: hmmsearch --domtblout /home/inf-38-2022/BINP29/longread/2/Results/04_Busco/canu/run_saccharomycetes_odb10/hmmer_output/initial_run_results/32220at4891.out --cpu 1 /home/inf-38-2022/BINP29/longread/2/busco_downloads/lineages/saccharomycetes_odb10/hmms/32220at4891.hmm /home/inf-38-2022/BINP29/longread/2/Results/04_Busco/canu/run_saccharomycetes_odb10/metaeuk_output/initial_results/asm.contigs.fasta.modified.fas 
# Current dir:     /home/inf-38-2022/BINP29/longread/2
# Date:            Thu Feb 23 14:07:36 2023
# [ok]
