#                                                                                   --- full sequence --- -------------- this domain -------------   hmm coord   ali coord   env coord
# target name               accession   tlen query name           accession   qlen   E-value  score  bias   #  of  c-Evalue  i-Evalue  score  bias  from    to  from    to  from    to  acc description of target
#       ------------------- ---------- ----- -------------------- ---------- ----- --------- ------ ----- --- --- --------- --------- ------ ----- ----- ----- ----- ----- ----- ----- ---- ---------------------
tig00000010:319587-322274   -            896 3223at4891           -            462  1.2e-102  341.3  37.3   1   7   2.6e-11   2.6e-09   33.5   0.1     4    48    25    72     9    91 0.84 -
tig00000010:319587-322274   -            896 3223at4891           -            462  1.2e-102  341.3  37.3   2   7     0.014       1.3    4.8   0.0    48    90   103   146    95   159 0.79 -
tig00000010:319587-322274   -            896 3223at4891           -            462  1.2e-102  341.3  37.3   3   7   5.8e-47   5.7e-45  151.1   1.8    70   209   235   395   217   401 0.84 -
tig00000010:319587-322274   -            896 3223at4891           -            462  1.2e-102  341.3  37.3   4   7     7e-34   6.9e-32  107.9   1.6   163   326   390   595   389   601 0.73 -
tig00000010:319587-322274   -            896 3223at4891           -            462  1.2e-102  341.3  37.3   5   7   1.1e-11   1.1e-09   34.7   1.9   318   380   608   687   606   691 0.81 -
tig00000010:319587-322274   -            896 3223at4891           -            462  1.2e-102  341.3  37.3   6   7   0.00014     0.014   11.3   0.1   398   437   740   792   705   800 0.67 -
tig00000010:319587-322274   -            896 3223at4891           -            462  1.2e-102  341.3  37.3   7   7   2.3e-06   0.00023   17.2   0.9   432   462   861   895   852   895 0.83 -
tig00000037:74530-75222     -            231 3223at4891           -            462   4.6e-13   45.9   0.1   1   5    0.0035      0.34    6.7   0.0   129   156     2    29     1    31 0.92 -
tig00000037:74530-75222     -            231 3223at4891           -            462   4.6e-13   45.9   0.1   2   5    0.0024      0.23    7.3   0.0   117   158    32    73    30    87 0.93 -
tig00000037:74530-75222     -            231 3223at4891           -            462   4.6e-13   45.9   0.1   3   5       1.3   1.3e+02   -1.8   0.0   292   322    83   115    75   122 0.57 -
tig00000037:74530-75222     -            231 3223at4891           -            462   4.6e-13   45.9   0.1   4   5   2.6e-05    0.0026   13.7   0.1   124   158   130   164   128   167 0.92 -
tig00000037:74530-75222     -            231 3223at4891           -            462   4.6e-13   45.9   0.1   5   5   6.2e-05     0.006   12.5   0.0   124   155   184   215   174   222 0.92 -
tig00000014:605092-607482   -            797 3223at4891           -            462   2.1e-12   43.7   0.0   1   3   2.8e-06   0.00027   17.0   0.0   119   157   519   557   516   560 0.91 -
tig00000014:605092-607482   -            797 3223at4891           -            462   2.1e-12   43.7   0.0   2   3   0.00051      0.05    9.5   0.0   115   158   599   642   580   650 0.89 -
tig00000014:605092-607482   -            797 3223at4891           -            462   2.1e-12   43.7   0.0   3   3   3.2e-05    0.0031   13.4   0.0    92   157   651   726   642   730 0.78 -
tig00000061:551101-551736   -            212 3223at4891           -            462   1.9e-09   34.0   0.0   1   3    0.0067      0.66    5.8   0.0   124   158     1    33     1    38 0.89 -
tig00000061:551101-551736   -            212 3223at4891           -            462   1.9e-09   34.0   0.0   2   3   6.5e-09   6.3e-07   25.6   0.0    71   157    43   136    33   142 0.82 -
tig00000061:551101-551736   -            212 3223at4891           -            462   1.9e-09   34.0   0.0   3   3       1.7   1.7e+02   -2.1   0.0   395   415   162   182   150   187 0.57 -
tig00000022:516138-517016   -            293 3223at4891           -            462   1.1e-07   28.1   0.0   1   3      0.12        11    1.7   0.0   124   161    13    51     6    55 0.79 -
tig00000022:516138-517016   -            293 3223at4891           -            462   1.1e-07   28.1   0.0   2   3   0.00028     0.027   10.4   0.0   118   158    69   107    61   113 0.86 -
tig00000022:516138-517016   -            293 3223at4891           -            462   1.1e-07   28.1   0.0   3   3   7.6e-05    0.0074   12.2   0.0   103   157   151   211   122   214 0.85 -
tig00000012:441659-442144   -            162 3223at4891           -            462   1.3e-07   27.9   0.2   1   3    0.0012      0.12    8.3   0.0   119   161    12    55     3    58 0.84 -
tig00000012:441659-442144   -            162 3223at4891           -            462   1.3e-07   27.9   0.2   2   3   1.8e-05    0.0017   14.3   0.0   118   158    59    99    57   107 0.90 -
tig00000012:441659-442144   -            162 3223at4891           -            462   1.3e-07   27.9   0.2   3   3     0.064       6.2    2.6   0.0   124   157   107   140   100   157 0.83 -
tig00000014:211666-214185   -            840 3223at4891           -            462   4.5e-06   22.8   0.1   1   4         7   6.9e+02   -4.2   0.0   299   320    27    48    21    52 0.58 -
tig00000014:211666-214185   -            840 3223at4891           -            462   4.5e-06   22.8   0.1   2   4   2.1e-06    0.0002   17.4   0.0   124   158    78   112    72   116 0.91 -
tig00000014:211666-214185   -            840 3223at4891           -            462   4.5e-06   22.8   0.1   3   4      0.33        32    0.2   0.0   126   348   138   170   128   184 0.59 -
tig00000014:211666-214185   -            840 3223at4891           -            462   4.5e-06   22.8   0.1   4   4      0.56        55   -0.5   0.0   320   346   359   387   354   396 0.75 -
tig00000001:195246-198842   -           1199 3223at4891           -            462   4.6e-06   22.8   2.1   1   5     0.049       4.8    3.0   0.0   119   159    47    87    42   104 0.83 -
tig00000001:195246-198842   -           1199 3223at4891           -            462   4.6e-06   22.8   2.1   2   5      0.36        35    0.1   0.1   120   157    90   127    86   136 0.89 -
tig00000001:195246-198842   -           1199 3223at4891           -            462   4.6e-06   22.8   2.1   3   5   0.00022     0.021   10.7   0.0   122   161   250   291   246   295 0.87 -
tig00000001:195246-198842   -           1199 3223at4891           -            462   4.6e-06   22.8   2.1   4   5      0.13        13    1.5   0.0   383   436   300   354   295   365 0.82 -
tig00000001:195246-198842   -           1199 3223at4891           -            462   4.6e-06   22.8   2.1   5   5      0.12        11    1.7   0.0   319   410   494   591   463   603 0.71 -
tig00000037:112469-115222   -            918 3223at4891           -            462   5.6e-06   22.5   1.9   1   5      0.13        13    1.5   0.0    30    71    49    90    19   109 0.68 -
tig00000037:112469-115222   -            918 3223at4891           -            462   5.6e-06   22.5   1.9   2   5       0.2        20    0.9   0.1   124   160   145   181   137   219 0.85 -
tig00000037:112469-115222   -            918 3223at4891           -            462   5.6e-06   22.5   1.9   3   5       4.7   4.6e+02   -3.6   0.0    85   118   253   287   238   289 0.65 -
tig00000037:112469-115222   -            918 3223at4891           -            462   5.6e-06   22.5   1.9   4   5      0.12        12    1.7   0.1   301   320   357   376   309   416 0.77 -
tig00000037:112469-115222   -            918 3223at4891           -            462   5.6e-06   22.5   1.9   5   5   1.5e-05    0.0014   14.6   0.3    27   161   368   509   358   512 0.69 -
tig00000010:895817-897205   -            463 3223at4891           -            462   6.9e-06   22.2   2.5   1   3      0.94        92   -1.3   0.0    90   119   172   202   141   242 0.67 -
tig00000010:895817-897205   -            463 3223at4891           -            462   6.9e-06   22.2   2.5   2   3     0.002       0.2    7.5   0.0   124   158   305   339   300   345 0.90 -
tig00000010:895817-897205   -            463 3223at4891           -            462   6.9e-06   22.2   2.5   3   3   5.5e-05    0.0054   12.7   0.2   121   152   432   463   427   463 0.93 -
tig00000005:1021434-1022621 -            396 3223at4891           -            462   7.3e-06   22.1   0.2   1   3       1.6   1.6e+02   -2.0   0.0   300   330    25    55    17    73 0.79 -
tig00000005:1021434-1022621 -            396 3223at4891           -            462   7.3e-06   22.1   0.2   2   3    0.0095      0.93    5.3   0.0    90   118   184   212   164   218 0.89 -
tig00000005:1021434-1022621 -            396 3223at4891           -            462   7.3e-06   22.1   0.2   3   3   2.5e-05    0.0024   13.8   0.0   124   159   290   325   289   348 0.81 -
tig00000001:1183590-1184819 -            410 3223at4891           -            462   2.8e-05   20.2   0.2   1   4     0.094       9.1    2.0   0.0   117   156   109   149   107   154 0.79 -
tig00000001:1183590-1184819 -            410 3223at4891           -            462   2.8e-05   20.2   0.2   2   4    0.0025      0.25    7.2   0.0   118   159   154   195   151   211 0.89 -
tig00000001:1183590-1184819 -            410 3223at4891           -            462   2.8e-05   20.2   0.2   3   4     0.049       4.7    3.0   0.0   117   154   240   277   219   286 0.88 -
tig00000001:1183590-1184819 -            410 3223at4891           -            462   2.8e-05   20.2   0.2   4   4     0.053       5.2    2.8   0.0   130   157   343   370   330   374 0.87 -
tig00000005:195583-197937   -            785 3223at4891           -            462   4.5e-05   19.5   3.2   1   6     0.032       3.1    3.6   0.0   117   155    51    89    47   130 0.92 -
tig00000005:195583-197937   -            785 3223at4891           -            462   4.5e-05   19.5   3.2   2   6    0.0074      0.73    5.7   0.0   116   157   193   238   182   289 0.86 -
tig00000005:195583-197937   -            785 3223at4891           -            462   4.5e-05   19.5   3.2   3   6       2.3   2.3e+02   -2.6   0.0   137   154   450   467   447   479 0.80 -
tig00000005:195583-197937   -            785 3223at4891           -            462   4.5e-05   19.5   3.2   4   6    0.0056      0.55    6.1   0.0   115   161   596   642   566   649 0.81 -
tig00000005:195583-197937   -            785 3223at4891           -            462   4.5e-05   19.5   3.2   5   6      0.92        90   -1.2   0.0   301   320   667   686   636   690 0.72 -
tig00000005:195583-197937   -            785 3223at4891           -            462   4.5e-05   19.5   3.2   6   6      0.53        52   -0.5   0.0    59   102   668   711   663   735 0.55 -
tig00000005:814912-815754   -            281 3223at4891           -            462     5e-05   19.4   0.2   1   2     2e-06    0.0002   17.4   0.1   103   161    75   142    10   145 0.79 -
tig00000005:814912-815754   -            281 3223at4891           -            462     5e-05   19.4   0.2   2   2       1.6   1.6e+02   -2.1   0.0   122   153   145   179   143   183 0.76 -
tig00000037:93821-94819     -            333 3223at4891           -            462   0.00023   17.2   5.2   1   5      0.98        95   -1.3   0.0   128   152     7    31     1    41 0.53 -
tig00000037:93821-94819     -            333 3223at4891           -            462   0.00023   17.2   5.2   2   5       1.5   1.5e+02   -2.0   0.0   298   323    63    88    57   102 0.75 -
tig00000037:93821-94819     -            333 3223at4891           -            462   0.00023   17.2   5.2   3   5     0.014       1.4    4.7   0.0    29   153   120   248   114   253 0.58 -
tig00000037:93821-94819     -            333 3223at4891           -            462   0.00023   17.2   5.2   4   5     0.011       1.1    5.0   0.0   118   158   255   295   252   302 0.91 -
tig00000037:93821-94819     -            333 3223at4891           -            462   0.00023   17.2   5.2   5   5    0.0029      0.28    7.0   0.1   124   152   303   331   296   333 0.94 -
tig00000034:113188-114642   -            485 3223at4891           -            462   0.00032   16.7   2.0   1   5       1.7   1.7e+02   -2.1   0.0   138   156    81    99    66   104 0.58 -
tig00000034:113188-114642   -            485 3223at4891           -            462   0.00032   16.7   2.0   2   5       1.1   1.1e+02   -1.6   0.2   301   352   133   187   130   195 0.67 -
tig00000034:113188-114642   -            485 3223at4891           -            462   0.00032   16.7   2.0   3   5   0.00012     0.012   11.6   0.0   120   158   214   253   206   259 0.87 -
tig00000034:113188-114642   -            485 3223at4891           -            462   0.00032   16.7   2.0   4   5       2.4   2.3e+02   -2.6   0.0   119   149   299   329   297   339 0.83 -
tig00000034:113188-114642   -            485 3223at4891           -            462   0.00032   16.7   2.0   5   5     0.092         9    2.1   0.0   299   320   358   379   343   386 0.68 -
tig00000018:621173-622084   -            304 3223at4891           -            462   0.00033   16.7   3.1   1   3     0.041         4    3.2   0.1   124   155    75   106    67   114 0.72 -
tig00000018:621173-622084   -            304 3223at4891           -            462   0.00033   16.7   3.1   2   3    0.0013      0.13    8.1   0.1   254   324    83   152    77   185 0.69 -
tig00000018:621173-622084   -            304 3223at4891           -            462   0.00033   16.7   3.1   3   3    0.0068      0.66    5.8   0.1   120   157   246   283   202   289 0.88 -
tig00000034:379525-382353   -            943 3223at4891           -            462   0.00036   16.5  11.7   1   6   0.00057     0.056    9.3   0.2   101   156    89   152    78   157 0.81 -
tig00000034:379525-382353   -            943 3223at4891           -            462   0.00036   16.5  11.7   2   6       1.3   1.2e+02   -1.7   0.1    27    41   185   199   170   234 0.63 -
tig00000034:379525-382353   -            943 3223at4891           -            462   0.00036   16.5  11.7   3   6     0.029       2.8    3.7   0.0    23    44   409   430   392   439 0.72 -
tig00000034:379525-382353   -            943 3223at4891           -            462   0.00036   16.5  11.7   4   6    0.0073      0.71    5.7   0.0   124   158   472   506   444   536 0.84 -
tig00000034:379525-382353   -            943 3223at4891           -            462   0.00036   16.5  11.7   5   6      0.64        62   -0.7   0.0   124   153   614   643   605   653 0.76 -
tig00000034:379525-382353   -            943 3223at4891           -            462   0.00036   16.5  11.7   6   6      0.96        94   -1.3   0.0   118   162   650   693   645   694 0.82 -
tig00000005:613155-613865   -            237 3223at4891           -            462   0.00037   16.5   2.9   1   3    0.0037      0.36    6.6   0.1   104   143    10    55     3    63 0.69 -
tig00000005:613155-613865   -            237 3223at4891           -            462   0.00037   16.5   2.9   2   3     0.033       3.2    3.5   0.0   122   151    77   106    72   113 0.87 -
tig00000005:613155-613865   -            237 3223at4891           -            462   0.00037   16.5   2.9   3   3     0.012       1.2    4.9   0.1   118   152   203   237   153   237 0.93 -
tig00000078:494342-496789   -            816 3223at4891           -            462    0.0011   14.9   3.6   1   5     0.053       5.2    2.8   0.2    26   158    83   229    74   240 0.49 -
tig00000078:494342-496789   -            816 3223at4891           -            462    0.0011   14.9   3.6   2   5       5.1     5e+02   -3.7   0.0   126   319   492   521   478   525 0.55 -
tig00000078:494342-496789   -            816 3223at4891           -            462    0.0011   14.9   3.6   3   5    0.0012      0.11    8.3   0.0   116   156   566   606   556   609 0.93 -
tig00000078:494342-496789   -            816 3223at4891           -            462    0.0011   14.9   3.6   4   5      0.27        26    0.5   0.0   118   156   610   648   605   652 0.87 -
tig00000078:494342-496789   -            816 3223at4891           -            462    0.0011   14.9   3.6   5   5       5.6   5.5e+02   -3.8   0.0   402   426   718   743   714   765 0.65 -
tig00000039:157839-159113   -            425 3223at4891           -            462    0.0012   14.8   0.1   1   2      0.31        30    0.3   0.0   123   155    70   102    30   110 0.78 -
tig00000039:157839-159113   -            425 3223at4891           -            462    0.0012   14.8   0.1   2   2    0.0001    0.0099   11.8   0.1    31    82   199   250   180   268 0.83 -
tig00000010:811772-813490   -            573 3223at4891           -            462    0.0015   14.5   0.0   1   3   0.00047     0.046    9.6   0.0   124   155   235   266   231   275 0.92 -
tig00000010:811772-813490   -            573 3223at4891           -            462    0.0015   14.5   0.0   2   3       1.7   1.6e+02   -2.1   0.0   297   320   406   429   401   435 0.79 -
tig00000010:811772-813490   -            573 3223at4891           -            462    0.0015   14.5   0.0   3   3      0.15        14    1.4   0.0   286   319   468   502   461   509 0.83 -
tig00000010:275560-276894   -            445 3223at4891           -            462    0.0016   14.4   3.9   1   4     0.011       1.1    5.1   0.9   267   320   109   165    92   171 0.77 -
tig00000010:275560-276894   -            445 3223at4891           -            462    0.0016   14.4   3.9   2   4    0.0045      0.44    6.4   0.0   120   199   171   253   165   261 0.77 -
tig00000010:275560-276894   -            445 3223at4891           -            462    0.0016   14.4   3.9   3   4      0.41        40   -0.1   0.0   129   157   348   375   344   383 0.80 -
tig00000010:275560-276894   -            445 3223at4891           -            462    0.0016   14.4   3.9   4   4      0.18        17    1.1   0.0   222   280   368   423   364   433 0.79 -
tig00000018:41834-43183     -            450 3223at4891           -            462    0.0018   14.2   0.7   1   2    0.0069      0.67    5.8   0.1   120   153   115   148   107   156 0.89 -
tig00000018:41834-43183     -            450 3223at4891           -            462    0.0018   14.2   0.7   2   2      0.01      0.98    5.2   0.0   124   160   161   197   151   210 0.93 -
tig00000014:436668-438272   -            535 3223at4891           -            462    0.0018   14.2   4.8   1   3   0.00012     0.011   11.6   0.7    91   156   219   292   188   300 0.74 -
tig00000014:436668-438272   -            535 3223at4891           -            462    0.0018   14.2   4.8   2   3      0.12        12    1.7   0.1   289   332   357   405   351   421 0.57 -
tig00000014:436668-438272   -            535 3223at4891           -            462    0.0018   14.2   4.8   3   3      0.27        27    0.5   0.2   293   323   404   434   382   451 0.76 -
tig00000078:139174-141975   -            934 3223at4891           -            462    0.0019   14.2   0.2   1   3     0.043       4.2    3.1   0.0    65   155   173   274   149   281 0.66 -
tig00000078:139174-141975   -            934 3223at4891           -            462    0.0019   14.2   0.2   2   3      0.65        63   -0.7   0.0    81   155   444   527   417   538 0.73 -
tig00000078:139174-141975   -            934 3223at4891           -            462    0.0019   14.2   0.2   3   3    0.0029      0.28    7.0   0.0    86   156   543   611   534   614 0.89 -
tig00000083:182049-182867   -            273 3223at4891           -            462     0.013   11.5   5.2   1   4    0.0022      0.21    7.4   0.0   116   156    17    55    14    58 0.90 -
tig00000083:182049-182867   -            273 3223at4891           -            462     0.013   11.5   5.2   2   4      0.13        13    1.5   0.0   120   157    61    96    56   102 0.81 -
tig00000083:182049-182867   -            273 3223at4891           -            462     0.013   11.5   5.2   3   4      0.55        54   -0.5   0.0    26    53   127   154   112   169 0.72 -
tig00000083:182049-182867   -            273 3223at4891           -            462     0.013   11.5   5.2   4   4      0.23        22    0.8   0.2   284   320   230   265   213   271 0.51 -
tig00000078:89274-91226     -            651 3223at4891           -            462     0.019   10.9   0.0   1   1    0.0003     0.029   10.3   0.0   124   158   181   215   176   217 0.93 -
#
# Program:         hmmsearch
# Version:         3.1b2 (February 2015)
# Pipeline mode:   SEARCH
# Query file:      /home/inf-38-2022/BINP29/longread/2/busco_downloads/lineages/saccharomycetes_odb10/hmms/3223at4891.hmm
# Target file:     /home/inf-38-2022/BINP29/longread/2/Results/04_Busco/canu/run_saccharomycetes_odb10/metaeuk_output/initial_results/asm.contigs.fasta.modified.fas
# Option settings: hmmsearch --domtblout /home/inf-38-2022/BINP29/longread/2/Results/04_Busco/canu/run_saccharomycetes_odb10/hmmer_output/initial_run_results/3223at4891.out --cpu 1 /home/inf-38-2022/BINP29/longread/2/busco_downloads/lineages/saccharomycetes_odb10/hmms/3223at4891.hmm /home/inf-38-2022/BINP29/longread/2/Results/04_Busco/canu/run_saccharomycetes_odb10/metaeuk_output/initial_results/asm.contigs.fasta.modified.fas 
# Current dir:     /home/inf-38-2022/BINP29/longread/2
# Date:            Thu Feb 23 14:07:36 2023
# [ok]
