#                                                                                 --- full sequence --- -------------- this domain -------------   hmm coord   ali coord   env coord
# target name             accession   tlen query name           accession   qlen   E-value  score  bias   #  of  c-Evalue  i-Evalue  score  bias  from    to  from    to  from    to  acc description of target
#     ------------------- ---------- ----- -------------------- ---------- ----- --------- ------ ----- --- --- --------- --------- ------ ----- ----- ----- ----- ----- ----- ----- ---- ---------------------
tig00000001:617321-617737 -            139 33667at4891          -            129     8e-69  226.7   2.1   1   1   1.9e-70     4e-68  224.5   2.1     8   123     1   122     1   138 0.92 -
tig00000001:556504-556902 -            133 33667at4891          -            129   6.9e-35  117.0   1.1   1   1   9.5e-37     2e-34  115.5   1.1    22   129    11   132     3   132 0.85 -
tig00000014:397440-397838 -            133 33667at4891          -            129   4.4e-34  114.4   0.7   1   1   4.7e-36   9.8e-34  113.3   0.7    22   129    11   132     3   132 0.86 -
tig00000007:953784-954191 -            136 33667at4891          -            129   1.3e-30  103.1   0.1   1   1   7.1e-33   1.5e-30  103.0   0.1     7   124     5   129     1   134 0.83 -
tig00000001:797594-798238 -            215 33667at4891          -            129     9e-30  100.5   0.0   1   1   6.8e-32   1.4e-29   99.8   0.0     2   123     4   133     3   141 0.91 -
tig00000005:711918-712412 -            165 33667at4891          -            129   1.5e-26   90.1   0.1   1   1   8.9e-29   1.9e-26   89.7   0.1     3   123     7   132     5   139 0.87 -
tig00000078:331545-331979 -            145 33667at4891          -            129   4.8e-23   78.7   0.1   1   1   2.9e-25   6.1e-23   78.4   0.1    30   120    37   130    20   139 0.89 -
tig00000023:133376-133993 -            206 33667at4891          -            129   1.7e-21   73.7   0.1   1   1     1e-23   2.1e-21   73.4   0.1    22   120    22   126     2   144 0.82 -
tig00000012:611979-612464 -            162 33667at4891          -            129   1.7e-19   67.2   0.4   1   1   8.3e-21   1.7e-18   64.0   0.4     2   115     3   136     2   147 0.82 -
tig00000001:338318-338752 -            145 33667at4891          -            129   2.1e-18   63.7   0.0   1   1   1.1e-20   2.3e-18   63.6   0.0    45   117    48   122    16   133 0.86 -
tig00000001:549108-549584 -            159 33667at4891          -            129   8.5e-17   58.5   0.6   1   1   3.3e-18   6.8e-16   55.6   0.5    37   123    46   147    14   152 0.81 -
tig00000023:360936-361685 -            250 33667at4891          -            129   4.2e-11   40.1   0.0   1   1     3e-13   6.2e-11   39.5   0.0     2   105     7   117     6   136 0.82 -
tig00000005:759593-759991 -            133 33667at4891          -            129     2e-05   21.7   0.0   1   1   1.2e-07   2.4e-05   21.4   0.0    32   108    40   121    23   127 0.81 -
#
# Program:         hmmsearch
# Version:         3.1b2 (February 2015)
# Pipeline mode:   SEARCH
# Query file:      /home/inf-38-2022/BINP29/longread/2/busco_downloads/lineages/saccharomycetes_odb10/hmms/33667at4891.hmm
# Target file:     /home/inf-38-2022/BINP29/longread/2/Results/04_Busco/canu/run_saccharomycetes_odb10/metaeuk_output/initial_results/asm.contigs.fasta.modified.fas
# Option settings: hmmsearch --domtblout /home/inf-38-2022/BINP29/longread/2/Results/04_Busco/canu/run_saccharomycetes_odb10/hmmer_output/initial_run_results/33667at4891.out --cpu 1 /home/inf-38-2022/BINP29/longread/2/busco_downloads/lineages/saccharomycetes_odb10/hmms/33667at4891.hmm /home/inf-38-2022/BINP29/longread/2/Results/04_Busco/canu/run_saccharomycetes_odb10/metaeuk_output/initial_results/asm.contigs.fasta.modified.fas 
# Current dir:     /home/inf-38-2022/BINP29/longread/2
# Date:            Thu Feb 23 14:07:41 2023
# [ok]
