#                                                                                   --- full sequence --- -------------- this domain -------------   hmm coord   ali coord   env coord
# target name               accession   tlen query name           accession   qlen   E-value  score  bias   #  of  c-Evalue  i-Evalue  score  bias  from    to  from    to  from    to  acc description of target
#       ------------------- ---------- ----- -------------------- ---------- ----- --------- ------ ----- --- --- --------- --------- ------ ----- ----- ----- ----- ----- ----- ----- ---- ---------------------
tig00000007:150223-153552   -           1110 3395at4891           -            441     5e-84  279.7  33.4   1   7     0.063       5.4    2.7   0.0    10    34    21    55    15    69 0.73 -
tig00000007:150223-153552   -           1110 3395at4891           -            441     5e-84  279.7  33.4   2   7   7.7e-08   6.6e-06   22.2   3.6    24    71    69   138    62   146 0.77 -
tig00000007:150223-153552   -           1110 3395at4891           -            441     5e-84  279.7  33.4   3   7    0.0035       0.3    6.9   0.0    71    90   177   196   170   212 0.81 -
tig00000007:150223-153552   -           1110 3395at4891           -            441     5e-84  279.7  33.4   4   7   1.1e-07   9.6e-06   21.7   0.6   110   173   264   353   238   362 0.64 -
tig00000007:150223-153552   -           1110 3395at4891           -            441     5e-84  279.7  33.4   5   7   4.1e-44   3.5e-42  141.8   4.0   180   338   428   601   408   614 0.83 -
tig00000007:150223-153552   -           1110 3395at4891           -            441     5e-84  279.7  33.4   6   7   1.6e-05    0.0014   14.6   0.2   343   374   909   944   905   947 0.86 -
tig00000007:150223-153552   -           1110 3395at4891           -            441     5e-84  279.7  33.4   7   7   2.8e-26   2.4e-24   83.0   0.1   374   441  1024  1100  1017  1100 0.88 -
tig00000083:182049-182867   -            273 3395at4891           -            441   3.1e-10   36.5  12.7   1   4       0.3        26    0.5   0.0   123   158     1    36     1    38 0.69 -
tig00000083:182049-182867   -            273 3395at4891           -            441   3.1e-10   36.5  12.7   2   4   1.7e-06   0.00014   17.8   1.4    60   142    22   100    17   107 0.71 -
tig00000083:182049-182867   -            273 3395at4891           -            441   3.1e-10   36.5  12.7   3   4    0.0055      0.47    6.2   0.1   121   140   120   139    97   144 0.64 -
tig00000083:182049-182867   -            273 3395at4891           -            441   3.1e-10   36.5  12.7   4   4   2.7e-06   0.00023   17.1   0.4    72   140   209   268   205   273 0.76 -
tig00000023:290906-291760   -            285 3395at4891           -            441   4.9e-09   32.5   6.5   1   4   1.5e-05    0.0013   14.7   0.1    71   136    18    78    12    83 0.85 -
tig00000023:290906-291760   -            285 3395at4891           -            441   4.9e-09   32.5   6.5   2   4     0.013       1.1    5.0   0.2   111   140   110   145   105   163 0.75 -
tig00000023:290906-291760   -            285 3395at4891           -            441   4.9e-09   32.5   6.5   3   4   4.1e-05    0.0035   13.2   0.6    72   139   126   186   122   194 0.72 -
tig00000023:290906-291760   -            285 3395at4891           -            441   4.9e-09   32.5   6.5   4   4    0.0082       0.7    5.7   0.0   120   143   227   250   207   284 0.73 -
tig00000010:275560-276894   -            445 3395at4891           -            441   7.6e-09   31.9   2.6   1   4   0.00034     0.029   10.2   0.1   121   164   149   192   130   197 0.87 -
tig00000010:275560-276894   -            445 3395at4891           -            441   7.6e-09   31.9   2.6   2   4     0.091       7.8    2.2   0.0   121   140   191   210   188   214 0.88 -
tig00000010:275560-276894   -            445 3395at4891           -            441   7.6e-09   31.9   2.6   3   4   4.4e-06   0.00037   16.5   0.0    72   141   233   295   229   396 0.76 -
tig00000010:275560-276894   -            445 3395at4891           -            441   7.6e-09   31.9   2.6   4   4      0.22        19    0.9   0.0   121   138   408   425   386   434 0.72 -
tig00000034:379525-382353   -            943 3395at4891           -            441   1.6e-08   30.8  14.9   1   5     0.036       3.1    3.5   0.2    75   135    97   150    84   159 0.73 -
tig00000034:379525-382353   -            943 3395at4891           -            441   1.6e-08   30.8  14.9   2   5   6.4e-05    0.0054   12.6   0.5    95   140   144   196   133   214 0.70 -
tig00000034:379525-382353   -            943 3395at4891           -            441   1.6e-08   30.8  14.9   3   5    0.0026      0.22    7.3   0.1    70   130   215   270   211   286 0.86 -
tig00000034:379525-382353   -            943 3395at4891           -            441   1.6e-08   30.8  14.9   4   5   0.00019     0.016   11.1   0.1   121   210   405   502   382   529 0.81 -
tig00000034:379525-382353   -            943 3395at4891           -            441   1.6e-08   30.8  14.9   5   5      0.02       1.7    4.4   0.3   120   208   587   684   584   702 0.65 -
tig00000018:621173-622084   -            304 3395at4891           -            441   6.1e-08   28.9   2.6   1   3     0.009      0.77    5.5   0.0    70   138     4    64     1    76 0.66 -
tig00000018:621173-622084   -            304 3395at4891           -            441   6.1e-08   28.9   2.6   2   3   2.6e-05    0.0022   13.9   0.0   121   214    91   193    68   218 0.75 -
tig00000018:621173-622084   -            304 3395at4891           -            441   6.1e-08   28.9   2.6   3   3    0.0019      0.16    7.7   0.8    73   140   224   285   201   289 0.67 -
tig00000022:516138-517016   -            293 3395at4891           -            441   3.3e-07   26.5   0.6   1   4    0.0019      0.16    7.8   0.0    99   138     8    47     3    56 0.74 -
tig00000022:516138-517016   -            293 3395at4891           -            441   3.3e-07   26.5   0.6   2   4     0.017       1.4    4.7   0.0    60    88    72   105    61   129 0.70 -
tig00000022:516138-517016   -            293 3395at4891           -            441   3.3e-07   26.5   0.6   3   4      0.17        15    1.3   0.0   120   138   153   171   145   176 0.80 -
tig00000022:516138-517016   -            293 3395at4891           -            441   3.3e-07   26.5   0.6   4   4    0.0014      0.12    8.2   0.1    61    89   178   211   173   228 0.73 -
tig00000014:605092-607482   -            797 3395at4891           -            441   4.8e-07   26.0   0.9   1   3   0.00021     0.018   10.9   0.1    70   210   478   638   470   640 0.61 -
tig00000014:605092-607482   -            797 3395at4891           -            441   4.8e-07   26.0   0.9   2   3    0.0073      0.62    5.8   0.0    72   138   582   641   579   659 0.73 -
tig00000014:605092-607482   -            797 3395at4891           -            441   4.8e-07   26.0   0.9   3   3    0.0041      0.35    6.7   0.1    74   139   668   727   663   732 0.63 -
tig00000078:494342-496789   -            816 3395at4891           -            441   1.3e-06   24.5   5.3   1   3     0.011      0.95    5.2   0.1    74   216   119   183   110   195 0.52 -
tig00000078:494342-496789   -            816 3395at4891           -            441   1.3e-06   24.5   5.3   2   3      0.37        32    0.2   0.0   121   138   211   228   205   249 0.78 -
tig00000078:494342-496789   -            816 3395at4891           -            441   1.3e-06   24.5   5.3   3   3   1.3e-06   0.00011   18.2   1.3   106   220   483   614   453   627 0.64 -
tig00000038:154278-154922   -            215 3395at4891           -            441   2.4e-06   23.7   1.3   1   2   1.7e-06   0.00014   17.8   0.2    71   137    59   120    52   124 0.85 -
tig00000038:154278-154922   -            215 3395at4891           -            441   2.4e-06   23.7   1.3   2   2      0.02       1.7    4.4   0.0   120   140   166   186   145   201 0.72 -
tig00000037:74530-75222     -            231 3395at4891           -            441   3.4e-06   23.2   1.9   1   3   0.00032     0.027   10.3   0.0    72   141    13    75    11    82 0.72 -
tig00000037:74530-75222     -            231 3395at4891           -            441   3.4e-06   23.2   1.9   2   3   0.00042     0.036    9.9   0.2    72   140    97   165    95   170 0.67 -
tig00000037:74530-75222     -            231 3395at4891           -            441   3.4e-06   23.2   1.9   3   3    0.0015      0.13    8.1   0.2    71    92   145   166   129   218 0.63 -
tig00000037:93821-94819     -            333 3395at4891           -            441     6e-06   22.4   9.7   1   4    0.0033      0.28    7.0   0.2    72   137    19    85    16    93 0.80 -
tig00000037:93821-94819     -            333 3395at4891           -            441     6e-06   22.4   9.7   2   4     0.001     0.085    8.7   0.3    72   137    69   126    65   136 0.80 -
tig00000037:93821-94819     -            333 3395at4891           -            441     6e-06   22.4   9.7   3   4     0.063       5.4    2.7   0.0   121   139   235   253   215   259 0.81 -
tig00000037:93821-94819     -            333 3395at4891           -            441     6e-06   22.4   9.7   4   4   3.2e-05    0.0028   13.6   1.1    72   141   235   297   231   330 0.81 -
tig00000005:853848-855902   -            685 3395at4891           -            441   6.1e-06   22.3   0.1   1   2   3.7e-05    0.0032   13.4   0.0    71   139    12    76    10    83 0.86 -
tig00000005:853848-855902   -            685 3395at4891           -            441   6.1e-06   22.3   0.1   2   2    0.0051      0.44    6.3   0.1   120   146    99   125    81   137 0.82 -
tig00000061:551101-551736   -            212 3395at4891           -            441   9.7e-06   21.7   0.3   1   2    0.0016      0.13    8.0   0.1    72   140    15    98     1   113 0.56 -
tig00000061:551101-551736   -            212 3395at4891           -            441   9.7e-06   21.7   0.3   2   2   0.00031     0.026   10.4   0.1   111   144   103   142    77   157 0.62 -
tig00000012:401735-403267   -            511 3395at4891           -            441   5.7e-05   19.1   1.2   1   2   2.2e-06   0.00019   17.4   0.4    69   158   334   419   277   435 0.80 -
tig00000012:401735-403267   -            511 3395at4891           -            441   5.7e-05   19.1   1.2   2   2      0.62        53   -0.5   0.0   120   136   432   448   430   454 0.81 -
tig00000078:530421-532142   -            574 3395at4891           -            441   0.00012   18.0   3.2   1   3       1.9   1.6e+02   -2.1   0.0    75   114   233   273   230   292 0.64 -
tig00000078:530421-532142   -            574 3395at4891           -            441   0.00012   18.0   3.2   2   3   8.2e-06    0.0007   15.6   1.5   110   147   291   329   277   406 0.83 -
tig00000078:530421-532142   -            574 3395at4891           -            441   0.00012   18.0   3.2   3   3       4.8   4.1e+02   -3.5   0.0    75   135   495   506   490   528 0.60 -
tig00000010:92017-92973     -            319 3395at4891           -            441   0.00015   17.8   1.2   1   2   2.4e-05     0.002   14.0   0.4    71   140    55   119    47   126 0.87 -
tig00000010:92017-92973     -            319 3395at4891           -            441   0.00015   17.8   1.2   2   2     0.092       7.8    2.2   0.0    69    92   204   227   197   240 0.79 -
tig00000022:39397-41541     -            715 3395at4891           -            441   0.00016   17.6  12.4   1   3       1.9   1.7e+02   -2.2   0.0   122   135    28    41     9    62 0.69 -
tig00000022:39397-41541     -            715 3395at4891           -            441   0.00016   17.6  12.4   2   3   0.00019     0.016   11.1   2.5    72   146   112   177   108   189 0.86 -
tig00000022:39397-41541     -            715 3395at4891           -            441   0.00016   17.6  12.4   3   3     9e-05    0.0076   12.1   1.7    32   151   177   305   174   318 0.73 -
tig00000001:195246-198842   -           1199 3395at4891           -            441   0.00038   16.4   4.7   1   2   0.00054     0.046    9.6   0.8    50   139    81   170    70   179 0.74 -
tig00000001:195246-198842   -           1199 3395at4891           -            441   0.00038   16.4   4.7   2   2    0.0066      0.56    6.0   0.2    72   137   224   284   220   293 0.56 -
tig00000034:113188-114642   -            485 3395at4891           -            441   0.00038   16.4   5.8   1   3   0.00054     0.046    9.6   0.2    71   144    82   159    75   163 0.71 -
tig00000034:113188-114642   -            485 3395at4891           -            441   0.00038   16.4   5.8   2   3     0.046       3.9    3.2   0.1   113   139   227   253   193   310 0.81 -
tig00000034:113188-114642   -            485 3395at4891           -            441   0.00038   16.4   5.8   3   3     0.025       2.1    4.1   0.1   119   142   361   384   317   389 0.53 -
tig00000012:441659-442144   -            162 3395at4891           -            441    0.0013   14.6   3.7   1   3     0.094         8    2.2   0.0   120   155    33    68     9    75 0.75 -
tig00000012:441659-442144   -            162 3395at4891           -            441    0.0013   14.6   3.7   2   3     0.029       2.5    3.9   0.1   121   140    81   100    61   118 0.88 -
tig00000012:441659-442144   -            162 3395at4891           -            441    0.0013   14.6   3.7   3   3   0.00044     0.037    9.9   1.0    74   141    83   143    81   147 0.66 -
tig00000014:599591-600409   -            273 3395at4891           -            441    0.0015   14.5   0.8   1   2    0.0012      0.11    8.4   0.1   102   140    53    91    36   106 0.82 -
tig00000014:599591-600409   -            273 3395at4891           -            441    0.0015   14.5   0.8   2   2     0.055       4.7    2.9   0.0   119   139   166   186   155   201 0.81 -
tig00000037:112469-115222   -            918 3395at4891           -            441    0.0015   14.4   2.9   1   4       1.8   1.5e+02   -2.0   0.0   122   139   162   179   158   221 0.57 -
tig00000037:112469-115222   -            918 3395at4891           -            441    0.0015   14.4   2.9   2   4   5.9e-05     0.005   12.7   0.1    72   178   360   459   357   468 0.77 -
tig00000037:112469-115222   -            918 3395at4891           -            441    0.0015   14.4   2.9   3   4      0.56        48   -0.4   0.1   119   135   486   502   442   522 0.68 -
tig00000037:112469-115222   -            918 3395at4891           -            441    0.0015   14.4   2.9   4   4       2.3     2e+02   -2.4   0.0    95   110   591   606   584   618 0.81 -
tig00000007:828201-829577   -            459 3395at4891           -            441    0.0026   13.6   7.7   1   4     0.082         7    2.4   0.0   121   140   118   137   113   147 0.71 -
tig00000007:828201-829577   -            459 3395at4891           -            441    0.0026   13.6   7.7   2   4     0.018       1.6    4.5   1.3    66   221   152   328   148   346 0.60 -
tig00000007:828201-829577   -            459 3395at4891           -            441    0.0026   13.6   7.7   3   4    0.0036      0.31    6.8   0.0   119   138   389   408   373   416 0.88 -
tig00000007:828201-829577   -            459 3395at4891           -            441    0.0026   13.6   7.7   4   4       3.1   2.6e+02   -2.8   0.0    68    83   436   451   433   453 0.85 -
tig00000001:1183590-1184819 -            410 3395at4891           -            441    0.0027   13.6   0.1   1   2   0.00025     0.021   10.7   0.0    72   142   133   197   130   204 0.80 -
tig00000001:1183590-1184819 -            410 3395at4891           -            441    0.0027   13.6   0.1   2   2      0.94        81   -1.1   0.0   121   135   263   277   248   286 0.82 -
tig00000014:571412-572308   -            299 3395at4891           -            441    0.0035   13.3   1.3   1   2    0.0028      0.24    7.2   0.5    72   139    96   157    55   169 0.78 -
tig00000014:571412-572308   -            299 3395at4891           -            441    0.0035   13.3   1.3   2   2    0.0014      0.12    8.2   1.2   120   219    95   212    94   219 0.49 -
tig00000012:470900-471844   -            315 3395at4891           -            441    0.0087   11.9   0.6   1   3      0.28        24    0.6   0.0    73    89     2    18     1    72 0.82 -
tig00000012:470900-471844   -            315 3395at4891           -            441    0.0087   11.9   0.6   2   3     0.031       2.7    3.7   0.1   120   136   104   120    98   137 0.80 -
tig00000012:470900-471844   -            315 3395at4891           -            441    0.0087   11.9   0.6   3   3      0.27        23    0.7   0.0   121   218   257   279   240   307 0.64 -
tig00000023:374822-375916   -            365 3395at4891           -            441    0.0089   11.9   0.0   1   2      0.17        15    1.3   0.0   122   137    52    68    46    78 0.67 -
tig00000023:374822-375916   -            365 3395at4891           -            441    0.0089   11.9   0.0   2   2    0.0021      0.18    7.6   0.0    72   139    95   158    91   195 0.64 -
tig00000014:436668-438272   -            535 3395at4891           -            441     0.023   10.6   6.2   1   3    0.0066      0.57    6.0   0.6   146   220   227   300   152   305 0.74 -
tig00000014:436668-438272   -            535 3395at4891           -            441     0.023   10.6   6.2   2   3      0.16        14    1.4   0.0   119   138   372   391   365   407 0.83 -
tig00000014:436668-438272   -            535 3395at4891           -            441     0.023   10.6   6.2   3   3     0.033       2.8    3.7   0.1   121   142   415   436   413   444 0.74 -
tig00000014:211666-214185   -            840 3395at4891           -            441     0.027   10.3   1.5   1   4    0.0039      0.33    6.7   0.0    72   136    32   109    29   116 0.59 -
tig00000014:211666-214185   -            840 3395at4891           -            441     0.027   10.3   1.5   2   4      0.65        55   -0.6   0.1    72    85   152   165   148   168 0.89 -
tig00000014:211666-214185   -            840 3395at4891           -            441     0.027   10.3   1.5   3   4       0.9        77   -1.1   0.0    71    89   327   345   309   392 0.61 -
tig00000014:211666-214185   -            840 3395at4891           -            441     0.027   10.3   1.5   4   4       1.6   1.3e+02   -1.9   0.0   154   216   719   778   710   781 0.80 -
tig00000010:895817-897205   -            463 3395at4891           -            441     0.056    9.3   2.2   1   2     0.026       2.2    4.0   0.1    73   146   322   388   318   405 0.66 -
tig00000010:895817-897205   -            463 3395at4891           -            441     0.056    9.3   2.2   2   2     0.028       2.4    3.9   0.4    46    84   417   463   408   463 0.77 -
tig00000007:738298-739563   -            422 3395at4891           -            441       0.1    8.4   5.6   1   3    0.0084      0.72    5.6   0.4   121   220   107   219    63   233 0.63 -
tig00000007:738298-739563   -            422 3395at4891           -            441       0.1    8.4   5.6   2   3   0.00081     0.069    9.0   0.0    72   222   149   311   145   322 0.74 -
tig00000007:738298-739563   -            422 3395at4891           -            441       0.1    8.4   5.6   3   3       6.9   5.9e+02   -4.0   0.3    71    84   405   418   404   419 0.58 -
#
# Program:         hmmsearch
# Version:         3.1b2 (February 2015)
# Pipeline mode:   SEARCH
# Query file:      /home/inf-38-2022/BINP29/longread/2/busco_downloads/lineages/saccharomycetes_odb10/hmms/3395at4891.hmm
# Target file:     /home/inf-38-2022/BINP29/longread/2/Results/04_Busco/canu/run_saccharomycetes_odb10/metaeuk_output/initial_results/asm.contigs.fasta.modified.fas
# Option settings: hmmsearch --domtblout /home/inf-38-2022/BINP29/longread/2/Results/04_Busco/canu/run_saccharomycetes_odb10/hmmer_output/initial_run_results/3395at4891.out --cpu 1 /home/inf-38-2022/BINP29/longread/2/busco_downloads/lineages/saccharomycetes_odb10/hmms/3395at4891.hmm /home/inf-38-2022/BINP29/longread/2/Results/04_Busco/canu/run_saccharomycetes_odb10/metaeuk_output/initial_results/asm.contigs.fasta.modified.fas 
# Current dir:     /home/inf-38-2022/BINP29/longread/2
# Date:            Thu Feb 23 14:07:42 2023
# [ok]
