#                                                                                 --- full sequence --- -------------- this domain -------------   hmm coord   ali coord   env coord
# target name             accession   tlen query name           accession   qlen   E-value  score  bias   #  of  c-Evalue  i-Evalue  score  bias  from    to  from    to  from    to  acc description of target
#     ------------------- ---------- ----- -------------------- ---------- ----- --------- ------ ----- --- --- --------- --------- ------ ----- ----- ----- ----- ----- ----- ----- ---- ---------------------
tig00000001:373382-374296 -            305 35426at4891          -            161     4e-43  144.1   4.4   1   5    0.0067       9.2    3.2   0.1     2    25     6    29     5    34 0.86 -
tig00000001:373382-374296 -            305 35426at4891          -            161     4e-43  144.1   4.4   2   5   9.6e-13   1.3e-09   35.2   0.1     4    48    31    78    28    97 0.73 -
tig00000001:373382-374296 -            305 35426at4891          -            161     4e-43  144.1   4.4   3   5    0.0012       1.7    5.6   0.0    48    71   101   125    95   137 0.80 -
tig00000001:373382-374296 -            305 35426at4891          -            161     4e-43  144.1   4.4   4   5   7.3e-32   9.9e-29   97.3   0.0    68   148   143   238   128   250 0.83 -
tig00000001:373382-374296 -            305 35426at4891          -            161     4e-43  144.1   4.4   5   5     0.043        59    0.6   0.0   140   157   278   295   241   303 0.69 -
tig00000010:880332-881111 -            260 35426at4891          -            161   9.5e-07   25.9   0.1   1   2      0.31   4.3e+02   -2.2   0.1    82   113     8    39     4    49 0.78 -
tig00000010:880332-881111 -            260 35426at4891          -            161   9.5e-07   25.9   0.1   2   2   1.9e-09   2.6e-06   24.5   0.0   100   142   180   224   131   232 0.88 -
#
# Program:         hmmsearch
# Version:         3.1b2 (February 2015)
# Pipeline mode:   SEARCH
# Query file:      /home/inf-38-2022/BINP29/longread/2/busco_downloads/lineages/saccharomycetes_odb10/hmms/35426at4891.hmm
# Target file:     /home/inf-38-2022/BINP29/longread/2/Results/04_Busco/canu/run_saccharomycetes_odb10/metaeuk_output/initial_results/asm.contigs.fasta.modified.fas
# Option settings: hmmsearch --domtblout /home/inf-38-2022/BINP29/longread/2/Results/04_Busco/canu/run_saccharomycetes_odb10/hmmer_output/initial_run_results/35426at4891.out --cpu 1 /home/inf-38-2022/BINP29/longread/2/busco_downloads/lineages/saccharomycetes_odb10/hmms/35426at4891.hmm /home/inf-38-2022/BINP29/longread/2/Results/04_Busco/canu/run_saccharomycetes_odb10/metaeuk_output/initial_results/asm.contigs.fasta.modified.fas 
# Current dir:     /home/inf-38-2022/BINP29/longread/2
# Date:            Thu Feb 23 14:07:46 2023
# [ok]
