#                                                                                 --- full sequence --- -------------- this domain -------------   hmm coord   ali coord   env coord
# target name             accession   tlen query name           accession   qlen   E-value  score  bias   #  of  c-Evalue  i-Evalue  score  bias  from    to  from    to  from    to  acc description of target
#     ------------------- ---------- ----- -------------------- ---------- ----- --------- ------ ----- --- --- --------- --------- ------ ----- ----- ----- ----- ----- ----- ----- ---- ---------------------
tig00000001:950748-952217 -            490 35907at4891          -            375  3.7e-115  382.2  30.8   1   3  9.5e-103  6.5e-100  332.0  14.6     2   267     4   311     3   322 0.82 -
tig00000001:950748-952217 -            490 35907at4891          -            375  3.7e-115  382.2  30.8   2   3   1.4e-12   9.6e-10   35.3   1.7   248   331   316   419   305   435 0.77 -
tig00000001:950748-952217 -            490 35907at4891          -            375  3.7e-115  382.2  30.8   3   3   6.4e-08   4.4e-05   19.9   1.1   324   371   434   488   422   490 0.85 -
tig00000014:289202-290224 -            341 35907at4891          -            375   5.4e-14   49.2   0.1   1   3   4.9e-08   3.4e-05   20.3   0.0    29    94     9    79     5   108 0.81 -
tig00000014:289202-290224 -            341 35907at4891          -            375   5.4e-14   49.2   0.1   2   3      0.11        78   -0.6   0.1   137   185   162   196   151   206 0.63 -
tig00000014:289202-290224 -            341 35907at4891          -            375   5.4e-14   49.2   0.1   3   3   1.6e-09   1.1e-06   25.2   0.0   187   245   273   332   268   341 0.83 -
tig00000010:167516-168280 -            255 35907at4891          -            375   3.4e-08   30.2   0.1   1   2   2.2e-06    0.0015   14.9   0.0    85   137     2    54     1    66 0.83 -
tig00000010:167516-168280 -            255 35907at4891          -            375   3.4e-08   30.2   0.1   2   2   6.4e-06    0.0043   13.4   0.0   177   260   132   213   126   232 0.80 -
tig00000001:833282-834712 -            477 35907at4891          -            375   1.3e-05   21.6   9.0   1   3   0.00044       0.3    7.3   0.0    10    57     9    62     2    72 0.79 -
tig00000001:833282-834712 -            477 35907at4891          -            375   1.3e-05   21.6   9.0   2   3    0.0024       1.6    4.9   0.3    75   100   136   161   110   170 0.83 -
tig00000001:833282-834712 -            477 35907at4891          -            375   1.3e-05   21.6   9.0   3   3   1.1e-05    0.0076   12.6   1.8   213   268   317   373   312   462 0.74 -
#
# Program:         hmmsearch
# Version:         3.1b2 (February 2015)
# Pipeline mode:   SEARCH
# Query file:      /home/inf-38-2022/BINP29/longread/2/busco_downloads/lineages/saccharomycetes_odb10/hmms/35907at4891.hmm
# Target file:     /home/inf-38-2022/BINP29/longread/2/Results/04_Busco/canu/run_saccharomycetes_odb10/metaeuk_output/initial_results/asm.contigs.fasta.modified.fas
# Option settings: hmmsearch --domtblout /home/inf-38-2022/BINP29/longread/2/Results/04_Busco/canu/run_saccharomycetes_odb10/hmmer_output/initial_run_results/35907at4891.out --cpu 1 /home/inf-38-2022/BINP29/longread/2/busco_downloads/lineages/saccharomycetes_odb10/hmms/35907at4891.hmm /home/inf-38-2022/BINP29/longread/2/Results/04_Busco/canu/run_saccharomycetes_odb10/metaeuk_output/initial_results/asm.contigs.fasta.modified.fas 
# Current dir:     /home/inf-38-2022/BINP29/longread/2
# Date:            Thu Feb 23 14:07:47 2023
# [ok]
