#                                                                                 --- full sequence --- -------------- this domain -------------   hmm coord   ali coord   env coord
# target name             accession   tlen query name           accession   qlen   E-value  score  bias   #  of  c-Evalue  i-Evalue  score  bias  from    to  from    to  from    to  acc description of target
#     ------------------- ---------- ----- -------------------- ---------- ----- --------- ------ ----- --- --- --------- --------- ------ ----- ----- ----- ----- ----- ----- ----- ---- ---------------------
tig00000001:433028-433708 -            227 37570at4891          -            145   7.1e-49  162.3   1.7   1   2   4.2e-05     0.019   11.7   0.1     3    29     2    28     1    49 0.74 -
tig00000001:433028-433708 -            227 37570at4891          -            145   7.1e-49  162.3   1.7   2   2     9e-48   4.1e-45  150.1   0.1    23   145    98   227    88   227 0.94 -
tig00000014:257606-258187 -            194 37570at4891          -            145   4.3e-46  153.3   1.0   1   2   1.9e-05    0.0088   12.8   0.2     2    34     5    37     4    45 0.86 -
tig00000014:257606-258187 -            194 37570at4891          -            145   4.3e-46  153.3   1.0   2   2   1.7e-44   7.6e-42  139.5   0.1    29   134    79   190    66   194 0.93 -
tig00000037:288164-288457 -             98 37570at4891          -            145   1.8e-17   60.4   0.0   1   1   4.8e-20   2.2e-17   60.2   0.0    43   128     7    97     2    98 0.86 -
tig00000010:265293-265877 -            195 37570at4891          -            145     6e-13   45.8   0.1   1   1   5.7e-15   2.6e-12   43.7   0.1    31   144    61   193    35   194 0.73 -
tig00000010:453957-454394 -            146 37570at4891          -            145   1.5e-06   25.0   0.0   1   1   5.8e-09   2.7e-06   24.2   0.0    38   131    37   136    10   143 0.81 -
tig00000001:631328-632077 -            250 37570at4891          -            145    0.0018   15.0   0.0   1   1   1.2e-05    0.0055   13.5   0.0    25   121   140   239   138   250 0.75 -
#
# Program:         hmmsearch
# Version:         3.1b2 (February 2015)
# Pipeline mode:   SEARCH
# Query file:      /home/inf-38-2022/BINP29/longread/2/busco_downloads/lineages/saccharomycetes_odb10/hmms/37570at4891.hmm
# Target file:     /home/inf-38-2022/BINP29/longread/2/Results/04_Busco/canu/run_saccharomycetes_odb10/metaeuk_output/initial_results/asm.contigs.fasta.modified.fas
# Option settings: hmmsearch --domtblout /home/inf-38-2022/BINP29/longread/2/Results/04_Busco/canu/run_saccharomycetes_odb10/hmmer_output/initial_run_results/37570at4891.out --cpu 1 /home/inf-38-2022/BINP29/longread/2/busco_downloads/lineages/saccharomycetes_odb10/hmms/37570at4891.hmm /home/inf-38-2022/BINP29/longread/2/Results/04_Busco/canu/run_saccharomycetes_odb10/metaeuk_output/initial_results/asm.contigs.fasta.modified.fas 
# Current dir:     /home/inf-38-2022/BINP29/longread/2
# Date:            Thu Feb 23 14:07:52 2023
# [ok]
