#                                                                                 --- full sequence --- -------------- this domain -------------   hmm coord   ali coord   env coord
# target name             accession   tlen query name           accession   qlen   E-value  score  bias   #  of  c-Evalue  i-Evalue  score  bias  from    to  from    to  from    to  acc description of target
#     ------------------- ---------- ----- -------------------- ---------- ----- --------- ------ ----- --- --- --------- --------- ------ ----- ----- ----- ----- ----- ----- ----- ---- ---------------------
tig00000078:535574-536071 -            166 37677at4891          -            139   4.5e-51  169.5   3.8   1   1   1.9e-52   1.3e-49  164.8   3.8     1   135     1   166     1   166 0.86 -
tig00000078:575768-576460 -            231 37677at4891          -            139   6.2e-18   62.1   3.2   1   3   5.1e-15   3.5e-12   43.5   0.3     3    95     4   112     2   117 0.82 -
tig00000078:575768-576460 -            231 37677at4891          -            139   6.2e-18   62.1   3.2   2   3   1.2e-06   0.00084   16.3   0.0   102   138   138   174   126   175 0.86 -
tig00000078:575768-576460 -            231 37677at4891          -            139   6.2e-18   62.1   3.2   3   3     0.038        26    1.8   0.0    83   122   183   221   174   229 0.75 -
tig00000001:812679-813215 -            179 37677at4891          -            139   9.4e-15   51.8   1.1   1   2   4.5e-13   3.1e-10   37.2   0.2     5    98     8   113     2   121 0.84 -
tig00000001:812679-813215 -            179 37677at4891          -            139   9.4e-15   51.8   1.1   2   2   8.6e-06    0.0059   13.6   0.0    94   135   125   169   118   172 0.81 -
tig00000007:59600-60868   -            423 37677at4891          -            139     0.022   11.8   0.0   1   1   6.7e-05     0.046   10.7   0.0    36   123   332   419   321   422 0.94 -
#
# Program:         hmmsearch
# Version:         3.1b2 (February 2015)
# Pipeline mode:   SEARCH
# Query file:      /home/inf-38-2022/BINP29/longread/2/busco_downloads/lineages/saccharomycetes_odb10/hmms/37677at4891.hmm
# Target file:     /home/inf-38-2022/BINP29/longread/2/Results/04_Busco/canu/run_saccharomycetes_odb10/metaeuk_output/initial_results/asm.contigs.fasta.modified.fas
# Option settings: hmmsearch --domtblout /home/inf-38-2022/BINP29/longread/2/Results/04_Busco/canu/run_saccharomycetes_odb10/hmmer_output/initial_run_results/37677at4891.out --cpu 1 /home/inf-38-2022/BINP29/longread/2/busco_downloads/lineages/saccharomycetes_odb10/hmms/37677at4891.hmm /home/inf-38-2022/BINP29/longread/2/Results/04_Busco/canu/run_saccharomycetes_odb10/metaeuk_output/initial_results/asm.contigs.fasta.modified.fas 
# Current dir:     /home/inf-38-2022/BINP29/longread/2
# Date:            Thu Feb 23 14:07:52 2023
# [ok]
