#                                                                                 --- full sequence --- -------------- this domain -------------   hmm coord   ali coord   env coord
# target name             accession   tlen query name           accession   qlen   E-value  score  bias   #  of  c-Evalue  i-Evalue  score  bias  from    to  from    to  from    to  acc description of target
#     ------------------- ---------- ----- -------------------- ---------- ----- --------- ------ ----- --- --- --------- --------- ------ ----- ----- ----- ----- ----- ----- ----- ---- ---------------------
tig00000083:264699-266234 -            512 37965at4891          -            300   3.5e-68  227.6  39.3   1   5   5.1e-10   6.9e-07   26.3   0.8     1    43     8    52     8    59 0.81 -
tig00000083:264699-266234 -            512 37965at4891          -            300   3.5e-68  227.6  39.3   2   5   1.1e-10   1.5e-07   28.5   2.6    25    87    53   115    44   121 0.88 -
tig00000083:264699-266234 -            512 37965at4891          -            300   3.5e-68  227.6  39.3   3   5   1.1e-22   1.5e-19   67.9   7.5    81   191   127   273   120   287 0.76 -
tig00000083:264699-266234 -            512 37965at4891          -            300   3.5e-68  227.6  39.3   4   5   5.3e-16   7.2e-13   46.0   0.1   190   235   341   391   324   394 0.90 -
tig00000083:264699-266234 -            512 37965at4891          -            300   3.5e-68  227.6  39.3   5   5   8.7e-23   1.2e-19   68.2   3.7   230   300   422   512   418   512 0.84 -
tig00000034:181316-182335 -            340 37965at4891          -            300      0.83    6.4  12.6   1   2      0.22     3e+02   -2.1   6.9    21   122    19   119     2   179 0.68 -
tig00000034:181316-182335 -            340 37965at4891          -            300      0.83    6.4  12.6   2   2     2e-05     0.027   11.2   0.3    25    77   245   297   224   319 0.87 -
#
# Program:         hmmsearch
# Version:         3.1b2 (February 2015)
# Pipeline mode:   SEARCH
# Query file:      /home/inf-38-2022/BINP29/longread/2/busco_downloads/lineages/saccharomycetes_odb10/hmms/37965at4891.hmm
# Target file:     /home/inf-38-2022/BINP29/longread/2/Results/04_Busco/canu/run_saccharomycetes_odb10/metaeuk_output/initial_results/asm.contigs.fasta.modified.fas
# Option settings: hmmsearch --domtblout /home/inf-38-2022/BINP29/longread/2/Results/04_Busco/canu/run_saccharomycetes_odb10/hmmer_output/initial_run_results/37965at4891.out --cpu 1 /home/inf-38-2022/BINP29/longread/2/busco_downloads/lineages/saccharomycetes_odb10/hmms/37965at4891.hmm /home/inf-38-2022/BINP29/longread/2/Results/04_Busco/canu/run_saccharomycetes_odb10/metaeuk_output/initial_results/asm.contigs.fasta.modified.fas 
# Current dir:     /home/inf-38-2022/BINP29/longread/2
# Date:            Thu Feb 23 14:07:53 2023
# [ok]
