#                                                                                   --- full sequence --- -------------- this domain -------------   hmm coord   ali coord   env coord
# target name               accession   tlen query name           accession   qlen   E-value  score  bias   #  of  c-Evalue  i-Evalue  score  bias  from    to  from    to  from    to  acc description of target
#       ------------------- ---------- ----- -------------------- ---------- ----- --------- ------ ----- --- --- --------- --------- ------ ----- ----- ----- ----- ----- ----- ----- ---- ---------------------
tig00000010:208878-211913   -           1012 4263at4891           -            571    1e-108  361.9  53.9   1   5   5.4e-60   2.6e-58  195.5  12.3     1   207     6   303     6   309 0.79 -
tig00000010:208878-211913   -           1012 4263at4891           -            571    1e-108  361.9  53.9   2   5    0.0099      0.47    6.4   0.3   203   267   324   389   316   411 0.58 -
tig00000010:208878-211913   -           1012 4263at4891           -            571    1e-108  361.9  53.9   3   5   4.9e-06   0.00023   17.4   4.2   278   360   468   604   403   616 0.62 -
tig00000010:208878-211913   -           1012 4263at4891           -            571    1e-108  361.9  53.9   4   5   1.1e-36   5.4e-35  118.5   3.7   361   497   639   845   613   848 0.72 -
tig00000010:208878-211913   -           1012 4263at4891           -            571    1e-108  361.9  53.9   5   5   3.5e-08   1.7e-06   24.4   4.4   505   571   900  1012   875  1012 0.64 -
tig00000034:379525-382353   -            943 4263at4891           -            571   1.2e-32  110.8  27.1   1   7   8.6e-08   4.1e-06   23.2   0.1    93   142   101   150    89   153 0.91 -
tig00000034:379525-382353   -            943 4263at4891           -            571   1.2e-32  110.8  27.1   2   7   4.8e-11   2.3e-09   33.9   5.6    94   179   144   230   143   236 0.92 -
tig00000034:379525-382353   -            943 4263at4891           -            571   1.2e-32  110.8  27.1   3   7       1.6        79   -0.9   0.1   343   380   267   302   241   363 0.81 -
tig00000034:379525-382353   -            943 4263at4891           -            571   1.2e-32  110.8  27.1   4   7       0.1         5    3.1   0.0   119   148   397   425   380   434 0.60 -
tig00000034:379525-382353   -            943 4263at4891           -            571   1.2e-32  110.8  27.1   5   7   8.8e-06   0.00042   16.5   0.0    85   149   444   509   439   514 0.88 -
tig00000034:379525-382353   -            943 4263at4891           -            571   1.2e-32  110.8  27.1   6   7   4.6e-08   2.2e-06   24.1   0.1    93   164   553   624   546   625 0.95 -
tig00000034:379525-382353   -            943 4263at4891           -            571   1.2e-32  110.8  27.1   7   7   4.7e-12   2.2e-10   37.2   2.4   108   180   610   686   607   689 0.93 -
tig00000037:74530-75222     -            231 4263at4891           -            571   5.1e-29   98.8   1.1   1   4   8.2e-13   3.9e-11   39.7   0.0   118   182     3    71     1    83 0.88 -
tig00000037:74530-75222     -            231 4263at4891           -            571   5.1e-29   98.8   1.1   2   4   3.6e-06   0.00017   17.8   0.0    97   148    66   117    66   122 0.92 -
tig00000037:74530-75222     -            231 4263at4891           -            571   5.1e-29   98.8   1.1   3   4   1.9e-08   9.3e-07   25.3   0.1   108   147   126   165   119   170 0.89 -
tig00000037:74530-75222     -            231 4263at4891           -            571   5.1e-29   98.8   1.1   4   4     2e-06   9.7e-05   18.6   0.0   106   155   178   227   171   230 0.90 -
tig00000037:93821-94819     -            333 4263at4891           -            571   1.7e-27   93.7  16.8   1   4   4.6e-06   0.00022   17.5   0.2   111   163     2    55     1    62 0.87 -
tig00000037:93821-94819     -            333 4263at4891           -            571   1.7e-27   93.7  16.8   2   4   4.3e-07   2.1e-05   20.8   1.6    93   157    76   140    66   155 0.83 -
tig00000037:93821-94819     -            333 4263at4891           -            571   1.7e-27   93.7  16.8   3   4   3.6e-17   1.7e-15   54.1   0.8    95   181   201   292   188   293 0.90 -
tig00000037:93821-94819     -            333 4263at4891           -            571   1.7e-27   93.7  16.8   4   4   2.9e-11   1.4e-09   34.6   2.0   107   179   256   332   254   333 0.91 -
tig00000083:182049-182867   -            273 4263at4891           -            571   7.3e-27   91.7  16.0   1   3   4.3e-12   2.1e-10   37.4   2.3    93   181     6    94     1   100 0.90 -
tig00000083:182049-182867   -            273 4263at4891           -            571   7.3e-27   91.7  16.0   2   3   8.3e-11     4e-09   33.1   2.1    85   158    78   150    76   163 0.91 -
tig00000083:182049-182867   -            273 4263at4891           -            571   7.3e-27   91.7  16.0   3   3   2.4e-12   1.2e-10   38.2   1.0   127   182   208   265   204   272 0.90 -
tig00000014:605092-607482   -            797 4263at4891           -            571     6e-25   85.3   6.8   1   3         2        94   -1.1   0.1   438   468   463   496   458   499 0.74 -
tig00000014:605092-607482   -            797 4263at4891           -            571     6e-25   85.3   6.8   2   3   2.8e-15   1.4e-13   47.8   0.1   105   188   517   604   510   607 0.89 -
tig00000014:605092-607482   -            797 4263at4891           -            571     6e-25   85.3   6.8   3   3   9.2e-13   4.4e-11   39.6   0.5    85   182   623   725   615   728 0.93 -
tig00000078:494342-496789   -            816 4263at4891           -            571   1.5e-24   84.0  14.8   1   5     0.048       2.3    4.2   0.0    82   149    27    97    15   101 0.85 -
tig00000078:494342-496789   -            816 4263at4891           -            571   1.5e-24   84.0  14.8   2   5     3e-06   0.00014   18.1   0.4    86   166   117   201   105   224 0.88 -
tig00000078:494342-496789   -            816 4263at4891           -            571   1.5e-24   84.0  14.8   3   5      0.49        23    0.8   0.0   110   169   385   448   380   481 0.74 -
tig00000078:494342-496789   -            816 4263at4891           -            571   1.5e-24   84.0  14.8   4   5   1.5e-08   7.2e-07   25.6   0.4   107   179   485   561   462   562 0.89 -
tig00000078:494342-496789   -            816 4263at4891           -            571   1.5e-24   84.0  14.8   5   5     9e-15   4.3e-13   46.2   1.8    94   179   556   645   546   648 0.93 -
tig00000001:195246-198842   -           1199 4263at4891           -            571   3.4e-24   82.9   7.3   1   3   2.8e-15   1.4e-13   47.8   0.2    93   182    33   126    25   127 0.93 -
tig00000001:195246-198842   -           1199 4263at4891           -            571   3.4e-24   82.9   7.3   2   3   4.7e-08   2.3e-06   24.0   1.7   110   180    92   166    91   172 0.88 -
tig00000001:195246-198842   -           1199 4263at4891           -            571   3.4e-24   82.9   7.3   3   3   2.4e-09   1.1e-07   28.3   0.3   109   180   205   282   196   286 0.82 -
tig00000010:275560-276894   -            445 4263at4891           -            571   4.6e-21   72.5   3.2   1   5   3.1e-05    0.0015   14.7   0.0   109   155   129   176   124   180 0.90 -
tig00000010:275560-276894   -            445 4263at4891           -            571   4.6e-21   72.5   3.2   2   5   1.5e-11   7.2e-10   35.5   0.2    94   161   157   224   148   234 0.92 -
tig00000010:275560-276894   -            445 4263at4891           -            571   4.6e-21   72.5   3.2   3   5   9.9e-10   4.8e-08   29.5   0.1    94   156   241   303   225   329 0.84 -
tig00000010:275560-276894   -            445 4263at4891           -            571   4.6e-21   72.5   3.2   4   5      0.47        22    0.9   0.0    87   148   317   378   306   383 0.78 -
tig00000010:275560-276894   -            445 4263at4891           -            571   4.6e-21   72.5   3.2   5   5     0.051       2.5    4.1   0.0   113   144   393   424   378   431 0.80 -
tig00000037:112469-115222   -            918 4263at4891           -            571   7.4e-21   71.8   9.9   1   4      0.12       5.8    2.8   0.0    91   148    33    90    28   105 0.88 -
tig00000037:112469-115222   -            918 4263at4891           -            571   7.4e-21   71.8   9.9   2   4    0.0011      0.05    9.7   0.3   110   179   143   219   119   225 0.75 -
tig00000037:112469-115222   -            918 4263at4891           -            571   7.4e-21   71.8   9.9   3   4     8e-12   3.8e-10   36.5   0.3    92   179   324   415   316   426 0.94 -
tig00000037:112469-115222   -            918 4263at4891           -            571   7.4e-21   71.8   9.9   4   4   1.5e-08     7e-07   25.7   0.1    85   142   444   502   440   510 0.92 -
tig00000018:621173-622084   -            304 4263at4891           -            571   1.5e-18   64.2  11.0   1   4      0.04       1.9    4.4   0.0   515   551    29    65    13    68 0.83 -
tig00000018:621173-622084   -            304 4263at4891           -            571   1.5e-18   64.2  11.0   2   4   2.3e-09   1.1e-07   28.3   0.1   106   180    69   146    65   156 0.88 -
tig00000018:621173-622084   -            304 4263at4891           -            571   1.5e-18   64.2  11.0   3   4   7.7e-08   3.7e-06   23.3   0.9    86   163   175   259   159   260 0.80 -
tig00000018:621173-622084   -            304 4263at4891           -            571   1.5e-18   64.2  11.0   4   4   2.2e-06    0.0001   18.5   0.5   106   155   244   293   240   296 0.92 -
tig00000022:39397-41541     -            715 4263at4891           -            571   4.5e-18   62.6   7.6   1   3     0.031       1.5    4.8   0.2   164   192    25    53     6    57 0.85 -
tig00000022:39397-41541     -            715 4263at4891           -            571   4.5e-18   62.6   7.6   2   3   1.9e-08   9.3e-07   25.3   0.2    88   183    74   170    56   177 0.82 -
tig00000022:39397-41541     -            715 4263at4891           -            571   4.5e-18   62.6   7.6   3   3   1.3e-11   6.2e-10   35.8   0.1   124   182   190   250   168   263 0.85 -
tig00000022:404776-405999   -            408 4263at4891           -            571   2.8e-17   60.0   5.0   1   3   8.4e-10     4e-08   29.8   0.1   108   184    41   115    33   121 0.86 -
tig00000022:404776-405999   -            408 4263at4891           -            571   2.8e-17   60.0   5.0   2   3     8e-09   3.8e-07   26.6   1.0    94   144   124   174   108   182 0.74 -
tig00000022:404776-405999   -            408 4263at4891           -            571   2.8e-17   60.0   5.0   3   3     0.052       2.5    4.0   0.0   125   148   308   331   285   350 0.59 -
tig00000010:895817-897205   -            463 4263at4891           -            571   1.2e-16   57.9  10.1   1   4    0.0013     0.062    9.4   0.0    83   158   186   267   172   267 0.77 -
tig00000010:895817-897205   -            463 4263at4891           -            571   1.2e-16   57.9  10.1   2   4   4.2e-06    0.0002   17.6   0.2   108   163   259   314   253   317 0.94 -
tig00000010:895817-897205   -            463 4263at4891           -            571   1.2e-16   57.9  10.1   3   4     2e-08   9.5e-07   25.3   0.3    85   177   320   420   317   426 0.82 -
tig00000010:895817-897205   -            463 4263at4891           -            571   1.2e-16   57.9  10.1   4   4   0.00017    0.0082   12.3   0.3    97   140   420   463   416   463 0.87 -
tig00000023:290906-291760   -            285 4263at4891           -            571   1.5e-16   57.6  10.8   1   4     7e-09   3.3e-07   26.8   0.4   110   180     2    77     1    84 0.84 -
tig00000023:290906-291760   -            285 4263at4891           -            571   1.5e-16   57.6  10.8   2   4   3.6e-10   1.7e-08   31.0   0.6    85   144   125   184   109   198 0.74 -
tig00000023:290906-291760   -            285 4263at4891           -            571   1.5e-16   57.6  10.8   3   4     0.024       1.1    5.2   0.1   124   155   224   254   206   275 0.80 -
tig00000023:290906-291760   -            285 4263at4891           -            571   1.5e-16   57.6  10.8   4   4       1.1        55   -0.4   0.0   466   497   252   283   248   284 0.84 -
tig00000038:154278-154922   -            215 4263at4891           -            571   1.9e-16   57.3  13.1   1   3   8.9e-13   4.3e-11   39.6   1.1   111   205     3    96     1   101 0.80 -
tig00000038:154278-154922   -            215 4263at4891           -            571   1.9e-16   57.3  13.1   2   3   2.8e-07   1.3e-05   21.5   0.5   125   180    57   118    55   124 0.83 -
tig00000038:154278-154922   -            215 4263at4891           -            571   1.9e-16   57.3  13.1   3   3   5.5e-06   0.00027   17.2   0.4    85   132   166   213   147   215 0.55 -
tig00000034:113188-114642   -            485 4263at4891           -            571   2.2e-16   57.0   7.0   1   4   8.6e-06   0.00041   16.5   0.0    89   144    86   152    78   159 0.75 -
tig00000034:113188-114642   -            485 4263at4891           -            571   2.2e-16   57.0   7.0   2   4   0.00013    0.0064   12.6   0.0    94   182   200   293   193   297 0.86 -
tig00000034:113188-114642   -            485 4263at4891           -            571   2.2e-16   57.0   7.0   3   4   4.1e-05     0.002   14.3   0.2   106   147   298   339   293   350 0.87 -
tig00000034:113188-114642   -            485 4263at4891           -            571   2.2e-16   57.0   7.0   4   4     2e-05   0.00096   15.3   0.3   114   143   349   378   338   386 0.85 -
tig00000014:211666-214185   -            840 4263at4891           -            571   6.7e-16   55.5   5.1   1   4       0.2       9.6    2.1   0.0   110   143    14    47     8    53 0.82 -
tig00000014:211666-214185   -            840 4263at4891           -            571   6.7e-16   55.5   5.1   2   4   1.8e-09   8.7e-08   28.7   0.3   107   178    73   145    67   158 0.85 -
tig00000014:211666-214185   -            840 4263at4891           -            571   6.7e-16   55.5   5.1   3   4   2.1e-07   9.8e-06   21.9   0.1    93   150   159   216   148   221 0.88 -
tig00000014:211666-214185   -            840 4263at4891           -            571   6.7e-16   55.5   5.1   4   4      0.25        12    1.8   0.0    94   146   336   389   323   392 0.82 -
tig00000012:377902-378939   -            346 4263at4891           -            571   4.5e-14   49.4   5.1   1   4   6.4e-09   3.1e-07   26.9   0.1   107   162     4    59     1    61 0.95 -
tig00000012:377902-378939   -            346 4263at4891           -            571   4.5e-14   49.4   5.1   2   4   1.1e-09   5.3e-08   29.4   0.6    97   150    36    89    34    93 0.95 -
tig00000012:377902-378939   -            346 4263at4891           -            571   4.5e-14   49.4   5.1   3   4     0.027       1.3    5.0   0.4    84   149   166   232   144   235 0.77 -
tig00000012:377902-378939   -            346 4263at4891           -            571   4.5e-14   49.4   5.1   4   4     0.062         3    3.8   0.0   104   144   284   324   278   327 0.89 -
tig00000061:551101-551736   -            212 4263at4891           -            571   2.4e-13   47.0   0.6   1   2     5e-05    0.0024   14.0   0.1   122   150     9    37     5    49 0.90 -
tig00000061:551101-551736   -            212 4263at4891           -            571   2.4e-13   47.0   0.6   2   2   3.4e-10   1.6e-08   31.1   0.1    84   164    77   154    59   181 0.85 -
tig00000014:436668-438272   -            535 4263at4891           -            571     1e-12   45.0   2.8   1   2     0.043       2.1    4.3   0.2    96   149   245   297   223   299 0.75 -
tig00000014:436668-438272   -            535 4263at4891           -            571     1e-12   45.0   2.8   2   2   5.5e-13   2.6e-11   40.3   0.2    93   182   339   431   333   443 0.93 -
tig00000007:738298-739563   -            422 4263at4891           -            571   4.7e-12   42.8   3.7   1   4    0.0064      0.31    7.1   0.0   107   145    86   124    71   130 0.89 -
tig00000007:738298-739563   -            422 4263at4891           -            571   4.7e-12   42.8   3.7   2   4     0.015      0.74    5.8   0.0    85   148   148   215   137   232 0.53 -
tig00000007:738298-739563   -            422 4263at4891           -            571   4.7e-12   42.8   3.7   3   4   1.7e-05    0.0008   15.6   0.1    94   174   203   293   170   313 0.80 -
tig00000007:738298-739563   -            422 4263at4891           -            571   4.7e-12   42.8   3.7   4   4   2.9e-06   0.00014   18.1   0.1    94   141   372   419   352   421 0.94 -
tig00000012:441659-442144   -            162 4263at4891           -            571   2.6e-11   40.3   2.9   1   3       1.5        71   -0.7   0.0   109   143    14    49     9    58 0.66 -
tig00000012:441659-442144   -            162 4263at4891           -            571   2.6e-11   40.3   2.9   2   3   3.4e-07   1.6e-05   21.2   0.3   106   158    59   111    41   114 0.89 -
tig00000012:441659-442144   -            162 4263at4891           -            571   2.6e-11   40.3   2.9   3   3   1.9e-08     9e-07   25.3   0.5   106   158   101   152    99   158 0.89 -
tig00000022:516138-517016   -            293 4263at4891           -            571   6.3e-11   39.1   0.5   1   3    0.0064      0.31    7.1   0.0   107   147     8    49     1    55 0.81 -
tig00000022:516138-517016   -            293 4263at4891           -            571   6.3e-11   39.1   0.5   2   3    0.0036      0.17    7.9   0.1   106   150    69   111    63   112 0.85 -
tig00000022:516138-517016   -            293 4263at4891           -            571   6.3e-11   39.1   0.5   3   3     4e-07   1.9e-05   20.9   0.0    87   149   155   215   145   228 0.66 -
tig00000014:571412-572308   -            299 4263at4891           -            571   1.1e-10   38.3   5.8   1   3     1e-06   4.8e-05   19.6   0.0    94   164    20    90    13   102 0.89 -
tig00000014:571412-572308   -            299 4263at4891           -            571   1.1e-10   38.3   5.8   2   3   4.9e-06   0.00024   17.3   0.2    91   150   101   161    91   167 0.86 -
tig00000014:571412-572308   -            299 4263at4891           -            571   1.1e-10   38.3   5.8   3   3      0.12         6    2.8   0.0   116   148   177   209   163   213 0.85 -
tig00000010:92017-92973     -            319 4263at4891           -            571   1.2e-10   38.1   1.8   1   2   3.1e-08   1.5e-06   24.6   0.6    85   144    55   116    49   125 0.84 -
tig00000010:92017-92973     -            319 4263at4891           -            571   1.2e-10   38.1   1.8   2   2   0.00013    0.0063   12.6   0.0    93   145   170   224   161   235 0.83 -
tig00000018:41834-43183     -            450 4263at4891           -            571   1.7e-10   37.6   7.8   1   4    0.0065      0.31    7.1   0.3    93   141   100   148    92   154 0.90 -
tig00000018:41834-43183     -            450 4263at4891           -            571   1.7e-10   37.6   7.8   2   4     3e-08   1.4e-06   24.7   2.8    93   155   142   204   134   209 0.91 -
tig00000018:41834-43183     -            450 4263at4891           -            571   1.7e-10   37.6   7.8   3   4   6.3e-05     0.003   13.7   0.2   108   181   199   277   195   286 0.80 -
tig00000018:41834-43183     -            450 4263at4891           -            571   1.7e-10   37.6   7.8   4   4       3.2   1.5e+02   -1.8   0.0   111   141   333   363   319   366 0.80 -
tig00000001:1183590-1184819 -            410 4263at4891           -            571   1.8e-10   37.5   0.9   1   2   2.7e-08   1.3e-06   24.8   0.0    85   147   132   195   127   200 0.88 -
tig00000001:1183590-1184819 -            410 4263at4891           -            571   1.8e-10   37.5   0.9   2   2   0.00046     0.022   10.8   0.0   106   142   241   277   217   288 0.64 -
tig00000005:195583-197937   -            785 4263at4891           -            571   2.7e-10   36.9   5.6   1   3     1e-06   4.9e-05   19.6   0.4    91   179    34   130    14   135 0.75 -
tig00000005:195583-197937   -            785 4263at4891           -            571   2.7e-10   36.9   5.6   2   3     0.083         4    3.4   0.0   101   148   190   241   154   244 0.70 -
tig00000005:195583-197937   -            785 4263at4891           -            571   2.7e-10   36.9   5.6   3   3   3.2e-05    0.0015   14.7   0.1   107   232   600   735   576   755 0.75 -
tig00000005:853848-855902   -            685 4263at4891           -            571     3e-10   36.8   0.0   1   2     4e-11   1.9e-09   34.2   0.0    87   180    14   114    10   123 0.80 -
tig00000005:853848-855902   -            685 4263at4891           -            571     3e-10   36.8   0.0   2   2       1.3        61   -0.5   0.0   493   522   130   159   122   168 0.86 -
tig00000007:822235-822930   -            232 4263at4891           -            571     3e-10   36.8   9.1   1   2   2.4e-06   0.00012   18.4   5.3   103   155    89   143    38   151 0.72 -
tig00000007:822235-822930   -            232 4263at4891           -            571     3e-10   36.8   9.1   2   2   4.8e-06   0.00023   17.4   0.2   121   199   149   228   143   232 0.82 -
tig00000001:983271-984236   -            322 4263at4891           -            571   5.2e-09   32.7  15.0   1   4      0.31        15    1.5   0.2   127   147    23    43     6    87 0.46 -
tig00000001:983271-984236   -            322 4263at4891           -            571   5.2e-09   32.7  15.0   2   4   1.5e-08     7e-07   25.7   3.6    84   179    68   178    43   178 0.78 -
tig00000001:983271-984236   -            322 4263at4891           -            571   5.2e-09   32.7  15.0   3   4   6.5e-07   3.1e-05   20.3   3.7   105   179   142   224   136   227 0.86 -
tig00000001:983271-984236   -            322 4263at4891           -            571   5.2e-09   32.7  15.0   4   4       5.9   2.8e+02   -2.7   0.1   183   202   254   273   250   279 0.85 -
tig00000012:489214-491058   -            615 4263at4891           -            571   1.9e-08   30.8   4.1   1   3     0.006      0.29    7.2   0.8   113   182   205   283   194   293 0.70 -
tig00000012:489214-491058   -            615 4263at4891           -            571   1.9e-08   30.8   4.1   2   3   3.2e-05    0.0015   14.6   0.1    94   182   275   366   274   377 0.82 -
tig00000012:489214-491058   -            615 4263at4891           -            571   1.9e-08   30.8   4.1   3   3   0.00046     0.022   10.8   0.1    82   179   499   611   492   613 0.74 -
tig00000005:614650-615420   -            257 4263at4891           -            571     4e-08   29.8   0.3   1   2   1.8e-09   8.5e-08   28.7   0.1    89   179    48   142    34   151 0.90 -
tig00000005:614650-615420   -            257 4263at4891           -            571     4e-08   29.8   0.3   2   2       3.9   1.9e+02   -2.1   0.0    85   109   194   218   189   251 0.74 -
tig00000005:792126-793166   -            347 4263at4891           -            571   5.5e-08   29.3   6.8   1   4   2.8e-05    0.0013   14.9   3.8   110   179     6    85     3    88 0.82 -
tig00000005:792126-793166   -            347 4263at4891           -            571   5.5e-08   29.3   6.8   2   4     0.028       1.3    5.0   0.6   109   145    51    89    45   145 0.84 -
tig00000005:792126-793166   -            347 4263at4891           -            571   5.5e-08   29.3   6.8   3   4      0.53        26    0.7   0.0   189   207   230   248   220   255 0.87 -
tig00000005:792126-793166   -            347 4263at4891           -            571   5.5e-08   29.3   6.8   4   4   0.00028     0.014   11.5   0.1   105   146   296   337   289   343 0.86 -
tig00000007:828201-829577   -            459 4263at4891           -            571   8.8e-08   28.7   9.6   1   4   7.7e-07   3.7e-05   20.0   0.3   122   182   112   174   102   176 0.87 -
tig00000007:828201-829577   -            459 4263at4891           -            571   8.8e-08   28.7   9.6   2   4      0.12       5.6    2.9   0.0   101   142   196   236   193   244 0.76 -
tig00000007:828201-829577   -            459 4263at4891           -            571   8.8e-08   28.7   9.6   3   4     0.039       1.9    4.5   0.1   107   151   281   326   273   354 0.76 -
tig00000007:828201-829577   -            459 4263at4891           -            571   8.8e-08   28.7   9.6   4   4     0.028       1.4    4.9   0.2   105   149   367   412   331   458 0.70 -
tig00000078:139174-141975   -            934 4263at4891           -            571   1.6e-07   27.8   4.2   1   3       4.2     2e+02   -2.2   0.0    85   110   215   240   152   272 0.63 -
tig00000078:139174-141975   -            934 4263at4891           -            571   1.6e-07   27.8   4.2   2   3    0.0063       0.3    7.1   0.0    93   149   477   533   469   536 0.93 -
tig00000078:139174-141975   -            934 4263at4891           -            571   1.6e-07   27.8   4.2   3   3   5.2e-07   2.5e-05   20.6   0.2   126   180   551   609   539   622 0.81 -
tig00000001:690073-693498   -           1142 4263at4891           -            571   2.8e-06   23.7   2.0   1   2    0.0028      0.13    8.3   0.1    93   144    87   142    77   153 0.81 -
tig00000001:690073-693498   -           1142 4263at4891           -            571   2.8e-06   23.7   2.0   2   2   3.3e-05    0.0016   14.6   0.2    86   146   169   231   159   248 0.82 -
tig00000012:566644-568977   -            778 4263at4891           -            571     3e-06   23.6   0.5   1   3   0.00011    0.0054   12.9   0.0   110   148   405   443   399   447 0.92 -
tig00000012:566644-568977   -            778 4263at4891           -            571     3e-06   23.6   0.5   2   3     0.032       1.6    4.7   0.0    93   149   590   645   566   653 0.88 -
tig00000012:566644-568977   -            778 4263at4891           -            571     3e-06   23.6   0.5   3   3      0.21        10    2.0   0.2   108   179   689   777   668   778 0.58 -
tig00000078:89274-91226     -            651 4263at4891           -            571   5.2e-06   22.8   0.0   1   3     0.035       1.7    4.6   0.0   109   145    77   114    55   120 0.85 -
tig00000078:89274-91226     -            651 4263at4891           -            571   5.2e-06   22.8   0.0   2   3   0.00031     0.015   11.4   0.0   124   181   152   212   131   214 0.74 -
tig00000078:89274-91226     -            651 4263at4891           -            571   5.2e-06   22.8   0.0   3   3   2.9e-05    0.0014   14.8   0.0    94   155   164   224   151   234 0.88 -
tig00000005:814912-815754   -            281 4263at4891           -            571   6.9e-06   22.4   6.7   1   3     0.075       3.6    3.5   1.0    96   165     5    75     2    80 0.84 -
tig00000005:814912-815754   -            281 4263at4891           -            571   6.9e-06   22.4   6.7   2   3     3e-05    0.0014   14.8   0.6    83   163    75   156    69   179 0.87 -
tig00000005:814912-815754   -            281 4263at4891           -            571   6.9e-06   22.4   6.7   3   3    0.0058      0.28    7.2   0.0    77   142   209   275   162   280 0.84 -
tig00000012:849780-851159   -            460 4263at4891           -            571   9.5e-06   22.0   0.2   1   4         3   1.4e+02   -1.8   0.0   506   520    30    44    14    50 0.53 -
tig00000012:849780-851159   -            460 4263at4891           -            571   9.5e-06   22.0   0.2   2   4    0.0039      0.19    7.8   0.0   104   144    62   102    54   114 0.87 -
tig00000012:849780-851159   -            460 4263at4891           -            571   9.5e-06   22.0   0.2   3   4    0.0015     0.072    9.1   0.1   115   175   147   211   142   216 0.65 -
tig00000012:849780-851159   -            460 4263at4891           -            571   9.5e-06   22.0   0.2   4   4      0.16       7.5    2.5   0.0   111   142   185   216   181   228 0.87 -
tig00000023:374822-375916   -            365 4263at4891           -            571   1.2e-05   21.7   0.3   1   1   9.6e-07   4.6e-05   19.7   0.3    93   182    59   156    26   166 0.79 -
tig00000038:75034-76008     -            325 4263at4891           -            571   1.2e-05   21.6   1.3   1   2       4.2     2e+02   -2.3   0.4   268   314    76   122    71   127 0.75 -
tig00000038:75034-76008     -            325 4263at4891           -            571   1.2e-05   21.6   1.3   2   2   2.8e-07   1.3e-05   21.5   0.0    94   164   223   296   215   314 0.85 -
tig00000010:811772-813490   -            573 4263at4891           -            571   3.4e-05   20.1   0.8   1   4    0.0005     0.024   10.7   0.0   103   144   226   267   221   274 0.88 -
tig00000010:811772-813490   -            573 4263at4891           -            571   3.4e-05   20.1   0.8   2   4     0.019      0.91    5.5   0.0   109   180   276   351   269   354 0.73 -
tig00000010:811772-813490   -            573 4263at4891           -            571   3.4e-05   20.1   0.8   3   4         1        49   -0.2   0.0   113   148   399   433   393   441 0.71 -
tig00000010:811772-813490   -            573 4263at4891           -            571   3.4e-05   20.1   0.8   4   4       6.2   2.9e+02   -2.8   0.0   167   189   488   511   476   542 0.51 -
tig00000005:613155-613865   -            237 4263at4891           -            571   5.2e-05   19.5   1.2   1   3      0.24        11    1.9   0.1   137   170    21    54     8    68 0.77 -
tig00000005:613155-613865   -            237 4263at4891           -            571   5.2e-05   19.5   1.2   2   3     0.013      0.62    6.0   0.0    88   149    97   161    89   185 0.82 -
tig00000005:613155-613865   -            237 4263at4891           -            571   5.2e-05   19.5   1.2   3   3    0.0015     0.072    9.1   0.0    95   140   192   237   178   237 0.91 -
tig00000012:487139-488677   -            513 4263at4891           -            571   0.00013   18.2   0.2   1   2   1.8e-05   0.00087   15.5   0.1    63   145    72   157    51   177 0.78 -
tig00000012:487139-488677   -            513 4263at4891           -            571   0.00013   18.2   0.2   2   2      0.82        39    0.1   0.0    94   152   233   296   202   302 0.72 -
tig00000001:1095179-1097434 -            752 4263at4891           -            571   0.00019   17.6   8.9   1   4      0.75        36    0.2   0.0   139   197    14    73     4    82 0.77 -
tig00000001:1095179-1097434 -            752 4263at4891           -            571   0.00019   17.6   8.9   2   4      0.04       1.9    4.4   0.5    95   180    99   191    91   194 0.80 -
tig00000001:1095179-1097434 -            752 4263at4891           -            571   0.00019   17.6   8.9   3   4   5.2e-05    0.0025   14.0   0.1    68   146   210   289   198   301 0.82 -
tig00000001:1095179-1097434 -            752 4263at4891           -            571   0.00019   17.6   8.9   4   4       1.2        59   -0.5   0.0   466   500   350   384   332   414 0.65 -
tig00000023:325699-327333   -            545 4263at4891           -            571    0.0004   16.6   0.0   1   1   1.3e-05   0.00062   15.9   0.0    93   149   246   302   236   305 0.91 -
tig00000014:599591-600409   -            273 4263at4891           -            571   0.00044   16.4   2.8   1   3       0.2       9.7    2.1   0.0   451   473    70    92    63   130 0.69 -
tig00000014:599591-600409   -            273 4263at4891           -            571   0.00044   16.4   2.8   2   3     0.011      0.52    6.3   0.1    87   146   124   186   117   205 0.73 -
tig00000014:599591-600409   -            273 4263at4891           -            571   0.00044   16.4   2.8   3   3   0.00043     0.021   10.9   1.3    94   179   176   269   162   271 0.77 -
tig00000014:680246-681385   -            380 4263at4891           -            571   0.00076   15.7   0.1   1   1   3.2e-05    0.0015   14.7   0.1    65   141     8    86     4    94 0.86 -
tig00000078:530421-532142   -            574 4263at4891           -            571   0.00095   15.3   1.3   1   2   0.00073     0.035   10.2   1.0   102   149   275   323   270   456 0.74 -
tig00000078:530421-532142   -            574 4263at4891           -            571   0.00095   15.3   1.3   2   2      0.84        40    0.1   0.0   400   433   415   453   411   482 0.76 -
tig00000039:157839-159113   -            425 4263at4891           -            571    0.0011   15.1   5.5   1   3    0.0001    0.0048   13.0   0.0   109   163    68   122    37   126 0.82 -
tig00000039:157839-159113   -            425 4263at4891           -            571    0.0011   15.1   5.5   2   3      0.22        11    2.0   0.3    99   144   200   245   180   253 0.82 -
tig00000039:157839-159113   -            425 4263at4891           -            571    0.0011   15.1   5.5   3   3      0.44        21    1.0   0.4    60   130   258   329   249   342 0.77 -
tig00000037:294440-296608   -            723 4263at4891           -            571    0.0019   14.3   1.5   1   2      0.63        30    0.5   0.0    96   145   332   382   305   386 0.80 -
tig00000037:294440-296608   -            723 4263at4891           -            571    0.0019   14.3   1.5   2   2   0.00054     0.026   10.6   0.7    95   156   618   681   605   723 0.73 -
tig00000022:411540-412517   -            326 4263at4891           -            571    0.0027   13.9   0.0   1   2      0.39        19    1.2   0.0   110   150    21    61     8    85 0.78 -
tig00000022:411540-412517   -            326 4263at4891           -            571    0.0027   13.9   0.0   2   2   0.00073     0.035   10.2   0.0    98   144    95   141    77   147 0.86 -
tig00000012:470900-471844   -            315 4263at4891           -            571    0.0044   13.2   2.5   1   3       6.6   3.1e+02   -2.9   0.0   191   204     2    15     1    18 0.66 -
tig00000012:470900-471844   -            315 4263at4891           -            571    0.0044   13.2   2.5   2   3    0.0065      0.31    7.0   0.2   109   179    87   160    79   163 0.78 -
tig00000012:470900-471844   -            315 4263at4891           -            571    0.0044   13.2   2.5   3   3     0.016      0.75    5.8   0.0   117   153   247   282   229   298 0.84 -
tig00000005:1021434-1022621 -            396 4263at4891           -            571      0.02   11.0   4.1   1   3    0.0031      0.15    8.1   0.2   109   143    12    44     6    75 0.78 -
tig00000005:1021434-1022621 -            396 4263at4891           -            571      0.02   11.0   4.1   2   3      0.43        20    1.0   0.4   105   181   225   321   191   322 0.59 -
tig00000005:1021434-1022621 -            396 4263at4891           -            571      0.02   11.0   4.1   3   3     0.098       4.7    3.1   0.2   110   154   288   332   271   336 0.81 -
#
# Program:         hmmsearch
# Version:         3.1b2 (February 2015)
# Pipeline mode:   SEARCH
# Query file:      /home/inf-38-2022/BINP29/longread/2/busco_downloads/lineages/saccharomycetes_odb10/hmms/4263at4891.hmm
# Target file:     /home/inf-38-2022/BINP29/longread/2/Results/04_Busco/canu/run_saccharomycetes_odb10/metaeuk_output/initial_results/asm.contigs.fasta.modified.fas
# Option settings: hmmsearch --domtblout /home/inf-38-2022/BINP29/longread/2/Results/04_Busco/canu/run_saccharomycetes_odb10/hmmer_output/initial_run_results/4263at4891.out --cpu 1 /home/inf-38-2022/BINP29/longread/2/busco_downloads/lineages/saccharomycetes_odb10/hmms/4263at4891.hmm /home/inf-38-2022/BINP29/longread/2/Results/04_Busco/canu/run_saccharomycetes_odb10/metaeuk_output/initial_results/asm.contigs.fasta.modified.fas 
# Current dir:     /home/inf-38-2022/BINP29/longread/2
# Date:            Thu Feb 23 14:08:02 2023
# [ok]
