#                                                                               --- full sequence --- -------------- this domain -------------   hmm coord   ali coord   env coord
# target name           accession   tlen query name           accession   qlen   E-value  score  bias   #  of  c-Evalue  i-Evalue  score  bias  from    to  from    to  from    to  acc description of target
#   ------------------- ---------- ----- -------------------- ---------- ----- --------- ------ ----- --- --- --------- --------- ------ ----- ----- ----- ----- ----- ----- ----- ---- ---------------------
tig00000078:70758-74504 -           1249 4402at4891           -            448   1.3e-29  100.5  61.9   1   9   3.1e-06    0.0085   12.2   1.1    45   112   113   213    90   217 0.68 -
tig00000078:70758-74504 -           1249 4402at4891           -            448   1.3e-29  100.5  61.9   2   9   2.5e-13   6.7e-10   35.6   0.6   109   169   237   305   232   313 0.87 -
tig00000078:70758-74504 -           1249 4402at4891           -            448   1.3e-29  100.5  61.9   3   9    0.0045        12    1.8   0.4   165   195   327   357   314   379 0.84 -
tig00000078:70758-74504 -           1249 4402at4891           -            448   1.3e-29  100.5  61.9   4   9   1.4e-07   0.00038   16.7   8.8   203   241   448   488   441   567 0.62 -
tig00000078:70758-74504 -           1249 4402at4891           -            448   1.3e-29  100.5  61.9   5   9   7.5e-05       0.2    7.7   8.1   259   300   572   623   520   629 0.72 -
tig00000078:70758-74504 -           1249 4402at4891           -            448   1.3e-29  100.5  61.9   6   9   5.1e-07    0.0014   14.8   4.3   319   360   707   757   659   782 0.84 -
tig00000078:70758-74504 -           1249 4402at4891           -            448   1.3e-29  100.5  61.9   7   9   5.9e-09   1.6e-05   21.2   0.1   357   401   889   934   875   952 0.89 -
tig00000078:70758-74504 -           1249 4402at4891           -            448   1.3e-29  100.5  61.9   8   9    0.0041        11    1.9   0.1   412   433   986  1007   971  1018 0.84 -
tig00000078:70758-74504 -           1249 4402at4891           -            448   1.3e-29  100.5  61.9   9   9   2.7e-05     0.075    9.1   0.1   429   447  1205  1223  1199  1224 0.92 -
#
# Program:         hmmsearch
# Version:         3.1b2 (February 2015)
# Pipeline mode:   SEARCH
# Query file:      /home/inf-38-2022/BINP29/longread/2/busco_downloads/lineages/saccharomycetes_odb10/hmms/4402at4891.hmm
# Target file:     /home/inf-38-2022/BINP29/longread/2/Results/04_Busco/canu/run_saccharomycetes_odb10/metaeuk_output/initial_results/asm.contigs.fasta.modified.fas
# Option settings: hmmsearch --domtblout /home/inf-38-2022/BINP29/longread/2/Results/04_Busco/canu/run_saccharomycetes_odb10/hmmer_output/initial_run_results/4402at4891.out --cpu 1 /home/inf-38-2022/BINP29/longread/2/busco_downloads/lineages/saccharomycetes_odb10/hmms/4402at4891.hmm /home/inf-38-2022/BINP29/longread/2/Results/04_Busco/canu/run_saccharomycetes_odb10/metaeuk_output/initial_results/asm.contigs.fasta.modified.fas 
# Current dir:     /home/inf-38-2022/BINP29/longread/2
# Date:            Thu Feb 23 14:08:04 2023
# [ok]
