#                                                                                 --- full sequence --- -------------- this domain -------------   hmm coord   ali coord   env coord
# target name             accession   tlen query name           accession   qlen   E-value  score  bias   #  of  c-Evalue  i-Evalue  score  bias  from    to  from    to  from    to  acc description of target
#     ------------------- ---------- ----- -------------------- ---------- ----- --------- ------ ----- --- --- --------- --------- ------ ----- ----- ----- ----- ----- ----- ----- ---- ---------------------
tig00000031:213904-216756 -            951 4448at4891           -            462  7.8e-162  536.7  24.5   1   6   7.1e-16   9.7e-13   45.2   0.0     8    70   103   174    98   195 0.85 -
tig00000031:213904-216756 -            951 4448at4891           -            462  7.8e-162  536.7  24.5   2   6   1.6e-08   2.1e-05   21.0   0.4    53   142   245   341   199   363 0.66 -
tig00000031:213904-216756 -            951 4448at4891           -            462  7.8e-162  536.7  24.5   3   6   2.1e-13   2.8e-10   37.0   1.1   135   210   384   462   357   472 0.84 -
tig00000031:213904-216756 -            951 4448at4891           -            462  7.8e-162  536.7  24.5   4   6   9.1e-05      0.12    8.5   0.1   211   243   626   658   598   682 0.81 -
tig00000031:213904-216756 -            951 4448at4891           -            462  7.8e-162  536.7  24.5   5   6   4.3e-10   5.9e-07   26.1   0.2   246   292   701   751   668   759 0.79 -
tig00000031:213904-216756 -            951 4448at4891           -            462  7.8e-162  536.7  24.5   6   6  1.4e-126    2e-123  410.1   3.4   278   462   760   951   744   951 0.94 -
tig00000061:648700-650760 -            687 4448at4891           -            462   1.4e-19   67.7   5.8   1   2     1e-22   1.4e-19   67.7   5.8   320   461    95   234    55   235 0.88 -
tig00000061:648700-650760 -            687 4448at4891           -            462   1.4e-19   67.7   5.8   2   2      0.67   9.1e+02   -4.2   7.8   142   250   545   653   509   667 0.60 -
#
# Program:         hmmsearch
# Version:         3.1b2 (February 2015)
# Pipeline mode:   SEARCH
# Query file:      /home/inf-38-2022/BINP29/longread/2/busco_downloads/lineages/saccharomycetes_odb10/hmms/4448at4891.hmm
# Target file:     /home/inf-38-2022/BINP29/longread/2/Results/04_Busco/canu/run_saccharomycetes_odb10/metaeuk_output/initial_results/asm.contigs.fasta.modified.fas
# Option settings: hmmsearch --domtblout /home/inf-38-2022/BINP29/longread/2/Results/04_Busco/canu/run_saccharomycetes_odb10/hmmer_output/initial_run_results/4448at4891.out --cpu 1 /home/inf-38-2022/BINP29/longread/2/busco_downloads/lineages/saccharomycetes_odb10/hmms/4448at4891.hmm /home/inf-38-2022/BINP29/longread/2/Results/04_Busco/canu/run_saccharomycetes_odb10/metaeuk_output/initial_results/asm.contigs.fasta.modified.fas 
# Current dir:     /home/inf-38-2022/BINP29/longread/2
# Date:            Thu Feb 23 14:08:04 2023
# [ok]
