#                                                                                 --- full sequence --- -------------- this domain -------------   hmm coord   ali coord   env coord
# target name             accession   tlen query name           accession   qlen   E-value  score  bias   #  of  c-Evalue  i-Evalue  score  bias  from    to  from    to  from    to  acc description of target
#     ------------------- ---------- ----- -------------------- ---------- ----- --------- ------ ----- --- --- --------- --------- ------ ----- ----- ----- ----- ----- ----- ----- ---- ---------------------
tig00000010:100017-104495 -           1493 469at4891            -            835  7.6e-193  640.0  56.2   1   7   1.3e-59   3.5e-56  187.9   0.1     2   141    97   261    96   265 0.88 -
tig00000010:100017-104495 -           1493 469at4891            -            835  7.6e-193  640.0  56.2   2   7   1.2e-16   3.4e-13   45.7   0.6   139   192   414   467   406   478 0.91 -
tig00000010:100017-104495 -           1493 469at4891            -            835  7.6e-193  640.0  56.2   3   7   8.2e-07    0.0022   13.2   0.2   142   196   479   533   469   540 0.89 -
tig00000010:100017-104495 -           1493 469at4891            -            835  7.6e-193  640.0  56.2   4   7   1.5e-58   4.1e-55  184.3   9.4   141   421   538   854   527   909 0.79 -
tig00000010:100017-104495 -           1493 469at4891            -            835  7.6e-193  640.0  56.2   5   7   1.7e-34   4.7e-31  104.7   2.0   445   584   934  1103   906  1140 0.77 -
tig00000010:100017-104495 -           1493 469at4891            -            835  7.6e-193  640.0  56.2   6   7   1.9e-35   5.1e-32  108.0   5.8   606   759  1165  1347  1143  1354 0.85 -
tig00000010:100017-104495 -           1493 469at4891            -            835  7.6e-193  640.0  56.2   7   7   3.6e-08   9.9e-05   17.7   0.9   745   835  1357  1491  1349  1491 0.69 -
#
# Program:         hmmsearch
# Version:         3.1b2 (February 2015)
# Pipeline mode:   SEARCH
# Query file:      /home/inf-38-2022/BINP29/longread/2/busco_downloads/lineages/saccharomycetes_odb10/hmms/469at4891.hmm
# Target file:     /home/inf-38-2022/BINP29/longread/2/Results/04_Busco/canu/run_saccharomycetes_odb10/metaeuk_output/initial_results/asm.contigs.fasta.modified.fas
# Option settings: hmmsearch --domtblout /home/inf-38-2022/BINP29/longread/2/Results/04_Busco/canu/run_saccharomycetes_odb10/hmmer_output/initial_run_results/469at4891.out --cpu 1 /home/inf-38-2022/BINP29/longread/2/busco_downloads/lineages/saccharomycetes_odb10/hmms/469at4891.hmm /home/inf-38-2022/BINP29/longread/2/Results/04_Busco/canu/run_saccharomycetes_odb10/metaeuk_output/initial_results/asm.contigs.fasta.modified.fas 
# Current dir:     /home/inf-38-2022/BINP29/longread/2
# Date:            Thu Feb 23 14:08:09 2023
# [ok]
