#                                                                                 --- full sequence --- -------------- this domain -------------   hmm coord   ali coord   env coord
# target name             accession   tlen query name           accession   qlen   E-value  score  bias   #  of  c-Evalue  i-Evalue  score  bias  from    to  from    to  from    to  acc description of target
#     ------------------- ---------- ----- -------------------- ---------- ----- --------- ------ ----- --- --- --------- --------- ------ ----- ----- ----- ----- ----- ----- ----- ---- ---------------------
tig00000001:342304-344661 -            786 5053at4891           -            576  1.1e-255  846.6  34.8   1   3  1.3e-109  1.1e-106  354.6  10.6     1   310     4   361     4   369 0.82 -
tig00000001:342304-344661 -            786 5053at4891           -            576  1.1e-255  846.6  34.8   2   3   3.3e-09     3e-06   23.0   2.9   270   326   389   439   382   450 0.72 -
tig00000001:342304-344661 -            786 5053at4891           -            576  1.1e-255  846.6  34.8   3   3  1.7e-146  1.6e-143  476.3   6.1   290   575   453   779   446   780 0.92 -
tig00000010:149009-152557 -           1183 5053at4891           -            576   6.2e-23   78.1   0.6   1   3   3.1e-12   2.8e-09   33.0   0.0    94   258   114   304   105   318 0.73 -
tig00000010:149009-152557 -           1183 5053at4891           -            576   6.2e-23   78.1   0.6   2   3   5.1e-18   4.6e-15   52.1   0.9   288   567   709  1003   667  1011 0.83 -
tig00000010:149009-152557 -           1183 5053at4891           -            576   6.2e-23   78.1   0.6   3   3         3   2.7e+03  -11.1   9.3    17    43  1127  1153  1107  1163 0.50 -
tig00000007:941625-944498 -            958 5053at4891           -            576     0.013   11.0   2.6   1   1   2.3e-05     0.021   10.3   2.6    20    80   802   864   794   881 0.87 -
#
# Program:         hmmsearch
# Version:         3.1b2 (February 2015)
# Pipeline mode:   SEARCH
# Query file:      /home/inf-38-2022/BINP29/longread/2/busco_downloads/lineages/saccharomycetes_odb10/hmms/5053at4891.hmm
# Target file:     /home/inf-38-2022/BINP29/longread/2/Results/04_Busco/canu/run_saccharomycetes_odb10/metaeuk_output/initial_results/asm.contigs.fasta.modified.fas
# Option settings: hmmsearch --domtblout /home/inf-38-2022/BINP29/longread/2/Results/04_Busco/canu/run_saccharomycetes_odb10/hmmer_output/initial_run_results/5053at4891.out --cpu 1 /home/inf-38-2022/BINP29/longread/2/busco_downloads/lineages/saccharomycetes_odb10/hmms/5053at4891.hmm /home/inf-38-2022/BINP29/longread/2/Results/04_Busco/canu/run_saccharomycetes_odb10/metaeuk_output/initial_results/asm.contigs.fasta.modified.fas 
# Current dir:     /home/inf-38-2022/BINP29/longread/2
# Date:            Thu Feb 23 14:08:10 2023
# [ok]
