#                                                                                 --- full sequence --- -------------- this domain -------------   hmm coord   ali coord   env coord
# target name             accession   tlen query name           accession   qlen   E-value  score  bias   #  of  c-Evalue  i-Evalue  score  bias  from    to  from    to  from    to  acc description of target
#     ------------------- ---------- ----- -------------------- ---------- ----- --------- ------ ----- --- --- --------- --------- ------ ----- ----- ----- ----- ----- ----- ----- ---- ---------------------
tig00000012:456206-458266 -            687 5096at4891           -            516  4.1e-284  940.0  13.7   1   1  1.3e-283  7.3e-281  929.2  13.7     5   513    84   672    80   675 0.91 -
tig00000023:120356-121765 -            470 5096at4891           -            516   1.8e-30  103.1   1.9   1   2   1.4e-23   7.7e-21   71.3   0.4    16   274     3   272     1   279 0.84 -
tig00000023:120356-121765 -            470 5096at4891           -            516   1.8e-30  103.1   1.9   2   2     4e-11   2.2e-08   30.3   0.0   373   438   405   470   377   470 0.89 -
tig00000034:390609-392003 -            465 5096at4891           -            516   5.6e-20   68.5   0.3   1   2   3.8e-18   2.1e-15   53.4   0.0    20   283     5   292     1   309 0.77 -
tig00000034:390609-392003 -            465 5096at4891           -            516   5.6e-20   68.5   0.3   2   2   4.9e-06    0.0027   13.5   0.1   382   438   405   465   370   465 0.79 -
tig00000034:212338-213972 -            545 5096at4891           -            516   2.3e-19   66.5   0.3   1   2   3.8e-17   2.1e-14   50.1   0.1    19   283     4   292     1   308 0.77 -
tig00000034:212338-213972 -            545 5096at4891           -            516   2.3e-19   66.5   0.3   2   2   2.2e-06    0.0012   14.6   0.0   381   440   407   467   370   472 0.75 -
tig00000005:447745-449142 -            466 5096at4891           -            516     2e-18   63.4   0.2   1   1   3.6e-20     2e-17   60.1   0.2    19   439     4   466     1   466 0.68 -
#
# Program:         hmmsearch
# Version:         3.1b2 (February 2015)
# Pipeline mode:   SEARCH
# Query file:      /home/inf-38-2022/BINP29/longread/2/busco_downloads/lineages/saccharomycetes_odb10/hmms/5096at4891.hmm
# Target file:     /home/inf-38-2022/BINP29/longread/2/Results/04_Busco/canu/run_saccharomycetes_odb10/metaeuk_output/initial_results/asm.contigs.fasta.modified.fas
# Option settings: hmmsearch --domtblout /home/inf-38-2022/BINP29/longread/2/Results/04_Busco/canu/run_saccharomycetes_odb10/hmmer_output/initial_run_results/5096at4891.out --cpu 1 /home/inf-38-2022/BINP29/longread/2/busco_downloads/lineages/saccharomycetes_odb10/hmms/5096at4891.hmm /home/inf-38-2022/BINP29/longread/2/Results/04_Busco/canu/run_saccharomycetes_odb10/metaeuk_output/initial_results/asm.contigs.fasta.modified.fas 
# Current dir:     /home/inf-38-2022/BINP29/longread/2
# Date:            Thu Feb 23 14:08:10 2023
# [ok]
