#                                                                                   --- full sequence --- -------------- this domain -------------   hmm coord   ali coord   env coord
# target name               accession   tlen query name           accession   qlen   E-value  score  bias   #  of  c-Evalue  i-Evalue  score  bias  from    to  from    to  from    to  acc description of target
#       ------------------- ---------- ----- -------------------- ---------- ----- --------- ------ ----- --- --- --------- --------- ------ ----- ----- ----- ----- ----- ----- ----- ---- ---------------------
tig00000023:325699-327333   -            545 5370at4891           -            409  4.2e-198  655.4   5.1   1   2  2.8e-187  1.6e-185  614.0   0.1     1   377    30   460    30   474 0.92 -
tig00000023:325699-327333   -            545 5370at4891           -            409  4.2e-198  655.4   5.1   2   2   5.3e-13     3e-11   40.0   2.3   362   403   476   517   456   521 0.88 -
tig00000034:379525-382353   -            943 5370at4891           -            409   4.1e-19   65.9  12.5   1   7   3.7e-05    0.0021   14.2   0.0   188   247    91   150    42   157 0.80 -
tig00000034:379525-382353   -            943 5370at4891           -            409   4.1e-19   65.9  12.5   2   7    0.0034       0.2    7.7   0.2   212   275   157   230   152   238 0.57 -
tig00000034:379525-382353   -            943 5370at4891           -            409   4.1e-19   65.9  12.5   3   7    0.0018       0.1    8.7   0.0   208   250   381   422   373   429 0.83 -
tig00000034:379525-382353   -            943 5370at4891           -            409   4.1e-19   65.9  12.5   4   7   1.7e-05   0.00096   15.3   0.0   190   249   444   504   425   516 0.88 -
tig00000034:379525-382353   -            943 5370at4891           -            409   4.1e-19   65.9  12.5   5   7     0.003      0.17    7.9   0.0   212   248   567   603   545   636 0.82 -
tig00000034:379525-382353   -            943 5370at4891           -            409   4.1e-19   65.9  12.5   6   7   4.8e-05    0.0028   13.8   0.0   198   246   637   685   631   691 0.92 -
tig00000034:379525-382353   -            943 5370at4891           -            409   4.1e-19   65.9  12.5   7   7       3.3   1.9e+02   -2.1   0.6     1    55   872   927   872   933 0.80 -
tig00000018:621173-622084   -            304 5370at4891           -            409     9e-17   58.2   1.8   1   4   2.9e-10   1.7e-08   31.0   0.1   148   249     5   107     2   114 0.86 -
tig00000018:621173-622084   -            304 5370at4891           -            409     9e-17   58.2   1.8   2   4    0.0015     0.084    8.9   0.0   216   287   115   188   108   198 0.79 -
tig00000018:621173-622084   -            304 5370at4891           -            409     9e-17   58.2   1.8   3   4     0.002      0.11    8.5   0.0   207   248   197   238   172   251 0.83 -
tig00000018:621173-622084   -            304 5370at4891           -            409     9e-17   58.2   1.8   4   4    0.0051      0.29    7.2   0.0   220   248   253   281   241   289 0.85 -
tig00000014:605092-607482   -            797 5370at4891           -            409   1.3e-16   57.7   0.1   1   2   4.1e-08   2.3e-06   23.9   0.0   176   246   525   595   515   600 0.91 -
tig00000014:605092-607482   -            797 5370at4891           -            409   1.3e-16   57.7   0.1   2   2   2.7e-09   1.5e-07   27.8   0.0   147   253   622   729   609   740 0.88 -
tig00000037:74530-75222     -            231 5370at4891           -            409   9.6e-14   48.3   0.8   1   5   0.00017    0.0094   12.1   0.0   221   250     1    30     1    50 0.88 -
tig00000037:74530-75222     -            231 5370at4891           -            409   9.6e-14   48.3   0.8   2   5   0.00019     0.011   11.9   0.0   214   267    36    89    30    92 0.72 -
tig00000037:74530-75222     -            231 5370at4891           -            409   9.6e-14   48.3   0.8   3   5    0.0014     0.081    9.0   0.1   216   246    79   110    75   116 0.86 -
tig00000037:74530-75222     -            231 5370at4891           -            409   9.6e-14   48.3   0.8   4   5   0.00021     0.012   11.7   0.0   217   266   130   180   127   202 0.74 -
tig00000037:74530-75222     -            231 5370at4891           -            409   9.6e-14   48.3   0.8   5   5      0.11       6.4    2.7   0.0   204   248   171   215   163   223 0.89 -
tig00000037:112469-115222   -            918 5370at4891           -            409     4e-13   46.2   0.1   1   5      0.19        11    2.0   0.0   222   287    69   139    52   149 0.67 -
tig00000037:112469-115222   -            918 5370at4891           -            409     4e-13   46.2   0.1   2   5      0.18        10    2.0   0.0   220   249   148   177   134   188 0.80 -
tig00000037:112469-115222   -            918 5370at4891           -            409     4e-13   46.2   0.1   3   5   3.3e-05    0.0019   14.4   0.0   142   248   268   375   260   379 0.90 -
tig00000037:112469-115222   -            918 5370at4891           -            409     4e-13   46.2   0.1   4   5   0.00018      0.01   11.9   0.0   178   248   347   417   340   426 0.87 -
tig00000037:112469-115222   -            918 5370at4891           -            409     4e-13   46.2   0.1   5   5   7.3e-06   0.00042   16.5   0.0   181   257   435   514   420   536 0.80 -
tig00000037:93821-94819     -            333 5370at4891           -            409   5.1e-13   45.9   7.8   1   5     0.007       0.4    6.7   0.2   187   251    15    87     7   107 0.64 -
tig00000037:93821-94819     -            333 5370at4891           -            409   5.1e-13   45.9   7.8   2   5     0.039       2.2    4.2   0.2   197   249    75   126    69   138 0.56 -
tig00000037:93821-94819     -            333 5370at4891           -            409   5.1e-13   45.9   7.8   3   5     7e-09     4e-07   26.5   0.0   189   249   190   251   176   257 0.84 -
tig00000037:93821-94819     -            333 5370at4891           -            409   5.1e-13   45.9   7.8   4   5   0.00033     0.019   11.1   0.1   217   251   261   295   253   314 0.84 -
tig00000037:93821-94819     -            333 5370at4891           -            409   5.1e-13   45.9   7.8   5   5       1.6        89   -1.0   0.0   218   245   304   331   297   332 0.76 -
tig00000010:275560-276894   -            445 5370at4891           -            409   1.7e-12   44.2   3.1   1   5    0.0064      0.36    6.8   0.1   216   249   131   165   119   173 0.80 -
tig00000010:275560-276894   -            445 5370at4891           -            409   1.7e-12   44.2   3.1   2   5   3.7e-05    0.0021   14.2   0.1   190   250   148   208   132   213 0.84 -
tig00000010:275560-276894   -            445 5370at4891           -            409   1.7e-12   44.2   3.1   3   5    0.0024      0.14    8.2   0.1   219   249   219   249   210   253 0.90 -
tig00000010:275560-276894   -            445 5370at4891           -            409   1.7e-12   44.2   3.1   4   5    0.0024      0.13    8.3   0.0   210   253   252   295   249   313 0.88 -
tig00000010:275560-276894   -            445 5370at4891           -            409   1.7e-12   44.2   3.1   5   5    0.0039      0.22    7.5   0.0   164   252   331   427   302   434 0.64 -
tig00000018:41834-43183     -            450 5370at4891           -            409     6e-11   39.1   0.1   1   3   9.7e-07   5.5e-05   19.4   0.1   167   250   111   194    79   216 0.79 -
tig00000018:41834-43183     -            450 5370at4891           -            409     6e-11   39.1   0.1   2   3   0.00025     0.014   11.4   0.0   192   267   220   297   206   303 0.81 -
tig00000018:41834-43183     -            450 5370at4891           -            409     6e-11   39.1   0.1   3   3     0.038       2.1    4.3   0.0   207   246   323   363   313   375 0.80 -
tig00000014:211666-214185   -            840 5370at4891           -            409   1.1e-10   38.2   0.0   1   4     0.018         1    5.4   0.0   218   248    17    47    10    56 0.87 -
tig00000014:211666-214185   -            840 5370at4891           -            409   1.1e-10   38.2   0.0   2   4    0.0014     0.081    9.0   0.0   207   252    68   113    63   120 0.90 -
tig00000014:211666-214185   -            840 5370at4891           -            409   1.1e-10   38.2   0.0   3   4   8.4e-05    0.0048   13.0   0.0   199   255   160   216   143   222 0.87 -
tig00000014:211666-214185   -            840 5370at4891           -            409   1.1e-10   38.2   0.0   4   4     0.029       1.6    4.7   0.0   190   244   327   382   317   389 0.68 -
tig00000022:516138-517016   -            293 5370at4891           -            409   4.2e-10   36.3   0.0   1   3    0.0011     0.062    9.4   0.0   218   255    14    52     6    59 0.80 -
tig00000022:516138-517016   -            293 5370at4891           -            409   4.2e-10   36.3   0.0   2   3       4.4   2.5e+02   -2.5   0.0   232   249    88   105    68   126 0.60 -
tig00000022:516138-517016   -            293 5370at4891           -            409   4.2e-10   36.3   0.0   3   3   3.4e-08   1.9e-06   24.2   0.0   185   259   148   220   133   253 0.85 -
tig00000078:494342-496789   -            816 5370at4891           -            409   2.5e-09   33.7   0.6   1   5      0.61        35    0.3   0.0   206   258    48   102    42   114 0.77 -
tig00000078:494342-496789   -            816 5370at4891           -            409   2.5e-09   33.7   0.6   2   5   0.00019     0.011   11.9   0.0   148   249   116   227   108   236 0.82 -
tig00000078:494342-496789   -            816 5370at4891           -            409   2.5e-09   33.7   0.6   3   5       9.6   5.5e+02   -3.6   0.0   222   246   392   416   381   422 0.83 -
tig00000078:494342-496789   -            816 5370at4891           -            409   2.5e-09   33.7   0.6   4   5     0.014      0.82    5.7   0.0   216   251   489   524   468   543 0.78 -
tig00000078:494342-496789   -            816 5370at4891           -            409   2.5e-09   33.7   0.6   5   5   0.00082     0.047    9.8   0.0   141   245   540   644   528   651 0.55 -
tig00000001:195246-198842   -           1199 5370at4891           -            409     1e-08   31.7   0.1   1   3   1.6e-05   0.00092   15.4   0.0   155   249    32   126    14   140 0.90 -
tig00000001:195246-198842   -           1199 5370at4891           -            409     1e-08   31.7   0.1   2   3       1.2        67   -0.6   0.0   233   248   152   167   145   175 0.84 -
tig00000001:195246-198842   -           1199 5370at4891           -            409     1e-08   31.7   0.1   3   3   0.00021     0.012   11.7   0.0   190   275   223   311   201   344 0.82 -
tig00000061:551101-551736   -            212 5370at4891           -            409   1.6e-08   31.1   0.1   1   2    0.0015     0.088    8.9   0.0   228   268    10    51     2    68 0.76 -
tig00000061:551101-551736   -            212 5370at4891           -            409   1.6e-08   31.1   0.1   2   2   4.7e-07   2.7e-05   20.4   0.0   185   255    73   141    52   162 0.86 -
tig00000010:208878-211913   -           1012 5370at4891           -            409   1.6e-08   31.1   1.2   1   3   2.9e-08   1.6e-06   24.4   0.1   191   261   152   222   142   257 0.86 -
tig00000010:208878-211913   -           1012 5370at4891           -            409   1.6e-08   31.1   1.2   2   3      0.22        13    1.7   0.0   226   253   774   802   765   853 0.66 -
tig00000010:208878-211913   -           1012 5370at4891           -            409   1.6e-08   31.1   1.2   3   3      0.43        25    0.8   0.0   218   256   936   974   870   993 0.80 -
tig00000007:828201-829577   -            459 5370at4891           -            409   4.9e-08   29.5   3.9   1   4      0.19        11    2.0   0.1   215   248   141   173   117   193 0.67 -
tig00000007:828201-829577   -            459 5370at4891           -            409   4.9e-08   29.5   3.9   2   4     0.044       2.5    4.1   0.0   239   281   198   241   191   257 0.86 -
tig00000007:828201-829577   -            459 5370at4891           -            409   4.9e-08   29.5   3.9   3   4   0.00088      0.05    9.7   0.1   185   269   252   339   248   345 0.79 -
tig00000007:828201-829577   -            459 5370at4891           -            409   4.9e-08   29.5   3.9   4   4   9.6e-05    0.0055   12.8   0.0   184   259   337   418   325   440 0.73 -
tig00000014:436668-438272   -            535 5370at4891           -            409     6e-08   29.2   0.5   1   3    0.0024      0.14    8.2   0.3   191   266   235   310   213   315 0.77 -
tig00000014:436668-438272   -            535 5370at4891           -            409     6e-08   29.2   0.5   2   3    0.0033      0.19    7.8   0.0   197   254   338   395   333   418 0.83 -
tig00000014:436668-438272   -            535 5370at4891           -            409     6e-08   29.2   0.5   3   3   0.00073     0.041    9.9   0.0   195   254   419   478   396   489 0.86 -
tig00000010:895817-897205   -            463 5370at4891           -            409   1.9e-07   27.5   0.4   1   3     0.016       0.9    5.5   0.0   214   267   260   314   230   320 0.84 -
tig00000010:895817-897205   -            463 5370at4891           -            409   1.9e-07   27.5   0.4   2   3   2.4e-05    0.0013   14.8   0.1   199   254   329   384   319   402 0.85 -
tig00000010:895817-897205   -            463 5370at4891           -            409   1.9e-07   27.5   0.4   3   3      0.11       6.3    2.8   0.0   201   245   419   463   408   463 0.80 -
tig00000005:613155-613865   -            237 5370at4891           -            409   2.3e-07   27.3   0.7   1   2   6.9e-05    0.0039   13.3   0.4   131   255    32   162     2   179 0.65 -
tig00000005:613155-613865   -            237 5370at4891           -            409   2.3e-07   27.3   0.7   2   2     9e-05    0.0051   12.9   0.0   183   245   175   237   166   237 0.93 -
tig00000039:157839-159113   -            425 5370at4891           -            409   3.9e-07   26.5   0.0   1   2   4.8e-06   0.00027   17.1   0.0   179   249    29   103    21   114 0.86 -
tig00000039:157839-159113   -            425 5370at4891           -            409   3.9e-07   26.5   0.0   2   2    0.0063      0.36    6.8   0.0   187   249   180   245   171   260 0.78 -
tig00000012:377902-378939   -            346 5370at4891           -            409   5.7e-07   25.9   0.0   1   3   5.2e-06    0.0003   17.0   0.0   183   251    17    85     4   103 0.84 -
tig00000012:377902-378939   -            346 5370at4891           -            409   5.7e-07   25.9   0.0   2   3      0.16       9.2    2.2   0.0   227   287   162   224   136   268 0.59 -
tig00000012:377902-378939   -            346 5370at4891           -            409   5.7e-07   25.9   0.0   3   3     0.027       1.5    4.8   0.0   126   245   189   320   182   326 0.58 -
tig00000034:113188-114642   -            485 5370at4891           -            409   8.1e-07   25.5   1.8   1   3   0.00011     0.006   12.7   0.0   191   263    83   166    69   177 0.82 -
tig00000034:113188-114642   -            485 5370at4891           -            409   8.1e-07   25.5   1.8   2   3    0.0023      0.13    8.3   0.1   198   256   199   258   188   274 0.80 -
tig00000034:113188-114642   -            485 5370at4891           -            409   8.1e-07   25.5   1.8   3   3       0.3        17    1.3   0.0   205   248   292   335   259   352 0.72 -
tig00000001:983271-984236   -            322 5370at4891           -            409   1.3e-06   24.7   0.1   1   2   1.1e-07   6.3e-06   22.5   0.1   158   249    38   135    24   183 0.81 -
tig00000001:983271-984236   -            322 5370at4891           -            409   1.3e-06   24.7   0.1   2   2      0.79        45   -0.1   0.0   190   205   164   179   142   226 0.51 -
tig00000012:441659-442144   -            162 5370at4891           -            409   1.4e-06   24.7   0.8   1   2   0.00036     0.021   10.9   0.0   216   249    64    97    53   102 0.84 -
tig00000012:441659-442144   -            162 5370at4891           -            409   1.4e-06   24.7   0.8   2   2   0.00012    0.0067   12.6   0.2   212   250   102   140    96   151 0.86 -
tig00000014:571412-572308   -            299 5370at4891           -            409   1.4e-06   24.6   0.0   1   2   7.5e-06   0.00043   16.5   0.0   215   249    78   112    68   134 0.77 -
tig00000014:571412-572308   -            299 5370at4891           -            409   1.4e-06   24.6   0.0   2   2     0.019       1.1    5.3   0.0   219   247   175   203   136   227 0.88 -
tig00000012:401735-403267   -            511 5370at4891           -            409   2.5e-06   23.8   0.9   1   2   3.1e-05    0.0018   14.5   0.2   216   271   319   378   307   382 0.84 -
tig00000012:401735-403267   -            511 5370at4891           -            409   2.5e-06   23.8   0.9   2   2    0.0036      0.21    7.6   0.0   194   248   385   448   380   460 0.68 -
tig00000023:290906-291760   -            285 5370at4891           -            409   3.1e-06   23.5   2.0   1   4      0.01      0.58    6.2   0.0   230   254    16    40     3    51 0.83 -
tig00000023:290906-291760   -            285 5370at4891           -            409   3.1e-06   23.5   2.0   2   4      0.28        16    1.4   0.0   227   247    57    77    42    83 0.77 -
tig00000023:290906-291760   -            285 5370at4891           -            409   3.1e-06   23.5   2.0   3   4   0.00063     0.036   10.2   0.1   188   251   123   186   108   192 0.85 -
tig00000023:290906-291760   -            285 5370at4891           -            409   3.1e-06   23.5   2.0   4   4      0.12       6.8    2.6   0.0   203   248   193   243   186   273 0.72 -
tig00000078:89274-91226     -            651 5370at4891           -            409   3.1e-06   23.5   0.1   1   1   1.5e-07   8.3e-06   22.1   0.0   190   251   155   215   137   226 0.87 -
tig00000005:614650-615420   -            257 5370at4891           -            409   7.2e-06   22.3   0.1   1   3     0.018         1    5.3   0.0   214   249    68   103    44   109 0.76 -
tig00000005:614650-615420   -            257 5370at4891           -            409   7.2e-06   22.3   0.1   2   3    0.0025      0.14    8.2   0.0   214   247   110   143   105   152 0.90 -
tig00000005:614650-615420   -            257 5370at4891           -            409   7.2e-06   22.3   0.1   3   3     0.017      0.95    5.5   0.0   186   249   190   255   169   257 0.70 -
tig00000005:814912-815754   -            281 5370at4891           -            409   7.9e-06   22.2   0.8   1   2     2e-06   0.00012   18.3   0.2   158   269    46   158    35   163 0.81 -
tig00000005:814912-815754   -            281 5370at4891           -            409   7.9e-06   22.2   0.8   2   2      0.14       7.9    2.4   0.0   163   247   189   275   180   281 0.72 -
tig00000022:404776-405999   -            408 5370at4891           -            409   8.2e-06   22.1   3.8   1   4    0.0034      0.19    7.8   0.0   210   262    38    88    31    98 0.84 -
tig00000022:404776-405999   -            408 5370at4891           -            409   8.2e-06   22.1   3.8   2   4     0.051       2.9    3.9   0.4   199   250   124   175   110   186 0.84 -
tig00000022:404776-405999   -            408 5370at4891           -            409   8.2e-06   22.1   3.8   3   4      0.17       9.9    2.1   0.0   105   130   193   219   182   260 0.69 -
tig00000022:404776-405999   -            408 5370at4891           -            409   8.2e-06   22.1   3.8   4   4     0.014      0.82    5.7   0.0   226   254   304   332   283   361 0.76 -
tig00000014:599591-600409   -            273 5370at4891           -            409   1.6e-05   21.2   2.0   1   3    0.0044      0.25    7.4   0.1   181   251    61   141    43   160 0.75 -
tig00000014:599591-600409   -            273 5370at4891           -            409   1.6e-05   21.2   2.0   2   3     0.033       1.9    4.5   0.0   231   261   166   196   141   211 0.66 -
tig00000014:599591-600409   -            273 5370at4891           -            409   1.6e-05   21.2   2.0   3   3   0.00041     0.023   10.8   0.3   148   245   167   268   162   271 0.75 -
tig00000005:195583-197937   -            785 5370at4891           -            409   2.1e-05   20.8   0.7   1   4   0.00045     0.026   10.6   0.0   192   298    31   153    15   177 0.65 -
tig00000005:195583-197937   -            785 5370at4891           -            409   2.1e-05   20.8   0.7   2   4      0.46        26    0.7   0.0   214   250   198   238   190   263 0.75 -
tig00000005:195583-197937   -            785 5370at4891           -            409   2.1e-05   20.8   0.7   3   4      0.58        33    0.4   0.0   214   245   381   412   356   421 0.81 -
tig00000005:195583-197937   -            785 5370at4891           -            409   2.1e-05   20.8   0.7   4   4      0.15       8.5    2.3   0.0   230   253   667   690   631   708 0.86 -
tig00000083:182049-182867   -            273 5370at4891           -            409   2.4e-05   20.6   1.6   1   4      0.48        27    0.7   0.0   199   246     7    52     1    60 0.67 -
tig00000083:182049-182867   -            273 5370at4891           -            409   2.4e-05   20.6   1.6   2   4   0.00011    0.0063   12.6   0.2   162   252    52   139    38   150 0.81 -
tig00000083:182049-182867   -            273 5370at4891           -            409   2.4e-05   20.6   1.6   3   4      0.11         6    2.8   0.0   233   251   209   227   197   245 0.73 -
tig00000083:182049-182867   -            273 5370at4891           -            409   2.4e-05   20.6   1.6   4   4      0.58        33    0.4   0.0   233   249   249   265   229   271 0.74 -
tig00000038:75034-76008     -            325 5370at4891           -            409   6.1e-05   19.3   0.0   1   2   8.2e-05    0.0047   13.1   0.0   196   248   220   273   208   279 0.88 -
tig00000038:75034-76008     -            325 5370at4891           -            409   6.1e-05   19.3   0.0   2   2      0.05       2.8    3.9   0.0   219   251   288   320   281   324 0.85 -
tig00000038:154278-154922   -            215 5370at4891           -            409   6.5e-05   19.2   0.2   1   3    0.0013     0.072    9.1   0.1   194   254    22    81     2    90 0.77 -
tig00000038:154278-154922   -            215 5370at4891           -            409   6.5e-05   19.2   0.2   2   3      0.13       7.4    2.5   0.0   227   249    98   120    82   127 0.76 -
tig00000038:154278-154922   -            215 5370at4891           -            409   6.5e-05   19.2   0.2   3   3     0.054         3    3.8   0.0   219   251   152   185   135   197 0.77 -
tig00000018:171370-172173   -            268 5370at4891           -            409   8.3e-05   18.8   0.2   1   4      0.53        30    0.5   0.0   224   251     4    31     1    44 0.81 -
tig00000018:171370-172173   -            268 5370at4891           -            409   8.3e-05   18.8   0.2   2   4      0.33        19    1.2   0.0   216   259    93   138    48   142 0.81 -
tig00000018:171370-172173   -            268 5370at4891           -            409   8.3e-05   18.8   0.2   3   4      0.13       7.4    2.5   0.1    68    97   148   177   143   180 0.92 -
tig00000018:171370-172173   -            268 5370at4891           -            409   8.3e-05   18.8   0.2   4   4    0.0014     0.078    9.0   0.0   211   251   181   221   177   241 0.88 -
tig00000007:62181-66089     -           1303 5370at4891           -            409   8.9e-05   18.7   0.2   1   3   6.2e-05    0.0035   13.5   0.2   184   263   184   269   165   281 0.77 -
tig00000007:62181-66089     -           1303 5370at4891           -            409   8.9e-05   18.7   0.2   2   3         4   2.3e+02   -2.4   0.0   154   203   311   361   303   370 0.73 -
tig00000007:62181-66089     -           1303 5370at4891           -            409   8.9e-05   18.7   0.2   3   3      0.26        15    1.6   0.0   290   311  1186  1208  1167  1217 0.82 -
tig00000023:374822-375916   -            365 5370at4891           -            409   0.00013   18.1   0.1   1   4     0.013      0.74    5.8   0.0   217   251    35    70    12    90 0.77 -
tig00000023:374822-375916   -            365 5370at4891           -            409   0.00013   18.1   0.1   2   4      0.14         8    2.4   0.0   225   256    87   118    75   135 0.82 -
tig00000023:374822-375916   -            365 5370at4891           -            409   0.00013   18.1   0.1   3   4     0.013      0.76    5.8   0.1   232   255   139   162   120   187 0.79 -
tig00000023:374822-375916   -            365 5370at4891           -            409   0.00013   18.1   0.1   4   4       3.5     2e+02   -2.2   0.0   220   247   271   298   266   328 0.66 -
tig00000078:139174-141975   -            934 5370at4891           -            409   0.00017   17.8   4.0   1   4     0.096       5.4    3.0   0.2   112   180    83   156    67   164 0.75 -
tig00000078:139174-141975   -            934 5370at4891           -            409   0.00017   17.8   4.0   2   4      0.42        24    0.9   0.0   154   246   180   272   160   282 0.75 -
tig00000078:139174-141975   -            934 5370at4891           -            409   0.00017   17.8   4.0   3   4     0.022       1.2    5.1   0.0   192   249   471   528   451   550 0.85 -
tig00000078:139174-141975   -            934 5370at4891           -            409   0.00017   17.8   4.0   4   4     0.003      0.17    7.9   0.0   150   260   513   632   512   718 0.73 -
tig00000012:566644-568977   -            778 5370at4891           -            409   0.00024   17.3   0.1   1   3   0.00039     0.022   10.8   0.0   217   248   407   438   400   452 0.90 -
tig00000012:566644-568977   -            778 5370at4891           -            409   0.00024   17.3   0.1   2   3      0.25        14    1.6   0.0   210   240   557   587   538   621 0.78 -
tig00000012:566644-568977   -            778 5370at4891           -            409   0.00024   17.3   0.1   3   3      0.41        24    0.9   0.0   208   273   641   708   581   728 0.66 -
tig00000001:1183590-1184819 -            410 5370at4891           -            409   0.00033   16.9   0.0   1   3    0.0022      0.12    8.4   0.0   191   249   133   192   118   204 0.80 -
tig00000001:1183590-1184819 -            410 5370at4891           -            409   0.00033   16.9   0.0   2   3     0.031       1.8    4.6   0.0   165   261   192   290   189   299 0.60 -
tig00000001:1183590-1184819 -            410 5370at4891           -            409   0.00033   16.9   0.0   3   3       2.3   1.3e+02   -1.6   0.0   217   250   337   370   323   392 0.75 -
tig00000005:1021434-1022621 -            396 5370at4891           -            409   0.00056   16.1   0.0   1   3         9   5.1e+02   -3.5   0.0   232   248    28    44    20    70 0.72 -
tig00000005:1021434-1022621 -            396 5370at4891           -            409   0.00056   16.1   0.0   2   3      0.02       1.1    5.2   0.0   252   310   189   255   183   259 0.70 -
tig00000005:1021434-1022621 -            396 5370at4891           -            409   0.00056   16.1   0.0   3   3    0.0026      0.15    8.1   0.0   206   251   280   324   265   343 0.76 -
tig00000007:404187-405866   -            560 5370at4891           -            409    0.0031   13.7   0.0   1   2      0.52        30    0.5   0.0   217   255    30    67     7    93 0.80 -
tig00000007:404187-405866   -            560 5370at4891           -            409    0.0031   13.7   0.0   2   2   0.00051     0.029   10.5   0.0   185   244   154   214   147   230 0.89 -
tig00000018:569634-570797   -            388 5370at4891           -            409    0.0076   12.4   0.0   1   2   0.00043     0.025   10.7   0.0   190   251    27    91    15   109 0.84 -
tig00000018:569634-570797   -            388 5370at4891           -            409    0.0076   12.4   0.0   2   2       3.8   2.2e+02   -2.3   0.0   221   249   294   323   288   327 0.72 -
tig00000005:792126-793166   -            347 5370at4891           -            409     0.011   11.8   0.6   1   3     0.018         1    5.3   0.1   221   260    12    50     6    67 0.72 -
tig00000005:792126-793166   -            347 5370at4891           -            409     0.011   11.8   0.6   2   3      0.22        13    1.7   0.1   228   247    67    86    52    96 0.81 -
tig00000005:792126-793166   -            347 5370at4891           -            409     0.011   11.8   0.6   3   3      0.31        18    1.3   0.0   217   247   303   333   280   344 0.74 -
tig00000022:411540-412517   -            326 5370at4891           -            409     0.014   11.5   0.0   1   3     0.046       2.6    4.0   0.0   218   246    24    52    18    99 0.76 -
tig00000022:411540-412517   -            326 5370at4891           -            409     0.014   11.5   0.0   2   3     0.012      0.66    6.0   0.0   147   253    38   145    36   151 0.83 -
tig00000022:411540-412517   -            326 5370at4891           -            409     0.014   11.5   0.0   3   3      0.43        24    0.8   0.0    69    98   203   232   191   239 0.81 -
tig00000001:175584-177149   -            522 5370at4891           -            409     0.015   11.4   0.0   1   2    0.0014     0.081    9.0   0.0   175   250   289   366   275   377 0.69 -
tig00000001:175584-177149   -            522 5370at4891           -            409     0.015   11.4   0.0   2   2       1.2        66   -0.6   0.0   217   257   389   429   372   468 0.68 -
#
# Program:         hmmsearch
# Version:         3.1b2 (February 2015)
# Pipeline mode:   SEARCH
# Query file:      /home/inf-38-2022/BINP29/longread/2/busco_downloads/lineages/saccharomycetes_odb10/hmms/5370at4891.hmm
# Target file:     /home/inf-38-2022/BINP29/longread/2/Results/04_Busco/canu/run_saccharomycetes_odb10/metaeuk_output/initial_results/asm.contigs.fasta.modified.fas
# Option settings: hmmsearch --domtblout /home/inf-38-2022/BINP29/longread/2/Results/04_Busco/canu/run_saccharomycetes_odb10/hmmer_output/initial_run_results/5370at4891.out --cpu 1 /home/inf-38-2022/BINP29/longread/2/busco_downloads/lineages/saccharomycetes_odb10/hmms/5370at4891.hmm /home/inf-38-2022/BINP29/longread/2/Results/04_Busco/canu/run_saccharomycetes_odb10/metaeuk_output/initial_results/asm.contigs.fasta.modified.fas 
# Current dir:     /home/inf-38-2022/BINP29/longread/2
# Date:            Thu Feb 23 14:08:13 2023
# [ok]
