#                                                                                   --- full sequence --- -------------- this domain -------------   hmm coord   ali coord   env coord
# target name               accession   tlen query name           accession   qlen   E-value  score  bias   #  of  c-Evalue  i-Evalue  score  bias  from    to  from    to  from    to  acc description of target
#       ------------------- ---------- ----- -------------------- ---------- ----- --------- ------ ----- --- --- --------- --------- ------ ----- ----- ----- ----- ----- ----- ----- ---- ---------------------
tig00000007:62181-66089     -           1303 5502at4891           -            403   2.9e-95  316.8  21.3   1   7   0.00049      0.02   11.1   0.0     2    32   102   136   101   161 0.82 -
tig00000007:62181-66089     -           1303 5502at4891           -            403   2.9e-95  316.8  21.3   2   7   5.1e-19   2.1e-17   60.4   6.8    34   126   169   293   150   297 0.74 -
tig00000007:62181-66089     -           1303 5502at4891           -            403   2.9e-95  316.8  21.3   3   7   6.5e-30   2.7e-28   96.3   0.0   116   175   303   366   294   373 0.91 -
tig00000007:62181-66089     -           1303 5502at4891           -            403   2.9e-95  316.8  21.3   4   7   8.1e-26   3.4e-24   82.8   0.0   173   278   397   515   394   530 0.85 -
tig00000007:62181-66089     -           1303 5502at4891           -            403   2.9e-95  316.8  21.3   5   7     0.097         4    3.5   0.1   252   321   629   693   610   711 0.70 -
tig00000007:62181-66089     -           1303 5502at4891           -            403   2.9e-95  316.8  21.3   6   7   8.3e-08   3.4e-06   23.5   0.3   296   340   810   853   779   865 0.83 -
tig00000007:62181-66089     -           1303 5502at4891           -            403   2.9e-95  316.8  21.3   7   7   1.3e-13   5.2e-12   42.7   0.1   333   398  1123  1198  1109  1212 0.83 -
tig00000034:379525-382353   -            943 5502at4891           -            403   1.4e-24   84.0  15.7   1   4    0.0083      0.34    7.0   0.0    81   106    93   118    89   119 0.86 -
tig00000034:379525-382353   -            943 5502at4891           -            403   1.4e-24   84.0  15.7   2   4   2.6e-11   1.1e-09   35.0   1.2    65   172   116   231   114   238 0.86 -
tig00000034:379525-382353   -            943 5502at4891           -            403   1.4e-24   84.0  15.7   3   4   3.3e-08   1.4e-06   24.8   0.1    65   179   386   509   381   537 0.82 -
tig00000034:379525-382353   -            943 5502at4891           -            403   1.4e-24   84.0  15.7   4   4   1.7e-08   7.1e-07   25.7   1.4    65   177   568   691   503   698 0.72 -
tig00000001:195246-198842   -           1199 5502at4891           -            403   5.4e-22   75.6   2.6   1   3   1.2e-13   4.9e-12   42.8   0.3    51   173    28   167    23   172 0.81 -
tig00000001:195246-198842   -           1199 5502at4891           -            403   5.4e-22   75.6   2.6   2   3   0.00098     0.041   10.1   0.0    66    99   205   241   202   244 0.71 -
tig00000001:195246-198842   -           1199 5502at4891           -            403   5.4e-22   75.6   2.6   3   3   7.9e-07   3.3e-05   20.3   0.1    61   129   244   320   239   339 0.78 -
tig00000022:516138-517016   -            293 5502at4891           -            403   3.1e-20   69.7   4.0   1   4   4.8e-05     0.002   14.4   0.0    64   100     8    48     5    61 0.79 -
tig00000022:516138-517016   -            293 5502at4891           -            403   3.1e-20   69.7   4.0   2   4   0.00022    0.0092   12.2   0.0    63   104    69   111    59   114 0.84 -
tig00000022:516138-517016   -            293 5502at4891           -            403   3.1e-20   69.7   4.0   3   4   2.1e-05   0.00087   15.6   0.0    77   102   149   174   143   178 0.89 -
tig00000022:516138-517016   -            293 5502at4891           -            403   3.1e-20   69.7   4.0   4   4   9.9e-09   4.1e-07   26.5   0.2    66   140   177   254   173   293 0.74 -
tig00000037:93821-94819     -            333 5502at4891           -            403   8.2e-20   68.3  13.0   1   4   6.1e-05    0.0025   14.0   0.1   142   173     3    34     1    57 0.90 -
tig00000037:93821-94819     -            333 5502at4891           -            403   8.2e-20   68.3  13.0   2   4     8e-05    0.0033   13.7   0.1    81   115    68   104    41   107 0.84 -
tig00000037:93821-94819     -            333 5502at4891           -            403   8.2e-20   68.3  13.0   3   4    0.0001    0.0042   13.3   0.1    66   106    92   134    90   143 0.83 -
tig00000037:93821-94819     -            333 5502at4891           -            403   8.2e-20   68.3  13.0   4   4   1.2e-11     5e-10   36.1   1.8    63   171   213   332   209   333 0.85 -
tig00000061:551101-551736   -            212 5502at4891           -            403   1.1e-19   67.9   1.3   1   3   1.7e-06   6.9e-05   19.2   0.1    73   105     5    38     1    43 0.80 -
tig00000061:551101-551736   -            212 5502at4891           -            403   1.1e-19   67.9   1.3   2   3   3.5e-06   0.00014   18.2   0.0    52   102    46    99    38   103 0.73 -
tig00000061:551101-551736   -            212 5502at4891           -            403   1.1e-19   67.9   1.3   3   3   1.1e-09   4.7e-08   29.6   0.1    63   170    99   212    97   212 0.79 -
tig00000083:182049-182867   -            273 5502at4891           -            403   3.3e-19   66.4   7.5   1   5         2        82   -0.8   0.0    85    96     2    13     1    18 0.87 -
tig00000083:182049-182867   -            273 5502at4891           -            403   3.3e-19   66.4   7.5   2   5    0.0034      0.14    8.3   0.0    63    95    19    52    17    62 0.82 -
tig00000083:182049-182867   -            273 5502at4891           -            403   3.3e-19   66.4   7.5   3   5     3e-09   1.2e-07   28.3   0.6    63   140    59   141    53   149 0.83 -
tig00000083:182049-182867   -            273 5502at4891           -            403   3.3e-19   66.4   7.5   4   5    0.0011     0.047    9.9   0.0    76   102   203   229   192   234 0.86 -
tig00000083:182049-182867   -            273 5502at4891           -            403   3.3e-19   66.4   7.5   5   5   1.7e-06   6.9e-05   19.2   0.0    81   106   248   273   242   273 0.91 -
tig00000010:275560-276894   -            445 5502at4891           -            403   4.4e-17   59.4   5.0   1   4   5.7e-15   2.4e-13   47.1   0.4    79   190   146   268   137   271 0.81 -
tig00000010:275560-276894   -            445 5502at4891           -            403   4.4e-17   59.4   5.0   2   4   0.00062     0.026   10.7   0.0    67   122   257   317   251   327 0.75 -
tig00000010:275560-276894   -            445 5502at4891           -            403   4.4e-17   59.4   5.0   3   4      0.26        11    2.1   0.0    67   105   341   381   336   406 0.79 -
tig00000010:275560-276894   -            445 5502at4891           -            403   4.4e-17   59.4   5.0   4   4       1.3        53   -0.2   0.0    82    94   408   420   386   428 0.71 -
tig00000037:74530-75222     -            231 5502at4891           -            403   6.7e-17   58.8   2.5   1   5     0.015      0.64    6.1   0.0   153   178     8    33     2    38 0.54 -
tig00000037:74530-75222     -            231 5502at4891           -            403   6.7e-17   58.8   2.5   2   5   2.2e-08   9.1e-07   25.4   0.0    66   115    36    89    33    94 0.81 -
tig00000037:74530-75222     -            231 5502at4891           -            403   6.7e-17   58.8   2.5   3   5       0.5        21    1.2   0.0    81    95    96   110    93   117 0.67 -
tig00000037:74530-75222     -            231 5502at4891           -            403   6.7e-17   58.8   2.5   4   5   0.00023    0.0096   12.1   0.1    67   101   128   165   122   174 0.83 -
tig00000037:74530-75222     -            231 5502at4891           -            403   6.7e-17   58.8   2.5   5   5   0.00094     0.039   10.1   0.0   142   174   184   216   177   227 0.77 -
tig00000014:605092-607482   -            797 5502at4891           -            403   1.1e-16   58.0   7.6   1   4     0.089       3.7    3.6   0.1    44    98   443   497   430   511 0.71 -
tig00000014:605092-607482   -            797 5502at4891           -            403   1.1e-16   58.0   7.6   2   4   3.7e-10   1.5e-08   31.2   0.8    64   176   519   642   517   647 0.82 -
tig00000014:605092-607482   -            797 5502at4891           -            403   1.1e-16   58.0   7.6   3   4    0.0057      0.23    7.6   0.0   141   174   649   682   643   690 0.89 -
tig00000014:605092-607482   -            797 5502at4891           -            403   1.1e-16   58.0   7.6   4   4   4.3e-05    0.0018   14.5   0.0    70   102   694   729   684   736 0.76 -
tig00000018:41834-43183     -            450 5502at4891           -            403   1.2e-15   54.7   5.1   1   2   1.4e-14     6e-13   45.8   3.7    50   206    94   270    89   273 0.81 -
tig00000018:41834-43183     -            450 5502at4891           -            403   1.2e-15   54.7   5.1   2   2   0.00016    0.0068   12.6   0.0    80   175   260   367   258   369 0.80 -
tig00000007:828201-829577   -            459 5502at4891           -            403   1.2e-15   54.6   4.7   1   6   1.3e-05   0.00055   16.2   0.0    79   118   115   155    97   161 0.82 -
tig00000007:828201-829577   -            459 5502at4891           -            403   1.2e-15   54.6   4.7   2   6     0.052       2.2    4.4   0.0    65   101   139   177   136   188 0.55 -
tig00000007:828201-829577   -            459 5502at4891           -            403   1.2e-15   54.6   4.7   3   6      0.83        34    0.5   0.0    66    94   204   234   199   242 0.80 -
tig00000007:828201-829577   -            459 5502at4891           -            403   1.2e-15   54.6   4.7   4   6     0.017      0.69    6.0   0.0    65   101   282   322   239   330 0.72 -
tig00000007:828201-829577   -            459 5502at4891           -            403   1.2e-15   54.6   4.7   5   6   5.6e-09   2.3e-07   27.3   0.0    64   108   369   417   361   442 0.81 -
tig00000007:828201-829577   -            459 5502at4891           -            403   1.2e-15   54.6   4.7   6   6       2.5   1.1e+02   -1.2   0.0   151   169   434   451   426   455 0.71 -
tig00000078:494342-496789   -            816 5502at4891           -            403   8.3e-15   51.9  11.4   1   6   4.1e-06   0.00017   17.9   0.1    54   108   122   189    61   201 0.68 -
tig00000078:494342-496789   -            816 5502at4891           -            403   8.3e-15   51.9  11.4   2   6     0.024         1    5.5   0.1    81   100   210   229   184   241 0.70 -
tig00000078:494342-496789   -            816 5502at4891           -            403   8.3e-15   51.9  11.4   3   6       3.3   1.4e+02   -1.5   0.1    16    43   303   330   295   342 0.70 -
tig00000078:494342-496789   -            816 5502at4891           -            403   8.3e-15   51.9  11.4   4   6         2        83   -0.8   0.0   148   177   393   422   382   431 0.77 -
tig00000078:494342-496789   -            816 5502at4891           -            403   8.3e-15   51.9  11.4   5   6   2.2e-05   0.00092   15.5   0.1   140   215   488   563   480   567 0.82 -
tig00000078:494342-496789   -            816 5502at4891           -            403   8.3e-15   51.9  11.4   6   6   1.9e-05   0.00078   15.7   0.0    63   109   568   617   564   627 0.83 -
tig00000023:290906-291760   -            285 5502at4891           -            403   8.3e-14   48.6   7.2   1   5   0.00084     0.035   10.3   0.0    67   112     2    51     1    56 0.72 -
tig00000023:290906-291760   -            285 5502at4891           -            403   8.3e-14   48.6   7.2   2   5   6.3e-05    0.0026   14.0   0.0   141   172    44    77    39    85 0.82 -
tig00000023:290906-291760   -            285 5502at4891           -            403   8.3e-14   48.6   7.2   3   5    0.0029      0.12    8.5   0.0    63   106   106   150   102   159 0.81 -
tig00000023:290906-291760   -            285 5502at4891           -            403   8.3e-14   48.6   7.2   4   5     0.002     0.084    9.0   0.1    67    99   150   185   145   197 0.74 -
tig00000023:290906-291760   -            285 5502at4891           -            403   8.3e-14   48.6   7.2   5   5    0.0029      0.12    8.5   0.1    67   133   212   282   194   285 0.70 -
tig00000037:112469-115222   -            918 5502at4891           -            403     1e-13   48.3   3.0   1   3     0.011      0.45    6.7   0.3    68   177    53   180    27   187 0.70 -
tig00000037:112469-115222   -            918 5502at4891           -            403     1e-13   48.3   3.0   2   3   2.7e-08   1.1e-06   25.1   0.1    65   174   340   462   300   466 0.82 -
tig00000037:112469-115222   -            918 5502at4891           -            403     1e-13   48.3   3.0   3   3   7.1e-10   2.9e-08   30.3   0.0    63   214   380   544   376   551 0.72 -
tig00000010:895817-897205   -            463 5502at4891           -            403   2.3e-13   47.1   6.9   1   3     0.025         1    5.5   0.0   137   176   211   251   209   260 0.87 -
tig00000010:895817-897205   -            463 5502at4891           -            403   2.3e-13   47.1   6.9   2   3   3.2e-09   1.3e-07   28.1   1.1    66   213   260   422   256   426 0.72 -
tig00000010:895817-897205   -            463 5502at4891           -            403   2.3e-13   47.1   6.9   3   3   0.00024      0.01   12.1   0.1   141   170   434   463   428   463 0.92 -
tig00000018:621173-622084   -            304 5502at4891           -            403   2.8e-13   46.8   4.2   1   3   9.8e-07   4.1e-05   20.0   0.1    63   100    69   109    32   129 0.78 -
tig00000018:621173-622084   -            304 5502at4891           -            403   2.8e-13   46.8   4.2   2   3     3e-05    0.0012   15.1   0.0    68   107   115   157   109   240 0.86 -
tig00000018:621173-622084   -            304 5502at4891           -            403   2.8e-13   46.8   4.2   3   3    0.0049       0.2    7.8   0.1    65    99   246   283   241   289 0.78 -
tig00000038:154278-154922   -            215 5502at4891           -            403     1e-12   45.0   1.5   1   4     0.026       1.1    5.4   0.0   154   177    15    38     4    44 0.73 -
tig00000038:154278-154922   -            215 5502at4891           -            403     1e-12   45.0   1.5   2   4   1.2e-05   0.00051   16.3   0.0    65   106    41    84    33    95 0.80 -
tig00000038:154278-154922   -            215 5502at4891           -            403     1e-12   45.0   1.5   3   4   3.1e-05    0.0013   15.0   0.0   141   174    85   120    80   127 0.80 -
tig00000038:154278-154922   -            215 5502at4891           -            403     1e-12   45.0   1.5   4   4    0.0087      0.36    7.0   0.0    65   106   149   191   144   201 0.77 -
tig00000034:113188-114642   -            485 5502at4891           -            403   1.6e-12   44.3   9.7   1   3      0.14       5.7    3.0   0.1    79    98   133   152   128   167 0.77 -
tig00000034:113188-114642   -            485 5502at4891           -            403   1.6e-12   44.3   9.7   2   3   2.1e-11   8.5e-10   35.4   3.7    45   213   188   376   175   378 0.78 -
tig00000034:113188-114642   -            485 5502at4891           -            403   1.6e-12   44.3   9.7   3   3    0.0064      0.26    7.4   0.2   149   174   354   379   338   403 0.54 -
tig00000014:759779-762379   -            867 5502at4891           -            403   1.3e-11   41.4   3.1   1   4       0.1       4.1    3.5   0.0    79   105    21    47     6    54 0.77 -
tig00000014:759779-762379   -            867 5502at4891           -            403   1.3e-11   41.4   3.1   2   4    0.0048       0.2    7.8   0.0   141   175    56    91    50   112 0.83 -
tig00000014:759779-762379   -            867 5502at4891           -            403   1.3e-11   41.4   3.1   3   4         2        83   -0.8   0.0    80   105   239   264   236   273 0.80 -
tig00000014:759779-762379   -            867 5502at4891           -            403   1.3e-11   41.4   3.1   4   4   9.7e-09     4e-07   26.6   0.8    81   175   288   389   261   404 0.78 -
tig00000014:599591-600409   -            273 5502at4891           -            403   1.7e-11   40.9   3.7   1   2    0.0002    0.0084   12.3   0.0    76   137    66   141    43   146 0.71 -
tig00000014:599591-600409   -            273 5502at4891           -            403   1.7e-11   40.9   3.7   2   2   2.2e-09     9e-08   28.7   0.5    67   171   149   269   144   272 0.76 -
tig00000022:404776-405999   -            408 5502at4891           -            403   1.9e-11   40.8   1.1   1   3   8.8e-05    0.0036   13.5   0.0    65   116    41    95    28   106 0.77 -
tig00000022:404776-405999   -            408 5502at4891           -            403   1.9e-11   40.8   1.1   2   3   1.9e-05   0.00079   15.7   0.1   154   214   112   172   109   176 0.93 -
tig00000022:404776-405999   -            408 5502at4891           -            403   1.9e-11   40.8   1.1   3   3    0.0039      0.16    8.1   0.0   156   178   309   331   300   343 0.87 -
tig00000005:814912-815754   -            281 5502at4891           -            403   4.3e-11   39.6   3.5   1   2   2.9e-07   1.2e-05   21.7   0.8    81   191    36   157    12   158 0.76 -
tig00000005:814912-815754   -            281 5502at4891           -            403   4.3e-11   39.6   3.5   2   2   7.8e-07   3.2e-05   20.3   0.1   141   227   146   245   143   271 0.80 -
tig00000012:377902-378939   -            346 5502at4891           -            403     3e-10   36.8   1.6   1   4      0.21       8.5    2.4   0.0   138   172     5    39     2    47 0.81 -
tig00000012:377902-378939   -            346 5502at4891           -            403     3e-10   36.8   1.6   2   4     8e-08   3.3e-06   23.6   0.1   140   217    49   130    44   152 0.80 -
tig00000012:377902-378939   -            346 5502at4891           -            403     3e-10   36.8   1.6   3   4     0.012      0.51    6.5   0.1   120   165   169   218   154   236 0.56 -
tig00000012:377902-378939   -            346 5502at4891           -            403     3e-10   36.8   1.6   4   4       1.7        68   -0.5   0.0   138   173   288   323   285   335 0.75 -
tig00000001:1183590-1184819 -            410 5502at4891           -            403   4.3e-10   36.4   4.5   1   3    0.0014     0.058    9.6   0.0    80    96   131   147   110   155 0.85 -
tig00000001:1183590-1184819 -            410 5502at4891           -            403   4.3e-10   36.4   4.5   2   3   1.8e-06   7.5e-05   19.1   0.7    64   218   155   324   150   337 0.68 -
tig00000001:1183590-1184819 -            410 5502at4891           -            403   4.3e-10   36.4   4.5   3   3   0.00028     0.012   11.9   1.0    68   199   246   398   223   408 0.70 -
tig00000001:107892-111701   -           1270 5502at4891           -            403   4.6e-10   36.2   1.4   1   2   9.5e-05    0.0039   13.4   0.2    59    98    97   140    63   147 0.84 -
tig00000001:107892-111701   -           1270 5502at4891           -            403   4.6e-10   36.2   1.4   2   2   5.1e-07   2.1e-05   20.9   0.1    78   178   172   293   162   332 0.69 -
tig00000005:195583-197937   -            785 5502at4891           -            403   1.7e-09   34.4   5.6   1   4   0.00012    0.0049   13.1   0.1   140   213    56   130    53   135 0.83 -
tig00000005:195583-197937   -            785 5502at4891           -            403   1.7e-09   34.4   5.6   2   4   0.00037     0.015   11.5   0.1    63   109   195   248   172   314 0.71 -
tig00000005:195583-197937   -            785 5502at4891           -            403   1.7e-09   34.4   5.6   3   4       2.2        90   -0.9   0.0   142   176   605   639   567   662 0.77 -
tig00000005:195583-197937   -            785 5502at4891           -            403   1.7e-09   34.4   5.6   4   4    0.0054      0.22    7.6   0.1    76   125   664   712   647   717 0.89 -
tig00000005:853848-855902   -            685 5502at4891           -            403   8.2e-09   32.1   0.0   1   2      0.01      0.42    6.7   0.0    81   116    12    47     8    52 0.90 -
tig00000005:853848-855902   -            685 5502at4891           -            403   8.2e-09   32.1   0.0   2   2   4.2e-08   1.8e-06   24.5   0.0    70   191    41   175    38   194 0.78 -
tig00000023:374822-375916   -            365 5502at4891           -            403   8.7e-09   32.0   0.3   1   2   2.8e-09   1.2e-07   28.3   0.2    82   184    51   166    32   196 0.74 -
tig00000023:374822-375916   -            365 5502at4891           -            403   8.7e-09   32.0   0.3   2   2      0.64        26    0.8   0.0    73    95   272   297   266   307 0.67 -
tig00000010:811772-813490   -            573 5502at4891           -            403   9.5e-09   31.9   0.3   1   3   1.3e-07   5.4e-06   22.9   0.0   137   214   230   309   226   314 0.75 -
tig00000010:811772-813490   -            573 5502at4891           -            403   9.5e-09   31.9   0.3   2   3      0.78        32    0.5   0.0    81   103   412   434   401   438 0.77 -
tig00000010:811772-813490   -            573 5502at4891           -            403   9.5e-09   31.9   0.3   3   3     0.055       2.3    4.3   0.0    75   102   480   507   475   530 0.82 -
tig00000014:436668-438272   -            535 5502at4891           -            403   9.5e-09   31.9   2.5   1   4    0.0083      0.34    7.0   0.2   145   193   222   272   217   292 0.74 -
tig00000014:436668-438272   -            535 5502at4891           -            403   9.5e-09   31.9   2.5   2   4    0.0021     0.088    9.0   0.0    55    94   338   386   327   397 0.79 -
tig00000014:436668-438272   -            535 5502at4891           -            403   9.5e-09   31.9   2.5   3   4    0.0056      0.23    7.6   0.2    68   100   399   433   393   443 0.80 -
tig00000014:436668-438272   -            535 5502at4891           -            403   9.5e-09   31.9   2.5   4   4     0.042       1.7    4.7   0.0    47    72   455   480   446   483 0.85 -
tig00000005:613155-613865   -            237 5502at4891           -            403   1.1e-08   31.7   2.5   1   1   7.7e-10   3.2e-08   30.2   1.8    81   239    11   179     8   200 0.78 -
tig00000007:738298-739563   -            422 5502at4891           -            403   1.3e-08   31.5   9.4   1   4    0.0002    0.0082   12.4   0.9    35   126    56   153    23   157 0.72 -
tig00000007:738298-739563   -            422 5502at4891           -            403   1.3e-08   31.5   9.4   2   4     0.054       2.2    4.4   0.0    65    99   176   212   155   221 0.79 -
tig00000007:738298-739563   -            422 5502at4891           -            403   1.3e-08   31.5   9.4   3   4   3.3e-06   0.00014   18.2   0.1    75   138   236   304   234   309 0.73 -
tig00000007:738298-739563   -            422 5502at4891           -            403   1.3e-08   31.5   9.4   4   4       9.8   4.1e+02   -3.1   0.0    83    94   407   418   385   419 0.74 -
tig00000018:569634-570797   -            388 5502at4891           -            403   2.7e-08   30.4   3.6   1   5         2        84   -0.8   0.0    78   107    24    53    23    66 0.83 -
tig00000018:569634-570797   -            388 5502at4891           -            403   2.7e-08   30.4   3.6   2   5     0.013      0.54    6.4   0.2    77   109    67   100    46   103 0.70 -
tig00000018:569634-570797   -            388 5502at4891           -            403   2.7e-08   30.4   3.6   3   5    0.0003     0.012   11.8   0.1    66   100   143   181   118   188 0.63 -
tig00000018:569634-570797   -            388 5502at4891           -            403   2.7e-08   30.4   3.6   4   5      0.14       5.6    3.0   0.0   222   262   188   229   185   233 0.89 -
tig00000018:569634-570797   -            388 5502at4891           -            403   2.7e-08   30.4   3.6   5   5     0.016      0.66    6.1   0.0    78    95   303   320   300   328 0.88 -
tig00000014:571412-572308   -            299 5502at4891           -            403   2.8e-08   30.4   2.3   1   4      0.13       5.5    3.1   0.0   206   242    18    56    12    69 0.79 -
tig00000014:571412-572308   -            299 5502at4891           -            403   2.8e-08   30.4   2.3   2   4   0.00041     0.017   11.3   0.1    65   105    76   119    69   129 0.78 -
tig00000014:571412-572308   -            299 5502at4891           -            403   2.8e-08   30.4   2.3   3   4   0.00046     0.019   11.2   0.0    64   108   117   165   114   176 0.85 -
tig00000014:571412-572308   -            299 5502at4891           -            403   2.8e-08   30.4   2.3   4   4      0.16       6.6    2.8   0.1    80    95   187   202   169   214 0.83 -
tig00000001:690073-693498   -           1142 5502at4891           -            403   4.1e-08   29.8   4.5   1   2   0.00081     0.034   10.4   0.2    66   134   106   184    79   188 0.70 -
tig00000001:690073-693498   -           1142 5502at4891           -            403   4.1e-08   29.8   4.5   2   2   1.1e-06   4.6e-05   19.8   0.4    65   100   192   231   188   240 0.83 -
tig00000010:92017-92973     -            319 5502at4891           -            403   4.2e-08   29.8   1.5   1   3   0.00031     0.013   11.7   1.0    79   134    53   115    40   116 0.67 -
tig00000010:92017-92973     -            319 5502at4891           -            403   4.2e-08   29.8   1.5   2   3    0.0071      0.29    7.2   0.0    79   103    97   121    75   131 0.74 -
tig00000010:92017-92973     -            319 5502at4891           -            403   4.2e-08   29.8   1.5   3   3   0.00018    0.0076   12.5   0.0   124   183   168   232   156   236 0.67 -
tig00000014:211666-214185   -            840 5502at4891           -            403   5.6e-08   29.4   0.5   1   5      0.36        15    1.6   0.0   158   173    32    47    20    56 0.79 -
tig00000014:211666-214185   -            840 5502at4891           -            403   5.6e-08   29.4   0.5   2   5    0.0025       0.1    8.7   0.0   139   175    75   111    73   117 0.90 -
tig00000014:211666-214185   -            840 5502at4891           -            403   5.6e-08   29.4   0.5   3   5    0.0079      0.33    7.1   0.1   136   176   130   170   125   211 0.79 -
tig00000014:211666-214185   -            840 5502at4891           -            403   5.6e-08   29.4   0.5   4   5       1.8        75   -0.7   0.0   137   174   173   210   169   224 0.83 -
tig00000014:211666-214185   -            840 5502at4891           -            403   5.6e-08   29.4   0.5   5   5     0.027       1.1    5.3   0.0   157   192   327   366   318   394 0.70 -
tig00000078:139174-141975   -            934 5502at4891           -            403   6.2e-08   29.2   0.3   1   2       4.3   1.8e+02   -1.9   0.0   110   137   417   444   407   453 0.64 -
tig00000078:139174-141975   -            934 5502at4891           -            403   6.2e-08   29.2   0.3   2   2     3e-08   1.2e-06   25.0   0.1    50   213   471   650   451   655 0.79 -
tig00000012:401735-403267   -            511 5502at4891           -            403   6.3e-08   29.2   0.6   1   2   8.8e-05    0.0036   13.5   0.4    81   136   336   399   317   407 0.73 -
tig00000012:401735-403267   -            511 5502at4891           -            403   6.3e-08   29.2   0.6   2   2   0.00027     0.011   11.9   0.0    62   109   409   460   402   477 0.81 -
tig00000001:1095179-1097434 -            752 5502at4891           -            403   2.1e-07   27.5   6.0   1   5      0.58        24    1.0   0.0   205   236    48    82    21   111 0.73 -
tig00000001:1095179-1097434 -            752 5502at4891           -            403   2.1e-07   27.5   6.0   2   5    0.0064      0.27    7.4   0.0   145   181   165   200   158   225 0.80 -
tig00000001:1095179-1097434 -            752 5502at4891           -            403   2.1e-07   27.5   6.0   3   5     0.072         3    3.9   0.0    68    97   212   244   202   252 0.70 -
tig00000001:1095179-1097434 -            752 5502at4891           -            403   2.1e-07   27.5   6.0   4   5   3.1e-05    0.0013   15.0   0.0   121   172   231   285   226   294 0.82 -
tig00000001:1095179-1097434 -            752 5502at4891           -            403   2.1e-07   27.5   6.0   5   5      0.73        30    0.6   0.1    22    66   434   479   432   485 0.82 -
tig00000001:720992-722107   -            372 5502at4891           -            403   3.1e-07   26.9   0.1   1   3   0.00037     0.015   11.5   0.0    55   106    89   144    65   161 0.74 -
tig00000001:720992-722107   -            372 5502at4891           -            403   3.1e-07   26.9   0.1   2   3     0.002     0.085    9.0   0.0   135   173   211   251   164   265 0.75 -
tig00000001:720992-722107   -            372 5502at4891           -            403   3.1e-07   26.9   0.1   3   3      0.23       9.3    2.3   0.0    77    95   294   313   277   333 0.59 -
tig00000012:489214-491058   -            615 5502at4891           -            403   4.4e-07   26.4   1.1   1   3     0.008      0.33    7.1   0.0   155   226   219   294   201   324 0.69 -
tig00000012:489214-491058   -            615 5502at4891           -            403   4.4e-07   26.4   1.1   2   3      0.12       4.9    3.2   0.0    64    95   333   363   330   389 0.76 -
tig00000012:489214-491058   -            615 5502at4891           -            403   4.4e-07   26.4   1.1   3   3    0.0015     0.061    9.5   0.0   126   192   510   594   496   613 0.60 -
tig00000005:1021434-1022621 -            396 5502at4891           -            403   5.8e-07   26.0   0.3   1   3     0.043       1.8    4.7   0.0    58    95     4    42     1    52 0.80 -
tig00000005:1021434-1022621 -            396 5502at4891           -            403   5.8e-07   26.0   0.3   2   3     0.033       1.4    5.0   0.0   169   213   220   264   190   267 0.82 -
tig00000005:1021434-1022621 -            396 5502at4891           -            403   5.8e-07   26.0   0.3   3   3   0.00016    0.0065   12.7   0.0    69   122   290   345   284   353 0.74 -
tig00000012:470900-471844   -            315 5502at4891           -            403   6.1e-07   26.0   1.2   1   4      0.29        12    1.9   0.0   159   172     2    15     1    25 0.76 -
tig00000012:470900-471844   -            315 5502at4891           -            403   6.1e-07   26.0   1.2   2   4     0.014       0.6    6.2   0.1   141   171    89   118    84   124 0.70 -
tig00000012:470900-471844   -            315 5502at4891           -            403   6.1e-07   26.0   1.2   3   4   0.00028     0.012   11.9   0.0   135   180   123   169   119   201 0.77 -
tig00000012:470900-471844   -            315 5502at4891           -            403   6.1e-07   26.0   1.2   4   4      0.32        13    1.8   0.0    73    99   248   274   210   281 0.65 -
tig00000078:530421-532142   -            574 5502at4891           -            403   9.2e-07   25.4   1.3   1   4       5.3   2.2e+02   -2.2   0.0   154   173   226   245   222   249 0.78 -
tig00000078:530421-532142   -            574 5502at4891           -            403   9.2e-07   25.4   1.3   2   4   5.6e-05    0.0023   14.2   0.1    69   106   285   326   279   342 0.78 -
tig00000078:530421-532142   -            574 5502at4891           -            403   9.2e-07   25.4   1.3   3   4    0.0041      0.17    8.0   0.0    80   137   345   410   330   424 0.78 -
tig00000078:530421-532142   -            574 5502at4891           -            403   9.2e-07   25.4   1.3   4   4       2.7   1.1e+02   -1.2   0.0    81   103   491   513   485   527 0.80 -
tig00000078:89274-91226     -            651 5502at4891           -            403   1.5e-06   24.7   0.3   1   3     0.085       3.5    3.7   0.1    80    97    95   112    76   123 0.67 -
tig00000078:89274-91226     -            651 5502at4891           -            403   1.5e-06   24.7   0.3   2   3     0.015      0.63    6.2   0.0    63   110   133   185   116   192 0.72 -
tig00000078:89274-91226     -            651 5502at4891           -            403   1.5e-06   24.7   0.3   3   3   0.00017    0.0071   12.6   0.0   142   178   181   217   180   258 0.76 -
tig00000012:441659-442144   -            162 5502at4891           -            403   2.5e-06   23.9   0.7   1   1   5.9e-07   2.4e-05   20.7   0.7   127   173    89   138    12   160 0.67 -
tig00000001:502589-503383   -            265 5502at4891           -            403   7.5e-06   22.4   2.1   1   4     0.012      0.48    6.6   0.0    81   106    17    42     1    46 0.80 -
tig00000001:502589-503383   -            265 5502at4891           -            403   7.5e-06   22.4   2.1   2   4      0.56        23    1.0   0.0    74   104    53    83    45   105 0.88 -
tig00000001:502589-503383   -            265 5502at4891           -            403   7.5e-06   22.4   2.1   3   4    0.0011     0.044   10.0   0.0    80   101   108   129   100   146 0.83 -
tig00000001:502589-503383   -            265 5502at4891           -            403   7.5e-06   22.4   2.1   4   4       1.2        48   -0.0   0.0   110   140   226   257   213   262 0.68 -
tig00000001:983271-984236   -            322 5502at4891           -            403   1.2e-05   21.7  10.3   1   3   0.00011    0.0044   13.3   4.2    63   213     4   178     1   181 0.69 -
tig00000001:983271-984236   -            322 5502at4891           -            403   1.2e-05   21.7  10.3   2   3       0.1       4.2    3.5   0.0    66    94   190   223   186   229 0.80 -
tig00000001:983271-984236   -            322 5502at4891           -            403   1.2e-05   21.7  10.3   3   3       6.4   2.6e+02   -2.5   0.0    81    94   308   321   301   322 0.63 -
tig00000012:487139-488677   -            513 5502at4891           -            403   2.2e-05   20.9   0.4   1   4       2.2        90   -0.9   0.0    52    95    57   109    30   124 0.68 -
tig00000012:487139-488677   -            513 5502at4891           -            403   2.2e-05   20.9   0.4   2   4     0.052       2.1    4.4   0.0    79   117   137   178   102   180 0.76 -
tig00000012:487139-488677   -            513 5502at4891           -            403   2.2e-05   20.9   0.4   3   4   0.00073      0.03   10.5   0.0    80   139   182   245   171   266 0.70 -
tig00000012:487139-488677   -            513 5502at4891           -            403   2.2e-05   20.9   0.4   4   4      0.67        28    0.8   0.0    79    95   269   285   267   294 0.91 -
tig00000007:150223-153552   -           1110 5502at4891           -            403   2.6e-05   20.6   0.2   1   3       0.8        33    0.5   0.0   153   173    35    55    33    83 0.80 -
tig00000007:150223-153552   -           1110 5502at4891           -            403   2.6e-05   20.6   0.2   2   3     0.063       2.6    4.1   0.0   140   174   159   194   158   208 0.73 -
tig00000007:150223-153552   -           1110 5502at4891           -            403   2.6e-05   20.6   0.2   3   3   0.00037     0.015   11.5   0.1    70    99   271   300   258   312 0.80 -
tig00000022:411540-412517   -            326 5502at4891           -            403   3.4e-05   20.2   0.1   1   3       1.7        68   -0.5   0.0   144   177    25    58    21   103 0.64 -
tig00000022:411540-412517   -            326 5502at4891           -            403   3.4e-05   20.2   0.1   2   3   1.4e-05   0.00057   16.2   0.0    65   107   105   150    99   175 0.82 -
tig00000022:411540-412517   -            326 5502at4891           -            403   3.4e-05   20.2   0.1   3   3       1.2        48   -0.0   0.0   152   174   256   278   252   292 0.89 -
tig00000018:171370-172173   -            268 5502at4891           -            403   4.4e-05   19.9   1.0   1   1   2.6e-06   0.00011   18.6   1.0    80   214   108   259    48   262 0.62 -
tig00000005:614650-615420   -            257 5502at4891           -            403     5e-05   19.7   0.2   1   3     0.011      0.44    6.7   0.0    68    98    70   103    33   112 0.70 -
tig00000005:614650-615420   -            257 5502at4891           -            403     5e-05   19.7   0.2   2   3      0.03       1.2    5.2   0.0    76   100   123   147   106   156 0.67 -
tig00000005:614650-615420   -            257 5502at4891           -            403     5e-05   19.7   0.2   3   3     0.046       1.9    4.6   0.0    67    98   220   255   175   257 0.62 -
tig00000039:157839-159113   -            425 5502at4891           -            403   0.00018   17.8   0.0   1   1   1.2e-05   0.00049   16.4   0.0   139   193    68   125    30   143 0.68 -
tig00000012:849780-851159   -            460 5502at4891           -            403   0.00019   17.8   0.2   1   4     0.044       1.8    4.6   0.0   144   175    14    47     5    60 0.66 -
tig00000012:849780-851159   -            460 5502at4891           -            403   0.00019   17.8   0.2   2   4    0.0032      0.13    8.4   0.0    65    94    66    98    60   112 0.77 -
tig00000012:849780-851159   -            460 5502at4891           -            403   0.00019   17.8   0.2   3   4       1.3        52   -0.1   0.0   151   192   153   197   148   220 0.45 -
tig00000012:849780-851159   -            460 5502at4891           -            403   0.00019   17.8   0.2   4   4       3.4   1.4e+02   -1.6   0.0   149   172   193   216   184   238 0.74 -
tig00000031:82516-87177     -           1554 5502at4891           -            403   0.00028   17.2   0.2   1   3      0.63        26    0.8   0.0    79    94  1268  1283  1255  1295 0.89 -
tig00000031:82516-87177     -           1554 5502at4891           -            403   0.00028   17.2   0.2   2   3   0.00046     0.019   11.2   0.0    81   109  1417  1445  1404  1454 0.88 -
tig00000031:82516-87177     -           1554 5502at4891           -            403   0.00028   17.2   0.2   3   3       1.8        74   -0.7   0.0     8    45  1461  1499  1453  1512 0.66 -
tig00000005:792126-793166   -            347 5502at4891           -            403   0.00049   16.4   0.8   1   3      0.23       9.3    2.3   0.0    77    94    67    84    47    91 0.51 -
tig00000005:792126-793166   -            347 5502at4891           -            403   0.00049   16.4   0.8   2   3     0.086       3.5    3.7   0.0   142   187   211   260   202   283 0.70 -
tig00000005:792126-793166   -            347 5502at4891           -            403   0.00049   16.4   0.8   3   3     0.015      0.63    6.2   0.1   141   172   302   333   294   342 0.86 -
tig00000012:566644-568977   -            778 5502at4891           -            403     0.001   15.4   0.5   1   3    0.0059      0.24    7.5   0.0   131   177   396   442   392   485 0.76 -
tig00000012:566644-568977   -            778 5502at4891           -            403     0.001   15.4   0.5   2   3         5   2.1e+02   -2.1   0.0   149   165   571   587   565   681 0.58 -
tig00000012:566644-568977   -            778 5502at4891           -            403     0.001   15.4   0.5   3   3       0.1       4.3    3.4   0.1    66    94   690   721   665   778 0.51 -
tig00000010:208878-211913   -           1012 5502at4891           -            403    0.0029   13.9   6.3   1   5       3.1   1.3e+02   -1.4   0.1   142   161     6    23     3    39 0.81 -
tig00000010:208878-211913   -           1012 5502at4891           -            403    0.0029   13.9   6.3   2   5   0.00015    0.0064   12.7   0.4   126   213   159   249   154   257 0.75 -
tig00000010:208878-211913   -           1012 5502at4891           -            403    0.0029   13.9   6.3   3   5      0.53        22    1.1   0.1    77   109   231   264   213   281 0.66 -
tig00000010:208878-211913   -           1012 5502at4891           -            403    0.0029   13.9   6.3   4   5       8.9   3.7e+02   -3.0   0.0   193   219   718   744   680   758 0.73 -
tig00000010:208878-211913   -           1012 5502at4891           -            403    0.0029   13.9   6.3   5   5      0.84        35    0.4   0.0    81   105   781   805   772   819 0.86 -
tig00000007:380538-381545   -            336 5502at4891           -            403    0.0041   13.4   0.7   1   3       7.1   2.9e+02   -2.6   0.0    43    82    17    58     5    62 0.57 -
tig00000007:380538-381545   -            336 5502at4891           -            403    0.0041   13.4   0.7   2   3       5.4   2.2e+02   -2.2   0.0   104   104   137   137   112   186 0.55 -
tig00000007:380538-381545   -            336 5502at4891           -            403    0.0041   13.4   0.7   3   3   0.00029     0.012   11.8   0.0    72   121   252   307   240   315 0.71 -
tig00000061:445872-447620   -            583 5502at4891           -            403    0.0072   12.6   0.0   1   3    0.0013     0.053    9.7   0.0   148   196   242   295   228   331 0.71 -
tig00000061:445872-447620   -            583 5502at4891           -            403    0.0072   12.6   0.0   2   3       4.5   1.9e+02   -2.0   0.0    73    95   462   484   456   508 0.70 -
tig00000061:445872-447620   -            583 5502at4891           -            403    0.0072   12.6   0.0   3   3       5.3   2.2e+02   -2.2   0.0    73    96   554   580   552   582 0.72 -
tig00000037:294440-296608   -            723 5502at4891           -            403    0.0075   12.5   0.1   1   2     0.015      0.64    6.1   0.0    79    95   650   666   603   688 0.85 -
tig00000037:294440-296608   -            723 5502at4891           -            403    0.0075   12.5   0.1   2   2     0.086       3.6    3.7   0.0   156   172   705   721   695   723 0.63 -
tig00000023:325699-327333   -            545 5502at4891           -            403    0.0086   12.3   0.2   1   3    0.0019      0.08    9.1   0.0    30   174   137   297   132   304 0.67 -
tig00000023:325699-327333   -            545 5502at4891           -            403    0.0086   12.3   0.2   2   3     0.009      0.37    6.9   0.0    72   105   268   304   244   322 0.74 -
tig00000023:325699-327333   -            545 5502at4891           -            403    0.0086   12.3   0.2   3   3       5.4   2.2e+02   -2.2   0.0   245   281   414   450   412   465 0.85 -
tig00000022:222403-222963   -            187 5502at4891           -            403     0.011   12.0   0.1   1   3      0.56        23    1.0   0.0    82   219    16    35     8    52 0.56 -
tig00000022:222403-222963   -            187 5502at4891           -            403     0.011   12.0   0.1   2   3     0.017      0.71    6.0   0.0   155   177    55    77    37   106 0.82 -
tig00000022:222403-222963   -            187 5502at4891           -            403     0.011   12.0   0.1   3   3      0.38        16    1.5   0.0    75    99   162   186   146   187 0.72 -
#
# Program:         hmmsearch
# Version:         3.1b2 (February 2015)
# Pipeline mode:   SEARCH
# Query file:      /home/inf-38-2022/BINP29/longread/2/busco_downloads/lineages/saccharomycetes_odb10/hmms/5502at4891.hmm
# Target file:     /home/inf-38-2022/BINP29/longread/2/Results/04_Busco/canu/run_saccharomycetes_odb10/metaeuk_output/initial_results/asm.contigs.fasta.modified.fas
# Option settings: hmmsearch --domtblout /home/inf-38-2022/BINP29/longread/2/Results/04_Busco/canu/run_saccharomycetes_odb10/hmmer_output/initial_run_results/5502at4891.out --cpu 1 /home/inf-38-2022/BINP29/longread/2/busco_downloads/lineages/saccharomycetes_odb10/hmms/5502at4891.hmm /home/inf-38-2022/BINP29/longread/2/Results/04_Busco/canu/run_saccharomycetes_odb10/metaeuk_output/initial_results/asm.contigs.fasta.modified.fas 
# Current dir:     /home/inf-38-2022/BINP29/longread/2
# Date:            Thu Feb 23 14:08:15 2023
# [ok]
