#                                                                                   --- full sequence --- -------------- this domain -------------   hmm coord   ali coord   env coord
# target name               accession   tlen query name           accession   qlen   E-value  score  bias   #  of  c-Evalue  i-Evalue  score  bias  from    to  from    to  from    to  acc description of target
#       ------------------- ---------- ----- -------------------- ---------- ----- --------- ------ ----- --- --- --------- --------- ------ ----- ----- ----- ----- ----- ----- ----- ---- ---------------------
tig00000078:442873-447414   -           1514 5523at4891           -            766  6.1e-194  643.4  62.5   1  10   8.6e-07   8.4e-05   18.0   0.0     8    35   244   271   242   275 0.91 -
tig00000078:442873-447414   -           1514 5523at4891           -            766  6.1e-194  643.4  62.5   2  10   1.4e-56   1.4e-54  182.6   3.6    41   204   330   546   315   563 0.78 -
tig00000078:442873-447414   -           1514 5523at4891           -            766  6.1e-194  643.4  62.5   3  10   7.4e-26   7.2e-24   81.0   0.1   206   285   591   680   570   731 0.83 -
tig00000078:442873-447414   -           1514 5523at4891           -            766  6.1e-194  643.4  62.5   4  10   1.8e-07   1.8e-05   20.2   0.2   319   363   819   863   796   880 0.88 -
tig00000078:442873-447414   -           1514 5523at4891           -            766  6.1e-194  643.4  62.5   5  10   6.7e-06   0.00065   15.0   0.4   345   392   876   923   868   935 0.87 -
tig00000078:442873-447414   -           1514 5523at4891           -            766  6.1e-194  643.4  62.5   6  10   2.9e-16   2.8e-14   49.3   0.8   377   500   943  1077   934  1096 0.85 -
tig00000078:442873-447414   -           1514 5523at4891           -            766  6.1e-194  643.4  62.5   7  10   6.5e-09   6.4e-07   25.0   2.5   457   527  1087  1157  1078  1168 0.65 -
tig00000078:442873-447414   -           1514 5523at4891           -            766  6.1e-194  643.4  62.5   8  10   5.7e-27   5.5e-25   84.7   7.5   512   595  1168  1256  1163  1266 0.87 -
tig00000078:442873-447414   -           1514 5523at4891           -            766  6.1e-194  643.4  62.5   9  10   2.8e-60   2.8e-58  194.8   2.0   594   752  1296  1473  1285  1480 0.85 -
tig00000078:442873-447414   -           1514 5523at4891           -            766  6.1e-194  643.4  62.5  10  10      0.26        25   -0.1   0.1   748   764  1498  1514  1487  1514 0.84 -
tig00000014:456207-458576   -            790 5523at4891           -            766   1.2e-60  202.7   9.9   1   3   2.9e-31   2.8e-29   98.9   0.1     6   205   173   374   169   389 0.79 -
tig00000014:456207-458576   -            790 5523at4891           -            766   1.2e-60  202.7   9.9   2   3     0.038       3.7    2.6   0.0   210   258   439   487   429   527 0.73 -
tig00000014:456207-458576   -            790 5523at4891           -            766   1.2e-60  202.7   9.9   3   3   1.7e-30   1.6e-28   96.4   5.7   540   750   536   769   521   777 0.81 -
tig00000034:190853-194344   -           1164 5523at4891           -            766   6.2e-55  183.7  13.8   1   4     0.021       2.1    3.4   0.1    12    33   427   448   416   452 0.83 -
tig00000034:190853-194344   -           1164 5523at4891           -            766   6.2e-55  183.7  13.8   2   4     4e-05    0.0039   12.4   0.0    54    78   519   543   500   550 0.87 -
tig00000034:190853-194344   -           1164 5523at4891           -            766   6.2e-55  183.7  13.8   3   4   1.1e-15   1.1e-13   47.3   0.3    79   211   574   734   569   885 0.85 -
tig00000034:190853-194344   -           1164 5523at4891           -            766   6.2e-55  183.7  13.8   4   4   1.1e-36   1.1e-34  116.8   3.7   533   745   901  1140   881  1157 0.79 -
tig00000007:690606-692705   -            700 5523at4891           -            766     9e-51  170.0  18.7   1   4   1.5e-17   1.5e-15   53.5   0.1    52   137    45   146    13   155 0.80 -
tig00000007:690606-692705   -            700 5523at4891           -            766     9e-51  170.0  18.7   2   4   5.5e-10   5.4e-08   28.5   0.0   141   213   172   254   166   264 0.80 -
tig00000007:690606-692705   -            700 5523at4891           -            766     9e-51  170.0  18.7   3   4      0.13        12    0.9   0.1   249   282   333   367   320   371 0.68 -
tig00000007:690606-692705   -            700 5523at4891           -            766     9e-51  170.0  18.7   4   4   1.3e-25   1.2e-23   80.2  12.2   536   750   411   680   403   688 0.76 -
tig00000014:704372-705787   -            472 5523at4891           -            766   4.2e-34  114.8   0.5   1   3   1.4e-14   1.4e-12   43.7   0.0    51   191    22   169     5   194 0.79 -
tig00000014:704372-705787   -            472 5523at4891           -            766   4.2e-34  114.8   0.5   2   3      0.17        16    0.5   0.1   214   281   222   293   205   297 0.76 -
tig00000014:704372-705787   -            472 5523at4891           -            766   4.2e-34  114.8   0.5   3   3   1.8e-21   1.7e-19   66.5   0.0   615   747   315   460   310   470 0.78 -
tig00000007:880427-881827   -            467 5523at4891           -            766     2e-33  112.6   2.1   1   2   1.9e-13   1.9e-11   40.0   0.8    49   272    21   257    12   268 0.83 -
tig00000007:880427-881827   -            467 5523at4891           -            766     2e-33  112.6   2.1   2   2   5.4e-23   5.3e-21   71.5   0.0   627   743   326   457   314   466 0.79 -
tig00000039:117787-121119   -           1111 5523at4891           -            766   5.8e-33  111.1   5.2   1   3   1.4e-13   1.4e-11   40.4   0.0    52   201   575   736   566   748 0.74 -
tig00000039:117787-121119   -           1111 5523at4891           -            766   5.8e-33  111.1   5.2   2   3      0.66        64   -1.5   0.1   227   260   798   831   782   935 0.58 -
tig00000039:117787-121119   -           1111 5523at4891           -            766   5.8e-33  111.1   5.2   3   3   1.5e-22   1.5e-20   70.0   2.4   601   752   921  1088   897  1101 0.78 -
tig00000083:325827-327290   -            488 5523at4891           -            766   9.4e-32  107.1   0.7   1   3   2.3e-13   2.3e-11   39.7   0.1    52   179    26   156    17   185 0.81 -
tig00000083:325827-327290   -            488 5523at4891           -            766   9.4e-32  107.1   0.7   2   3   0.00049     0.048    8.9   0.0   214   289   236   317   226   324 0.79 -
tig00000083:325827-327290   -            488 5523at4891           -            766   9.4e-32  107.1   0.7   3   3     5e-18   4.9e-16   55.1   0.0   632   742   348   473   340   483 0.80 -
tig00000010:407860-413460   -           1867 5523at4891           -            766   8.7e-31  103.9   0.0   1   2     1e-13     1e-11   40.8   0.0    55   193  1290  1443  1270  1456 0.76 -
tig00000010:407860-413460   -           1867 5523at4891           -            766   8.7e-31  103.9   0.0   2   2   1.4e-19   1.3e-17   60.3   0.0   655   750  1686  1781  1649  1790 0.91 -
tig00000005:882618-885167   -            850 5523at4891           -            766   5.2e-30  101.3   1.6   1   3   3.7e-14   3.6e-12   42.3   0.1    54   195   125   282   114   332 0.80 -
tig00000005:882618-885167   -            850 5523at4891           -            766   5.2e-30  101.3   1.6   2   3      0.52        51   -1.2   0.0   229   283   367   420   348   424 0.80 -
tig00000005:882618-885167   -            850 5523at4891           -            766   5.2e-30  101.3   1.6   3   3   1.8e-18   1.7e-16   56.6   0.0   626   746   711   845   704   850 0.83 -
tig00000023:500411-504814   -           1468 5523at4891           -            766   8.9e-28   93.9   0.0   1   3   1.7e-07   1.7e-05   20.3   0.0    56   177   395   529   385   564 0.70 -
tig00000023:500411-504814   -           1468 5523at4891           -            766   8.9e-28   93.9   0.0   2   3    0.0035      0.34    6.0   0.0   212   292   593   676   585   698 0.79 -
tig00000023:500411-504814   -           1468 5523at4891           -            766   8.9e-28   93.9   0.0   3   3   1.5e-20   1.5e-18   63.4   0.0   626   742   705   836   692   849 0.85 -
tig00000007:851921-853378   -            486 5523at4891           -            766   3.1e-27   92.2   6.4   1   3   1.6e-11   1.6e-09   33.6   0.1    53   177    27   154    14   193 0.73 -
tig00000007:851921-853378   -            486 5523at4891           -            766   3.1e-27   92.2   6.4   2   3    0.0055      0.53    5.4   0.5   214   289   236   316   226   328 0.75 -
tig00000007:851921-853378   -            486 5523at4891           -            766   3.1e-27   92.2   6.4   3   3     6e-18   5.8e-16   54.9   0.1   629   742   344   472   338   481 0.82 -
tig00000038:38957-41455     -            833 5523at4891           -            766   1.9e-25   86.2   0.4   1   3   5.1e-10   4.9e-08   28.6   0.0    52   136   218   320   208   378 0.80 -
tig00000038:38957-41455     -            833 5523at4891           -            766   1.9e-25   86.2   0.4   2   3       0.6        59   -1.4   0.2   215   262   436   482   428   566 0.60 -
tig00000038:38957-41455     -            833 5523at4891           -            766   1.9e-25   86.2   0.4   3   3   6.6e-21   6.4e-19   64.6   0.1   632   749   600   732   573   746 0.79 -
tig00000003:1803-5244       -           1129 5523at4891           -            766   3.6e-25   85.3  15.3   1   4       2.2   2.2e+02   -3.2   3.6   354   423    51   123     8   191 0.53 -
tig00000003:1803-5244       -           1129 5523at4891           -            766   3.6e-25   85.3  15.3   2   4   2.5e-10   2.4e-08   29.7   0.0    53   136   327   426   313   437 0.74 -
tig00000003:1803-5244       -           1129 5523at4891           -            766   3.6e-25   85.3  15.3   3   4     0.022       2.1    3.4   0.5   214   294   545   625   535   661 0.77 -
tig00000003:1803-5244       -           1129 5523at4891           -            766   3.6e-25   85.3  15.3   4   4   1.2e-19   1.2e-17   60.5   0.1   626   749   871  1008   862  1020 0.82 -
tig00000061:251144-254323   -           1060 5523at4891           -            766   3.7e-25   85.3  16.2   1   5       2.3   2.3e+02   -3.3   4.2   373   445    29   102     7   125 0.60 -
tig00000061:251144-254323   -           1060 5523at4891           -            766   3.7e-25   85.3  16.2   2   5   2.4e-12   2.4e-10   36.3   0.2    52   105   292   346   272   349 0.82 -
tig00000061:251144-254323   -           1060 5523at4891           -            766   3.7e-25   85.3  16.2   3   5       1.8   1.8e+02   -2.9   0.0   148   192   436   483   427   490 0.72 -
tig00000061:251144-254323   -           1060 5523at4891           -            766   3.7e-25   85.3  16.2   4   5    0.0041       0.4    5.8   0.0   214   282   546   613   535   616 0.88 -
tig00000061:251144-254323   -           1060 5523at4891           -            766   3.7e-25   85.3  16.2   5   5   2.6e-16   2.5e-14   49.5   0.1   656   742   690   775   630   792 0.72 -
tig00000005:909994-912687   -            898 5523at4891           -            766     4e-25   85.1   0.8   1   2     1e-08     1e-06   24.3   0.2    53   104   326   382   315   385 0.77 -
tig00000005:909994-912687   -            898 5523at4891           -            766     4e-25   85.1   0.8   2   2   4.8e-19   4.7e-17   58.5   0.0   607   747   648   802   643   826 0.78 -
tig00000001:1116681-1121216 -           1512 5523at4891           -            766   9.6e-25   83.9  14.4   1   4       3.6   3.5e+02   -3.9   3.1   367   456   381   469   350   501 0.56 -
tig00000001:1116681-1121216 -           1512 5523at4891           -            766   9.6e-25   83.9  14.4   2   4   3.7e-10   3.6e-08   29.1   0.0    53   136   710   809   697   820 0.74 -
tig00000001:1116681-1121216 -           1512 5523at4891           -            766   9.6e-25   83.9  14.4   3   4     0.032       3.1    2.9   0.4   214   294   928  1008   919  1043 0.77 -
tig00000001:1116681-1121216 -           1512 5523at4891           -            766   9.6e-25   83.9  14.4   4   4   1.8e-19   1.7e-17   59.9   0.1   626   749  1254  1391  1245  1403 0.82 -
tig00000014:374026-376782   -            919 5523at4891           -            766   1.3e-22   76.8   0.2   1   2   5.5e-05    0.0054   12.0   0.2    52    82   302   332   292   374 0.68 -
tig00000014:374026-376782   -            919 5523at4891           -            766   1.3e-22   76.8   0.2   2   2   4.2e-20   4.1e-18   62.0   0.0   614   751   630   780   606   797 0.75 -
tig00000001:979658-980614   -            319 5523at4891           -            766   2.7e-10   36.1   7.9   1   1   4.4e-12   4.3e-10   35.4   7.9   536   586   264   315   230   318 0.88 -
tig00000037:102946-104157   -            404 5523at4891           -            766     1e-09   34.2   1.8   1   1   2.1e-11   2.1e-09   33.2   1.8   539   582    17    61     9    81 0.86 -
tig00000014:356872-357027   -             52 5523at4891           -            766   1.5e-06   23.8   2.2   1   1   1.6e-08   1.5e-06   23.7   2.2   537   578     4    52     1    52 0.76 -
tig00000022:379274-381547   -            758 5523at4891           -            766   3.3e-05   19.3   1.4   1   1   6.1e-07   5.9e-05   18.5   1.4   552   580   726   754   717   757 0.92 -
tig00000010:729693-729827   -             45 5523at4891           -            766     4e-05   19.0   8.0   1   1   4.1e-07     4e-05   19.0   8.0   548   578    13    45     1    45 0.75 -
tig00000007:302215-303852   -            546 5523at4891           -            766   4.2e-05   19.0   3.5   1   1   9.8e-07   9.5e-05   17.8   3.5   553   581   370   398   330   425 0.80 -
tig00000022:479133-480758   -            542 5523at4891           -            766   0.00023   16.5   5.4   1   1   5.2e-06   0.00051   15.4   5.4   518   586   150   226   144   254 0.73 -
tig00000078:91575-93311     -            579 5523at4891           -            766    0.0021   13.4   2.3   1   1   5.4e-05    0.0052   12.0   2.3   539   572   105   140    98   169 0.83 -
tig00000001:434186-434680   -            165 5523at4891           -            766     0.049    8.8   9.2   1   1   0.00098     0.095    7.9   9.2   553   585    67   102    31   128 0.70 -
tig00000007:71168-71530     -            121 5523at4891           -            766       1.8    3.6  12.6   1   2       1.7   1.7e+02   -2.9   1.3   567   582    48    63    44    72 0.64 -
tig00000007:71168-71530     -            121 5523at4891           -            766       1.8    3.6  12.6   2   2   0.00013     0.012   10.8   4.2   554   580    87   113    77   119 0.89 -
#
# Program:         hmmsearch
# Version:         3.1b2 (February 2015)
# Pipeline mode:   SEARCH
# Query file:      /home/inf-38-2022/BINP29/longread/2/busco_downloads/lineages/saccharomycetes_odb10/hmms/5523at4891.hmm
# Target file:     /home/inf-38-2022/BINP29/longread/2/Results/04_Busco/canu/run_saccharomycetes_odb10/metaeuk_output/initial_results/asm.contigs.fasta.modified.fas
# Option settings: hmmsearch --domtblout /home/inf-38-2022/BINP29/longread/2/Results/04_Busco/canu/run_saccharomycetes_odb10/hmmer_output/initial_run_results/5523at4891.out --cpu 1 /home/inf-38-2022/BINP29/longread/2/busco_downloads/lineages/saccharomycetes_odb10/hmms/5523at4891.hmm /home/inf-38-2022/BINP29/longread/2/Results/04_Busco/canu/run_saccharomycetes_odb10/metaeuk_output/initial_results/asm.contigs.fasta.modified.fas 
# Current dir:     /home/inf-38-2022/BINP29/longread/2
# Date:            Thu Feb 23 14:08:15 2023
# [ok]
