#                                                                                   --- full sequence --- -------------- this domain -------------   hmm coord   ali coord   env coord
# target name               accession   tlen query name           accession   qlen   E-value  score  bias   #  of  c-Evalue  i-Evalue  score  bias  from    to  from    to  from    to  acc description of target
#       ------------------- ---------- ----- -------------------- ---------- ----- --------- ------ ----- --- --- --------- --------- ------ ----- ----- ----- ----- ----- ----- ----- ---- ---------------------
tig00000010:479365-481371   -            669 5578at4891           -            490  1.5e-235  779.5  34.1   1   4   1.1e-42   1.7e-40  136.3   1.5     1    98     7   105     7   113 0.95 -
tig00000010:479365-481371   -            669 5578at4891           -            490  1.5e-235  779.5  34.1   2   4   4.1e-43   6.3e-41  137.7   0.2    85   173   128   219   120   225 0.93 -
tig00000010:479365-481371   -            669 5578at4891           -            490  1.5e-235  779.5  34.1   3   4  1.6e-154  2.5e-152  505.1  14.4   163   473   262   611   236   618 0.89 -
tig00000010:479365-481371   -            669 5578at4891           -            490  1.5e-235  779.5  34.1   4   4    0.0033       0.5    6.1   0.2   468   490   646   668   638   668 0.89 -
tig00000023:505392-507110   -            573 5578at4891           -            490   8.3e-45  150.5   0.2   1   3   2.6e-19   3.9e-17   59.2   0.0     4   160    38   200    35   217 0.88 -
tig00000023:505392-507110   -            573 5578at4891           -            490   8.3e-45  150.5   0.2   2   3   6.9e-15     1e-12   44.6   0.1     4    83   219   299   216   307 0.92 -
tig00000023:505392-507110   -            573 5578at4891           -            490   8.3e-45  150.5   0.2   3   3     2e-14     3e-12   43.1   0.1     5    86   323   405   319   420 0.87 -
tig00000010:758671-761331   -            887 5578at4891           -            490   3.7e-30  102.2  15.9   1   4   0.00022     0.033   10.0   1.5   391   444    43    94    19   151 0.64 -
tig00000010:758671-761331   -            887 5578at4891           -            490   3.7e-30  102.2  15.9   2   4   9.4e-11   1.4e-08   31.0   0.1   172   279   342   448   308   489 0.75 -
tig00000010:758671-761331   -            887 5578at4891           -            490   3.7e-30  102.2  15.9   3   4    0.0007      0.11    8.3   0.0   167   202   524   559   488   567 0.80 -
tig00000010:758671-761331   -            887 5578at4891           -            490   3.7e-30  102.2  15.9   4   4   4.3e-18   6.4e-16   55.2   3.6     5   164   664   841   660   869 0.77 -
tig00000018:604043-605371   -            443 5578at4891           -            490   3.4e-21   72.6   0.0   1   3   3.8e-08   5.8e-06   22.4   0.0     4    82    66   145    63   152 0.88 -
tig00000018:604043-605371   -            443 5578at4891           -            490   3.4e-21   72.6   0.0   2   3   7.7e-15   1.2e-12   44.4   0.0     3    87   152   238   150   249 0.88 -
tig00000018:604043-605371   -            443 5578at4891           -            490   3.4e-21   72.6   0.0   3   3     0.055       8.4    2.1   0.0   177   201   334   358   326   415 0.55 -
tig00000007:89169-89801     -            211 5578at4891           -            490   4.7e-20   68.9   0.0   1   2   2.3e-13   3.5e-11   39.6   0.0    95   213     6   121     1   122 0.57 -
tig00000007:89169-89801     -            211 5578at4891           -            490   4.7e-20   68.9   0.0   2   2   1.1e-11   1.6e-09   34.1   0.1     5    87    84   167    79   170 0.87 -
tig00000031:431155-432288   -            378 5578at4891           -            490   4.6e-18   62.3   2.5   1   2   3.5e-09   5.3e-07   25.8   0.2     5   144     2   142     1   166 0.83 -
tig00000031:431155-432288   -            378 5578at4891           -            490   4.6e-18   62.3   2.5   2   2   1.7e-12   2.6e-10   36.7   0.2     3   101   202   305   200   324 0.88 -
tig00000038:69603-70709     -            369 5578at4891           -            490   1.2e-17   60.9   4.8   1   4   2.6e-10   3.9e-08   29.5   0.0     6   143     1   139     1   163 0.83 -
tig00000038:69603-70709     -            369 5578at4891           -            490   1.2e-17   60.9   4.8   2   4     0.056       8.5    2.0   0.2   408   479   126   205   123   212 0.69 -
tig00000038:69603-70709     -            369 5578at4891           -            490   1.2e-17   60.9   4.8   3   4   2.5e-10   3.8e-08   29.6   0.1     3    84   210   291   208   303 0.90 -
tig00000038:69603-70709     -            369 5578at4891           -            490   1.2e-17   60.9   4.8   4   4     0.077        12    1.6   0.0     5    58   302   357   298   367 0.66 -
tig00000005:293050-294291   -            414 5578at4891           -            490   2.1e-17   60.1   0.0   1   2   9.9e-14   1.5e-11   40.8   0.0    79   201   159   293   122   301 0.77 -
tig00000005:293050-294291   -            414 5578at4891           -            490   2.1e-17   60.1   0.0   2   2   1.9e-06   0.00028   16.8   0.0    39    83   304   348   301   353 0.90 -
tig00000037:240675-241250   -            192 5578at4891           -            490   7.5e-15   51.7   0.1   1   1   4.9e-16   7.4e-14   48.4   0.1     4   157    20   188    17   190 0.82 -
tig00000005:104913-106247   -            445 5578at4891           -            490     2e-14   50.3   0.0   1   3     4e-06   0.00061   15.7   0.0     6    84     3    83     1    89 0.85 -
tig00000005:104913-106247   -            445 5578at4891           -            490     2e-14   50.3   0.0   2   3    0.0018      0.27    7.0   0.0   406   430   186   210   149   240 0.71 -
tig00000005:104913-106247   -            445 5578at4891           -            490     2e-14   50.3   0.0   3   3   3.5e-07   5.3e-05   19.2   0.0     3    81   345   445   342   445 0.65 -
tig00000031:283864-284850   -            329 5578at4891           -            490   6.9e-13   45.2   0.0   1   3      0.11        17    1.1   0.0    40    63    48    71    44    96 0.74 -
tig00000031:283864-284850   -            329 5578at4891           -            490   6.9e-13   45.2   0.0   2   3   2.5e-11   3.8e-09   32.9   0.0     5    75   109   182   106   192 0.90 -
tig00000031:283864-284850   -            329 5578at4891           -            490   6.9e-13   45.2   0.0   3   3    0.0014      0.22    7.3   0.0   176   207   259   291   249   325 0.55 -
tig00000014:643085-644017   -            311 5578at4891           -            490   2.8e-11   39.9   0.1   1   3       1.2   1.8e+02   -2.4   0.0    45    61     1    17     1    21 0.66 -
tig00000014:643085-644017   -            311 5578at4891           -            490   2.8e-11   39.9   0.1   2   3   2.9e-10   4.4e-08   29.4   0.0     5    83    64   145    61   151 0.89 -
tig00000014:643085-644017   -            311 5578at4891           -            490   2.8e-11   39.9   0.1   3   3     0.001      0.15    7.8   0.0   104   150   246   287   239   294 0.88 -
tig00000018:308558-309709   -            384 5578at4891           -            490   3.9e-11   39.4   1.6   1   3     0.022       3.3    3.4   0.0   168   195   100   127    93   132 0.83 -
tig00000018:308558-309709   -            384 5578at4891           -            490   3.9e-11   39.4   1.6   2   3      0.67     1e+02   -1.5   0.0    39    72   161   193   149   219 0.68 -
tig00000018:308558-309709   -            384 5578at4891           -            490   3.9e-11   39.4   1.6   3   3   1.4e-11   2.1e-09   33.7   0.2     4    92   221   309   218   325 0.82 -
tig00000007:246186-247562   -            459 5578at4891           -            490   1.5e-09   34.2   2.3   1   2      0.38        58   -0.7   0.1   150   197   121   171   102   207 0.69 -
tig00000007:246186-247562   -            459 5578at4891           -            490   1.5e-09   34.2   2.3   2   2   1.9e-11   2.9e-09   33.2   0.0   170   236   274   339   234   351 0.82 -
tig00000018:418965-419486   -            174 5578at4891           -            490   3.9e-08   29.5   0.1   1   1   4.5e-10   6.9e-08   28.7   0.0     6    79    47   122    35   149 0.87 -
tig00000005:689361-690242   -            294 5578at4891           -            490   3.4e-07   26.4   0.0   1   2     0.017       2.5    3.8   0.0   175   201    18    44     9    52 0.64 -
tig00000005:689361-690242   -            294 5578at4891           -            490   3.4e-07   26.4   0.0   2   2   1.3e-07   1.9e-05   20.6   0.0   402   435    54    87    46    99 0.86 -
tig00000001:1305058-1305873 -            272 5578at4891           -            490   6.2e-06   22.3   0.0   1   1   5.8e-08   8.8e-06   21.8   0.0     2    80   188   269   187   272 0.86 -
tig00000083:81260-81643     -            128 5578at4891           -            490   1.7e-05   20.8   0.0   1   1   1.3e-07   1.9e-05   20.6   0.0    85   163    25   106     2   120 0.77 -
#
# Program:         hmmsearch
# Version:         3.1b2 (February 2015)
# Pipeline mode:   SEARCH
# Query file:      /home/inf-38-2022/BINP29/longread/2/busco_downloads/lineages/saccharomycetes_odb10/hmms/5578at4891.hmm
# Target file:     /home/inf-38-2022/BINP29/longread/2/Results/04_Busco/canu/run_saccharomycetes_odb10/metaeuk_output/initial_results/asm.contigs.fasta.modified.fas
# Option settings: hmmsearch --domtblout /home/inf-38-2022/BINP29/longread/2/Results/04_Busco/canu/run_saccharomycetes_odb10/hmmer_output/initial_run_results/5578at4891.out --cpu 1 /home/inf-38-2022/BINP29/longread/2/busco_downloads/lineages/saccharomycetes_odb10/hmms/5578at4891.hmm /home/inf-38-2022/BINP29/longread/2/Results/04_Busco/canu/run_saccharomycetes_odb10/metaeuk_output/initial_results/asm.contigs.fasta.modified.fas 
# Current dir:     /home/inf-38-2022/BINP29/longread/2
# Date:            Thu Feb 23 14:08:16 2023
# [ok]
