#                                                                                 --- full sequence --- -------------- this domain -------------   hmm coord   ali coord   env coord
# target name             accession   tlen query name           accession   qlen   E-value  score  bias   #  of  c-Evalue  i-Evalue  score  bias  from    to  from    to  from    to  acc description of target
#     ------------------- ---------- ----- -------------------- ---------- ----- --------- ------ ----- --- --- --------- --------- ------ ----- ----- ----- ----- ----- ----- ----- ---- ---------------------
tig00000014:470332-472326 -            665 5741at4891           -            547         0 1048.9   1.7   1   2  5.8e-246    4e-243  805.2   0.1     1   403    15   448    15   462 0.96 -
tig00000014:470332-472326 -            665 5741at4891           -            547         0 1048.9   1.7   2   2   1.3e-75   8.8e-73  242.9   0.2   402   547   491   651   476   651 0.91 -
tig00000010:711538-713358 -            607 5741at4891           -            547  4.6e-259  857.8   5.0   1   2  2.6e-197  1.8e-194  644.6   0.4     3   403     1   400     1   414 0.95 -
tig00000010:711538-713358 -            607 5741at4891           -            547  4.6e-259  857.8   5.0   2   2   2.3e-65   1.6e-62  209.1   0.6   389   544   427   595   399   602 0.85 -
tig00000023:332020-333729 -            570 5741at4891           -            547   5.2e-07   25.8   0.0   1   1   1.2e-09   8.3e-07   25.2   0.0   199   275   107   183    97   192 0.84 -
tig00000083:237436-239619 -            728 5741at4891           -            547   0.00067   15.6   0.1   1   2    0.0034       2.3    3.9   0.0   197   254   410   467   401   486 0.77 -
tig00000083:237436-239619 -            728 5741at4891           -            547   0.00067   15.6   0.1   2   2   7.8e-05     0.053    9.3   0.0   449   538   617   718   597   723 0.80 -
#
# Program:         hmmsearch
# Version:         3.1b2 (February 2015)
# Pipeline mode:   SEARCH
# Query file:      /home/inf-38-2022/BINP29/longread/2/busco_downloads/lineages/saccharomycetes_odb10/hmms/5741at4891.hmm
# Target file:     /home/inf-38-2022/BINP29/longread/2/Results/04_Busco/canu/run_saccharomycetes_odb10/metaeuk_output/initial_results/asm.contigs.fasta.modified.fas
# Option settings: hmmsearch --domtblout /home/inf-38-2022/BINP29/longread/2/Results/04_Busco/canu/run_saccharomycetes_odb10/hmmer_output/initial_run_results/5741at4891.out --cpu 1 /home/inf-38-2022/BINP29/longread/2/busco_downloads/lineages/saccharomycetes_odb10/hmms/5741at4891.hmm /home/inf-38-2022/BINP29/longread/2/Results/04_Busco/canu/run_saccharomycetes_odb10/metaeuk_output/initial_results/asm.contigs.fasta.modified.fas 
# Current dir:     /home/inf-38-2022/BINP29/longread/2
# Date:            Thu Feb 23 14:08:17 2023
# [ok]
