#                                                                                 --- full sequence --- -------------- this domain -------------   hmm coord   ali coord   env coord
# target name             accession   tlen query name           accession   qlen   E-value  score  bias   #  of  c-Evalue  i-Evalue  score  bias  from    to  from    to  from    to  acc description of target
#     ------------------- ---------- ----- -------------------- ---------- ----- --------- ------ ----- --- --- --------- --------- ------ ----- ----- ----- ----- ----- ----- ----- ---- ---------------------
tig00000034:95578-97218   -            547 5956at4891           -            479  1.1e-268  888.9  12.6   1   2   1.1e-17   4.9e-15   52.4   9.3     1    57    10    75    10    94 0.77 -
tig00000034:95578-97218   -            547 5956at4891           -            479  1.1e-268  888.9  12.6   2   2  6.6e-256    3e-253  837.9   0.1    56   479   101   547    88   547 0.97 -
tig00000031:423621-425276 -            552 5956at4891           -            479   1.9e-44  149.4   0.5   1   2   2.3e-05      0.01   11.8   0.3     9   111    71   184    63   213 0.67 -
tig00000031:423621-425276 -            552 5956at4891           -            479   1.9e-44  149.4   0.5   2   2   5.7e-43   2.6e-40  135.8   0.0   172   479   233   552   222   552 0.82 -
tig00000037:178690-180111 -            474 5956at4891           -            479   5.8e-24   81.9   0.1   1   1   1.9e-25   8.5e-23   78.0   0.1   179   472   128   467   121   471 0.74 -
tig00000010:365107-367035 -            643 5956at4891           -            479   2.6e-22   76.4   0.9   1   2     4e-16   1.8e-13   47.3   0.3   174   302   141   279    46   287 0.77 -
tig00000010:365107-367035 -            643 5956at4891           -            479   2.6e-22   76.4   0.9   2   2   9.2e-10   4.2e-07   26.3   0.0   393   472   527   616   486   619 0.75 -
tig00000018:489801-491195 -            465 5956at4891           -            479   4.5e-19   65.8   0.1   1   2   1.7e-15   7.6e-13   45.2   0.1   166   314   103   256    83   284 0.83 -
tig00000018:489801-491195 -            465 5956at4891           -            479   4.5e-19   65.8   0.1   2   2   2.4e-07   0.00011   18.3   0.0   432   465   427   460   357   464 0.89 -
tig00000001:520629-522332 -            568 5956at4891           -            479   4.7e-14   49.2   8.4   1   4     0.066        30    0.4   3.1     7    44    18    55    13    81 0.72 -
tig00000001:520629-522332 -            568 5956at4891           -            479   4.7e-14   49.2   8.4   2   4     0.093        42   -0.1   0.0    55    83   119   147   104   173 0.81 -
tig00000001:520629-522332 -            568 5956at4891           -            479   4.7e-14   49.2   8.4   3   4   3.1e-10   1.4e-07   27.8   0.7   169   304   221   363   212   371 0.79 -
tig00000001:520629-522332 -            568 5956at4891           -            479   4.7e-14   49.2   8.4   4   4   7.5e-08   3.4e-05   20.0   0.0   432   471   529   568   505   568 0.94 -
#
# Program:         hmmsearch
# Version:         3.1b2 (February 2015)
# Pipeline mode:   SEARCH
# Query file:      /home/inf-38-2022/BINP29/longread/2/busco_downloads/lineages/saccharomycetes_odb10/hmms/5956at4891.hmm
# Target file:     /home/inf-38-2022/BINP29/longread/2/Results/04_Busco/canu/run_saccharomycetes_odb10/metaeuk_output/initial_results/asm.contigs.fasta.modified.fas
# Option settings: hmmsearch --domtblout /home/inf-38-2022/BINP29/longread/2/Results/04_Busco/canu/run_saccharomycetes_odb10/hmmer_output/initial_run_results/5956at4891.out --cpu 1 /home/inf-38-2022/BINP29/longread/2/busco_downloads/lineages/saccharomycetes_odb10/hmms/5956at4891.hmm /home/inf-38-2022/BINP29/longread/2/Results/04_Busco/canu/run_saccharomycetes_odb10/metaeuk_output/initial_results/asm.contigs.fasta.modified.fas 
# Current dir:     /home/inf-38-2022/BINP29/longread/2
# Date:            Thu Feb 23 14:08:18 2023
# [ok]
