#                                                                                 --- full sequence --- -------------- this domain -------------   hmm coord   ali coord   env coord
# target name             accession   tlen query name           accession   qlen   E-value  score  bias   #  of  c-Evalue  i-Evalue  score  bias  from    to  from    to  from    to  acc description of target
#     ------------------- ---------- ----- -------------------- ---------- ----- --------- ------ ----- --- --- --------- --------- ------ ----- ----- ----- ----- ----- ----- ----- ---- ---------------------
tig00000001:591570-594239 -            890 6658at4891           -            632  3.7e-188  623.8  30.9   1   4     2e-96   1.8e-93  311.0   0.1    14   230     1   251     1   265 0.88 -
tig00000001:591570-594239 -            890 6658at4891           -            632  3.7e-188  623.8  30.9   2   4   4.7e-10   4.3e-07   25.7   0.0   220   261   271   318   268   330 0.85 -
tig00000001:591570-594239 -            890 6658at4891           -            632  3.7e-188  623.8  30.9   3   4   9.6e-32   8.8e-29   97.4   1.8   260   353   350   460   338   492 0.86 -
tig00000001:591570-594239 -            890 6658at4891           -            632  3.7e-188  623.8  30.9   4   4     3e-60   2.7e-57  191.5  16.5   387   624   578   869   571   875 0.82 -
tig00000061:551101-551736 -            212 6658at4891           -            632   0.00053   15.5   0.0   1   1   7.7e-07    0.0007   15.1   0.0    36    98    64   132    55   157 0.78 -
tig00000018:621173-622084 -            304 6658at4891           -            632     0.013   10.9   0.0   1   2   6.4e-05     0.058    8.8   0.0    62   121    61   128    39   133 0.80 -
tig00000018:621173-622084 -            304 6658at4891           -            632     0.013   10.9   0.0   2   2     0.044        40   -0.6   0.1    64   101   195   239   191   245 0.74 -
#
# Program:         hmmsearch
# Version:         3.1b2 (February 2015)
# Pipeline mode:   SEARCH
# Query file:      /home/inf-38-2022/BINP29/longread/2/busco_downloads/lineages/saccharomycetes_odb10/hmms/6658at4891.hmm
# Target file:     /home/inf-38-2022/BINP29/longread/2/Results/04_Busco/canu/run_saccharomycetes_odb10/metaeuk_output/initial_results/asm.contigs.fasta.modified.fas
# Option settings: hmmsearch --domtblout /home/inf-38-2022/BINP29/longread/2/Results/04_Busco/canu/run_saccharomycetes_odb10/hmmer_output/initial_run_results/6658at4891.out --cpu 1 /home/inf-38-2022/BINP29/longread/2/busco_downloads/lineages/saccharomycetes_odb10/hmms/6658at4891.hmm /home/inf-38-2022/BINP29/longread/2/Results/04_Busco/canu/run_saccharomycetes_odb10/metaeuk_output/initial_results/asm.contigs.fasta.modified.fas 
# Current dir:     /home/inf-38-2022/BINP29/longread/2
# Date:            Thu Feb 23 14:08:23 2023
# [ok]
