#                                                                                 --- full sequence --- -------------- this domain -------------   hmm coord   ali coord   env coord
# target name             accession   tlen query name           accession   qlen   E-value  score  bias   #  of  c-Evalue  i-Evalue  score  bias  from    to  from    to  from    to  acc description of target
#     ------------------- ---------- ----- -------------------- ---------- ----- --------- ------ ----- --- --- --------- --------- ------ ----- ----- ----- ----- ----- ----- ----- ---- ---------------------
tig00000010:354644-356688 -            631 7208at4891           -            321  3.1e-140  464.3  14.3   1   3   1.8e-22   9.8e-20   68.3   0.0     7    79   131   222   126   234 0.79 -
tig00000010:354644-356688 -            631 7208at4891           -            321  3.1e-140  464.3  14.3   2   3   9.1e-49     5e-46  154.7   4.6    78   198   246   400   224   415 0.84 -
tig00000010:354644-356688 -            631 7208at4891           -            321  3.1e-140  464.3  14.3   3   3   9.3e-75   5.1e-72  240.1   0.7   193   321   441   569   433   569 0.98 -
tig00000061:603776-604693 -            306 7208at4891           -            321   0.00014   18.5   1.0   1   2    0.0023       1.3    5.5   0.5   248   315    25    91    16    96 0.71 -
tig00000061:603776-604693 -            306 7208at4891           -            321   0.00014   18.5   1.0   2   2   1.6e-05    0.0085   12.6   0.0   140   209    87   157    78   168 0.81 -
tig00000078:431801-433417 -            539 7208at4891           -            321   0.00087   15.9   0.0   1   2     0.024        13    2.2   0.0    60    81   150   173    80   255 0.68 -
tig00000078:431801-433417 -            539 7208at4891           -            321   0.00087   15.9   0.0   2   2   6.3e-05     0.034   10.7   0.0   151   197   287   334   258   371 0.88 -
tig00000034:312743-313672 -            310 7208at4891           -            321     0.008   12.7   0.1   1   1   2.8e-05     0.015   11.8   0.1   166   211   135   179   100   191 0.84 -
tig00000018:334747-335976 -            410 7208at4891           -            321     0.024   11.2   0.0   1   1   6.5e-05     0.036   10.6   0.0   179   220   136   176   107   220 0.83 -
#
# Program:         hmmsearch
# Version:         3.1b2 (February 2015)
# Pipeline mode:   SEARCH
# Query file:      /home/inf-38-2022/BINP29/longread/2/busco_downloads/lineages/saccharomycetes_odb10/hmms/7208at4891.hmm
# Target file:     /home/inf-38-2022/BINP29/longread/2/Results/04_Busco/canu/run_saccharomycetes_odb10/metaeuk_output/initial_results/asm.contigs.fasta.modified.fas
# Option settings: hmmsearch --domtblout /home/inf-38-2022/BINP29/longread/2/Results/04_Busco/canu/run_saccharomycetes_odb10/hmmer_output/initial_run_results/7208at4891.out --cpu 1 /home/inf-38-2022/BINP29/longread/2/busco_downloads/lineages/saccharomycetes_odb10/hmms/7208at4891.hmm /home/inf-38-2022/BINP29/longread/2/Results/04_Busco/canu/run_saccharomycetes_odb10/metaeuk_output/initial_results/asm.contigs.fasta.modified.fas 
# Current dir:     /home/inf-38-2022/BINP29/longread/2
# Date:            Thu Feb 23 14:08:29 2023
# [ok]
