#                                                                                 --- full sequence --- -------------- this domain -------------   hmm coord   ali coord   env coord
# target name             accession   tlen query name           accession   qlen   E-value  score  bias   #  of  c-Evalue  i-Evalue  score  bias  from    to  from    to  from    to  acc description of target
#     ------------------- ---------- ----- -------------------- ---------- ----- --------- ------ ----- --- --- --------- --------- ------ ----- ----- ----- ----- ----- ----- ----- ---- ---------------------
tig00000001:277539-280829 -           1097 730at4891            -            846         0 1468.5  25.2   1   2   3.6e-12   3.3e-09   32.3   0.2     1    40   112   166   112   179 0.75 -
tig00000001:277539-280829 -           1097 730at4891            -            846         0 1468.5  25.2   2   2         0         0 1434.1  20.7    27   845   176  1093   173  1097 0.92 -
tig00000010:241973-246448 -           1492 730at4891            -            846   1.6e-89  297.9  15.8   1   3   4.3e-05     0.039    8.9   0.0     9    70    44   107    38   119 0.86 -
tig00000010:241973-246448 -           1492 730at4891            -            846   1.6e-89  297.9  15.8   2   3     0.082        75   -2.0   0.0    73   101   177   205   156   217 0.79 -
tig00000010:241973-246448 -           1492 730at4891            -            846   1.6e-89  297.9  15.8   3   3   4.6e-89   4.2e-86  286.7  13.2   175   841   721  1476   704  1480 0.78 -
tig00000018:431223-435623 -           1467 730at4891            -            846   1.3e-52  175.9   5.1   1   3     0.062        57   -1.6   0.0    83   138   485   544   477   550 0.81 -
tig00000018:431223-435623 -           1467 730at4891            -            846   1.3e-52  175.9   5.1   2   3   6.7e-05     0.061    8.2   0.0   185   233   615   661   608   675 0.84 -
tig00000018:431223-435623 -           1467 730at4891            -            846   1.3e-52  175.9   5.1   3   3   1.9e-52   1.7e-49  165.6   3.7   388   751   838  1229   831  1235 0.81 -
#
# Program:         hmmsearch
# Version:         3.1b2 (February 2015)
# Pipeline mode:   SEARCH
# Query file:      /home/inf-38-2022/BINP29/longread/2/busco_downloads/lineages/saccharomycetes_odb10/hmms/730at4891.hmm
# Target file:     /home/inf-38-2022/BINP29/longread/2/Results/04_Busco/canu/run_saccharomycetes_odb10/metaeuk_output/initial_results/asm.contigs.fasta.modified.fas
# Option settings: hmmsearch --domtblout /home/inf-38-2022/BINP29/longread/2/Results/04_Busco/canu/run_saccharomycetes_odb10/hmmer_output/initial_run_results/730at4891.out --cpu 1 /home/inf-38-2022/BINP29/longread/2/busco_downloads/lineages/saccharomycetes_odb10/hmms/730at4891.hmm /home/inf-38-2022/BINP29/longread/2/Results/04_Busco/canu/run_saccharomycetes_odb10/metaeuk_output/initial_results/asm.contigs.fasta.modified.fas 
# Current dir:     /home/inf-38-2022/BINP29/longread/2
# Date:            Thu Feb 23 14:08:30 2023
# [ok]
