#                                                                                 --- full sequence --- -------------- this domain -------------   hmm coord   ali coord   env coord
# target name             accession   tlen query name           accession   qlen   E-value  score  bias   #  of  c-Evalue  i-Evalue  score  bias  from    to  from    to  from    to  acc description of target
#     ------------------- ---------- ----- -------------------- ---------- ----- --------- ------ ----- --- --- --------- --------- ------ ----- ----- ----- ----- ----- ----- ----- ---- ---------------------
tig00000012:114471-116663 -            731 7422at4891           -            446  6.1e-159  526.7   8.8   1   5     0.068        93   -1.3   0.0     1    17     5    21     5    30 0.89 -
tig00000012:114471-116663 -            731 7422at4891           -            446  6.1e-159  526.7   8.8   2   5  3.1e-122  4.2e-119  395.3   0.6    25   309    74   398    72   415 0.78 -
tig00000012:114471-116663 -            731 7422at4891           -            446  6.1e-159  526.7   8.8   3   5   5.6e-46   7.6e-43  144.0   2.2   271   417   420   597   413   631 0.77 -
tig00000012:114471-116663 -            731 7422at4891           -            446  6.1e-159  526.7   8.8   4   5      0.19   2.6e+02   -2.8   5.6   396   435   636   675   621   684 0.71 -
tig00000012:114471-116663 -            731 7422at4891           -            446  6.1e-159  526.7   8.8   5   5     0.029        40   -0.1   2.7   414   446   699   731   680   731 0.67 -
tig00000010:439307-440725 -            473 7422at4891           -            446    0.0016   14.4   1.3   1   2     3e-06    0.0041   13.1   0.1   140   237   202   300   193   320 0.78 -
tig00000010:439307-440725 -            473 7422at4891           -            446    0.0016   14.4   1.3   2   2     0.042        58   -0.6   0.1   288   325   337   373   322   375 0.79 -
#
# Program:         hmmsearch
# Version:         3.1b2 (February 2015)
# Pipeline mode:   SEARCH
# Query file:      /home/inf-38-2022/BINP29/longread/2/busco_downloads/lineages/saccharomycetes_odb10/hmms/7422at4891.hmm
# Target file:     /home/inf-38-2022/BINP29/longread/2/Results/04_Busco/canu/run_saccharomycetes_odb10/metaeuk_output/initial_results/asm.contigs.fasta.modified.fas
# Option settings: hmmsearch --domtblout /home/inf-38-2022/BINP29/longread/2/Results/04_Busco/canu/run_saccharomycetes_odb10/hmmer_output/initial_run_results/7422at4891.out --cpu 1 /home/inf-38-2022/BINP29/longread/2/busco_downloads/lineages/saccharomycetes_odb10/hmms/7422at4891.hmm /home/inf-38-2022/BINP29/longread/2/Results/04_Busco/canu/run_saccharomycetes_odb10/metaeuk_output/initial_results/asm.contigs.fasta.modified.fas 
# Current dir:     /home/inf-38-2022/BINP29/longread/2
# Date:            Thu Feb 23 14:08:31 2023
# [ok]
