#                                                                                 --- full sequence --- -------------- this domain -------------   hmm coord   ali coord   env coord
# target name             accession   tlen query name           accession   qlen   E-value  score  bias   #  of  c-Evalue  i-Evalue  score  bias  from    to  from    to  from    to  acc description of target
#     ------------------- ---------- ----- -------------------- ---------- ----- --------- ------ ----- --- --- --------- --------- ------ ----- ----- ----- ----- ----- ----- ----- ---- ---------------------
tig00000014:38453-40033   -            527 7491at4891           -            457  4.1e-282  932.7   1.3   1   2    6e-285  4.1e-282  932.7   1.3     1   448    21   489    21   502 0.97 -
tig00000014:38453-40033   -            527 7491at4891           -            457  4.1e-282  932.7   1.3   2   2      0.06        41   -0.3   0.0   441   457   511   527   496   527 0.85 -
tig00000014:480231-481781 -            517 7491at4891           -            457   6.2e-29   98.0   0.0   1   1   1.2e-31   8.4e-29   97.6   0.0    56   361    65   389    48   429 0.83 -
tig00000061:97495-99027   -            511 7491at4891           -            457     2e-23   79.9   0.5   1   1   4.5e-26   3.1e-23   79.2   0.5    58   447    84   479    39   486 0.80 -
tig00000001:127472-130684 -           1071 7491at4891           -            457   1.7e-11   40.5   0.4   1   3    0.0014      0.96    5.1   0.1    21   110    23   114     6   128 0.83 -
tig00000001:127472-130684 -           1071 7491at4891           -            457   1.7e-11   40.5   0.4   2   3     0.014       9.4    1.8   0.0   127   167   227   267   217   278 0.87 -
tig00000001:127472-130684 -           1071 7491at4891           -            457   1.7e-11   40.5   0.4   3   3     5e-11   3.4e-08   29.7   0.0   213   354   767   918   760   923 0.82 -
#
# Program:         hmmsearch
# Version:         3.1b2 (February 2015)
# Pipeline mode:   SEARCH
# Query file:      /home/inf-38-2022/BINP29/longread/2/busco_downloads/lineages/saccharomycetes_odb10/hmms/7491at4891.hmm
# Target file:     /home/inf-38-2022/BINP29/longread/2/Results/04_Busco/canu/run_saccharomycetes_odb10/metaeuk_output/initial_results/asm.contigs.fasta.modified.fas
# Option settings: hmmsearch --domtblout /home/inf-38-2022/BINP29/longread/2/Results/04_Busco/canu/run_saccharomycetes_odb10/hmmer_output/initial_run_results/7491at4891.out --cpu 1 /home/inf-38-2022/BINP29/longread/2/busco_downloads/lineages/saccharomycetes_odb10/hmms/7491at4891.hmm /home/inf-38-2022/BINP29/longread/2/Results/04_Busco/canu/run_saccharomycetes_odb10/metaeuk_output/initial_results/asm.contigs.fasta.modified.fas 
# Current dir:     /home/inf-38-2022/BINP29/longread/2
# Date:            Thu Feb 23 14:08:32 2023
# [ok]
