#                                                                                   --- full sequence --- -------------- this domain -------------   hmm coord   ali coord   env coord
# target name               accession   tlen query name           accession   qlen   E-value  score  bias   #  of  c-Evalue  i-Evalue  score  bias  from    to  from    to  from    to  acc description of target
#       ------------------- ---------- ----- -------------------- ---------- ----- --------- ------ ----- --- --- --------- --------- ------ ----- ----- ----- ----- ----- ----- ----- ---- ---------------------
tig00000022:39397-41541     -            715 8291at4891           -            420  6.5e-127  421.2  33.5   1   4    1e-121  7.5e-120  397.9  22.0     1   367     3   498     3   505 0.85 -
tig00000022:39397-41541     -            715 8291at4891           -            420  6.5e-127  421.2  33.5   2   4    0.0093      0.69    6.0   0.0   359   381   523   546   514   551 0.88 -
tig00000022:39397-41541     -            715 8291at4891           -            420  6.5e-127  421.2  33.5   3   4       0.4        29    0.6   0.2   315   401   549   631   546   635 0.65 -
tig00000022:39397-41541     -            715 8291at4891           -            420  6.5e-127  421.2  33.5   4   4   0.00055      0.04   10.0   0.1   398   420   659   681   647   681 0.89 -
tig00000037:93821-94819     -            333 8291at4891           -            420     1e-17   61.4   7.2   1   2   9.2e-10   6.8e-08   29.1   1.3   119   225    66   180    12   205 0.68 -
tig00000037:93821-94819     -            333 8291at4891           -            420     1e-17   61.4   7.2   2   2   5.6e-10   4.1e-08   29.8   1.1    93   201   192   332   187   333 0.71 -
tig00000083:182049-182867   -            273 8291at4891           -            420   2.2e-17   60.4   8.3   1   3   2.1e-06   0.00015   18.0   0.0   125   178     2    62     1    64 0.81 -
tig00000083:182049-182867   -            273 8291at4891           -            420   2.2e-17   60.4   8.3   2   3   1.2e-09   8.9e-08   28.7   2.4   108   184    64   149    62   177 0.81 -
tig00000083:182049-182867   -            273 8291at4891           -            420   2.2e-17   60.4   8.3   3   3   5.9e-06   0.00044   16.5   0.1   116   169   203   263   180   272 0.75 -
tig00000001:195246-198842   -           1199 8291at4891           -            420     4e-15   52.9   2.0   1   2   8.5e-11   6.3e-09   32.5   0.4   108   204    51   168    43   216 0.53 -
tig00000001:195246-198842   -           1199 8291at4891           -            420     4e-15   52.9   2.0   2   2   1.1e-06   8.4e-05   18.9   0.1   119   209   221   330   186   354 0.70 -
tig00000034:379525-382353   -            943 8291at4891           -            420   4.8e-15   52.6  13.8   1   4    0.0096      0.71    5.9   0.1   127   170    99   151    89   156 0.77 -
tig00000034:379525-382353   -            943 8291at4891           -            420   4.8e-15   52.6  13.8   2   4   0.00012    0.0087   12.2   0.3   108   168   161   230   153   234 0.70 -
tig00000034:379525-382353   -            943 8291at4891           -            420   4.8e-15   52.6  13.8   3   4     0.011      0.82    5.7   0.4    78   107   473   502   383   509 0.58 -
tig00000034:379525-382353   -            943 8291at4891           -            420   4.8e-15   52.6  13.8   4   4   2.7e-11     2e-09   34.1   0.3    92   168   587   685   578   717 0.79 -
tig00000010:275560-276894   -            445 8291at4891           -            420   4.7e-14   49.4   1.0   1   3   3.1e-07   2.3e-05   20.8   0.2   119   169   146   205   124   212 0.73 -
tig00000010:275560-276894   -            445 8291at4891           -            420   4.7e-14   49.4   1.0   2   3   6.2e-07   4.6e-05   19.8   0.0   108   174   216   294   207   305 0.77 -
tig00000010:275560-276894   -            445 8291at4891           -            420   4.7e-14   49.4   1.0   3   3    0.0096      0.71    6.0   0.0    57   110   374   425   340   428 0.68 -
tig00000023:290906-291760   -            285 8291at4891           -            420   9.5e-12   41.8   6.6   1   2   6.6e-05    0.0049   13.1   0.8   152   180    16    44     1    80 0.41 -
tig00000023:290906-291760   -            285 8291at4891           -            420   9.5e-12   41.8   6.6   2   2   7.2e-09   5.3e-07   26.1   2.6     6   140   108   246    40   281 0.77 -
tig00000037:74530-75222     -            231 8291at4891           -            420   1.3e-11   41.3   1.8   1   3   1.5e-09   1.1e-07   28.4   0.0   122   203    13   112     1   125 0.69 -
tig00000037:74530-75222     -            231 8291at4891           -            420   1.3e-11   41.3   1.8   2   3    0.0053      0.39    6.8   0.1   136   169   122   160   114   167 0.73 -
tig00000037:74530-75222     -            231 8291at4891           -            420   1.3e-11   41.3   1.8   3   3     0.039       2.8    4.0   0.0   137   168   177   213   163   216 0.75 -
tig00000007:828201-829577   -            459 8291at4891           -            420   1.6e-11   41.0   6.5   1   4   3.8e-07   2.8e-05   20.5   0.0   119   169   115   172   101   175 0.79 -
tig00000007:828201-829577   -            459 8291at4891           -            420   1.6e-11   41.0   6.5   2   4     0.033       2.4    4.2   0.1   128   172   190   239   176   263 0.66 -
tig00000007:828201-829577   -            459 8291at4891           -            420   1.6e-11   41.0   6.5   3   4     0.044       3.2    3.8   0.8   127   127   270   270   199   355 0.49 -
tig00000007:828201-829577   -            459 8291at4891           -            420   1.6e-11   41.0   6.5   4   4   2.9e-05    0.0022   14.2   0.1    53   134   368   452   359   456 0.77 -
tig00000014:605092-607482   -            797 8291at4891           -            420   1.7e-11   40.9   0.5   1   3    0.0005     0.037   10.2   0.0   134   169   514   554   484   565 0.77 -
tig00000014:605092-607482   -            797 8291at4891           -            420   1.7e-11   40.9   0.5   2   3    0.0054       0.4    6.8   0.0    81   116   570   605   561   618 0.82 -
tig00000014:605092-607482   -            797 8291at4891           -            420   1.7e-11   40.9   0.5   3   3   4.5e-07   3.3e-05   20.2   0.0    93   169   624   723   614   728 0.71 -
tig00000038:154278-154922   -            215 8291at4891           -            420   2.5e-11   40.4   3.3   1   2     4e-08   2.9e-06   23.7   0.2   110   179     6    84     2    96 0.78 -
tig00000038:154278-154922   -            215 8291at4891           -            420   2.5e-11   40.4   3.3   2   2   1.2e-05   0.00088   15.5   0.9     8    98    84   193    81   210 0.58 -
tig00000078:494342-496789   -            816 8291at4891           -            420     5e-10   36.1   8.3   1   3       1.6   1.2e+02   -1.4   0.0   123   149   164   194   156   230 0.66 -
tig00000078:494342-496789   -            816 8291at4891           -            420     5e-10   36.1   8.3   2   3      0.29        22    1.1   0.1    70    99   403   436   380   474 0.51 -
tig00000078:494342-496789   -            816 8291at4891           -            420     5e-10   36.1   8.3   3   3   1.3e-11   9.2e-10   35.2   3.4    22   223   454   666   424   677 0.67 -
tig00000012:441659-442144   -            162 8291at4891           -            420   4.3e-09   33.0   1.5   1   2   6.7e-06   0.00049   16.4   0.1     3    85    10    96     8   102 0.80 -
tig00000012:441659-442144   -            162 8291at4891           -            420   4.3e-09   33.0   1.5   2   2   7.5e-06   0.00056   16.2   0.2     7    47   104   150    99   160 0.68 -
tig00000018:621173-622084   -            304 8291at4891           -            420   1.1e-08   31.7   8.4   1   4     0.036       2.6    4.1   0.0   155   175     6    26     2    89 0.54 -
tig00000018:621173-622084   -            304 8291at4891           -            420   1.1e-08   31.7   8.4   2   4   1.1e-05   0.00085   15.6   0.1   121   169    90   146    69   154 0.69 -
tig00000018:621173-622084   -            304 8291at4891           -            420   1.1e-08   31.7   8.4   3   4   0.00012    0.0088   12.2   2.6   109   169   207   280   192   283 0.71 -
tig00000018:621173-622084   -            304 8291at4891           -            420   1.1e-08   31.7   8.4   4   4   0.00024     0.018   11.2   1.9   122   169   223   280   220   303 0.59 -
tig00000001:1183590-1184819 -            410 8291at4891           -            420   8.3e-08   28.8   0.0   1   2     2e-05    0.0014   14.8   0.0   122   169   133   190   115   204 0.81 -
tig00000001:1183590-1184819 -            410 8291at4891           -            420   8.3e-08   28.8   0.0   2   2   0.00015     0.011   11.9   0.0   132   177   235   286   212   367 0.69 -
tig00000061:551101-551736   -            212 8291at4891           -            420   1.6e-07   27.9   0.2   1   1   1.6e-08   1.1e-06   25.0   0.2    62   205     4   176     1   211 0.65 -
tig00000022:516138-517016   -            293 8291at4891           -            420   4.6e-07   26.3   0.1   1   1   3.4e-08   2.5e-06   23.9   0.1    19   204    27   249    10   282 0.68 -
tig00000010:895817-897205   -            463 8291at4891           -            420   5.1e-07   26.2   2.0   1   3      0.22        16    1.5   0.0   119   167   230   291   215   292 0.62 -
tig00000010:895817-897205   -            463 8291at4891           -            420   5.1e-07   26.2   2.0   2   3   3.3e-08   2.4e-06   23.9   0.1   121   264   277   438   260   446 0.80 -
tig00000010:895817-897205   -            463 8291at4891           -            420   5.1e-07   26.2   2.0   3   3     0.075       5.5    3.0   0.2    56    82   432   463   431   463 0.77 -
tig00000007:822235-822930   -            232 8291at4891           -            420   5.4e-07   26.1   5.9   1   3    0.0013     0.096    8.8   0.1   363   414    19    72    13    78 0.86 -
tig00000007:822235-822930   -            232 8291at4891           -            420   5.4e-07   26.1   5.9   2   3   8.1e-06    0.0006   16.1   0.6   120   166   114   167    90   178 0.73 -
tig00000007:822235-822930   -            232 8291at4891           -            420   5.4e-07   26.1   5.9   3   3       0.1       7.6    2.6   0.1    23   167   220   231   210   232 0.52 -
tig00000022:404776-405999   -            408 8291at4891           -            420   6.4e-07   25.9   2.5   1   3    0.0034      0.25    7.5   0.0   107   152    43    93    39   108 0.69 -
tig00000022:404776-405999   -            408 8291at4891           -            420   6.4e-07   25.9   2.5   2   3   1.4e-05     0.001   15.3   0.4   122   184   116   187   110   198 0.78 -
tig00000022:404776-405999   -            408 8291at4891           -            420   6.4e-07   25.9   2.5   3   3      0.33        24    0.9   0.0   152   213   308   366   289   389 0.72 -
tig00000018:41834-43183     -            450 8291at4891           -            420   2.6e-06   23.9   3.2   1   2   1.8e-06   0.00013   18.2   3.3    96   176   138   240   113   280 0.72 -
tig00000018:41834-43183     -            450 8291at4891           -            420   2.6e-06   23.9   3.2   2   2      0.11       8.2    2.5   0.0    89   107   346   364   316   367 0.81 -
tig00000014:571412-572308   -            299 8291at4891           -            420   7.6e-06   22.3   0.2   1   1   1.4e-07   1.1e-05   21.8   0.2   121   247    54   202    24   214 0.72 -
tig00000012:489214-491058   -            615 8291at4891           -            420   1.2e-05   21.7   3.9   1   3   0.00031     0.023   10.9   0.3   153   191   265   303   257   319 0.84 -
tig00000012:489214-491058   -            615 8291at4891           -            420   1.2e-05   21.7   3.9   2   3      0.02       1.5    4.9   0.1     6    86   334   366   326   424 0.67 -
tig00000012:489214-491058   -            615 8291at4891           -            420   1.2e-05   21.7   3.9   3   3     0.023       1.7    4.7   0.0   129   170   572   613   550   615 0.76 -
tig00000037:112469-115222   -            918 8291at4891           -            420   4.1e-05   19.9  11.1   1   4       0.3        22    1.0   0.2   122   169   161   220   141   227 0.52 -
tig00000037:112469-115222   -            918 8291at4891           -            420   4.1e-05   19.9  11.1   2   4   8.2e-06   0.00061   16.1   0.1   106   173   341   420   334   467 0.68 -
tig00000037:112469-115222   -            918 8291at4891           -            420   4.1e-05   19.9  11.1   3   4    0.0023      0.17    8.0   0.2    55    83   468   501   461   507 0.79 -
tig00000037:112469-115222   -            918 8291at4891           -            420   4.1e-05   19.9  11.1   4   4       3.4   2.5e+02   -2.4   0.1   385   413   824   852   815   856 0.82 -
tig00000005:195583-197937   -            785 8291at4891           -            420   4.7e-05   19.7   5.8   1   3    0.0014       0.1    8.8   0.3   114   171    21    90    10   135 0.58 -
tig00000005:195583-197937   -            785 8291at4891           -            420   4.7e-05   19.7   5.8   2   3      0.13       9.7    2.2   0.1    93   169   221   310   192   337 0.62 -
tig00000005:195583-197937   -            785 8291at4891           -            420   4.7e-05   19.7   5.8   3   3    0.0012     0.085    9.0   0.1    80   110   655   687   651   739 0.68 -
tig00000012:470900-471844   -            315 8291at4891           -            420   0.00013   18.3   0.8   1   3       1.2        90   -1.0   0.0   159   171     5    17     1    26 0.62 -
tig00000012:470900-471844   -            315 8291at4891           -            420   0.00013   18.3   0.8   2   3   0.00013    0.0095   12.1   0.2    87   126    99   137    94   180 0.88 -
tig00000012:470900-471844   -            315 8291at4891           -            420   0.00013   18.3   0.8   3   3     0.074       5.5    3.0   0.0   121   207   256   276   242   315 0.66 -
tig00000005:853848-855902   -            685 8291at4891           -            420   0.00022   17.5   0.2   1   1   9.9e-06   0.00073   15.8   0.2   120   169    56   114    11   139 0.76 -
tig00000010:208878-211913   -           1012 8291at4891           -            420   0.00076   15.7  13.4   1   6    0.0012     0.087    9.0   0.1   135   171   169   210   159   219 0.72 -
tig00000010:208878-211913   -           1012 8291at4891           -            420   0.00076   15.7  13.4   2   6    0.0014       0.1    8.7   2.5    71   107   214   250   210   348 0.83 -
tig00000010:208878-211913   -           1012 8291at4891           -            420   0.00076   15.7  13.4   3   6       2.5   1.8e+02   -2.0   0.0    92   147   679   735   675   746 0.63 -
tig00000010:208878-211913   -           1012 8291at4891           -            420   0.00076   15.7  13.4   4   6      0.42        31    0.6   0.1    92   168   724   795   715   798 0.69 -
tig00000010:208878-211913   -           1012 8291at4891           -            420   0.00076   15.7  13.4   5   6       0.2        14    1.6   0.1    91   126   780   815   774   848 0.74 -
tig00000010:208878-211913   -           1012 8291at4891           -            420   0.00076   15.7  13.4   6   6       3.2   2.4e+02   -2.4   0.0    93   106   951   964   920   980 0.71 -
tig00000012:377902-378939   -            346 8291at4891           -            420    0.0018   14.5   1.3   1   1   5.4e-05     0.004   13.4   1.3   122   180    25    92     3   199 0.80 -
tig00000014:436668-438272   -            535 8291at4891           -            420    0.0023   14.2   0.1   1   1   6.4e-05    0.0047   13.1   0.1   119   169   371   429   355   473 0.75 -
tig00000005:614650-615420   -            257 8291at4891           -            420     0.003   13.8   0.1   1   2       2.2   1.6e+02   -1.8   0.0   273   296    12    36     5    49 0.73 -
tig00000005:614650-615420   -            257 8291at4891           -            420     0.003   13.8   0.1   2   2    0.0001    0.0076   12.4   0.1   109   185    71   159    62   209 0.77 -
tig00000010:92017-92973     -            319 8291at4891           -            420    0.0069   12.6   1.8   1   2    0.0018      0.13    8.4   1.1    69   136    55   114    47   139 0.49 -
tig00000010:92017-92973     -            319 8291at4891           -            420    0.0069   12.6   1.8   2   2      0.24        18    1.3   0.0   136   168   182   220   160   232 0.59 -
tig00000023:374822-375916   -            365 8291at4891           -            420     0.009   12.2   0.1   1   3      0.38        28    0.7   0.0    72    83    54    65    32    79 0.69 -
tig00000023:374822-375916   -            365 8291at4891           -            420     0.009   12.2   0.1   2   3    0.0034      0.25    7.4   0.0    93   131   140   178   130   190 0.68 -
tig00000023:374822-375916   -            365 8291at4891           -            420     0.009   12.2   0.1   3   3      0.86        63   -0.5   0.0    93   113   284   304   274   338 0.74 -
tig00000005:792126-793166   -            347 8291at4891           -            420     0.011   11.9   8.2   1   3     0.026       1.9    4.5   1.5   108   167     7    84     2    86 0.46 -
tig00000005:792126-793166   -            347 8291at4891           -            420     0.011   11.9   8.2   2   3      0.35        25    0.8   0.0   188   215   231   260   220   278 0.75 -
tig00000005:792126-793166   -            347 8291at4891           -            420     0.011   11.9   8.2   3   3    0.0064      0.47    6.5   0.3    66   118   292   344   275   347 0.81 -
tig00000022:222403-222963   -            187 8291at4891           -            420     0.016   11.3   0.3   1   2    0.0013     0.093    8.9   0.0    87   125    10    47     6    63 0.82 -
tig00000022:222403-222963   -            187 8291at4891           -            420     0.016   11.3   0.3   2   2      0.68        50   -0.2   0.0   183   203   164   184   153   187 0.58 -
tig00000001:720992-722107   -            372 8291at4891           -            420     0.023   10.8   5.7   1   3     0.013      0.96    5.5   0.5    67    83   117   133    74   144 0.71 -
tig00000001:720992-722107   -            372 8291at4891           -            420     0.023   10.8   5.7   2   3       2.4   1.8e+02   -2.0   0.0   158   169   239   250   233   267 0.65 -
tig00000001:720992-722107   -            372 8291at4891           -            420     0.023   10.8   5.7   3   3    0.0069      0.51    6.4   0.2    67   101   296   331   286   350 0.82 -
tig00000007:738298-739563   -            422 8291at4891           -            420       1.8    4.6   9.4   1   4      0.11       8.5    2.4   0.7   132   168   168   208    34   219 0.64 -
tig00000007:738298-739563   -            422 8291at4891           -            420       1.8    4.6   9.4   2   4       2.2   1.6e+02   -1.8   0.0   120   136   241   257   238   293 0.72 -
tig00000007:738298-739563   -            422 8291at4891           -            420       1.8    4.6   9.4   3   4       3.9   2.9e+02   -2.6   0.0   127   171   335   380   324   388 0.72 -
tig00000007:738298-739563   -            422 8291at4891           -            420       1.8    4.6   9.4   4   4     0.013      0.95    5.5   0.4    69    83   405   419   380   421 0.75 -
#
# Program:         hmmsearch
# Version:         3.1b2 (February 2015)
# Pipeline mode:   SEARCH
# Query file:      /home/inf-38-2022/BINP29/longread/2/busco_downloads/lineages/saccharomycetes_odb10/hmms/8291at4891.hmm
# Target file:     /home/inf-38-2022/BINP29/longread/2/Results/04_Busco/canu/run_saccharomycetes_odb10/metaeuk_output/initial_results/asm.contigs.fasta.modified.fas
# Option settings: hmmsearch --domtblout /home/inf-38-2022/BINP29/longread/2/Results/04_Busco/canu/run_saccharomycetes_odb10/hmmer_output/initial_run_results/8291at4891.out --cpu 1 /home/inf-38-2022/BINP29/longread/2/busco_downloads/lineages/saccharomycetes_odb10/hmms/8291at4891.hmm /home/inf-38-2022/BINP29/longread/2/Results/04_Busco/canu/run_saccharomycetes_odb10/metaeuk_output/initial_results/asm.contigs.fasta.modified.fas 
# Current dir:     /home/inf-38-2022/BINP29/longread/2
# Date:            Thu Feb 23 14:08:37 2023
# [ok]
