#                                                                                 --- full sequence --- -------------- this domain -------------   hmm coord   ali coord   env coord
# target name             accession   tlen query name           accession   qlen   E-value  score  bias   #  of  c-Evalue  i-Evalue  score  bias  from    to  from    to  from    to  acc description of target
#     ------------------- ---------- ----- -------------------- ---------- ----- --------- ------ ----- --- --- --------- --------- ------ ----- ----- ----- ----- ----- ----- ----- ---- ---------------------
tig00000005:139642-143175 -           1178 8923at4891           -            736  2.8e-218  724.1  68.6   1   7   8.3e-20   2.8e-17   59.6   1.0     1    38     1    38     1    45 0.95 -
tig00000005:139642-143175 -           1178 8923at4891           -            736  2.8e-218  724.1  68.6   2   7   2.7e-57   9.4e-55  183.5  11.0    34   174    57   211    48   222 0.87 -
tig00000005:139642-143175 -           1178 8923at4891           -            736  2.8e-218  724.1  68.6   3   7     0.019       6.5    2.2   2.9   146   232   258   348   248   377 0.68 -
tig00000005:139642-143175 -           1178 8923at4891           -            736  2.8e-218  724.1  68.6   4   7   9.4e-51   3.2e-48  161.9   2.4   210   405   380   652   365   657 0.75 -
tig00000005:139642-143175 -           1178 8923at4891           -            736  2.8e-218  724.1  68.6   5   7   7.1e-23   2.4e-20   69.7   4.4   401   460   685   762   680   773 0.81 -
tig00000005:139642-143175 -           1178 8923at4891           -            736  2.8e-218  724.1  68.6   6   7   3.7e-68   1.3e-65  219.4   2.7   460   676   792  1070   789  1082 0.81 -
tig00000005:139642-143175 -           1178 8923at4891           -            736  2.8e-218  724.1  68.6   7   7   3.9e-14   1.3e-11   40.8   0.5   674   720  1102  1148  1095  1155 0.92 -
tig00000010:350493-354113 -           1207 8923at4891           -            736   5.1e-57  191.0  24.3   1   8   2.4e-05    0.0081   11.8   0.2     2    36     1    33     1    47 0.86 -
tig00000010:350493-354113 -           1207 8923at4891           -            736   5.1e-57  191.0  24.3   2   8   2.7e-07   9.3e-05   18.2   1.0    39    86    71   117    65   126 0.85 -
tig00000010:350493-354113 -           1207 8923at4891           -            736   5.1e-57  191.0  24.3   3   8     2e-06   0.00069   15.3   1.8    84   135   164   215   142   356 0.57 -
tig00000010:350493-354113 -           1207 8923at4891           -            736   5.1e-57  191.0  24.3   4   8   2.5e-17   8.6e-15   51.4   0.1   229   397   420   624   403   638 0.78 -
tig00000010:350493-354113 -           1207 8923at4891           -            736   5.1e-57  191.0  24.3   5   8      0.15        52   -0.8   0.0   415   430   677   692   675   718 0.80 -
tig00000010:350493-354113 -           1207 8923at4891           -            736   5.1e-57  191.0  24.3   6   8   6.6e-08   2.3e-05   20.2   0.0   492   541   824   875   816   882 0.84 -
tig00000010:350493-354113 -           1207 8923at4891           -            736   5.1e-57  191.0  24.3   7   8    0.0011      0.38    6.3   0.0   535   571   894   930   891   957 0.72 -
tig00000010:350493-354113 -           1207 8923at4891           -            736   5.1e-57  191.0  24.3   8   8   7.9e-25   2.7e-22   76.2   0.1   586   724  1034  1187  1014  1196 0.82 -
tig00000038:137913-140390 -            826 8923at4891           -            736   3.8e-11   39.3   5.8   1   1   1.6e-13   5.4e-11   38.8   5.8    15   120    13   134     1   138 0.81 -
tig00000010:523881-526382 -            834 8923at4891           -            736   2.8e-10   36.5   3.0   1   1   1.3e-12   4.5e-10   35.8   3.0    15   120    13   133     1   139 0.76 -
tig00000061:345146-347299 -            718 8923at4891           -            736   3.6e-10   36.1   5.8   1   1   1.8e-12     6e-10   35.4   5.8     1   143     1   158     1   178 0.75 -
tig00000083:293733-294074 -            114 8923at4891           -            736   7.8e-10   35.0   0.1   1   1   2.7e-12   9.2e-10   34.7   0.1   292   381     1   102     1   108 0.84 -
tig00000005:143272-143673 -            134 8923at4891           -            736   1.5e-09   34.1   0.0   1   1   2.1e-11   7.3e-09   31.8   0.0   291   402     2   125     1   134 0.52 -
tig00000037:120962-121618 -            219 8923at4891           -            736     0.004   12.8   0.0   1   1   1.5e-05    0.0051   12.5   0.0   226   269    24    73     4    88 0.79 -
#
# Program:         hmmsearch
# Version:         3.1b2 (February 2015)
# Pipeline mode:   SEARCH
# Query file:      /home/inf-38-2022/BINP29/longread/2/busco_downloads/lineages/saccharomycetes_odb10/hmms/8923at4891.hmm
# Target file:     /home/inf-38-2022/BINP29/longread/2/Results/04_Busco/canu/run_saccharomycetes_odb10/metaeuk_output/initial_results/asm.contigs.fasta.modified.fas
# Option settings: hmmsearch --domtblout /home/inf-38-2022/BINP29/longread/2/Results/04_Busco/canu/run_saccharomycetes_odb10/hmmer_output/initial_run_results/8923at4891.out --cpu 1 /home/inf-38-2022/BINP29/longread/2/busco_downloads/lineages/saccharomycetes_odb10/hmms/8923at4891.hmm /home/inf-38-2022/BINP29/longread/2/Results/04_Busco/canu/run_saccharomycetes_odb10/metaeuk_output/initial_results/asm.contigs.fasta.modified.fas 
# Current dir:     /home/inf-38-2022/BINP29/longread/2
# Date:            Thu Feb 23 14:08:40 2023
# [ok]
