#                                                                                 --- full sequence --- -------------- this domain -------------   hmm coord   ali coord   env coord
# target name             accession   tlen query name           accession   qlen   E-value  score  bias   #  of  c-Evalue  i-Evalue  score  bias  from    to  from    to  from    to  acc description of target
#     ------------------- ---------- ----- -------------------- ---------- ----- --------- ------ ----- --- --- --------- --------- ------ ----- ----- ----- ----- ----- ----- ----- ---- ---------------------
tig00000022:557067-558791 -            575 9012at4891           -            421  7.3e-182  602.1   7.6   1   3   2.8e-05     0.016   11.3   0.2     3    54    40    95    38   103 0.75 -
tig00000022:557067-558791 -            575 9012at4891           -            421  7.3e-182  602.1   7.6   2   3   1.2e-68   6.3e-66  220.1   0.0    17   217    75   330    73   347 0.81 -
tig00000022:557067-558791 -            575 9012at4891           -            421  7.3e-182  602.1   7.6   3   3  1.8e-115  9.8e-113  374.3   2.9   222   420   365   572   339   573 0.92 -
tig00000014:296303-296806 -            168 9012at4891           -            421   4.9e-05   19.5   0.0   1   1     1e-07   5.6e-05   19.3   0.0   239   332    29   125     3   136 0.69 -
tig00000010:264206-265135 -            310 9012at4891           -            421     0.004   13.2   0.0   1   1     1e-05    0.0057   12.7   0.0   259   325    78   145    56   184 0.82 -
tig00000018:508867-509769 -            301 9012at4891           -            421     0.011   11.8   0.1   1   1   2.9e-05     0.016   11.3   0.1   259   326    96   166    92   176 0.82 -
tig00000007:133028-133864 -            279 9012at4891           -            421     0.016   11.3   0.0   1   1   3.8e-05     0.021   10.9   0.0   259   318    74   138    25   151 0.75 -
#
# Program:         hmmsearch
# Version:         3.1b2 (February 2015)
# Pipeline mode:   SEARCH
# Query file:      /home/inf-38-2022/BINP29/longread/2/busco_downloads/lineages/saccharomycetes_odb10/hmms/9012at4891.hmm
# Target file:     /home/inf-38-2022/BINP29/longread/2/Results/04_Busco/canu/run_saccharomycetes_odb10/metaeuk_output/initial_results/asm.contigs.fasta.modified.fas
# Option settings: hmmsearch --domtblout /home/inf-38-2022/BINP29/longread/2/Results/04_Busco/canu/run_saccharomycetes_odb10/hmmer_output/initial_run_results/9012at4891.out --cpu 1 /home/inf-38-2022/BINP29/longread/2/busco_downloads/lineages/saccharomycetes_odb10/hmms/9012at4891.hmm /home/inf-38-2022/BINP29/longread/2/Results/04_Busco/canu/run_saccharomycetes_odb10/metaeuk_output/initial_results/asm.contigs.fasta.modified.fas 
# Current dir:     /home/inf-38-2022/BINP29/longread/2
# Date:            Thu Feb 23 14:08:41 2023
# [ok]
