#                                                                                 --- full sequence --- -------------- this domain -------------   hmm coord   ali coord   env coord
# target name             accession   tlen query name           accession   qlen   E-value  score  bias   #  of  c-Evalue  i-Evalue  score  bias  from    to  from    to  from    to  acc description of target
#     ------------------- ---------- ----- -------------------- ---------- ----- --------- ------ ----- --- --- --------- --------- ------ ----- ----- ----- ----- ----- ----- ----- ---- ---------------------
tig00000078:151956-153932 -            659 9175at4891           -            438  8.1e-203  671.4  11.3   1   5     0.011       4.9    3.1   0.0     1    21    23    43    23    56 0.89 -
tig00000078:151956-153932 -            659 9175at4891           -            438  8.1e-203  671.4  11.3   2   5     2e-20   9.3e-18   61.5   1.1    15   101    73   187    65   196 0.72 -
tig00000078:151956-153932 -            659 9175at4891           -            438  8.1e-203  671.4  11.3   3   5    0.0077       3.5    3.6   0.0    75   106   191   223   184   230 0.83 -
tig00000078:151956-153932 -            659 9175at4891           -            438  8.1e-203  671.4  11.3   4   5  8.9e-108    4e-105  349.4   0.0    88   298   265   486   250   498 0.92 -
tig00000078:151956-153932 -            659 9175at4891           -            438  8.1e-203  671.4  11.3   5   5   7.9e-80   3.6e-77  257.3   0.3   291   438   497   659   488   659 0.93 -
tig00000078:145551-146573 -            341 9175at4891           -            438   4.2e-29   98.9   0.0   1   1   1.3e-31   5.9e-29   98.4   0.0   110   329    26   255     9   260 0.87 -
tig00000012:809434-810627 -            398 9175at4891           -            438   3.5e-21   72.8   0.0   1   1   1.1e-23     5e-21   72.3   0.0   114   335    15   248    10   282 0.80 -
tig00000018:654496-655551 -            352 9175at4891           -            438   1.3e-20   71.0   0.1   1   1   2.8e-21   1.3e-18   64.4   0.1   111   311     4   234     1   313 0.73 -
tig00000018:703006-704190 -            395 9175at4891           -            438     0.013   11.6   0.0   1   1   4.4e-05      0.02   11.0   0.0   156   195   165   204   155   214 0.89 -
tig00000010:750853-751476 -            208 9175at4891           -            438     0.032   10.3   9.3   1   2   7.6e-06    0.0035   13.5   4.3    26    71    65   115    60   126 0.80 -
tig00000010:750853-751476 -            208 9175at4891           -            438     0.032   10.3   9.3   2   2      0.26   1.2e+02   -1.4   0.2    51    67   124   139   119   152 0.75 -
#
# Program:         hmmsearch
# Version:         3.1b2 (February 2015)
# Pipeline mode:   SEARCH
# Query file:      /home/inf-38-2022/BINP29/longread/2/busco_downloads/lineages/saccharomycetes_odb10/hmms/9175at4891.hmm
# Target file:     /home/inf-38-2022/BINP29/longread/2/Results/04_Busco/canu/run_saccharomycetes_odb10/metaeuk_output/initial_results/asm.contigs.fasta.modified.fas
# Option settings: hmmsearch --domtblout /home/inf-38-2022/BINP29/longread/2/Results/04_Busco/canu/run_saccharomycetes_odb10/hmmer_output/initial_run_results/9175at4891.out --cpu 1 /home/inf-38-2022/BINP29/longread/2/busco_downloads/lineages/saccharomycetes_odb10/hmms/9175at4891.hmm /home/inf-38-2022/BINP29/longread/2/Results/04_Busco/canu/run_saccharomycetes_odb10/metaeuk_output/initial_results/asm.contigs.fasta.modified.fas 
# Current dir:     /home/inf-38-2022/BINP29/longread/2
# Date:            Thu Feb 23 14:08:42 2023
# [ok]
