
Found perl:
   /home/inf-38-2022/anaconda3/envs/longread/bin/perl
   This is perl 5, version 32, subversion 1 (v5.32.1) built for x86_64-linux-thread-multi

Found java:
   /home/inf-38-2022/anaconda3/envs/longread/lib/jvm/bin/java
   openjdk version "17.0.3-internal" 2022-04-19

Found canu:
   /home/inf-38-2022/anaconda3/envs/longread/bin/canu
   canu 2.2

Running job 7 based on command line options.
Read_Frags()-- Loading target reads 69546 through 81111 with 76852111 bases.
Read_Frags()-- 2.362 GB for bases, votes and info.

Read_Olaps()-- Loading 1926743 overlaps.
Read_Olaps()-- 0.029 GB for overlaps..

extractReads()-- Loading reads 1 to 83643 (80931 reads with 536874025 bases) overlaps 0 through 1372600.
extractReads()-- Loaded.
processReads()-- Launching compute.
extractReads()-- Loading reads 83644 to 117521 (32785 reads with 217289623 bases) overlaps 1372600 through 1926743.
extractReads()-- Loaded.
processReads()-- Waiting for compute.
processReads()-- Launching compute.
processReads()-- Waiting for compute.

Passed overlaps =    1831130  95.0376%
Failed overlaps =      95613   4.9624%
Output file: ./00007.red.WORKING

Bye.
