
Found perl:
   /home/inf-38-2022/anaconda3/envs/longread/bin/perl
   This is perl 5, version 32, subversion 1 (v5.32.1) built for x86_64-linux-thread-multi

Found java:
   /home/inf-38-2022/anaconda3/envs/longread/lib/jvm/bin/java
   openjdk version "17.0.3-internal" 2022-04-19

Found canu:
   /home/inf-38-2022/anaconda3/envs/longread/bin/canu
   canu 2.2

Running job 2 based on command line options.
Read_Frags()-- Loading target reads 11620 through 23249 with 76860758 bases.
Read_Frags()-- 2.362 GB for bases, votes and info.

Read_Olaps()-- Loading 1938789 overlaps.
Read_Olaps()-- 0.029 GB for overlaps..

extractReads()-- Loading reads 1 to 83539 (80934 reads with 536875015 bases) overlaps 0 through 1379665.
extractReads()-- Loaded.
processReads()-- Launching compute.
extractReads()-- Loading reads 83540 to 117521 (32918 reads with 218165119 bases) overlaps 1379665 through 1938789.
extractReads()-- Loaded.
processReads()-- Waiting for compute.
processReads()-- Launching compute.
processReads()-- Waiting for compute.

Passed overlaps =    1837431  94.7721%
Failed overlaps =     101358   5.2279%
Output file: ./00002.red.WORKING

Bye.
