
Found perl:
   /home/inf-38-2022/anaconda3/envs/longread/bin/perl
   This is perl 5, version 32, subversion 1 (v5.32.1) built for x86_64-linux-thread-multi

Found java:
   /home/inf-38-2022/anaconda3/envs/longread/lib/jvm/bin/java
   openjdk version "17.0.3-internal" 2022-04-19

Found canu:
   /home/inf-38-2022/anaconda3/envs/longread/bin/canu
   canu 2.2

Running job 5 based on command line options.
Read_Frags()-- Loading target reads 46409 through 57986 with 76870011 bases.
Read_Frags()-- 2.362 GB for bases, votes and info.

Read_Olaps()-- Loading 1936375 overlaps.
Read_Olaps()-- 0.029 GB for overlaps..

extractReads()-- Loading reads 1 to 83594 (80932 reads with 536871102 bases) overlaps 0 through 1380227.
extractReads()-- Loaded.
processReads()-- Launching compute.
extractReads()-- Loading reads 83595 to 117521 (32848 reads with 217687362 bases) overlaps 1380227 through 1936375.
extractReads()-- Loaded.
processReads()-- Waiting for compute.
processReads()-- Launching compute.
processReads()-- Waiting for compute.

Passed overlaps =    1834155  94.7211%
Failed overlaps =     102220   5.2789%
Output file: ./00005.red.WORKING

Bye.
