
Found perl:
   /home/inf-38-2022/anaconda3/envs/longread/bin/perl
   This is perl 5, version 32, subversion 1 (v5.32.1) built for x86_64-linux-thread-multi

Found java:
   /home/inf-38-2022/anaconda3/envs/longread/lib/jvm/bin/java
   openjdk version "17.0.3-internal" 2022-04-19

Found canu:
   /home/inf-38-2022/anaconda3/envs/longread/bin/canu
   canu 2.2

Running job 10 based on command line options.
Read_Frags()-- Loading target reads 104298 through 115902 with 76839578 bases.
Read_Frags()-- 2.361 GB for bases, votes and info.

Read_Olaps()-- Loading 1941347 overlaps.
Read_Olaps()-- 0.029 GB for overlaps..

extractReads()-- Loading reads 1 to 83550 (80934 reads with 536876143 bases) overlaps 0 through 1380698.
extractReads()-- Loaded.
processReads()-- Launching compute.
extractReads()-- Loading reads 83551 to 117521 (32882 reads with 217918759 bases) overlaps 1380698 through 1941347.
extractReads()-- Loaded.
processReads()-- Waiting for compute.
processReads()-- Launching compute.
processReads()-- Waiting for compute.

Passed overlaps =    1838686  94.7119%
Failed overlaps =     102661   5.2881%
Output file: ./00010.red.WORKING

Bye.
