
Found perl:
   /home/inf-38-2022/anaconda3/envs/longread/bin/perl
   This is perl 5, version 32, subversion 1 (v5.32.1) built for x86_64-linux-thread-multi

Found java:
   /home/inf-38-2022/anaconda3/envs/longread/lib/jvm/bin/java
   openjdk version "17.0.3-internal" 2022-04-19

Found canu:
   /home/inf-38-2022/anaconda3/envs/longread/bin/canu
   canu 2.2

Running job 3 based on command line options.
Read_Frags()-- Loading target reads 23250 through 34838 with 76851908 bases.
Read_Frags()-- 2.362 GB for bases, votes and info.

Read_Olaps()-- Loading 1936415 overlaps.
Read_Olaps()-- 0.029 GB for overlaps..

extractReads()-- Loading reads 1 to 83629 (80932 reads with 536875996 bases) overlaps 0 through 1379706.
extractReads()-- Loaded.
processReads()-- Launching compute.
extractReads()-- Loading reads 83631 to 117521 (32788 reads with 217320932 bases) overlaps 1379706 through 1936415.
extractReads()-- Loaded.
processReads()-- Waiting for compute.
processReads()-- Launching compute.
processReads()-- Waiting for compute.

Passed overlaps =    1836963  94.8641%
Failed overlaps =      99452   5.1359%
Output file: ./00003.red.WORKING

Bye.
