
Found perl:
   /home/inf-38-2022/anaconda3/envs/longread/bin/perl
   This is perl 5, version 32, subversion 1 (v5.32.1) built for x86_64-linux-thread-multi

Found java:
   /home/inf-38-2022/anaconda3/envs/longread/lib/jvm/bin/java
   openjdk version "17.0.3-internal" 2022-04-19

Found canu:
   /home/inf-38-2022/anaconda3/envs/longread/bin/canu
   canu 2.2

Running job 9 based on command line options.
Read_Frags()-- Loading target reads 92700 through 104297 with 76868033 bases.
Read_Frags()-- 2.362 GB for bases, votes and info.

Read_Olaps()-- Loading 1925300 overlaps.
Read_Olaps()-- 0.029 GB for overlaps..

extractReads()-- Loading reads 1 to 83569 (80930 reads with 536873068 bases) overlaps 0 through 1370985.
extractReads()-- Loaded.
processReads()-- Launching compute.
extractReads()-- Loading reads 83570 to 117521 (32881 reads with 217926218 bases) overlaps 1370985 through 1925300.
extractReads()-- Loaded.
processReads()-- Waiting for compute.
processReads()-- Launching compute.
processReads()-- Waiting for compute.

Passed overlaps =    1821316  94.5991%
Failed overlaps =     103984   5.4009%
Output file: ./00009.red.WORKING

Bye.
