
Found perl:
   /home/inf-38-2022/anaconda3/envs/longread/bin/perl
   This is perl 5, version 32, subversion 1 (v5.32.1) built for x86_64-linux-thread-multi

Found java:
   /home/inf-38-2022/anaconda3/envs/longread/lib/jvm/bin/java
   openjdk version "17.0.3-internal" 2022-04-19

Found canu:
   /home/inf-38-2022/anaconda3/envs/longread/bin/canu
   canu 2.2

Running job 4 based on command line options.
Read_Frags()-- Loading target reads 34839 through 46408 with 76861781 bases.
Read_Frags()-- 2.362 GB for bases, votes and info.

Read_Olaps()-- Loading 1933030 overlaps.
Read_Olaps()-- 0.029 GB for overlaps..

extractReads()-- Loading reads 1 to 83613 (80934 reads with 536873254 bases) overlaps 0 through 1377344.
extractReads()-- Loaded.
processReads()-- Launching compute.
extractReads()-- Loading reads 83614 to 117521 (32827 reads with 217560171 bases) overlaps 1377344 through 1933030.
extractReads()-- Loaded.
processReads()-- Waiting for compute.
processReads()-- Launching compute.
processReads()-- Waiting for compute.

Passed overlaps =    1842365  95.3097%
Failed overlaps =      90665   4.6903%
Output file: ./00004.red.WORKING

Bye.
