
Found perl:
   /home/inf-38-2022/anaconda3/envs/longread/bin/perl
   This is perl 5, version 32, subversion 1 (v5.32.1) built for x86_64-linux-thread-multi

Found java:
   /home/inf-38-2022/anaconda3/envs/longread/lib/jvm/bin/java
   openjdk version "17.0.3-internal" 2022-04-19

Found canu:
   /home/inf-38-2022/anaconda3/envs/longread/bin/canu
   canu 2.2

Running job 1 based on command line options.
Read_Frags()-- Loading target reads 1 through 11619 with 76817254 bases.
Read_Frags()-- 2.361 GB for bases, votes and info.

Read_Olaps()-- Loading 1948842 overlaps.
Read_Olaps()-- 0.029 GB for overlaps..

extractReads()-- Loading reads 1 to 83601 (80932 reads with 536874163 bases) overlaps 0 through 1388472.
extractReads()-- Loaded.
processReads()-- Launching compute.
extractReads()-- Loading reads 83602 to 117521 (32841 reads with 217651897 bases) overlaps 1388472 through 1948842.
extractReads()-- Loaded.
processReads()-- Waiting for compute.
processReads()-- Launching compute.
processReads()-- Waiting for compute.

Passed overlaps =    1850054  94.9309%
Failed overlaps =      98788   5.0691%
Output file: ./00001.red.WORKING

Bye.
