
Found perl:
   /home/inf-38-2022/anaconda3/envs/longread/bin/perl
   This is perl 5, version 32, subversion 1 (v5.32.1) built for x86_64-linux-thread-multi

Found java:
   /home/inf-38-2022/anaconda3/envs/longread/lib/jvm/bin/java
   openjdk version "17.0.3-internal" 2022-04-19

Found canu:
   /home/inf-38-2022/anaconda3/envs/longread/bin/canu
   canu 2.2


Creating library 'SRR13577846' for PacBioHiFi corrected-trimmed reads.

               reads               bases
---------- --------- ------ ------------ ------
Loaded        117521 100.0%   1103859512 100.0%  /home/inf-38-2022/BINP29/longread/2/Data/Raw_reads/SRR13577846.fastq
Short              4   0.0%         1081   0.0%


All reads processed.

               reads               bases
---------- --------- ------ ------------ ------
Loaded        117521 100.0%   1103859512 100.0%
Short              4   0.0%         1081   0.0%


Bye.
