
Configuring for:
  hash table:       80000000 bases.
  read stream:    1000000000 bases.


       Raw          Raw  Corrected    Corrected    Trimmed      Trimmed
     Reads        Bases      Reads        Bases      Reads        Bases
---------- ------------ ---------- ------------ ---------- ------------
         0            0       3014     28212527       3014     28212527
         0            0       6028     56346860       6028     56346860
         0            0       9042     84608872       9042     84608872
         0            0      12056    112995117      12056    112995117
         0            0      15070    141178753      15070    141178753
         0            0      18084    169365700      18084    169365700
         0            0      21098    197590121      21098    197590121
         0            0      24112    225873763      24112    225873763
         0            0      27126    254272584      27126    254272584
         0            0      30140    282536340      30140    282536340
         0            0      33154    310843571      33154    310843571
         0            0      36168    339074744      36168    339074744
         0            0      39182    367481728      39182    367481728
         0            0      42196    395848482      42196    395848482
         0            0      45210    424155001      45210    424155001
         0            0      48224    452562320      48224    452562320
         0            0      51238    480981820      51238    480981820
         0            0      54252    509269836      54252    509269836
         0            0      57266    537548196      57266    537548196
         0            0      60280    565982597      60280    565982597
         0            0      63294    594349931      63294    594349931
         0            0      66308    622783652      66308    622783652
         0            0      69322    651118591      69322    651118591
         0            0      72336    679486661      72336    679486661
         0            0      75350    707819401      75350    707819401
         0            0      78364    736247601      78364    736247601
         0            0      81378    764615015      81378    764615015
         0            0      84392    792966125      84392    792966125
         0            0      87406    821237118      87406    821237118
         0            0      90420    849555352      90420    849555352
         0            0      93434    877846098      93434    877846098
         0            0      96448    906086982      96448    906086982
         0            0      99462    934462501      99462    934462501
         0            0     102476    962698038     102476    962698038
         0            0     105490    991041494     105490    991041494
         0            0     108504   1019385837     108504   1019385837
         0            0     111518   1047642036     111518   1047642036
         0            0     114532   1075868793     114532   1075868793
---------- ------------ ---------- ------------ ---------- ------------
         0            0     117521   1103859512     117521   1103859512

  Job       Hash Range        # Reads      # Bases      Stream Range        # Reads      # Bases
----- --------------------- --------- ------------  --------------------- --------- ------------
    1          1-12098          12098     80001727           1-12098         117521    779257129
    2      12099-24200          12102     80003173           1-24200         117521    779257129
    3      24201-36270          12070     80005073           1-36270         117521    779257129
    4      36271-48308          12038     80003205           1-48308         117521    779257129
    5      48309-60351          12043     80003383           1-60351         117521    779257129
    6      60352-72389          12038     80004198           1-72389         117521    779257129
    7      72390-84428          12039     80001891           1-84428         117521    779257129
    8      84429-96506          12078     80002360           1-96506         117521    779257129
    9      96507-108567         12061     80004633           1-108567        117521    779257129
   10     108568-117521          8954     59227486           1-117521        117521    779257129
